#
# There is insufficient memory for the Java Runtime Environment to continue.
# Native memory allocation (malloc) failed to allocate 677792 bytes for Chunk::new
# Possible reasons:
#   The system is out of physical RAM or swap space
#   The process is running with CompressedOops enabled, and the Java Heap may be blocking the growth of the native heap
# Possible solutions:
#   Reduce memory load on the system
#   Increase physical memory or swap space
#   Check if swap backing store is full
#   Decrease Java heap size (-Xmx/-Xms)
#   Decrease number of Java threads
#   Decrease Java thread stack sizes (-Xss)
#   Set larger code cache with -XX:ReservedCodeCacheSize=
#   JVM is running with Unscaled Compressed Oops mode in which the Java heap is
#     placed in the first 4GB address space. The Java Heap base address is the
#     maximum limit for the native heap growth. Please use -XX:HeapBaseMinAddress
#     to set the Java Heap base and to place the Java Heap above 4GB virtual address.
# This output file may be truncated or incomplete.
#
#  Out of Memory Error (arena.cpp:189), pid=35012, tid=22568
#
# JRE version: OpenJDK Runtime Environment 21.9 (17.0.3+6) (build 17.0.3+6-LTS)
# Java VM: OpenJDK 64-Bit Server VM 21.9 (17.0.3+6-LTS, mixed mode, sharing, tiered, compressed oops, compressed class ptrs, g1 gc, windows-amd64)
# No core dump will be written. Minidumps are not enabled by default on client versions of Windows
#

---------------  S U M M A R Y ------------

Command Line: --add-opens=java.base/java.util=ALL-UNNAMED --add-opens=java.base/java.lang=ALL-UNNAMED --add-opens=java.base/java.lang.invoke=ALL-UNNAMED --add-opens=java.prefs/java.util.prefs=ALL-UNNAMED --add-opens=java.base/java.nio.charset=ALL-UNNAMED --add-opens=java.base/java.net=ALL-UNNAMED --add-opens=java.base/java.util.concurrent.atomic=ALL-UNNAMED -XX:MaxMetaspaceSize=384m -XX:+HeapDumpOnOutOfMemoryError -Xms256m -Xmx512m -Dfile.encoding=UTF-8 -Duser.country=KR -Duser.language=ko -Duser.variant -javaagent:C:\Users\pc\.gradle\wrapper\dists\gradle-8.5-bin\5t9huq95ubn472n8rpzujfbqh\gradle-8.5\lib\agents\gradle-instrumentation-agent-8.5.jar org.gradle.launcher.daemon.bootstrap.GradleDaemon 8.5

Host: Intel(R) Core(TM) i7-1065G7 CPU @ 1.30GHz, 8 cores, 7G,  Windows 11 , 64 bit Build 22621 (10.0.22621.3235)
Time: Sun Mar 24 13:51:46 2024  Windows 11 , 64 bit Build 22621 (10.0.22621.3235) elapsed time: 702.477262 seconds (0d 0h 11m 42s)

---------------  T H R E A D  ---------------

Current thread (0x0000018b3be6d580):  JavaThread "C2 CompilerThread0" daemon [_thread_in_native, id=22568, stack(0x0000005e4e200000,0x0000005e4e300000)]


Current CompileTask:
C2: 702477 5869       4       java.lang.PublicMethods::merge (81 bytes)

Stack: [0x0000005e4e200000,0x0000005e4e300000]
Native frames: (J=compiled Java code, j=interpreted, Vv=VM code, C=native code)
V  [jvm.dll+0x67720a]
V  [jvm.dll+0x832514]
V  [jvm.dll+0x833cbe]
V  [jvm.dll+0x834323]
V  [jvm.dll+0x245815]
V  [jvm.dll+0xabf1b]
V  [jvm.dll+0xac4ac]
V  [jvm.dll+0x363a07]
V  [jvm.dll+0x32ded1]
V  [jvm.dll+0x32d37a]
V  [jvm.dll+0x218771]
V  [jvm.dll+0x217b91]
V  [jvm.dll+0x1a400d]
V  [jvm.dll+0x227508]
V  [jvm.dll+0x22565c]
V  [jvm.dll+0x7e7d5c]
V  [jvm.dll+0x7e230a]
V  [jvm.dll+0x676095]
C  [ucrtbase.dll+0x29363]
C  [KERNEL32.DLL+0x1257d]
C  [ntdll.dll+0x5aa58]


---------------  P R O C E S S  ---------------

Threads class SMR info:
_java_thread_list=0x0000018b407c0c00, length=52, elements={
0x0000018b1f3f4a60, 0x0000018b3be490b0, 0x0000018b3be49c60, 0x0000018b3be65140,
0x0000018b3be65b00, 0x0000018b3be666b0, 0x0000018b3be6c490, 0x0000018b3be6d580,
0x0000018b3be6df70, 0x0000018b3be6e960, 0x0000018b3be357a0, 0x0000018b3c9f2780,
0x0000018b3e830ed0, 0x0000018b3d478c10, 0x0000018b3d6e9130, 0x0000018b3e9e1c60,
0x0000018b3e9e2130, 0x0000018b3c8a90a0, 0x0000018b3c84f040, 0x0000018b3cc170e0,
0x0000018b3cdb64d0, 0x0000018b3cdb5660, 0x0000018b3cdb5b30, 0x0000018b3cdb7340,
0x0000018b3cdb5190, 0x0000018b3cdb6000, 0x0000018b3cdb69a0, 0x0000018b3cb537a0,
0x0000018b3cb53c70, 0x0000018b3cb54140, 0x0000018b3cb54ae0, 0x0000018b3cb532d0,
0x0000018b3cb54610, 0x0000018b409efe20, 0x0000018b409f02f0, 0x0000018b3cb56150,
0x0000018b3cb56af0, 0x0000018b3cb55c80, 0x0000018b3cb552e0, 0x0000018b3d456cc0,
0x0000018b409f07c0, 0x0000018b409f0c90, 0x0000018b409ef950, 0x0000018b409ef480,
0x0000018b4089fd40, 0x0000018b408a1550, 0x0000018b408a1080, 0x0000018b408a1a20,
0x0000018b408a06e0, 0x0000018b3cdb6e70, 0x0000018b3d457660, 0x0000018b3d457190
}

Java Threads: ( => current thread )
  0x0000018b1f3f4a60 JavaThread "main" [_thread_blocked, id=4576, stack(0x0000005e4d500000,0x0000005e4d600000)]
  0x0000018b3be490b0 JavaThread "Reference Handler" daemon [_thread_blocked, id=28264, stack(0x0000005e4dc00000,0x0000005e4dd00000)]
  0x0000018b3be49c60 JavaThread "Finalizer" daemon [_thread_blocked, id=23740, stack(0x0000005e4dd00000,0x0000005e4de00000)]
  0x0000018b3be65140 JavaThread "Signal Dispatcher" daemon [_thread_blocked, id=21452, stack(0x0000005e4de00000,0x0000005e4df00000)]
  0x0000018b3be65b00 JavaThread "Attach Listener" daemon [_thread_blocked, id=23828, stack(0x0000005e4df00000,0x0000005e4e000000)]
  0x0000018b3be666b0 JavaThread "Service Thread" daemon [_thread_blocked, id=7400, stack(0x0000005e4e000000,0x0000005e4e100000)]
  0x0000018b3be6c490 JavaThread "Monitor Deflation Thread" daemon [_thread_blocked, id=23292, stack(0x0000005e4e100000,0x0000005e4e200000)]
=>0x0000018b3be6d580 JavaThread "C2 CompilerThread0" daemon [_thread_in_native, id=22568, stack(0x0000005e4e200000,0x0000005e4e300000)]
  0x0000018b3be6df70 JavaThread "C1 CompilerThread0" daemon [_thread_blocked, id=33744, stack(0x0000005e4e300000,0x0000005e4e400000)]
  0x0000018b3be6e960 JavaThread "Sweeper thread" daemon [_thread_blocked, id=21840, stack(0x0000005e4e400000,0x0000005e4e500000)]
  0x0000018b3be357a0 JavaThread "Common-Cleaner" daemon [_thread_blocked, id=23812, stack(0x0000005e4e500000,0x0000005e4e600000)]
  0x0000018b3c9f2780 JavaThread "Notification Thread" daemon [_thread_blocked, id=35516, stack(0x0000005e4e600000,0x0000005e4e700000)]
  0x0000018b3e830ed0 JavaThread "Daemon health stats" [_thread_blocked, id=4052, stack(0x0000005e4ed00000,0x0000005e4ee00000)]
  0x0000018b3d478c10 JavaThread "Incoming local TCP Connector on port 29742" [_thread_in_native, id=17432, stack(0x0000005e4ee00000,0x0000005e4ef00000)]
  0x0000018b3d6e9130 JavaThread "Daemon periodic checks" [_thread_blocked, id=33684, stack(0x0000005e4ef00000,0x0000005e4f000000)]
  0x0000018b3e9e1c60 JavaThread "Daemon" [_thread_blocked, id=35192, stack(0x0000005e4f000000,0x0000005e4f100000)]
  0x0000018b3e9e2130 JavaThread "Handler for socket connection from /127.0.0.1:29742 to /127.0.0.1:29748" [_thread_in_native, id=24048, stack(0x0000005e4f100000,0x0000005e4f200000)]
  0x0000018b3c8a90a0 JavaThread "Cancel handler" [_thread_blocked, id=40476, stack(0x0000005e4f200000,0x0000005e4f300000)]
  0x0000018b3c84f040 JavaThread "Daemon worker" [_thread_in_vm, id=17388, stack(0x0000005e4f300000,0x0000005e4f400000)]
  0x0000018b3cc170e0 JavaThread "Asynchronous log dispatcher for DefaultDaemonConnection: socket connection from /127.0.0.1:29742 to /127.0.0.1:29748" [_thread_blocked, id=35532, stack(0x0000005e4f400000,0x0000005e4f500000)]
  0x0000018b3cdb64d0 JavaThread "Stdin handler" [_thread_blocked, id=36136, stack(0x0000005e4f500000,0x0000005e4f600000)]
  0x0000018b3cdb5660 JavaThread "Daemon client event forwarder" [_thread_blocked, id=11844, stack(0x0000005e4f600000,0x0000005e4f700000)]
  0x0000018b3cdb5b30 JavaThread "Cache worker for journal cache (C:\Users\pc\.gradle\caches\journal-1)" [_thread_blocked, id=9744, stack(0x0000005e4f700000,0x0000005e4f800000)]
  0x0000018b3cdb7340 JavaThread "File lock request listener" [_thread_in_native, id=31000, stack(0x0000005e4f800000,0x0000005e4f900000)]
  0x0000018b3cdb5190 JavaThread "Cache worker for file hash cache (C:\Users\pc\.gradle\caches\8.5\fileHashes)" [_thread_blocked, id=35232, stack(0x0000005e4fa00000,0x0000005e4fb00000)]
  0x0000018b3cdb6000 JavaThread "File watcher server" daemon [_thread_in_native, id=10096, stack(0x0000005e4fb00000,0x0000005e4fc00000)]
  0x0000018b3cdb69a0 JavaThread "File watcher consumer" daemon [_thread_blocked, id=35088, stack(0x0000005e4fc00000,0x0000005e4fd00000)]
  0x0000018b3cb537a0 JavaThread "Cache worker for checksums cache (C:\Users\pc\Desktop\HW BEYOND SW\Plrecipe\plrecipe_post\.gradle\8.5\checksums)" [_thread_blocked, id=25148, stack(0x0000005e50000000,0x0000005e50100000)]
  0x0000018b3cb53c70 JavaThread "Cache worker for file hash cache (C:\Users\pc\Desktop\HW BEYOND SW\Plrecipe\plrecipe_post\.gradle\8.5\fileHashes)" [_thread_blocked, id=6344, stack(0x0000005e50100000,0x0000005e50200000)]
  0x0000018b3cb54140 JavaThread "Cache worker for cache directory md-supplier (C:\Users\pc\.gradle\caches\8.5\md-supplier)" [_thread_blocked, id=23404, stack(0x0000005e50200000,0x0000005e50300000)]
  0x0000018b3cb54ae0 JavaThread "Cache worker for cache directory md-rule (C:\Users\pc\.gradle\caches\8.5\md-rule)" [_thread_blocked, id=26356, stack(0x0000005e50300000,0x0000005e50400000)]
  0x0000018b3cb532d0 JavaThread "Cache worker for file content cache (C:\Users\pc\.gradle\caches\8.5\fileContent)" [_thread_blocked, id=8280, stack(0x0000005e50400000,0x0000005e50500000)]
  0x0000018b3cb54610 JavaThread "Cache worker for execution history cache (C:\Users\pc\.gradle\caches\8.5\executionHistory)" [_thread_blocked, id=29596, stack(0x0000005e50500000,0x0000005e50600000)]
  0x0000018b409efe20 JavaThread "jar transforms" [_thread_blocked, id=27844, stack(0x0000005e4d300000,0x0000005e4d400000)]
  0x0000018b409f02f0 JavaThread "jar transforms Thread 2" [_thread_blocked, id=41168, stack(0x0000005e4d400000,0x0000005e4d500000)]
  0x0000018b3cb56150 JavaThread "jar transforms Thread 3" [_thread_blocked, id=23912, stack(0x0000005e50800000,0x0000005e50900000)]
  0x0000018b3cb56af0 JavaThread "jar transforms Thread 4" [_thread_blocked, id=4036, stack(0x0000005e50900000,0x0000005e50a00000)]
  0x0000018b3cb55c80 JavaThread "jar transforms Thread 5" [_thread_blocked, id=24328, stack(0x0000005e50600000,0x0000005e50700000)]
  0x0000018b3cb552e0 JavaThread "jar transforms Thread 6" [_thread_blocked, id=24804, stack(0x0000005e50a00000,0x0000005e50b00000)]
  0x0000018b3d456cc0 JavaThread "Cache worker for dependencies-accessors (C:\Users\pc\Desktop\HW BEYOND SW\Plrecipe\plrecipe_post\.gradle\8.5\dependencies-accessors)" [_thread_blocked, id=10720, stack(0x0000005e50b00000,0x0000005e50c00000)]
  0x0000018b409f07c0 JavaThread "jar transforms Thread 7" [_thread_blocked, id=32188, stack(0x0000005e50700000,0x0000005e50800000)]
  0x0000018b409f0c90 JavaThread "Cache worker for Build Output Cleanup Cache (C:\Users\pc\Desktop\HW BEYOND SW\Plrecipe\plrecipe_post\.gradle\buildOutputCleanup)" [_thread_blocked, id=31824, stack(0x0000005e50c00000,0x0000005e50d00000)]
  0x0000018b409ef950 JavaThread "Unconstrained build operations" [_thread_blocked, id=23792, stack(0x0000005e50d00000,0x0000005e50e00000)]
  0x0000018b409ef480 JavaThread "Unconstrained build operations Thread 2" [_thread_blocked, id=16984, stack(0x0000005e50e00000,0x0000005e50f00000)]
  0x0000018b4089fd40 JavaThread "Unconstrained build operations Thread 3" [_thread_blocked, id=34464, stack(0x0000005e50f00000,0x0000005e51000000)]
  0x0000018b408a1550 JavaThread "Unconstrained build operations Thread 4" [_thread_blocked, id=24336, stack(0x0000005e51000000,0x0000005e51100000)]
  0x0000018b408a1080 JavaThread "Unconstrained build operations Thread 5" [_thread_blocked, id=5336, stack(0x0000005e51100000,0x0000005e51200000)]
  0x0000018b408a1a20 JavaThread "Unconstrained build operations Thread 6" [_thread_blocked, id=31604, stack(0x0000005e51200000,0x0000005e51300000)]
  0x0000018b408a06e0 JavaThread "Unconstrained build operations Thread 7" [_thread_blocked, id=19188, stack(0x0000005e51300000,0x0000005e51400000)]
  0x0000018b3cdb6e70 JavaThread "File lock release action executor Thread 3" [_thread_blocked, id=20276, stack(0x0000005e4f900000,0x0000005e4fa00000)]
  0x0000018b3d457660 JavaThread "jar transforms Thread 8" [_thread_blocked, id=24568, stack(0x0000005e51400000,0x0000005e51500000)]
  0x0000018b3d457190 JavaThread "Memory manager" [_thread_blocked, id=12516, stack(0x0000005e51700000,0x0000005e51800000)]

Other Threads:
  0x0000018b3be43720 VMThread "VM Thread" [stack: 0x0000005e4db00000,0x0000005e4dc00000] [id=26956]
  0x0000018b3c9f2c50 WatcherThread [stack: 0x0000005e4e700000,0x0000005e4e800000] [id=9560]
  0x0000018b1f425680 GCTaskThread "GC Thread#0" [stack: 0x0000005e4d600000,0x0000005e4d700000] [id=29636]
  0x0000018b3d2b05f0 GCTaskThread "GC Thread#1" [stack: 0x0000005e4e800000,0x0000005e4e900000] [id=26904]
  0x0000018b3d2b08a0 GCTaskThread "GC Thread#2" [stack: 0x0000005e4e900000,0x0000005e4ea00000] [id=32456]
  0x0000018b3d54afe0 GCTaskThread "GC Thread#3" [stack: 0x0000005e4ea00000,0x0000005e4eb00000] [id=7504]
  0x0000018b3d54b290 GCTaskThread "GC Thread#4" [stack: 0x0000005e4eb00000,0x0000005e4ec00000] [id=33752]
  0x0000018b3d37e410 GCTaskThread "GC Thread#5" [stack: 0x0000005e4ec00000,0x0000005e4ed00000] [id=3392]
  0x0000018b3edbb890 GCTaskThread "GC Thread#6" [stack: 0x0000005e4fd00000,0x0000005e4fe00000] [id=41608]
  0x0000018b3edbb330 GCTaskThread "GC Thread#7" [stack: 0x0000005e4fe00000,0x0000005e4ff00000] [id=13108]
  0x0000018b1f42a5c0 ConcurrentGCThread "G1 Main Marker" [stack: 0x0000005e4d700000,0x0000005e4d800000] [id=6600]
  0x0000018b1f42afd0 ConcurrentGCThread "G1 Conc#0" [stack: 0x0000005e4d800000,0x0000005e4d900000] [id=26976]
  0x0000018b3edbb5e0 ConcurrentGCThread "G1 Conc#1" [stack: 0x0000005e4ff00000,0x0000005e50000000] [id=41812]
  0x0000018b1f4be570 ConcurrentGCThread "G1 Refine#0" [stack: 0x0000005e4d900000,0x0000005e4da00000] [id=39144]
  0x0000018b40822eb0 ConcurrentGCThread "G1 Refine#1" [stack: 0x0000005e51600000,0x0000005e51700000] [id=16640]
  0x0000018b3bd080f0 ConcurrentGCThread "G1 Service" [stack: 0x0000005e4da00000,0x0000005e4db00000] [id=18380]

Threads with active compile tasks:
C2 CompilerThread0   702590 5869       4       java.lang.PublicMethods::merge (81 bytes)

VM state: not at safepoint (normal execution)

VM Mutex/Monitor currently owned by a thread:  ([mutex/lock_event])
[0x0000018b1f3f0c70] DirectivesStack_lock - owner thread: 0x0000018b3c84f040

Heap address: 0x00000000e0000000, size: 512 MB, Compressed Oops mode: 32-bit

CDS archive(s) mapped at: [0x0000000800000000-0x0000000800bc0000-0x0000000800bc0000), size 12320768, SharedBaseAddress: 0x0000000800000000, ArchiveRelocationMode: 0.
Compressed class space mapped at: 0x0000000800c00000-0x0000000814000000, reserved size: 322961408
Narrow klass base: 0x0000000800000000, Narrow klass shift: 0, Narrow klass range: 0x100000000

GC Precious Log:
 CPUs: 8 total, 8 available
 Memory: 7926M
 Large Page Support: Disabled
 NUMA Support: Disabled
 Compressed Oops: Enabled (32-bit)
 Heap Region Size: 1M
 Heap Min Capacity: 256M
 Heap Initial Capacity: 256M
 Heap Max Capacity: 512M
 Pre-touch: Disabled
 Parallel Workers: 8
 Concurrent Workers: 2
 Concurrent Refinement Workers: 8
 Periodic GC: Disabled

Heap:
 garbage-first heap   total 262144K, used 66194K [0x00000000e0000000, 0x0000000100000000)
  region size 1024K, 32 young (32768K), 1 survivors (1024K)
 Metaspace       used 46513K, committed 46976K, reserved 356352K
  class space    used 6557K, committed 6784K, reserved 315392K

Heap Regions: E=young(eden), S=young(survivor), O=old, HS=humongous(starts), HC=humongous(continues), CS=collection set, F=free, OA=open archive, CA=closed archive, TAMS=top-at-mark-start (previous, next)
|   0|0x00000000e0000000, 0x00000000e0100000, 0x00000000e0100000|100%|HS|  |TAMS 0x00000000e0100000, 0x00000000e0000000| Complete 
|   1|0x00000000e0100000, 0x00000000e0200000, 0x00000000e0200000|100%|HC|  |TAMS 0x00000000e0200000, 0x00000000e0100000| Complete 
|   2|0x00000000e0200000, 0x00000000e0300000, 0x00000000e0300000|100%|HC|  |TAMS 0x00000000e0300000, 0x00000000e0200000| Complete 
|   3|0x00000000e0300000, 0x00000000e0400000, 0x00000000e0400000|100%|HC|  |TAMS 0x00000000e0400000, 0x00000000e0300000| Complete 
|   4|0x00000000e0400000, 0x00000000e0500000, 0x00000000e0500000|100%| O|  |TAMS 0x00000000e0500000, 0x00000000e0400000| Untracked 
|   5|0x00000000e0500000, 0x00000000e0600000, 0x00000000e0600000|100%| O|  |TAMS 0x00000000e0600000, 0x00000000e0500000| Untracked 
|   6|0x00000000e0600000, 0x00000000e0700000, 0x00000000e0700000|100%| O|  |TAMS 0x00000000e0700000, 0x00000000e0600000| Untracked 
|   7|0x00000000e0700000, 0x00000000e0800000, 0x00000000e0800000|100%| O|  |TAMS 0x00000000e0800000, 0x00000000e0700000| Untracked 
|   8|0x00000000e0800000, 0x00000000e0900000, 0x00000000e0900000|100%| O|  |TAMS 0x00000000e0900000, 0x00000000e0800000| Untracked 
|   9|0x00000000e0900000, 0x00000000e0a00000, 0x00000000e0a00000|100%| O|  |TAMS 0x00000000e0a00000, 0x00000000e0900000| Untracked 
|  10|0x00000000e0a00000, 0x00000000e0b00000, 0x00000000e0b00000|100%| O|  |TAMS 0x00000000e0ae3200, 0x00000000e0a00000| Untracked 
|  11|0x00000000e0b00000, 0x00000000e0c00000, 0x00000000e0c00000|100%| O|  |TAMS 0x00000000e0b00000, 0x00000000e0b00000| Untracked 
|  12|0x00000000e0c00000, 0x00000000e0d00000, 0x00000000e0d00000|100%| O|  |TAMS 0x00000000e0c00000, 0x00000000e0c00000| Untracked 
|  13|0x00000000e0d00000, 0x00000000e0e00000, 0x00000000e0e00000|100%| O|  |TAMS 0x00000000e0d00000, 0x00000000e0d00000| Untracked 
|  14|0x00000000e0e00000, 0x00000000e0f00000, 0x00000000e0f00000|100%| O|  |TAMS 0x00000000e0e00000, 0x00000000e0e00000| Untracked 
|  15|0x00000000e0f00000, 0x00000000e1000000, 0x00000000e1000000|100%| O|  |TAMS 0x00000000e0f00000, 0x00000000e0f00000| Untracked 
|  16|0x00000000e1000000, 0x00000000e1100000, 0x00000000e1100000|100%| O|  |TAMS 0x00000000e1000000, 0x00000000e1000000| Untracked 
|  17|0x00000000e1100000, 0x00000000e1200000, 0x00000000e1200000|100%| O|  |TAMS 0x00000000e1100000, 0x00000000e1100000| Untracked 
|  18|0x00000000e1200000, 0x00000000e1300000, 0x00000000e1300000|100%| O|  |TAMS 0x00000000e1200000, 0x00000000e1200000| Untracked 
|  19|0x00000000e1300000, 0x00000000e1400000, 0x00000000e1400000|100%| O|  |TAMS 0x00000000e1300000, 0x00000000e1300000| Untracked 
|  20|0x00000000e1400000, 0x00000000e1500000, 0x00000000e1500000|100%| O|  |TAMS 0x00000000e1400000, 0x00000000e1400000| Untracked 
|  21|0x00000000e1500000, 0x00000000e1600000, 0x00000000e1600000|100%| O|  |TAMS 0x00000000e1500000, 0x00000000e1500000| Untracked 
|  22|0x00000000e1600000, 0x00000000e1700000, 0x00000000e1700000|100%| O|  |TAMS 0x00000000e1600000, 0x00000000e1600000| Untracked 
|  23|0x00000000e1700000, 0x00000000e1800000, 0x00000000e1800000|100%| O|  |TAMS 0x00000000e1700000, 0x00000000e1700000| Untracked 
|  24|0x00000000e1800000, 0x00000000e1900000, 0x00000000e1900000|100%| O|  |TAMS 0x00000000e1800000, 0x00000000e1800000| Untracked 
|  25|0x00000000e1900000, 0x00000000e1a00000, 0x00000000e1a00000|100%| O|  |TAMS 0x00000000e1900000, 0x00000000e1900000| Untracked 
|  26|0x00000000e1a00000, 0x00000000e1b00000, 0x00000000e1b00000|100%| O|  |TAMS 0x00000000e1a00000, 0x00000000e1a00000| Untracked 
|  27|0x00000000e1b00000, 0x00000000e1c00000, 0x00000000e1c00000|100%| O|  |TAMS 0x00000000e1b00000, 0x00000000e1b00000| Untracked 
|  28|0x00000000e1c00000, 0x00000000e1d00000, 0x00000000e1d00000|100%| O|  |TAMS 0x00000000e1c00000, 0x00000000e1c00000| Untracked 
|  29|0x00000000e1d00000, 0x00000000e1e00000, 0x00000000e1e00000|100%| O|  |TAMS 0x00000000e1d00000, 0x00000000e1d00000| Untracked 
|  30|0x00000000e1e00000, 0x00000000e1f00000, 0x00000000e1f00000|100%| O|  |TAMS 0x00000000e1e00000, 0x00000000e1e00000| Untracked 
|  31|0x00000000e1f00000, 0x00000000e2000000, 0x00000000e2000000|100%| O|  |TAMS 0x00000000e1f00000, 0x00000000e1f00000| Untracked 
|  32|0x00000000e2000000, 0x00000000e2100000, 0x00000000e2100000|100%| O|  |TAMS 0x00000000e2000000, 0x00000000e2000000| Untracked 
|  33|0x00000000e2100000, 0x00000000e21b9600, 0x00000000e2200000| 72%| O|  |TAMS 0x00000000e2100000, 0x00000000e2100000| Untracked 
|  34|0x00000000e2200000, 0x00000000e2200000, 0x00000000e2300000|  0%| F|  |TAMS 0x00000000e2200000, 0x00000000e2200000| Untracked 
|  35|0x00000000e2300000, 0x00000000e2300000, 0x00000000e2400000|  0%| F|  |TAMS 0x00000000e2300000, 0x00000000e2300000| Untracked 
|  36|0x00000000e2400000, 0x00000000e2400000, 0x00000000e2500000|  0%| F|  |TAMS 0x00000000e2400000, 0x00000000e2400000| Untracked 
|  37|0x00000000e2500000, 0x00000000e2500000, 0x00000000e2600000|  0%| F|  |TAMS 0x00000000e2500000, 0x00000000e2500000| Untracked 
|  38|0x00000000e2600000, 0x00000000e2600000, 0x00000000e2700000|  0%| F|  |TAMS 0x00000000e2600000, 0x00000000e2600000| Untracked 
|  39|0x00000000e2700000, 0x00000000e2700000, 0x00000000e2800000|  0%| F|  |TAMS 0x00000000e2700000, 0x00000000e2700000| Untracked 
|  40|0x00000000e2800000, 0x00000000e2800000, 0x00000000e2900000|  0%| F|  |TAMS 0x00000000e2800000, 0x00000000e2800000| Untracked 
|  41|0x00000000e2900000, 0x00000000e2900000, 0x00000000e2a00000|  0%| F|  |TAMS 0x00000000e2900000, 0x00000000e2900000| Untracked 
|  42|0x00000000e2a00000, 0x00000000e2a00000, 0x00000000e2b00000|  0%| F|  |TAMS 0x00000000e2a00000, 0x00000000e2a00000| Untracked 
|  43|0x00000000e2b00000, 0x00000000e2b00000, 0x00000000e2c00000|  0%| F|  |TAMS 0x00000000e2b00000, 0x00000000e2b00000| Untracked 
|  44|0x00000000e2c00000, 0x00000000e2c00000, 0x00000000e2d00000|  0%| F|  |TAMS 0x00000000e2c00000, 0x00000000e2c00000| Untracked 
|  45|0x00000000e2d00000, 0x00000000e2d00000, 0x00000000e2e00000|  0%| F|  |TAMS 0x00000000e2d00000, 0x00000000e2d00000| Untracked 
|  46|0x00000000e2e00000, 0x00000000e2e00000, 0x00000000e2f00000|  0%| F|  |TAMS 0x00000000e2e00000, 0x00000000e2e00000| Untracked 
|  47|0x00000000e2f00000, 0x00000000e2f00000, 0x00000000e3000000|  0%| F|  |TAMS 0x00000000e2f00000, 0x00000000e2f00000| Untracked 
|  48|0x00000000e3000000, 0x00000000e3000000, 0x00000000e3100000|  0%| F|  |TAMS 0x00000000e3000000, 0x00000000e3000000| Untracked 
|  49|0x00000000e3100000, 0x00000000e3100000, 0x00000000e3200000|  0%| F|  |TAMS 0x00000000e3100000, 0x00000000e3100000| Untracked 
|  50|0x00000000e3200000, 0x00000000e3200000, 0x00000000e3300000|  0%| F|  |TAMS 0x00000000e3200000, 0x00000000e3200000| Untracked 
|  51|0x00000000e3300000, 0x00000000e3300000, 0x00000000e3400000|  0%| F|  |TAMS 0x00000000e3300000, 0x00000000e3300000| Untracked 
|  52|0x00000000e3400000, 0x00000000e3400000, 0x00000000e3500000|  0%| F|  |TAMS 0x00000000e3400000, 0x00000000e3400000| Untracked 
|  53|0x00000000e3500000, 0x00000000e3500000, 0x00000000e3600000|  0%| F|  |TAMS 0x00000000e3500000, 0x00000000e3500000| Untracked 
|  54|0x00000000e3600000, 0x00000000e3600000, 0x00000000e3700000|  0%| F|  |TAMS 0x00000000e3600000, 0x00000000e3600000| Untracked 
|  55|0x00000000e3700000, 0x00000000e3700000, 0x00000000e3800000|  0%| F|  |TAMS 0x00000000e3700000, 0x00000000e3700000| Untracked 
|  56|0x00000000e3800000, 0x00000000e3800000, 0x00000000e3900000|  0%| F|  |TAMS 0x00000000e3800000, 0x00000000e3800000| Untracked 
|  57|0x00000000e3900000, 0x00000000e3900000, 0x00000000e3a00000|  0%| F|  |TAMS 0x00000000e3900000, 0x00000000e3900000| Untracked 
|  58|0x00000000e3a00000, 0x00000000e3a00000, 0x00000000e3b00000|  0%| F|  |TAMS 0x00000000e3a00000, 0x00000000e3a00000| Untracked 
|  59|0x00000000e3b00000, 0x00000000e3b00000, 0x00000000e3c00000|  0%| F|  |TAMS 0x00000000e3b00000, 0x00000000e3b00000| Untracked 
|  60|0x00000000e3c00000, 0x00000000e3c00000, 0x00000000e3d00000|  0%| F|  |TAMS 0x00000000e3c00000, 0x00000000e3c00000| Untracked 
|  61|0x00000000e3d00000, 0x00000000e3d00000, 0x00000000e3e00000|  0%| F|  |TAMS 0x00000000e3d00000, 0x00000000e3d00000| Untracked 
|  62|0x00000000e3e00000, 0x00000000e3e00000, 0x00000000e3f00000|  0%| F|  |TAMS 0x00000000e3e00000, 0x00000000e3e00000| Untracked 
|  63|0x00000000e3f00000, 0x00000000e3f00000, 0x00000000e4000000|  0%| F|  |TAMS 0x00000000e3f00000, 0x00000000e3f00000| Untracked 
|  64|0x00000000e4000000, 0x00000000e4000000, 0x00000000e4100000|  0%| F|  |TAMS 0x00000000e4000000, 0x00000000e4000000| Untracked 
|  65|0x00000000e4100000, 0x00000000e4100000, 0x00000000e4200000|  0%| F|  |TAMS 0x00000000e4100000, 0x00000000e4100000| Untracked 
|  66|0x00000000e4200000, 0x00000000e4200000, 0x00000000e4300000|  0%| F|  |TAMS 0x00000000e4200000, 0x00000000e4200000| Untracked 
|  67|0x00000000e4300000, 0x00000000e4300000, 0x00000000e4400000|  0%| F|  |TAMS 0x00000000e4300000, 0x00000000e4300000| Untracked 
|  68|0x00000000e4400000, 0x00000000e4400000, 0x00000000e4500000|  0%| F|  |TAMS 0x00000000e4400000, 0x00000000e4400000| Untracked 
|  69|0x00000000e4500000, 0x00000000e4500000, 0x00000000e4600000|  0%| F|  |TAMS 0x00000000e4500000, 0x00000000e4500000| Untracked 
|  70|0x00000000e4600000, 0x00000000e4600000, 0x00000000e4700000|  0%| F|  |TAMS 0x00000000e4600000, 0x00000000e4600000| Untracked 
|  71|0x00000000e4700000, 0x00000000e4700000, 0x00000000e4800000|  0%| F|  |TAMS 0x00000000e4700000, 0x00000000e4700000| Untracked 
|  72|0x00000000e4800000, 0x00000000e4800000, 0x00000000e4900000|  0%| F|  |TAMS 0x00000000e4800000, 0x00000000e4800000| Untracked 
|  73|0x00000000e4900000, 0x00000000e4900000, 0x00000000e4a00000|  0%| F|  |TAMS 0x00000000e4900000, 0x00000000e4900000| Untracked 
|  74|0x00000000e4a00000, 0x00000000e4a00000, 0x00000000e4b00000|  0%| F|  |TAMS 0x00000000e4a00000, 0x00000000e4a00000| Untracked 
|  75|0x00000000e4b00000, 0x00000000e4b00000, 0x00000000e4c00000|  0%| F|  |TAMS 0x00000000e4b00000, 0x00000000e4b00000| Untracked 
|  76|0x00000000e4c00000, 0x00000000e4c00000, 0x00000000e4d00000|  0%| F|  |TAMS 0x00000000e4c00000, 0x00000000e4c00000| Untracked 
|  77|0x00000000e4d00000, 0x00000000e4d00000, 0x00000000e4e00000|  0%| F|  |TAMS 0x00000000e4d00000, 0x00000000e4d00000| Untracked 
|  78|0x00000000e4e00000, 0x00000000e4e00000, 0x00000000e4f00000|  0%| F|  |TAMS 0x00000000e4e00000, 0x00000000e4e00000| Untracked 
|  79|0x00000000e4f00000, 0x00000000e4f00000, 0x00000000e5000000|  0%| F|  |TAMS 0x00000000e4f00000, 0x00000000e4f00000| Untracked 
|  80|0x00000000e5000000, 0x00000000e5000000, 0x00000000e5100000|  0%| F|  |TAMS 0x00000000e5000000, 0x00000000e5000000| Untracked 
|  81|0x00000000e5100000, 0x00000000e5100000, 0x00000000e5200000|  0%| F|  |TAMS 0x00000000e5100000, 0x00000000e5100000| Untracked 
|  82|0x00000000e5200000, 0x00000000e5200000, 0x00000000e5300000|  0%| F|  |TAMS 0x00000000e5200000, 0x00000000e5200000| Untracked 
|  83|0x00000000e5300000, 0x00000000e5300000, 0x00000000e5400000|  0%| F|  |TAMS 0x00000000e5300000, 0x00000000e5300000| Untracked 
|  84|0x00000000e5400000, 0x00000000e5400000, 0x00000000e5500000|  0%| F|  |TAMS 0x00000000e5400000, 0x00000000e5400000| Untracked 
|  85|0x00000000e5500000, 0x00000000e5500000, 0x00000000e5600000|  0%| F|  |TAMS 0x00000000e5500000, 0x00000000e5500000| Untracked 
|  86|0x00000000e5600000, 0x00000000e5600000, 0x00000000e5700000|  0%| F|  |TAMS 0x00000000e5600000, 0x00000000e5600000| Untracked 
|  87|0x00000000e5700000, 0x00000000e5700000, 0x00000000e5800000|  0%| F|  |TAMS 0x00000000e5700000, 0x00000000e5700000| Untracked 
|  88|0x00000000e5800000, 0x00000000e5800000, 0x00000000e5900000|  0%| F|  |TAMS 0x00000000e5800000, 0x00000000e5800000| Untracked 
|  89|0x00000000e5900000, 0x00000000e5900000, 0x00000000e5a00000|  0%| F|  |TAMS 0x00000000e5900000, 0x00000000e5900000| Untracked 
|  90|0x00000000e5a00000, 0x00000000e5a00000, 0x00000000e5b00000|  0%| F|  |TAMS 0x00000000e5a00000, 0x00000000e5a00000| Untracked 
|  91|0x00000000e5b00000, 0x00000000e5b00000, 0x00000000e5c00000|  0%| F|  |TAMS 0x00000000e5b00000, 0x00000000e5b00000| Untracked 
|  92|0x00000000e5c00000, 0x00000000e5c00000, 0x00000000e5d00000|  0%| F|  |TAMS 0x00000000e5c00000, 0x00000000e5c00000| Untracked 
|  93|0x00000000e5d00000, 0x00000000e5d00000, 0x00000000e5e00000|  0%| F|  |TAMS 0x00000000e5d00000, 0x00000000e5d00000| Untracked 
|  94|0x00000000e5e00000, 0x00000000e5e00000, 0x00000000e5f00000|  0%| F|  |TAMS 0x00000000e5e00000, 0x00000000e5e00000| Untracked 
|  95|0x00000000e5f00000, 0x00000000e5f00000, 0x00000000e6000000|  0%| F|  |TAMS 0x00000000e5f00000, 0x00000000e5f00000| Untracked 
|  96|0x00000000e6000000, 0x00000000e6000000, 0x00000000e6100000|  0%| F|  |TAMS 0x00000000e6000000, 0x00000000e6000000| Untracked 
|  97|0x00000000e6100000, 0x00000000e6100000, 0x00000000e6200000|  0%| F|  |TAMS 0x00000000e6100000, 0x00000000e6100000| Untracked 
|  98|0x00000000e6200000, 0x00000000e6200000, 0x00000000e6300000|  0%| F|  |TAMS 0x00000000e6200000, 0x00000000e6200000| Untracked 
|  99|0x00000000e6300000, 0x00000000e6300000, 0x00000000e6400000|  0%| F|  |TAMS 0x00000000e6300000, 0x00000000e6300000| Untracked 
| 100|0x00000000e6400000, 0x00000000e6400000, 0x00000000e6500000|  0%| F|  |TAMS 0x00000000e6400000, 0x00000000e6400000| Untracked 
| 101|0x00000000e6500000, 0x00000000e6500000, 0x00000000e6600000|  0%| F|  |TAMS 0x00000000e6500000, 0x00000000e6500000| Untracked 
| 102|0x00000000e6600000, 0x00000000e6600000, 0x00000000e6700000|  0%| F|  |TAMS 0x00000000e6600000, 0x00000000e6600000| Untracked 
| 103|0x00000000e6700000, 0x00000000e6700000, 0x00000000e6800000|  0%| F|  |TAMS 0x00000000e6700000, 0x00000000e6700000| Untracked 
| 104|0x00000000e6800000, 0x00000000e6800000, 0x00000000e6900000|  0%| F|  |TAMS 0x00000000e6800000, 0x00000000e6800000| Untracked 
| 105|0x00000000e6900000, 0x00000000e6900000, 0x00000000e6a00000|  0%| F|  |TAMS 0x00000000e6900000, 0x00000000e6900000| Untracked 
| 106|0x00000000e6a00000, 0x00000000e6a00000, 0x00000000e6b00000|  0%| F|  |TAMS 0x00000000e6a00000, 0x00000000e6a00000| Untracked 
| 107|0x00000000e6b00000, 0x00000000e6b00000, 0x00000000e6c00000|  0%| F|  |TAMS 0x00000000e6b00000, 0x00000000e6b00000| Untracked 
| 108|0x00000000e6c00000, 0x00000000e6c00000, 0x00000000e6d00000|  0%| F|  |TAMS 0x00000000e6c00000, 0x00000000e6c00000| Untracked 
| 109|0x00000000e6d00000, 0x00000000e6d00000, 0x00000000e6e00000|  0%| F|  |TAMS 0x00000000e6d00000, 0x00000000e6d00000| Untracked 
| 110|0x00000000e6e00000, 0x00000000e6e00000, 0x00000000e6f00000|  0%| F|  |TAMS 0x00000000e6e00000, 0x00000000e6e00000| Untracked 
| 111|0x00000000e6f00000, 0x00000000e6f00000, 0x00000000e7000000|  0%| F|  |TAMS 0x00000000e6f00000, 0x00000000e6f00000| Untracked 
| 112|0x00000000e7000000, 0x00000000e7000000, 0x00000000e7100000|  0%| F|  |TAMS 0x00000000e7000000, 0x00000000e7000000| Untracked 
| 113|0x00000000e7100000, 0x00000000e7100000, 0x00000000e7200000|  0%| F|  |TAMS 0x00000000e7100000, 0x00000000e7100000| Untracked 
| 114|0x00000000e7200000, 0x00000000e7200000, 0x00000000e7300000|  0%| F|  |TAMS 0x00000000e7200000, 0x00000000e7200000| Untracked 
| 115|0x00000000e7300000, 0x00000000e7300000, 0x00000000e7400000|  0%| F|  |TAMS 0x00000000e7300000, 0x00000000e7300000| Untracked 
| 116|0x00000000e7400000, 0x00000000e7400000, 0x00000000e7500000|  0%| F|  |TAMS 0x00000000e7400000, 0x00000000e7400000| Untracked 
| 117|0x00000000e7500000, 0x00000000e7500000, 0x00000000e7600000|  0%| F|  |TAMS 0x00000000e7500000, 0x00000000e7500000| Untracked 
| 118|0x00000000e7600000, 0x00000000e7600000, 0x00000000e7700000|  0%| F|  |TAMS 0x00000000e7600000, 0x00000000e7600000| Untracked 
| 119|0x00000000e7700000, 0x00000000e7700000, 0x00000000e7800000|  0%| F|  |TAMS 0x00000000e7700000, 0x00000000e7700000| Untracked 
| 120|0x00000000e7800000, 0x00000000e7800000, 0x00000000e7900000|  0%| F|  |TAMS 0x00000000e7800000, 0x00000000e7800000| Untracked 
| 121|0x00000000e7900000, 0x00000000e7900000, 0x00000000e7a00000|  0%| F|  |TAMS 0x00000000e7900000, 0x00000000e7900000| Untracked 
| 122|0x00000000e7a00000, 0x00000000e7a00000, 0x00000000e7b00000|  0%| F|  |TAMS 0x00000000e7a00000, 0x00000000e7a00000| Untracked 
| 123|0x00000000e7b00000, 0x00000000e7b00000, 0x00000000e7c00000|  0%| F|  |TAMS 0x00000000e7b00000, 0x00000000e7b00000| Untracked 
| 124|0x00000000e7c00000, 0x00000000e7c00000, 0x00000000e7d00000|  0%| F|  |TAMS 0x00000000e7c00000, 0x00000000e7c00000| Untracked 
| 125|0x00000000e7d00000, 0x00000000e7d00000, 0x00000000e7e00000|  0%| F|  |TAMS 0x00000000e7d00000, 0x00000000e7d00000| Untracked 
| 126|0x00000000e7e00000, 0x00000000e7e00000, 0x00000000e7f00000|  0%| F|  |TAMS 0x00000000e7e00000, 0x00000000e7e00000| Untracked 
| 127|0x00000000e7f00000, 0x00000000e7f00000, 0x00000000e8000000|  0%| F|  |TAMS 0x00000000e7f00000, 0x00000000e7f00000| Untracked 
| 128|0x00000000e8000000, 0x00000000e8000000, 0x00000000e8100000|  0%| F|  |TAMS 0x00000000e8000000, 0x00000000e8000000| Untracked 
| 129|0x00000000e8100000, 0x00000000e8100000, 0x00000000e8200000|  0%| F|  |TAMS 0x00000000e8100000, 0x00000000e8100000| Untracked 
| 130|0x00000000e8200000, 0x00000000e8200000, 0x00000000e8300000|  0%| F|  |TAMS 0x00000000e8200000, 0x00000000e8200000| Untracked 
| 131|0x00000000e8300000, 0x00000000e8300000, 0x00000000e8400000|  0%| F|  |TAMS 0x00000000e8300000, 0x00000000e8300000| Untracked 
| 132|0x00000000e8400000, 0x00000000e8400000, 0x00000000e8500000|  0%| F|  |TAMS 0x00000000e8400000, 0x00000000e8400000| Untracked 
| 133|0x00000000e8500000, 0x00000000e8500000, 0x00000000e8600000|  0%| F|  |TAMS 0x00000000e8500000, 0x00000000e8500000| Untracked 
| 134|0x00000000e8600000, 0x00000000e8600000, 0x00000000e8700000|  0%| F|  |TAMS 0x00000000e8600000, 0x00000000e8600000| Untracked 
| 135|0x00000000e8700000, 0x00000000e8700000, 0x00000000e8800000|  0%| F|  |TAMS 0x00000000e8700000, 0x00000000e8700000| Untracked 
| 136|0x00000000e8800000, 0x00000000e8800000, 0x00000000e8900000|  0%| F|  |TAMS 0x00000000e8800000, 0x00000000e8800000| Untracked 
| 137|0x00000000e8900000, 0x00000000e8900000, 0x00000000e8a00000|  0%| F|  |TAMS 0x00000000e8900000, 0x00000000e8900000| Untracked 
| 138|0x00000000e8a00000, 0x00000000e8a00000, 0x00000000e8b00000|  0%| F|  |TAMS 0x00000000e8a00000, 0x00000000e8a00000| Untracked 
| 139|0x00000000e8b00000, 0x00000000e8b00000, 0x00000000e8c00000|  0%| F|  |TAMS 0x00000000e8b00000, 0x00000000e8b00000| Untracked 
| 140|0x00000000e8c00000, 0x00000000e8c00000, 0x00000000e8d00000|  0%| F|  |TAMS 0x00000000e8c00000, 0x00000000e8c00000| Untracked 
| 141|0x00000000e8d00000, 0x00000000e8d00000, 0x00000000e8e00000|  0%| F|  |TAMS 0x00000000e8d00000, 0x00000000e8d00000| Untracked 
| 142|0x00000000e8e00000, 0x00000000e8e00000, 0x00000000e8f00000|  0%| F|  |TAMS 0x00000000e8e00000, 0x00000000e8e00000| Untracked 
| 143|0x00000000e8f00000, 0x00000000e8f00000, 0x00000000e9000000|  0%| F|  |TAMS 0x00000000e8f00000, 0x00000000e8f00000| Untracked 
| 144|0x00000000e9000000, 0x00000000e9000000, 0x00000000e9100000|  0%| F|  |TAMS 0x00000000e9000000, 0x00000000e9000000| Untracked 
| 145|0x00000000e9100000, 0x00000000e9100000, 0x00000000e9200000|  0%| F|  |TAMS 0x00000000e9100000, 0x00000000e9100000| Untracked 
| 146|0x00000000e9200000, 0x00000000e9200000, 0x00000000e9300000|  0%| F|  |TAMS 0x00000000e9200000, 0x00000000e9200000| Untracked 
| 147|0x00000000e9300000, 0x00000000e9300000, 0x00000000e9400000|  0%| F|  |TAMS 0x00000000e9300000, 0x00000000e9300000| Untracked 
| 148|0x00000000e9400000, 0x00000000e9400000, 0x00000000e9500000|  0%| F|  |TAMS 0x00000000e9400000, 0x00000000e9400000| Untracked 
| 149|0x00000000e9500000, 0x00000000e9500000, 0x00000000e9600000|  0%| F|  |TAMS 0x00000000e9500000, 0x00000000e9500000| Untracked 
| 150|0x00000000e9600000, 0x00000000e9600000, 0x00000000e9700000|  0%| F|  |TAMS 0x00000000e9600000, 0x00000000e9600000| Untracked 
| 151|0x00000000e9700000, 0x00000000e9700000, 0x00000000e9800000|  0%| F|  |TAMS 0x00000000e9700000, 0x00000000e9700000| Untracked 
| 152|0x00000000e9800000, 0x00000000e9800000, 0x00000000e9900000|  0%| F|  |TAMS 0x00000000e9800000, 0x00000000e9800000| Untracked 
| 153|0x00000000e9900000, 0x00000000e9900000, 0x00000000e9a00000|  0%| F|  |TAMS 0x00000000e9900000, 0x00000000e9900000| Untracked 
| 154|0x00000000e9a00000, 0x00000000e9a00000, 0x00000000e9b00000|  0%| F|  |TAMS 0x00000000e9a00000, 0x00000000e9a00000| Untracked 
| 155|0x00000000e9b00000, 0x00000000e9b00000, 0x00000000e9c00000|  0%| F|  |TAMS 0x00000000e9b00000, 0x00000000e9b00000| Untracked 
| 156|0x00000000e9c00000, 0x00000000e9c00000, 0x00000000e9d00000|  0%| F|  |TAMS 0x00000000e9c00000, 0x00000000e9c00000| Untracked 
| 157|0x00000000e9d00000, 0x00000000e9d00000, 0x00000000e9e00000|  0%| F|  |TAMS 0x00000000e9d00000, 0x00000000e9d00000| Untracked 
| 158|0x00000000e9e00000, 0x00000000e9e00000, 0x00000000e9f00000|  0%| F|  |TAMS 0x00000000e9e00000, 0x00000000e9e00000| Untracked 
| 159|0x00000000e9f00000, 0x00000000e9f00000, 0x00000000ea000000|  0%| F|  |TAMS 0x00000000e9f00000, 0x00000000e9f00000| Untracked 
| 160|0x00000000ea000000, 0x00000000ea000000, 0x00000000ea100000|  0%| F|  |TAMS 0x00000000ea000000, 0x00000000ea000000| Untracked 
| 161|0x00000000ea100000, 0x00000000ea100000, 0x00000000ea200000|  0%| F|  |TAMS 0x00000000ea100000, 0x00000000ea100000| Untracked 
| 162|0x00000000ea200000, 0x00000000ea200000, 0x00000000ea300000|  0%| F|  |TAMS 0x00000000ea200000, 0x00000000ea200000| Untracked 
| 163|0x00000000ea300000, 0x00000000ea300000, 0x00000000ea400000|  0%| F|  |TAMS 0x00000000ea300000, 0x00000000ea300000| Untracked 
| 164|0x00000000ea400000, 0x00000000ea400000, 0x00000000ea500000|  0%| F|  |TAMS 0x00000000ea400000, 0x00000000ea400000| Untracked 
| 165|0x00000000ea500000, 0x00000000ea500000, 0x00000000ea600000|  0%| F|  |TAMS 0x00000000ea500000, 0x00000000ea500000| Untracked 
| 166|0x00000000ea600000, 0x00000000ea600000, 0x00000000ea700000|  0%| F|  |TAMS 0x00000000ea600000, 0x00000000ea600000| Untracked 
| 167|0x00000000ea700000, 0x00000000ea700000, 0x00000000ea800000|  0%| F|  |TAMS 0x00000000ea700000, 0x00000000ea700000| Untracked 
| 168|0x00000000ea800000, 0x00000000ea800000, 0x00000000ea900000|  0%| F|  |TAMS 0x00000000ea800000, 0x00000000ea800000| Untracked 
| 169|0x00000000ea900000, 0x00000000ea900000, 0x00000000eaa00000|  0%| F|  |TAMS 0x00000000ea900000, 0x00000000ea900000| Untracked 
| 170|0x00000000eaa00000, 0x00000000eaa00000, 0x00000000eab00000|  0%| F|  |TAMS 0x00000000eaa00000, 0x00000000eaa00000| Untracked 
| 171|0x00000000eab00000, 0x00000000eab00000, 0x00000000eac00000|  0%| F|  |TAMS 0x00000000eab00000, 0x00000000eab00000| Untracked 
| 172|0x00000000eac00000, 0x00000000eac00000, 0x00000000ead00000|  0%| F|  |TAMS 0x00000000eac00000, 0x00000000eac00000| Untracked 
| 173|0x00000000ead00000, 0x00000000ead00000, 0x00000000eae00000|  0%| F|  |TAMS 0x00000000ead00000, 0x00000000ead00000| Untracked 
| 174|0x00000000eae00000, 0x00000000eae00000, 0x00000000eaf00000|  0%| F|  |TAMS 0x00000000eae00000, 0x00000000eae00000| Untracked 
| 175|0x00000000eaf00000, 0x00000000eaf00000, 0x00000000eb000000|  0%| F|  |TAMS 0x00000000eaf00000, 0x00000000eaf00000| Untracked 
| 176|0x00000000eb000000, 0x00000000eb000000, 0x00000000eb100000|  0%| F|  |TAMS 0x00000000eb000000, 0x00000000eb000000| Untracked 
| 177|0x00000000eb100000, 0x00000000eb100000, 0x00000000eb200000|  0%| F|  |TAMS 0x00000000eb100000, 0x00000000eb100000| Untracked 
| 178|0x00000000eb200000, 0x00000000eb200000, 0x00000000eb300000|  0%| F|  |TAMS 0x00000000eb200000, 0x00000000eb200000| Untracked 
| 179|0x00000000eb300000, 0x00000000eb300000, 0x00000000eb400000|  0%| F|  |TAMS 0x00000000eb300000, 0x00000000eb300000| Untracked 
| 180|0x00000000eb400000, 0x00000000eb400000, 0x00000000eb500000|  0%| F|  |TAMS 0x00000000eb400000, 0x00000000eb400000| Untracked 
| 181|0x00000000eb500000, 0x00000000eb500000, 0x00000000eb600000|  0%| F|  |TAMS 0x00000000eb500000, 0x00000000eb500000| Untracked 
| 182|0x00000000eb600000, 0x00000000eb600000, 0x00000000eb700000|  0%| F|  |TAMS 0x00000000eb600000, 0x00000000eb600000| Untracked 
| 183|0x00000000eb700000, 0x00000000eb700000, 0x00000000eb800000|  0%| F|  |TAMS 0x00000000eb700000, 0x00000000eb700000| Untracked 
| 184|0x00000000eb800000, 0x00000000eb800000, 0x00000000eb900000|  0%| F|  |TAMS 0x00000000eb800000, 0x00000000eb800000| Untracked 
| 185|0x00000000eb900000, 0x00000000eb900000, 0x00000000eba00000|  0%| F|  |TAMS 0x00000000eb900000, 0x00000000eb900000| Untracked 
| 186|0x00000000eba00000, 0x00000000eba00000, 0x00000000ebb00000|  0%| F|  |TAMS 0x00000000eba00000, 0x00000000eba00000| Untracked 
| 187|0x00000000ebb00000, 0x00000000ebb00000, 0x00000000ebc00000|  0%| F|  |TAMS 0x00000000ebb00000, 0x00000000ebb00000| Untracked 
| 188|0x00000000ebc00000, 0x00000000ebc00000, 0x00000000ebd00000|  0%| F|  |TAMS 0x00000000ebc00000, 0x00000000ebc00000| Untracked 
| 189|0x00000000ebd00000, 0x00000000ebd00000, 0x00000000ebe00000|  0%| F|  |TAMS 0x00000000ebd00000, 0x00000000ebd00000| Untracked 
| 190|0x00000000ebe00000, 0x00000000ebe00000, 0x00000000ebf00000|  0%| F|  |TAMS 0x00000000ebe00000, 0x00000000ebe00000| Untracked 
| 191|0x00000000ebf00000, 0x00000000ebf00000, 0x00000000ec000000|  0%| F|  |TAMS 0x00000000ebf00000, 0x00000000ebf00000| Untracked 
| 192|0x00000000ec000000, 0x00000000ec000000, 0x00000000ec100000|  0%| F|  |TAMS 0x00000000ec000000, 0x00000000ec000000| Untracked 
| 193|0x00000000ec100000, 0x00000000ec100000, 0x00000000ec200000|  0%| F|  |TAMS 0x00000000ec100000, 0x00000000ec100000| Untracked 
| 194|0x00000000ec200000, 0x00000000ec200000, 0x00000000ec300000|  0%| F|  |TAMS 0x00000000ec200000, 0x00000000ec200000| Untracked 
| 195|0x00000000ec300000, 0x00000000ec300000, 0x00000000ec400000|  0%| F|  |TAMS 0x00000000ec300000, 0x00000000ec300000| Untracked 
| 196|0x00000000ec400000, 0x00000000ec400000, 0x00000000ec500000|  0%| F|  |TAMS 0x00000000ec400000, 0x00000000ec400000| Untracked 
| 197|0x00000000ec500000, 0x00000000ec500000, 0x00000000ec600000|  0%| F|  |TAMS 0x00000000ec500000, 0x00000000ec500000| Untracked 
| 198|0x00000000ec600000, 0x00000000ec600000, 0x00000000ec700000|  0%| F|  |TAMS 0x00000000ec600000, 0x00000000ec600000| Untracked 
| 199|0x00000000ec700000, 0x00000000ec700000, 0x00000000ec800000|  0%| F|  |TAMS 0x00000000ec700000, 0x00000000ec700000| Untracked 
| 200|0x00000000ec800000, 0x00000000ec800000, 0x00000000ec900000|  0%| F|  |TAMS 0x00000000ec800000, 0x00000000ec800000| Untracked 
| 201|0x00000000ec900000, 0x00000000ec900000, 0x00000000eca00000|  0%| F|  |TAMS 0x00000000ec900000, 0x00000000ec900000| Untracked 
| 202|0x00000000eca00000, 0x00000000eca00000, 0x00000000ecb00000|  0%| F|  |TAMS 0x00000000eca00000, 0x00000000eca00000| Untracked 
| 203|0x00000000ecb00000, 0x00000000ecb00000, 0x00000000ecc00000|  0%| F|  |TAMS 0x00000000ecb00000, 0x00000000ecb00000| Untracked 
| 204|0x00000000ecc00000, 0x00000000ecc00000, 0x00000000ecd00000|  0%| F|  |TAMS 0x00000000ecc00000, 0x00000000ecc00000| Untracked 
| 205|0x00000000ecd00000, 0x00000000ecd00000, 0x00000000ece00000|  0%| F|  |TAMS 0x00000000ecd00000, 0x00000000ecd00000| Untracked 
| 206|0x00000000ece00000, 0x00000000ece00000, 0x00000000ecf00000|  0%| F|  |TAMS 0x00000000ece00000, 0x00000000ece00000| Untracked 
| 207|0x00000000ecf00000, 0x00000000ecf00000, 0x00000000ed000000|  0%| F|  |TAMS 0x00000000ecf00000, 0x00000000ecf00000| Untracked 
| 208|0x00000000ed000000, 0x00000000ed000000, 0x00000000ed100000|  0%| F|  |TAMS 0x00000000ed000000, 0x00000000ed000000| Untracked 
| 209|0x00000000ed100000, 0x00000000ed100000, 0x00000000ed200000|  0%| F|  |TAMS 0x00000000ed100000, 0x00000000ed100000| Untracked 
| 210|0x00000000ed200000, 0x00000000ed200000, 0x00000000ed300000|  0%| F|  |TAMS 0x00000000ed200000, 0x00000000ed200000| Untracked 
| 211|0x00000000ed300000, 0x00000000ed300000, 0x00000000ed400000|  0%| F|  |TAMS 0x00000000ed300000, 0x00000000ed300000| Untracked 
| 212|0x00000000ed400000, 0x00000000ed400000, 0x00000000ed500000|  0%| F|  |TAMS 0x00000000ed400000, 0x00000000ed400000| Untracked 
| 213|0x00000000ed500000, 0x00000000ed500000, 0x00000000ed600000|  0%| F|  |TAMS 0x00000000ed500000, 0x00000000ed500000| Untracked 
| 214|0x00000000ed600000, 0x00000000ed600000, 0x00000000ed700000|  0%| F|  |TAMS 0x00000000ed600000, 0x00000000ed600000| Untracked 
| 215|0x00000000ed700000, 0x00000000ed700000, 0x00000000ed800000|  0%| F|  |TAMS 0x00000000ed700000, 0x00000000ed700000| Untracked 
| 216|0x00000000ed800000, 0x00000000ed800000, 0x00000000ed900000|  0%| F|  |TAMS 0x00000000ed800000, 0x00000000ed800000| Untracked 
| 217|0x00000000ed900000, 0x00000000ed900000, 0x00000000eda00000|  0%| F|  |TAMS 0x00000000ed900000, 0x00000000ed900000| Untracked 
| 218|0x00000000eda00000, 0x00000000eda00000, 0x00000000edb00000|  0%| F|  |TAMS 0x00000000eda00000, 0x00000000eda00000| Untracked 
| 219|0x00000000edb00000, 0x00000000edb00000, 0x00000000edc00000|  0%| F|  |TAMS 0x00000000edb00000, 0x00000000edb00000| Untracked 
| 220|0x00000000edc00000, 0x00000000edc00000, 0x00000000edd00000|  0%| F|  |TAMS 0x00000000edc00000, 0x00000000edc00000| Untracked 
| 221|0x00000000edd00000, 0x00000000edd00000, 0x00000000ede00000|  0%| F|  |TAMS 0x00000000edd00000, 0x00000000edd00000| Untracked 
| 222|0x00000000ede00000, 0x00000000ede00000, 0x00000000edf00000|  0%| F|  |TAMS 0x00000000ede00000, 0x00000000ede00000| Untracked 
| 223|0x00000000edf00000, 0x00000000edf00000, 0x00000000ee000000|  0%| F|  |TAMS 0x00000000edf00000, 0x00000000edf00000| Untracked 
| 224|0x00000000ee000000, 0x00000000ee080800, 0x00000000ee100000| 50%| E|  |TAMS 0x00000000ee000000, 0x00000000ee000000| Complete 
| 225|0x00000000ee100000, 0x00000000ee200000, 0x00000000ee200000|100%| E|CS|TAMS 0x00000000ee100000, 0x00000000ee100000| Complete 
| 226|0x00000000ee200000, 0x00000000ee300000, 0x00000000ee300000|100%| E|CS|TAMS 0x00000000ee200000, 0x00000000ee200000| Complete 
| 227|0x00000000ee300000, 0x00000000ee400000, 0x00000000ee400000|100%| E|CS|TAMS 0x00000000ee300000, 0x00000000ee300000| Complete 
| 228|0x00000000ee400000, 0x00000000ee500000, 0x00000000ee500000|100%| E|CS|TAMS 0x00000000ee400000, 0x00000000ee400000| Complete 
| 229|0x00000000ee500000, 0x00000000ee600000, 0x00000000ee600000|100%| E|CS|TAMS 0x00000000ee500000, 0x00000000ee500000| Complete 
| 230|0x00000000ee600000, 0x00000000ee700000, 0x00000000ee700000|100%| E|CS|TAMS 0x00000000ee600000, 0x00000000ee600000| Complete 
| 231|0x00000000ee700000, 0x00000000ee800000, 0x00000000ee800000|100%| E|CS|TAMS 0x00000000ee700000, 0x00000000ee700000| Complete 
| 232|0x00000000ee800000, 0x00000000ee900000, 0x00000000ee900000|100%| E|CS|TAMS 0x00000000ee800000, 0x00000000ee800000| Complete 
| 233|0x00000000ee900000, 0x00000000eea00000, 0x00000000eea00000|100%| E|CS|TAMS 0x00000000ee900000, 0x00000000ee900000| Complete 
| 234|0x00000000eea00000, 0x00000000eeb00000, 0x00000000eeb00000|100%| E|CS|TAMS 0x00000000eea00000, 0x00000000eea00000| Complete 
| 235|0x00000000eeb00000, 0x00000000eec00000, 0x00000000eec00000|100%| E|CS|TAMS 0x00000000eeb00000, 0x00000000eeb00000| Complete 
| 236|0x00000000eec00000, 0x00000000eed00000, 0x00000000eed00000|100%| E|CS|TAMS 0x00000000eec00000, 0x00000000eec00000| Complete 
| 237|0x00000000eed00000, 0x00000000eee00000, 0x00000000eee00000|100%| E|CS|TAMS 0x00000000eed00000, 0x00000000eed00000| Complete 
| 238|0x00000000eee00000, 0x00000000eef00000, 0x00000000eef00000|100%| E|CS|TAMS 0x00000000eee00000, 0x00000000eee00000| Complete 
| 239|0x00000000eef00000, 0x00000000ef000000, 0x00000000ef000000|100%| E|CS|TAMS 0x00000000eef00000, 0x00000000eef00000| Complete 
| 240|0x00000000ef000000, 0x00000000ef100000, 0x00000000ef100000|100%| E|CS|TAMS 0x00000000ef000000, 0x00000000ef000000| Complete 
| 241|0x00000000ef100000, 0x00000000ef200000, 0x00000000ef200000|100%| E|CS|TAMS 0x00000000ef100000, 0x00000000ef100000| Complete 
| 242|0x00000000ef200000, 0x00000000ef300000, 0x00000000ef300000|100%| E|CS|TAMS 0x00000000ef200000, 0x00000000ef200000| Complete 
| 243|0x00000000ef300000, 0x00000000ef400000, 0x00000000ef400000|100%| E|CS|TAMS 0x00000000ef300000, 0x00000000ef300000| Complete 
| 244|0x00000000ef400000, 0x00000000ef500000, 0x00000000ef500000|100%| E|CS|TAMS 0x00000000ef400000, 0x00000000ef400000| Complete 
| 245|0x00000000ef500000, 0x00000000ef600000, 0x00000000ef600000|100%| E|CS|TAMS 0x00000000ef500000, 0x00000000ef500000| Complete 
| 246|0x00000000ef600000, 0x00000000ef6eb2d0, 0x00000000ef700000| 91%| S|CS|TAMS 0x00000000ef600000, 0x00000000ef600000| Complete 
| 247|0x00000000ef700000, 0x00000000ef800000, 0x00000000ef800000|100%| E|CS|TAMS 0x00000000ef700000, 0x00000000ef700000| Complete 
| 248|0x00000000ef800000, 0x00000000ef900000, 0x00000000ef900000|100%| E|CS|TAMS 0x00000000ef800000, 0x00000000ef800000| Complete 
| 249|0x00000000ef900000, 0x00000000efa00000, 0x00000000efa00000|100%| E|CS|TAMS 0x00000000ef900000, 0x00000000ef900000| Complete 
| 250|0x00000000efa00000, 0x00000000efb00000, 0x00000000efb00000|100%| E|CS|TAMS 0x00000000efa00000, 0x00000000efa00000| Complete 
| 251|0x00000000efb00000, 0x00000000efc00000, 0x00000000efc00000|100%| E|CS|TAMS 0x00000000efb00000, 0x00000000efb00000| Complete 
| 252|0x00000000efc00000, 0x00000000efd00000, 0x00000000efd00000|100%| E|CS|TAMS 0x00000000efc00000, 0x00000000efc00000| Complete 
| 253|0x00000000efd00000, 0x00000000efe00000, 0x00000000efe00000|100%| E|CS|TAMS 0x00000000efd00000, 0x00000000efd00000| Complete 
| 254|0x00000000efe00000, 0x00000000eff00000, 0x00000000eff00000|100%| E|CS|TAMS 0x00000000efe00000, 0x00000000efe00000| Complete 
| 255|0x00000000eff00000, 0x00000000f0000000, 0x00000000f0000000|100%| E|CS|TAMS 0x00000000eff00000, 0x00000000eff00000| Complete 

Card table byte_map: [0x0000018b38210000,0x0000018b38310000] _byte_map_base: 0x0000018b37b10000

Marking Bits (Prev, Next): (CMBitMap*) 0x0000018b1f425c90, (CMBitMap*) 0x0000018b1f425cd0
 Prev Bits: [0x0000018b38410000, 0x0000018b38c10000)
 Next Bits: [0x0000018b38c10000, 0x0000018b39410000)

Polling page: 0x0000018b1f4c0000

Metaspace:

Usage:
  Non-class:     39.03 MB used.
      Class:      6.40 MB used.
       Both:     45.43 MB used.

Virtual space:
  Non-class space:       40.00 MB reserved,      39.25 MB ( 98%) committed,  5 nodes.
      Class space:      308.00 MB reserved,       6.62 MB (  2%) committed,  1 nodes.
             Both:      348.00 MB reserved,      45.88 MB ( 13%) committed. 

Chunk freelists:
   Non-Class:  476.00 KB
       Class:  1.25 MB
        Both:  1.71 MB

MaxMetaspaceSize: 384.00 MB
CompressedClassSpaceSize: 308.00 MB
Initial GC threshold: 21.00 MB
Current GC threshold: 58.69 MB
CDS: on
MetaspaceReclaimPolicy: balanced
 - commit_granule_bytes: 65536.
 - commit_granule_words: 8192.
 - virtual_space_node_default_size: 1048576.
 - enlarge_chunks_in_place: 1.
 - new_chunks_are_fully_committed: 0.
 - uncommit_free_chunks: 1.
 - use_allocation_guard: 0.
 - handle_deallocations: 1.


Internal statistics:

num_allocs_failed_limit: 6.
num_arena_births: 508.
num_arena_deaths: 0.
num_vsnodes_births: 6.
num_vsnodes_deaths: 0.
num_space_committed: 734.
num_space_uncommitted: 0.
num_chunks_returned_to_freelist: 6.
num_chunks_taken_from_freelist: 2283.
num_chunk_merges: 6.
num_chunk_splits: 1535.
num_chunks_enlarged: 1059.
num_purges: 0.
num_inconsistent_stats: 0.

CodeHeap 'non-profiled nmethods': size=120000Kb used=3051Kb max_used=3205Kb free=116948Kb
 bounds [0x0000018b30180000, 0x0000018b304b0000, 0x0000018b376b0000]
CodeHeap 'profiled nmethods': size=120000Kb used=9775Kb max_used=10675Kb free=110225Kb
 bounds [0x0000018b28c50000, 0x0000018b296e0000, 0x0000018b30180000]
CodeHeap 'non-nmethods': size=5760Kb used=2330Kb max_used=2399Kb free=3429Kb
 bounds [0x0000018b286b0000, 0x0000018b28920000, 0x0000018b28c50000]
 total_blobs=5861 nmethods=5028 adapters=745
 compilation: enabled
              stopped_count=0, restarted_count=0
 full_count=0

Compilation events (20 events):
Event: 701.961 Thread 0x0000018b3be6df70 nmethod 5860 0x0000018b28d08890 code [0x0000018b28d08a40, 0x0000018b28d08d38]
Event: 701.961 Thread 0x0000018b3be6df70 5861       3       com.google.common.cache.LocalCache$Segment::enqueueNotification (67 bytes)
Event: 701.962 Thread 0x0000018b3be6df70 nmethod 5861 0x0000018b28ca5390 code [0x0000018b28ca5560, 0x0000018b28ca59b8]
Event: 702.211 Thread 0x0000018b3be6df70 5862       3       com.google.common.collect.LinkedHashMultimap$ValueSet::rehashIfNecessary (88 bytes)
Event: 702.212 Thread 0x0000018b3be6df70 nmethod 5862 0x0000018b28ca4810 code [0x0000018b28ca4a20, 0x0000018b28ca5178]
Event: 702.269 Thread 0x0000018b3be6df70 5863       3       groovy.lang.MetaClassImpl::copyNonPrivateFields (100 bytes)
Event: 702.272 Thread 0x0000018b3be6df70 nmethod 5863 0x0000018b28d81f10 code [0x0000018b28d82180, 0x0000018b28d82fb8]
Event: 702.352 Thread 0x0000018b3be6df70 5864       3       org.codehaus.groovy.reflection.stdclasses.CachedSAMClass$$Lambda$471/0x0000000801000fa0::run (8 bytes)
Event: 702.353 Thread 0x0000018b3be6df70 nmethod 5864 0x0000018b28d08410 code [0x0000018b28d085c0, 0x0000018b28d08708]
Event: 702.358 Thread 0x0000018b3be6d580 5865       4       java.lang.Class::privateGetDeclaredMethods (64 bytes)
Event: 702.376 Thread 0x0000018b3be6d580 nmethod 5865 0x0000018b3039bf10 code [0x0000018b3039c0e0, 0x0000018b3039c858]
Event: 702.379 Thread 0x0000018b3be6df70 5866       3       java.util.stream.SpinedBuffer::ensureCapacity (138 bytes)
Event: 702.380 Thread 0x0000018b3be6df70 nmethod 5866 0x0000018b290eb190 code [0x0000018b290eb3e0, 0x0000018b290ec348]
Event: 702.381 Thread 0x0000018b3be6d580 5867       4       java.util.stream.SpinedBuffer::accept (94 bytes)
Event: 702.388 Thread 0x0000018b3be6d580 nmethod 5867 0x0000018b3039b710 code [0x0000018b3039b8c0, 0x0000018b3039bcb8]
Event: 702.410 Thread 0x0000018b3be6d580 5868       4       org.codehaus.groovy.reflection.CachedMethod::isStatic (8 bytes)
Event: 702.411 Thread 0x0000018b3be6d580 nmethod 5868 0x0000018b3039b410 code [0x0000018b3039b580, 0x0000018b3039b618]
Event: 702.413 Thread 0x0000018b3be6d580 5869       4       java.lang.PublicMethods::merge (81 bytes)
Event: 702.436 Thread 0x0000018b3be6df70 5870       3       java.util.TimSort::binarySort (223 bytes)
Event: 702.438 Thread 0x0000018b3be6df70 nmethod 5870 0x0000018b28ceb590 code [0x0000018b28ceb7a0, 0x0000018b28cec2b8]

GC Heap History (12 events):
Event: 6.172 GC heap before
{Heap before GC invocations=0 (full 0):
 garbage-first heap   total 262144K, used 26624K [0x00000000e0000000, 0x0000000100000000)
  region size 1024K, 23 young (23552K), 0 survivors (0K)
 Metaspace       used 3047K, committed 3200K, reserved 323584K
  class space    used 390K, committed 448K, reserved 315392K
}
Event: 6.457 GC heap after
{Heap after GC invocations=1 (full 0):
 garbage-first heap   total 262144K, used 10727K [0x00000000e0000000, 0x0000000100000000)
  region size 1024K, 3 young (3072K), 3 survivors (3072K)
 Metaspace       used 3047K, committed 3200K, reserved 323584K
  class space    used 390K, committed 448K, reserved 315392K
}
Event: 15.287 GC heap before
{Heap before GC invocations=1 (full 0):
 garbage-first heap   total 262144K, used 37351K [0x00000000e0000000, 0x0000000100000000)
  region size 1024K, 29 young (29696K), 3 survivors (3072K)
 Metaspace       used 4036K, committed 4224K, reserved 323584K
  class space    used 496K, committed 576K, reserved 315392K
}
Event: 15.291 GC heap after
{Heap after GC invocations=2 (full 0):
 garbage-first heap   total 262144K, used 11916K [0x00000000e0000000, 0x0000000100000000)
  region size 1024K, 1 young (1024K), 1 survivors (1024K)
 Metaspace       used 4036K, committed 4224K, reserved 323584K
  class space    used 496K, committed 576K, reserved 315392K
}
Event: 46.373 GC heap before
{Heap before GC invocations=2 (full 0):
 garbage-first heap   total 262144K, used 132748K [0x00000000e0000000, 0x0000000100000000)
  region size 1024K, 119 young (121856K), 1 survivors (1024K)
 Metaspace       used 21266K, committed 21504K, reserved 339968K
  class space    used 3122K, committed 3264K, reserved 315392K
}
Event: 46.410 GC heap after
{Heap after GC invocations=3 (full 0):
 garbage-first heap   total 262144K, used 22685K [0x00000000e0000000, 0x0000000100000000)
  region size 1024K, 12 young (12288K), 12 survivors (12288K)
 Metaspace       used 21266K, committed 21504K, reserved 339968K
  class space    used 3122K, committed 3264K, reserved 315392K
}
Event: 398.972 GC heap before
{Heap before GC invocations=4 (full 0):
 garbage-first heap   total 262144K, used 159901K [0x00000000e0000000, 0x0000000100000000)
  region size 1024K, 143 young (146432K), 12 survivors (12288K)
 Metaspace       used 35637K, committed 35968K, reserved 348160K
  class space    used 4936K, committed 5120K, reserved 315392K
}
Event: 399.287 GC heap after
{Heap after GC invocations=5 (full 0):
 garbage-first heap   total 262144K, used 32137K [0x00000000e0000000, 0x0000000100000000)
  region size 1024K, 10 young (10240K), 10 survivors (10240K)
 Metaspace       used 35637K, committed 35968K, reserved 348160K
  class space    used 4936K, committed 5120K, reserved 315392K
}
Event: 654.930 GC heap before
{Heap before GC invocations=6 (full 0):
 garbage-first heap   total 262144K, used 117129K [0x00000000e0000000, 0x0000000100000000)
  region size 1024K, 92 young (94208K), 10 survivors (10240K)
 Metaspace       used 43134K, committed 43584K, reserved 356352K
  class space    used 5995K, committed 6208K, reserved 315392K
}
Event: 655.725 GC heap after
{Heap after GC invocations=7 (full 0):
 garbage-first heap   total 262144K, used 34525K [0x00000000e0000000, 0x0000000100000000)
  region size 1024K, 4 young (4096K), 4 survivors (4096K)
 Metaspace       used 43134K, committed 43584K, reserved 356352K
  class space    used 5995K, committed 6208K, reserved 315392K
}
Event: 684.328 GC heap before
{Heap before GC invocations=7 (full 0):
 garbage-first heap   total 262144K, used 43741K [0x00000000e0000000, 0x0000000100000000)
  region size 1024K, 13 young (13312K), 4 survivors (4096K)
 Metaspace       used 44008K, committed 44544K, reserved 356352K
  class space    used 6154K, committed 6400K, reserved 315392K
}
Event: 684.352 GC heap after
{Heap after GC invocations=8 (full 0):
 garbage-first heap   total 262144K, used 35474K [0x00000000e0000000, 0x0000000100000000)
  region size 1024K, 1 young (1024K), 1 survivors (1024K)
 Metaspace       used 44008K, committed 44544K, reserved 356352K
  class space    used 6154K, committed 6400K, reserved 315392K
}

Deoptimization events (20 events):
Event: 692.322 Thread 0x0000018b3c84f040 Uncommon trap: trap_request=0xffffff76 fr.pc=0x0000018b3038494c relative=0x00000000000001ac
Event: 692.322 Thread 0x0000018b3c84f040 Uncommon trap: reason=predicate action=maybe_recompile pc=0x0000018b3038494c method=sun.instrument.TransformerManager.transform(Ljava/lang/Module;Ljava/lang/ClassLoader;Ljava/lang/String;Ljava/lang/Class;Ljava/security/ProtectionDomain;[B)[B @ 21 c2
Event: 692.322 Thread 0x0000018b3c84f040 DEOPT PACKING pc=0x0000018b3038494c sp=0x0000005e4f3f63e0
Event: 692.322 Thread 0x0000018b3c84f040 DEOPT UNPACKING pc=0x0000018b28705c23 sp=0x0000005e4f3f6388 mode 2
Event: 694.492 Thread 0x0000018b3c84f040 DEOPT PACKING pc=0x0000018b28d318bd sp=0x0000005e4f3f7b40
Event: 694.492 Thread 0x0000018b3c84f040 DEOPT UNPACKING pc=0x0000018b28706763 sp=0x0000005e4f3f6fc8 mode 0
Event: 694.602 Thread 0x0000018b3c84f040 DEOPT PACKING pc=0x0000018b290c17dc sp=0x0000005e4f3f7990
Event: 694.602 Thread 0x0000018b3c84f040 DEOPT UNPACKING pc=0x0000018b28706763 sp=0x0000005e4f3f6f10 mode 0
Event: 701.788 Thread 0x0000018b3d457190 Uncommon trap: trap_request=0xffffffbe fr.pc=0x0000018b3039e31c relative=0x00000000000002dc
Event: 701.788 Thread 0x0000018b3d457190 Uncommon trap: reason=profile_predicate action=maybe_recompile pc=0x0000018b3039e31c method=sun.instrument.TransformerManager.transform(Ljava/lang/Module;Ljava/lang/ClassLoader;Ljava/lang/String;Ljava/lang/Class;Ljava/security/ProtectionDomain;[B)[B @ 21 
Event: 701.788 Thread 0x0000018b3d457190 DEOPT PACKING pc=0x0000018b3039e31c sp=0x0000005e517fbee0
Event: 701.788 Thread 0x0000018b3d457190 DEOPT UNPACKING pc=0x0000018b28705c23 sp=0x0000005e517fbdf0 mode 2
Event: 701.791 Thread 0x0000018b3d457190 Uncommon trap: trap_request=0xffffffbe fr.pc=0x0000018b3039e31c relative=0x00000000000002dc
Event: 701.791 Thread 0x0000018b3d457190 Uncommon trap: reason=profile_predicate action=maybe_recompile pc=0x0000018b3039e31c method=sun.instrument.TransformerManager.transform(Ljava/lang/Module;Ljava/lang/ClassLoader;Ljava/lang/String;Ljava/lang/Class;Ljava/security/ProtectionDomain;[B)[B @ 21 
Event: 701.791 Thread 0x0000018b3d457190 DEOPT PACKING pc=0x0000018b3039e31c sp=0x0000005e517fb560
Event: 701.791 Thread 0x0000018b3d457190 DEOPT UNPACKING pc=0x0000018b28705c23 sp=0x0000005e517fb470 mode 2
Event: 702.177 Thread 0x0000018b3c84f040 Uncommon trap: trap_request=0xffffffbe fr.pc=0x0000018b3039e31c relative=0x00000000000002dc
Event: 702.177 Thread 0x0000018b3c84f040 Uncommon trap: reason=profile_predicate action=maybe_recompile pc=0x0000018b3039e31c method=sun.instrument.TransformerManager.transform(Ljava/lang/Module;Ljava/lang/ClassLoader;Ljava/lang/String;Ljava/lang/Class;Ljava/security/ProtectionDomain;[B)[B @ 21 
Event: 702.177 Thread 0x0000018b3c84f040 DEOPT PACKING pc=0x0000018b3039e31c sp=0x0000005e4f3f8680
Event: 702.177 Thread 0x0000018b3c84f040 DEOPT UNPACKING pc=0x0000018b28705c23 sp=0x0000005e4f3f8590 mode 2

Classes unloaded (0 events):
No events

Classes redefined (0 events):
No events

Internal exceptions (20 events):
Event: 503.380 Thread 0x0000018b3c84f040 Exception <a 'java/lang/NoSuchMethodError'{0x00000000ec7cc188}: 'java.lang.Object java.lang.invoke.DirectMethodHandle$Holder.invokeStatic(java.lang.Object, java.lang.Object, java.lang.Object, java.lang.Object, java.lang.Object, java.lang.Object, java.lang.Object, java.lang.Object, java.lang.Object, java.lang.Object, java.lang.Object, java.lang.Object, java.lang.Object, java.lang.Object, java.lang.Object, java.lang.Object, java.lang.Object, java.lang.Object, java.lang.Object, java.lang.Object, java.lang.Obj
Event: 503.400 Thread 0x0000018b3c84f040 Exception <a 'java/lang/NoSuchMethodError'{0x00000000ec7f9c20}: 'java.lang.Object java.lang.invoke.DirectMethodHandle$Holder.invokeStatic(java.lang.Object, java.lang.Object, java.lang.Object, java.lang.Object, java.lang.Object, java.lang.Object, java.lang.Object, java.lang.Object, java.lang.Object, java.lang.Object, java.lang.Object, java.lang.Object, java.lang.Object, java.lang.Object, java.lang.Object, java.lang.Object, java.lang.Object, java.lang.Object, java.lang.Object, java.lang.Object, java.lang.Obj
Event: 503.419 Thread 0x0000018b3c84f040 Exception <a 'java/lang/NoSuchMethodError'{0x00000000ec6284e8}: 'java.lang.Object java.lang.invoke.DirectMethodHandle$Holder.invokeStatic(java.lang.Object, java.lang.Object, java.lang.Object, java.lang.Object, java.lang.Object, java.lang.Object, java.lang.Object, java.lang.Object, java.lang.Object, java.lang.Object, java.lang.Object, java.lang.Object, java.lang.Object, java.lang.Object, java.lang.Object, java.lang.Object, java.lang.Object, java.lang.Object, java.lang.Object, java.lang.Object, java.lang.Obj
Event: 503.468 Thread 0x0000018b3c84f040 Exception <a 'java/lang/NoSuchMethodError'{0x00000000ec6585b8}: 'java.lang.Object java.lang.invoke.DirectMethodHandle$Holder.invokeStatic(java.lang.Object, java.lang.Object, java.lang.Object, java.lang.Object, java.lang.Object, java.lang.Object, java.lang.Object, java.lang.Object, java.lang.Object, java.lang.Object, java.lang.Object, java.lang.Object, java.lang.Object, java.lang.Object, java.lang.Object, java.lang.Object, java.lang.Object, java.lang.Object, java.lang.Object, java.lang.Object, java.lang.Obj
Event: 503.482 Thread 0x0000018b3c84f040 Exception <a 'java/lang/NoSuchMethodError'{0x00000000ec68a4b8}: 'java.lang.Object java.lang.invoke.DirectMethodHandle$Holder.invokeStatic(java.lang.Object, java.lang.Object, java.lang.Object, java.lang.Object, java.lang.Object, java.lang.Object, java.lang.Object, java.lang.Object, java.lang.Object, java.lang.Object, java.lang.Object, java.lang.Object, java.lang.Object, java.lang.Object, java.lang.Object, java.lang.Object, java.lang.Object, java.lang.Object, java.lang.Object, java.lang.Object, java.lang.Obj
Event: 658.870 Thread 0x0000018b3c84f040 Exception <a 'java/lang/NoSuchMethodError'{0x00000000efd909e8}: 'java.lang.Object java.lang.invoke.DirectMethodHandle$Holder.newInvokeSpecial(java.lang.Object, java.lang.Object, java.lang.Object, java.lang.Object, int)'> (0x00000000efd909e8) 
thrown [d:\a\1\s\lookaside\java-17-openjdk\src\hotspot\share\interpreter\linkResolver.cpp, line 766]
Event: 658.928 Thread 0x0000018b3c84f040 Exception <a 'java/lang/NoSuchMethodError'{0x00000000efd96090}: 'java.lang.Object java.lang.invoke.DirectMethodHandle$Holder.invokeSpecial(java.lang.Object, java.lang.Object, java.lang.Object, java.lang.Object, java.lang.Object, int)'> (0x00000000efd96090) 
thrown [d:\a\1\s\lookaside\java-17-openjdk\src\hotspot\share\interpreter\linkResolver.cpp, line 766]
Event: 658.930 Thread 0x0000018b3c84f040 Exception <a 'java/lang/NoSuchMethodError'{0x00000000efd9b070}: 'java.lang.Object java.lang.invoke.Invokers$Holder.linkToTargetMethod(java.lang.Object, java.lang.Object, java.lang.Object, int, java.lang.Object)'> (0x00000000efd9b070) 
thrown [d:\a\1\s\lookaside\java-17-openjdk\src\hotspot\share\interpreter\linkResolver.cpp, line 766]
Event: 694.877 Thread 0x0000018b3c84f040 Exception <a 'java/lang/ClassNotFoundException'{0x00000000ee9131f0}: sun/misc/SharedSecrets> (0x00000000ee9131f0) 
thrown [d:\a\1\s\lookaside\java-17-openjdk\src\hotspot\share\classfile\systemDictionary.cpp, line 256]
Event: 694.895 Thread 0x0000018b3c84f040 Exception <a 'java/lang/NoClassDefFoundError'{0x00000000ee914510}: org/jetbrains/kotlin/gradle/plugin/KotlinPluginWrapper> (0x00000000ee914510) 
thrown [d:\a\1\s\lookaside\java-17-openjdk\src\hotspot\share\classfile\systemDictionary.cpp, line 245]
Event: 694.895 Thread 0x0000018b3c84f040 Exception <a 'java/lang/NoClassDefFoundError'{0x00000000ee91a8b0}: org/graalvm/buildtools/gradle/NativeImagePlugin> (0x00000000ee91a8b0) 
thrown [d:\a\1\s\lookaside\java-17-openjdk\src\hotspot\share\classfile\systemDictionary.cpp, line 245]
Event: 695.301 Thread 0x0000018b3c84f040 Exception <a 'java/lang/ClassNotFoundException'{0x00000000ee8e7598}: io/spring/gradle/dependencymanagement/internal/dsl/StandardDependencyManagementExtensionBeanInfo> (0x00000000ee8e7598) 
thrown [d:\a\1\s\lookaside\java-17-openjdk\src\hotspot\share\classfile\systemDictionary.cpp, line 256]
Event: 695.301 Thread 0x0000018b3c84f040 Exception <a 'java/lang/ClassNotFoundException'{0x00000000ee8f06d8}: io/spring/gradle/dependencymanagement/internal/dsl/StandardDependencyManagementExtensionCustomizer> (0x00000000ee8f06d8) 
thrown [d:\a\1\s\lookaside\java-17-openjdk\src\hotspot\share\classfile\systemDictionary.cpp, line 256]
Event: 696.908 Thread 0x0000018b3c84f040 Exception <a 'java/lang/ClassNotFoundException'{0x00000000ee49a598}: io/spring/gradle/dependencymanagement/internal/dsl/StandardImportsHandlerBeanInfo> (0x00000000ee49a598) 
thrown [d:\a\1\s\lookaside\java-17-openjdk\src\hotspot\share\classfile\systemDictionary.cpp, line 256]
Event: 697.008 Thread 0x0000018b3c84f040 Exception <a 'java/lang/ClassNotFoundException'{0x00000000ee4a4830}: io/spring/gradle/dependencymanagement/internal/dsl/StandardImportsHandlerCustomizer> (0x00000000ee4a4830) 
thrown [d:\a\1\s\lookaside\java-17-openjdk\src\hotspot\share\classfile\systemDictionary.cpp, line 256]
Event: 702.259 Thread 0x0000018b3c84f040 Exception <a 'java/lang/ClassNotFoundException'{0x00000000ee37efb8}: build_3rd3cj9pep34ogxup0fgd7q7uBeanInfo> (0x00000000ee37efb8) 
thrown [d:\a\1\s\lookaside\java-17-openjdk\src\hotspot\share\classfile\systemDictionary.cpp, line 256]
Event: 702.263 Thread 0x0000018b3c84f040 Exception <a 'java/lang/ClassNotFoundException'{0x00000000ee385870}: build_3rd3cj9pep34ogxup0fgd7q7uCustomizer> (0x00000000ee385870) 
thrown [d:\a\1\s\lookaside\java-17-openjdk\src\hotspot\share\classfile\systemDictionary.cpp, line 256]
Event: 702.427 Thread 0x0000018b3c84f040 Exception <a 'java/lang/ClassNotFoundException'{0x00000000ee2ea1c0}: org/gradle/api/internal/project/DefaultProject_DecoratedBeanInfo> (0x00000000ee2ea1c0) 
thrown [d:\a\1\s\lookaside\java-17-openjdk\src\hotspot\share\classfile\systemDictionary.cpp, line 256]
Event: 702.429 Thread 0x0000018b3c84f040 Exception <a 'java/lang/ClassNotFoundException'{0x00000000ee2fbc48}: org/gradle/api/internal/project/DefaultProjectBeanInfo> (0x00000000ee2fbc48) 
thrown [d:\a\1\s\lookaside\java-17-openjdk\src\hotspot\share\classfile\systemDictionary.cpp, line 256]
Event: 702.433 Thread 0x0000018b3c84f040 Exception <a 'java/lang/ClassNotFoundException'{0x00000000ee10dbf8}: org/gradle/api/internal/project/DefaultProjectCustomizer> (0x00000000ee10dbf8) 
thrown [d:\a\1\s\lookaside\java-17-openjdk\src\hotspot\share\classfile\systemDictionary.cpp, line 256]

VM Operations (20 events):
Event: 689.446 Executing VM operation: Cleanup
Event: 689.446 Executing VM operation: Cleanup done
Event: 690.455 Executing VM operation: Cleanup
Event: 690.471 Executing VM operation: Cleanup done
Event: 691.478 Executing VM operation: Cleanup
Event: 691.510 Executing VM operation: Cleanup done
Event: 692.512 Executing VM operation: Cleanup
Event: 692.543 Executing VM operation: Cleanup done
Event: 693.554 Executing VM operation: Cleanup
Event: 693.586 Executing VM operation: Cleanup done
Event: 694.597 Executing VM operation: Cleanup
Event: 694.628 Executing VM operation: Cleanup done
Event: 695.640 Executing VM operation: Cleanup
Event: 695.655 Executing VM operation: Cleanup done
Event: 696.670 Executing VM operation: Cleanup
Event: 696.718 Executing VM operation: Cleanup done
Event: 697.727 Executing VM operation: Cleanup
Event: 697.727 Executing VM operation: Cleanup done
Event: 700.759 Executing VM operation: Cleanup
Event: 700.759 Executing VM operation: Cleanup done

Events (20 events):
Event: 676.216 loading class com/sun/org/apache/xerces/internal/utils/XMLSecurityManager done
Event: 676.216 loading class com/sun/org/apache/xerces/internal/utils/XMLSecurityManager$Limit
Event: 676.216 loading class com/sun/org/apache/xerces/internal/utils/XMLSecurityManager$Limit done
Event: 676.217 loading class com/sun/org/apache/xerces/internal/utils/XMLSecurityManager$NameMap
Event: 676.217 loading class com/sun/org/apache/xerces/internal/utils/XMLSecurityManager$NameMap done
Event: 676.217 loading class com/sun/org/apache/xerces/internal/utils/XMLSecurityPropertyManager
Event: 676.225 loading class com/sun/org/apache/xerces/internal/utils/XMLSecurityPropertyManager done
Event: 676.226 loading class com/sun/org/apache/xerces/internal/utils/XMLSecurityPropertyManager$State
Event: 676.228 loading class com/sun/org/apache/xerces/internal/utils/XMLSecurityPropertyManager$State done
Event: 676.228 loading class com/sun/org/apache/xerces/internal/utils/XMLSecurityPropertyManager$Property
Event: 676.230 loading class com/sun/org/apache/xerces/internal/utils/XMLSecurityPropertyManager$Property done
Event: 684.173 loading class java/util/regex/Pattern$SliceI
Event: 684.176 loading class java/util/regex/Pattern$SliceI done
Event: 686.474 Thread 0x0000018b3d457190 Thread added: 0x0000018b3d457190
Event: 686.651 loading class java/lang/Byte$ByteCache
Event: 686.652 loading class java/lang/Byte$ByteCache done
Event: 694.877 loading class sun/misc/SharedSecrets
Event: 694.877 loading class sun/misc/SharedSecrets done
Event: 702.447 loading class sun/reflect/generics/tree/BooleanSignature
Event: 702.447 loading class sun/reflect/generics/tree/BooleanSignature done


Dynamic libraries:
0x00007ff68e240000 - 0x00007ff68e261000 	C:\Program Files\ojdkbuild\java-17-openjdk-17.0.3.0.6-1\bin\java.exe
0x00007ffd86fd0000 - 0x00007ffd871e6000 	C:\WINDOWS\SYSTEM32\ntdll.dll
0x00007ffd86560000 - 0x00007ffd86624000 	C:\WINDOWS\System32\KERNEL32.DLL
0x00007ffd84540000 - 0x00007ffd848e6000 	C:\WINDOWS\System32\KERNELBASE.dll
0x00007ffd848f0000 - 0x00007ffd84a01000 	C:\WINDOWS\System32\ucrtbase.dll
0x00007ffd70860000 - 0x00007ffd70878000 	C:\Program Files\ojdkbuild\java-17-openjdk-17.0.3.0.6-1\bin\jli.dll
0x00007ffd853c0000 - 0x00007ffd8556d000 	C:\WINDOWS\System32\USER32.dll
0x00007ffd84cf0000 - 0x00007ffd84d16000 	C:\WINDOWS\System32\win32u.dll
0x00007ffd86f60000 - 0x00007ffd86f89000 	C:\WINDOWS\System32\GDI32.dll
0x00007ffd84b30000 - 0x00007ffd84c48000 	C:\WINDOWS\System32\gdi32full.dll
0x00007ffd84c50000 - 0x00007ffd84cea000 	C:\WINDOWS\System32\msvcp_win.dll
0x00007ffd6ec30000 - 0x00007ffd6ec4b000 	C:\Program Files\ojdkbuild\java-17-openjdk-17.0.3.0.6-1\bin\VCRUNTIME140.dll
0x00007ffd83600000 - 0x00007ffd83893000 	C:\WINDOWS\WinSxS\amd64_microsoft.windows.common-controls_6595b64144ccf1df_6.0.22621.3235_none_270f74e173860f98\COMCTL32.dll
0x00007ffd85580000 - 0x00007ffd85627000 	C:\WINDOWS\System32\msvcrt.dll
0x00007ffd86dc0000 - 0x00007ffd86df1000 	C:\WINDOWS\System32\IMM32.DLL
0x00007ffd79660000 - 0x00007ffd7966c000 	C:\Program Files\ojdkbuild\java-17-openjdk-17.0.3.0.6-1\bin\vcruntime140_1.dll
0x00007ffd50910000 - 0x00007ffd5099d000 	C:\Program Files\ojdkbuild\java-17-openjdk-17.0.3.0.6-1\bin\msvcp140.dll
0x00007ffd400c0000 - 0x00007ffd40d1f000 	C:\Program Files\ojdkbuild\java-17-openjdk-17.0.3.0.6-1\bin\server\jvm.dll
0x00007ffd84ed0000 - 0x00007ffd84f82000 	C:\WINDOWS\System32\ADVAPI32.dll
0x00007ffd84d20000 - 0x00007ffd84dc8000 	C:\WINDOWS\System32\sechost.dll
0x00007ffd84a10000 - 0x00007ffd84a38000 	C:\WINDOWS\System32\bcrypt.dll
0x00007ffd851c0000 - 0x00007ffd852d5000 	C:\WINDOWS\System32\RPCRT4.dll
0x00007ffd86880000 - 0x00007ffd86888000 	C:\WINDOWS\System32\PSAPI.DLL
0x00007ffd6ec50000 - 0x00007ffd6ec59000 	C:\WINDOWS\SYSTEM32\WSOCK32.dll
0x00007ffd85090000 - 0x00007ffd85101000 	C:\WINDOWS\System32\WS2_32.dll
0x00007ffd7b950000 - 0x00007ffd7b984000 	C:\WINDOWS\SYSTEM32\WINMM.dll
0x00007ffd81e70000 - 0x00007ffd81e7a000 	C:\WINDOWS\SYSTEM32\VERSION.dll
0x00007ffd82440000 - 0x00007ffd82458000 	C:\WINDOWS\SYSTEM32\kernel.appcore.dll
0x00007ffd70850000 - 0x00007ffd7085a000 	C:\Program Files\ojdkbuild\java-17-openjdk-17.0.3.0.6-1\bin\jimage.dll
0x00007ffd83b90000 - 0x00007ffd83dc3000 	C:\WINDOWS\SYSTEM32\DBGHELP.DLL
0x00007ffd86890000 - 0x00007ffd86c18000 	C:\WINDOWS\System32\combase.dll
0x00007ffd852e0000 - 0x00007ffd853b7000 	C:\WINDOWS\System32\OLEAUT32.dll
0x00007ffd83a80000 - 0x00007ffd83ab2000 	C:\WINDOWS\SYSTEM32\dbgcore.DLL
0x00007ffd84ab0000 - 0x00007ffd84b2a000 	C:\WINDOWS\System32\bcryptPrimitives.dll
0x00007ffd6ddf0000 - 0x00007ffd6ddfe000 	C:\Program Files\ojdkbuild\java-17-openjdk-17.0.3.0.6-1\bin\instrument.dll
0x00007ffd61ee0000 - 0x00007ffd61f05000 	C:\Program Files\ojdkbuild\java-17-openjdk-17.0.3.0.6-1\bin\java.dll
0x00007ffd4b8b0000 - 0x00007ffd4b987000 	C:\Program Files\ojdkbuild\java-17-openjdk-17.0.3.0.6-1\bin\jsvml.dll
0x00007ffd85ce0000 - 0x00007ffd8653d000 	C:\WINDOWS\System32\SHELL32.dll
0x00007ffd81350000 - 0x00007ffd81c48000 	C:\WINDOWS\SYSTEM32\windows.storage.dll
0x00007ffd81210000 - 0x00007ffd8134e000 	C:\WINDOWS\SYSTEM32\wintypes.dll
0x00007ffd84f90000 - 0x00007ffd85083000 	C:\WINDOWS\System32\SHCORE.dll
0x00007ffd86680000 - 0x00007ffd866de000 	C:\WINDOWS\System32\shlwapi.dll
0x00007ffd84240000 - 0x00007ffd84266000 	C:\WINDOWS\SYSTEM32\profapi.dll
0x00007ffd6baf0000 - 0x00007ffd6bb08000 	C:\Program Files\ojdkbuild\java-17-openjdk-17.0.3.0.6-1\bin\zip.dll
0x00007ffd6e820000 - 0x00007ffd6e839000 	C:\Program Files\ojdkbuild\java-17-openjdk-17.0.3.0.6-1\bin\net.dll
0x00007ffd7dbb0000 - 0x00007ffd7dce7000 	C:\WINDOWS\SYSTEM32\WINHTTP.dll
0x00007ffd82970000 - 0x00007ffd829d9000 	C:\WINDOWS\system32\mswsock.dll
0x00007ffd6cc50000 - 0x00007ffd6cc66000 	C:\Program Files\ojdkbuild\java-17-openjdk-17.0.3.0.6-1\bin\nio.dll
0x00007ffd702f0000 - 0x00007ffd70300000 	C:\Program Files\ojdkbuild\java-17-openjdk-17.0.3.0.6-1\bin\verify.dll
0x00007ffd62690000 - 0x00007ffd626b7000 	C:\Users\pc\.gradle\native\c067742578af261105cb4f569cf0c3c89f3d7b1fecec35dd04571415982c5e48\windows-amd64\native-platform.dll
0x00007ffd47a40000 - 0x00007ffd47b84000 	C:\Users\pc\.gradle\native\38dada09dfb8b06ba9b0570ebf7e218e3eb74d4ef43ca46872605cf95ebc2f47\windows-amd64\native-platform-file-events.dll
0x00007ffd6ebf0000 - 0x00007ffd6ebf9000 	C:\Program Files\ojdkbuild\java-17-openjdk-17.0.3.0.6-1\bin\management.dll
0x00007ffd6eb90000 - 0x00007ffd6eb9b000 	C:\Program Files\ojdkbuild\java-17-openjdk-17.0.3.0.6-1\bin\management_ext.dll
0x00007ffd83ec0000 - 0x00007ffd83edb000 	C:\WINDOWS\SYSTEM32\CRYPTSP.dll
0x00007ffd823a0000 - 0x00007ffd823d5000 	C:\WINDOWS\system32\rsaenh.dll
0x00007ffd83320000 - 0x00007ffd8334c000 	C:\WINDOWS\SYSTEM32\USERENV.dll
0x00007ffd83350000 - 0x00007ffd8335c000 	C:\WINDOWS\SYSTEM32\CRYPTBASE.dll
0x00007ffd81ec0000 - 0x00007ffd81eed000 	C:\WINDOWS\SYSTEM32\IPHLPAPI.DLL
0x00007ffd85630000 - 0x00007ffd85639000 	C:\WINDOWS\System32\NSI.dll
0x00007ffd7cd00000 - 0x00007ffd7cd19000 	C:\WINDOWS\SYSTEM32\dhcpcsvc6.DLL
0x00007ffd7cce0000 - 0x00007ffd7ccff000 	C:\WINDOWS\SYSTEM32\dhcpcsvc.DLL
0x00007ffd81f30000 - 0x00007ffd82029000 	C:\WINDOWS\SYSTEM32\DNSAPI.dll
0x00007ffd705a0000 - 0x00007ffd705ad000 	C:\Program Files\ojdkbuild\java-17-openjdk-17.0.3.0.6-1\bin\sunmscapi.dll
0x00007ffd84310000 - 0x00007ffd84476000 	C:\WINDOWS\System32\CRYPT32.dll
0x00007ffd834e0000 - 0x00007ffd8350e000 	C:\WINDOWS\SYSTEM32\ncrypt.dll
0x00007ffd834a0000 - 0x00007ffd834d7000 	C:\WINDOWS\SYSTEM32\NTASN1.dll
0x00007ffd6e030000 - 0x00007ffd6e038000 	C:\WINDOWS\system32\wshunix.dll

dbghelp: loaded successfully - version: 4.0.5 - missing functions: none
symbol engine: initialized successfully - sym options: 0x614 - pdb path: .;C:\Program Files\ojdkbuild\java-17-openjdk-17.0.3.0.6-1\bin;C:\WINDOWS\SYSTEM32;C:\WINDOWS\WinSxS\amd64_microsoft.windows.common-controls_6595b64144ccf1df_6.0.22621.3235_none_270f74e173860f98;C:\Program Files\ojdkbuild\java-17-openjdk-17.0.3.0.6-1\bin\server;C:\Users\pc\.gradle\native\c067742578af261105cb4f569cf0c3c89f3d7b1fecec35dd04571415982c5e48\windows-amd64;C:\Users\pc\.gradle\native\38dada09dfb8b06ba9b0570ebf7e218e3eb74d4ef43ca46872605cf95ebc2f47\windows-amd64

VM Arguments:
jvm_args: --add-opens=java.base/java.util=ALL-UNNAMED --add-opens=java.base/java.lang=ALL-UNNAMED --add-opens=java.base/java.lang.invoke=ALL-UNNAMED --add-opens=java.prefs/java.util.prefs=ALL-UNNAMED --add-opens=java.base/java.nio.charset=ALL-UNNAMED --add-opens=java.base/java.net=ALL-UNNAMED --add-opens=java.base/java.util.concurrent.atomic=ALL-UNNAMED -XX:MaxMetaspaceSize=384m -XX:+HeapDumpOnOutOfMemoryError -Xms256m -Xmx512m -Dfile.encoding=UTF-8 -Duser.country=KR -Duser.language=ko -Duser.variant -javaagent:C:\Users\pc\.gradle\wrapper\dists\gradle-8.5-bin\5t9huq95ubn472n8rpzujfbqh\gradle-8.5\lib\agents\gradle-instrumentation-agent-8.5.jar 
java_command: org.gradle.launcher.daemon.bootstrap.GradleDaemon 8.5
java_class_path (initial): C:\Users\pc\.gradle\wrapper\dists\gradle-8.5-bin\5t9huq95ubn472n8rpzujfbqh\gradle-8.5\lib\gradle-launcher-8.5.jar
Launcher Type: SUN_STANDARD

[Global flags]
     intx CICompilerCount                          = 4                                         {product} {ergonomic}
   size_t CompressedClassSpaceSize                 = 322961408                                 {product} {ergonomic}
     uint ConcGCThreads                            = 2                                         {product} {ergonomic}
     uint G1ConcRefinementThreads                  = 8                                         {product} {ergonomic}
   size_t G1HeapRegionSize                         = 1048576                                   {product} {ergonomic}
    uintx GCDrainStackTargetSize                   = 64                                        {product} {ergonomic}
     bool HeapDumpOnOutOfMemoryError               = true                                   {manageable} {command line}
   size_t InitialHeapSize                          = 268435456                                 {product} {command line}
   size_t MarkStackSize                            = 4194304                                   {product} {ergonomic}
   size_t MaxHeapSize                              = 536870912                                 {product} {command line}
   size_t MaxMetaspaceSize                         = 402653184                                 {product} {command line}
   size_t MaxNewSize                               = 321912832                                 {product} {ergonomic}
   size_t MinHeapDeltaBytes                        = 1048576                                   {product} {ergonomic}
   size_t MinHeapSize                              = 268435456                                 {product} {command line}
    uintx NonNMethodCodeHeapSize                   = 5839372                                {pd product} {ergonomic}
    uintx NonProfiledCodeHeapSize                  = 122909434                              {pd product} {ergonomic}
    uintx ProfiledCodeHeapSize                     = 122909434                              {pd product} {ergonomic}
    uintx ReservedCodeCacheSize                    = 251658240                              {pd product} {ergonomic}
     bool SegmentedCodeCache                       = true                                      {product} {ergonomic}
   size_t SoftMaxHeapSize                          = 536870912                              {manageable} {ergonomic}
     bool UseCompressedClassPointers               = true                           {product lp64_product} {ergonomic}
     bool UseCompressedOops                        = true                           {product lp64_product} {ergonomic}
     bool UseG1GC                                  = true                                      {product} {ergonomic}
     bool UseLargePagesIndividualAllocation        = false                                  {pd product} {ergonomic}

Logging:
Log output configuration:
 #0: stdout all=warning uptime,level,tags
 #1: stderr all=off uptime,level,tags

Environment Variables:
JAVA_HOME=C:\Program Files\ojdkbuild\java-17-openjdk-17.0.3.0.6-1
PATH=C:\Program Files\ARX-3.8.0\bin;C:\WINDOWS\system32;C:\WINDOWS;C:\WINDOWS\System32\Wbem;C:\WINDOWS\System32\WindowsPowerShell\v1.0\;C:\WINDOWS\System32\OpenSSH\;C:\Program Files\ojdkbuild\java-17-openjdk-17.0.3.0.6-1\bin;C:\Program Files (x86)\PowerShell\7\;C:\Users\pc\Desktop\Grad\sqlite-tools-win32-x86-3430100;C:\Program Files\Git\cmd;C:\Users\pc\AppData\Local\Programs\Python\Python310\Scripts;C:\Program Files\PowerShell\7\;C:\Program Files\PowerShell\7-preview\preview;C:\Program Files\nodejs\;C:\Users\pc\AppData\Local\Programs\Python\Python310\Scripts\;C:\Users\pc\AppData\Local\Programs\Python\Python310\;C:\Users\pc\AppData\Local\Programs\Python\Python38-32\Scripts\;C:\Users\pc\AppData\Local\Programs\Python\Python38-32\;C:\Users\pc\AppData\Local\Microsoft\WindowsApps;C:\Program Files\Bandizip\;C:\Program Files\ojdkbuild\java-17-openjdk-17.0.3.0.6-1\bin;C:\Program Files\JetBrains\PyCharm Community Edition 2021.2.1\bin;;C:\Users\pc\Desktop\modelsim_ase\win32aloem;C:\Users\pc\AppData\Local\Programs\Microsoft VS Code\bin;C:\Program Files\JetBrains\IntelliJ IDEA 2023.1.2\bin;;C:\Users\pc\AppData\Local\GitHubDesktop\bin;C:\Users\pc\AppData\Roaming\npm
USERNAME=pc
OS=Windows_NT
PROCESSOR_IDENTIFIER=Intel64 Family 6 Model 126 Stepping 5, GenuineIntel



---------------  S Y S T E M  ---------------

OS:
 Windows 11 , 64 bit Build 22621 (10.0.22621.3235)
OS uptime: 10 days 6:31 hours

CPU: total 8 (initial active 8) (4 cores per cpu, 2 threads per core) family 6 model 126 stepping 5 microcode 0x86, cx8, cmov, fxsr, ht, mmx, 3dnowpref, sse, sse2, sse3, ssse3, sse4.1, sse4.2, popcnt, lzcnt, tsc, tscinvbit, avx, avx2, aes, erms, clmul, bmi1, bmi2, adx, avx512f, avx512dq, avx512cd, avx512bw, avx512vl, sha, fma, vzeroupper, avx512_vpopcntdq, avx512_vpclmulqdq, avx512_vaes, avx512_vnni, clflush, clflushopt, avx512_vbmi2, avx512_vbmi

Memory: 4k page, system-wide physical 7926M (287M free)
TotalPageFile size 32502M (AvailPageFile size 0M)
current process WorkingSet (physical memory assigned to process): 141M, peak: 203M
current process commit charge ("private bytes"): 447M, peak: 471M

vm_info: OpenJDK 64-Bit Server VM (17.0.3+6-LTS) for windows-amd64 JRE (17.0.3+6-LTS), built on May  3 2022 21:26:56 by "" with MS VC++ 16.10 / 16.11 (VS2019)

END.
