#
# There is insufficient memory for the Java Runtime Environment to continue.
# Native memory allocation (malloc) failed to allocate 32744 bytes for ChunkPool::allocate
# Possible reasons:
#   The system is out of physical RAM or swap space
#   The process is running with CompressedOops enabled, and the Java Heap may be blocking the growth of the native heap
# Possible solutions:
#   Reduce memory load on the system
#   Increase physical memory or swap space
#   Check if swap backing store is full
#   Decrease Java heap size (-Xmx/-Xms)
#   Decrease number of Java threads
#   Decrease Java thread stack sizes (-Xss)
#   Set larger code cache with -XX:ReservedCodeCacheSize=
#   JVM is running with Unscaled Compressed Oops mode in which the Java heap is
#     placed in the first 4GB address space. The Java Heap base address is the
#     maximum limit for the native heap growth. Please use -XX:HeapBaseMinAddress
#     to set the Java Heap base and to place the Java Heap above 4GB virtual address.
# This output file may be truncated or incomplete.
#
#  Out of Memory Error (arena.cpp:78), pid=19328, tid=1680
#
# JRE version: OpenJDK Runtime Environment 21.9 (17.0.3+6) (build 17.0.3+6-LTS)
# Java VM: OpenJDK 64-Bit Server VM 21.9 (17.0.3+6-LTS, mixed mode, sharing, tiered, compressed oops, compressed class ptrs, g1 gc, windows-amd64)
# No core dump will be written. Minidumps are not enabled by default on client versions of Windows
#

---------------  S U M M A R Y ------------

Command Line: --add-opens=java.base/java.util=ALL-UNNAMED --add-opens=java.base/java.lang=ALL-UNNAMED --add-opens=java.base/java.lang.invoke=ALL-UNNAMED --add-opens=java.prefs/java.util.prefs=ALL-UNNAMED --add-opens=java.base/java.nio.charset=ALL-UNNAMED --add-opens=java.base/java.net=ALL-UNNAMED --add-opens=java.base/java.util.concurrent.atomic=ALL-UNNAMED -XX:MaxMetaspaceSize=384m -XX:+HeapDumpOnOutOfMemoryError -Xms256m -Xmx512m -Dfile.encoding=UTF-8 -Duser.country=KR -Duser.language=ko -Duser.variant -javaagent:C:\Users\pc\.gradle\wrapper\dists\gradle-8.5-bin\5t9huq95ubn472n8rpzujfbqh\gradle-8.5\lib\agents\gradle-instrumentation-agent-8.5.jar org.gradle.launcher.daemon.bootstrap.GradleDaemon 8.5

Host: Intel(R) Core(TM) i7-1065G7 CPU @ 1.30GHz, 8 cores, 7G,  Windows 11 , 64 bit Build 22621 (10.0.22621.3235)
Time: Sun Mar 24 13:51:45 2024  Windows 11 , 64 bit Build 22621 (10.0.22621.3235) elapsed time: 488.763342 seconds (0d 0h 8m 8s)

---------------  T H R E A D  ---------------

Current thread (0x0000018329e33e30):  JavaThread "C1 CompilerThread0" daemon [_thread_in_native, id=1680, stack(0x0000000c25d00000,0x0000000c25e00000)]


Current CompileTask:
C1: 488764 4651       3       java.lang.reflect.ProxyGenerator::checkReturnTypes (281 bytes)

Stack: [0x0000000c25d00000,0x0000000c25e00000]
Native frames: (J=compiled Java code, j=interpreted, Vv=VM code, C=native code)
V  [jvm.dll+0x67720a]
V  [jvm.dll+0x832514]
V  [jvm.dll+0x833cbe]
V  [jvm.dll+0x834323]
V  [jvm.dll+0x245815]
V  [jvm.dll+0xac160]
V  [jvm.dll+0xac4ac]
V  [jvm.dll+0x175e13]
V  [jvm.dll+0x175ede]
V  [jvm.dll+0x178827]
V  [jvm.dll+0x17a871]
V  [jvm.dll+0x134a03]
V  [jvm.dll+0x1342ff]
V  [jvm.dll+0x134536]
V  [jvm.dll+0x1339ca]
V  [jvm.dll+0x135691]
V  [jvm.dll+0x227508]
V  [jvm.dll+0x22565c]
V  [jvm.dll+0x7e7d5c]
V  [jvm.dll+0x7e230a]
V  [jvm.dll+0x676095]
C  [ucrtbase.dll+0x29363]
C  [KERNEL32.DLL+0x1257d]
C  [ntdll.dll+0x5aa58]


---------------  P R O C E S S  ---------------

Threads class SMR info:
_java_thread_list=0x000001832ca06c30, length=41, elements={
0x000001830f2fa160, 0x0000018329e0b1b0, 0x0000018329e0bd60, 0x0000018329e2c290,
0x0000018329e2d160, 0x0000018329e2dd10, 0x0000018329e307d0, 0x0000018329e32d80,
0x0000018329e33e30, 0x000001832a820450, 0x000001832a8b2d70, 0x000001832a9341e0,
0x000001832bf24150, 0x000001832c3dc090, 0x000001832b3b4970, 0x000001832bf53c60,
0x000001832aac2a50, 0x000001832b3bc3f0, 0x000001832aac5fc0, 0x000001832a9600e0,
0x000001832a802c20, 0x000001832a8000d0, 0x000001832a8005a0, 0x000001832a802750,
0x000001832a8030f0, 0x000001832a802280, 0x000001832a8035c0, 0x000001832a803a90,
0x000001832c0cab60, 0x000001832c0cc840, 0x000001832c0c9cf0, 0x000001832c0c8010,
0x000001832c0c6cd0, 0x000001832c0c4ff0, 0x000001832c0c7b40, 0x000001832c0c5e60,
0x000001832c0c7670, 0x000001832c0cc370, 0x000001832c0c89b0, 0x000001832c0c54c0,
0x000001832c0c84e0
}

Java Threads: ( => current thread )
  0x000001830f2fa160 JavaThread "main" [_thread_blocked, id=8320, stack(0x0000000c24f00000,0x0000000c25000000)]
  0x0000018329e0b1b0 JavaThread "Reference Handler" daemon [_thread_blocked, id=15756, stack(0x0000000c25600000,0x0000000c25700000)]
  0x0000018329e0bd60 JavaThread "Finalizer" daemon [_thread_blocked, id=24080, stack(0x0000000c25700000,0x0000000c25800000)]
  0x0000018329e2c290 JavaThread "Signal Dispatcher" daemon [_thread_blocked, id=33764, stack(0x0000000c25800000,0x0000000c25900000)]
  0x0000018329e2d160 JavaThread "Attach Listener" daemon [_thread_blocked, id=34712, stack(0x0000000c25900000,0x0000000c25a00000)]
  0x0000018329e2dd10 JavaThread "Service Thread" daemon [_thread_blocked, id=41828, stack(0x0000000c25a00000,0x0000000c25b00000)]
  0x0000018329e307d0 JavaThread "Monitor Deflation Thread" daemon [_thread_blocked, id=40264, stack(0x0000000c25b00000,0x0000000c25c00000)]
  0x0000018329e32d80 JavaThread "C2 CompilerThread0" daemon [_thread_in_native, id=40732, stack(0x0000000c25c00000,0x0000000c25d00000)]
=>0x0000018329e33e30 JavaThread "C1 CompilerThread0" daemon [_thread_in_native, id=1680, stack(0x0000000c25d00000,0x0000000c25e00000)]
  0x000001832a820450 JavaThread "Sweeper thread" daemon [_thread_blocked, id=27716, stack(0x0000000c25e00000,0x0000000c25f00000)]
  0x000001832a8b2d70 JavaThread "Common-Cleaner" daemon [_thread_blocked, id=6956, stack(0x0000000c25f00000,0x0000000c26000000)]
  0x000001832a9341e0 JavaThread "Notification Thread" daemon [_thread_blocked, id=20476, stack(0x0000000c26000000,0x0000000c26100000)]
  0x000001832bf24150 JavaThread "Daemon health stats" [_thread_blocked, id=11768, stack(0x0000000c26700000,0x0000000c26800000)]
  0x000001832c3dc090 JavaThread "Incoming local TCP Connector on port 29950" [_thread_in_native, id=25872, stack(0x0000000c26800000,0x0000000c26900000)]
  0x000001832b3b4970 JavaThread "Daemon periodic checks" [_thread_blocked, id=23336, stack(0x0000000c26900000,0x0000000c26a00000)]
  0x000001832bf53c60 JavaThread "Daemon" [_thread_blocked, id=41684, stack(0x0000000c26a00000,0x0000000c26b00000)]
  0x000001832aac2a50 JavaThread "Handler for socket connection from /127.0.0.1:29950 to /127.0.0.1:29957" [_thread_in_native, id=28612, stack(0x0000000c26b00000,0x0000000c26c00000)]
  0x000001832b3bc3f0 JavaThread "Cancel handler" [_thread_blocked, id=40136, stack(0x0000000c26c00000,0x0000000c26d00000)]
  0x000001832aac5fc0 JavaThread "Daemon worker" [_thread_in_Java, id=35672, stack(0x0000000c26d00000,0x0000000c26e00000)]
  0x000001832a9600e0 JavaThread "Asynchronous log dispatcher for DefaultDaemonConnection: socket connection from /127.0.0.1:29950 to /127.0.0.1:29957" [_thread_blocked, id=30632, stack(0x0000000c26e00000,0x0000000c26f00000)]
  0x000001832a802c20 JavaThread "Stdin handler" [_thread_blocked, id=23996, stack(0x0000000c26f00000,0x0000000c27000000)]
  0x000001832a8000d0 JavaThread "Daemon client event forwarder" [_thread_blocked, id=32064, stack(0x0000000c27000000,0x0000000c27100000)]
  0x000001832a8005a0 JavaThread "Cache worker for journal cache (C:\Users\pc\.gradle\caches\journal-1)" [_thread_blocked, id=18856, stack(0x0000000c27100000,0x0000000c27200000)]
  0x000001832a802750 JavaThread "File lock request listener" [_thread_in_native, id=16220, stack(0x0000000c27200000,0x0000000c27300000)]
  0x000001832a8030f0 JavaThread "Cache worker for file hash cache (C:\Users\pc\.gradle\caches\8.5\fileHashes)" [_thread_blocked, id=28976, stack(0x0000000c27600000,0x0000000c27700000)]
  0x000001832a802280 JavaThread "File watcher server" daemon [_thread_in_native, id=32320, stack(0x0000000c24e00000,0x0000000c24f00000)]
  0x000001832a8035c0 JavaThread "File watcher consumer" daemon [_thread_blocked, id=7576, stack(0x0000000c27700000,0x0000000c27800000)]
  0x000001832a803a90 JavaThread "Cache worker for checksums cache (C:\Users\pc\Desktop\HW BEYOND SW\Plrecipe\plrecipe_post\.gradle\8.5\checksums)" [_thread_blocked, id=18092, stack(0x0000000c28200000,0x0000000c28300000)]
  0x000001832c0cab60 JavaThread "Cache worker for file hash cache (C:\Users\pc\Desktop\HW BEYOND SW\Plrecipe\plrecipe_post\.gradle\8.5\fileHashes)" [_thread_blocked, id=22216, stack(0x0000000c28300000,0x0000000c28400000)]
  0x000001832c0cc840 JavaThread "Cache worker for cache directory md-supplier (C:\Users\pc\.gradle\caches\8.5\md-supplier)" [_thread_blocked, id=32948, stack(0x0000000c28400000,0x0000000c28500000)]
  0x000001832c0c9cf0 JavaThread "Cache worker for cache directory md-rule (C:\Users\pc\.gradle\caches\8.5\md-rule)" [_thread_blocked, id=33220, stack(0x0000000c28500000,0x0000000c28600000)]
  0x000001832c0c8010 JavaThread "Cache worker for file content cache (C:\Users\pc\.gradle\caches\8.5\fileContent)" [_thread_blocked, id=20112, stack(0x0000000c28600000,0x0000000c28700000)]
  0x000001832c0c6cd0 JavaThread "Cache worker for execution history cache (C:\Users\pc\.gradle\caches\8.5\executionHistory)" [_thread_blocked, id=24824, stack(0x0000000c28700000,0x0000000c28800000)]
  0x000001832c0c4ff0 JavaThread "jar transforms" [_thread_blocked, id=12068, stack(0x0000000c28800000,0x0000000c28900000)]
  0x000001832c0c7b40 JavaThread "jar transforms Thread 2" [_thread_blocked, id=12900, stack(0x0000000c24c00000,0x0000000c24d00000)]
  0x000001832c0c5e60 JavaThread "jar transforms Thread 3" [_thread_blocked, id=4496, stack(0x0000000c28900000,0x0000000c28a00000)]
  0x000001832c0c7670 JavaThread "jar transforms Thread 4" [_thread_blocked, id=21148, stack(0x0000000c28a00000,0x0000000c28b00000)]
  0x000001832c0cc370 JavaThread "jar transforms Thread 5" [_thread_blocked, id=22584, stack(0x0000000c24d00000,0x0000000c24e00000)]
  0x000001832c0c89b0 JavaThread "File lock release action executor Thread 3" [_thread_blocked, id=23664, stack(0x0000000c27300000,0x0000000c27400000)]
  0x000001832c0c54c0 JavaThread "jar transforms Thread 6" [_thread_blocked, id=11372, stack(0x0000000c27400000,0x0000000c27500000)]
  0x000001832c0c84e0 JavaThread "Cache worker for dependencies-accessors (C:\Users\pc\Desktop\HW BEYOND SW\Plrecipe\plrecipe_post\.gradle\8.5\dependencies-accessors)" [_thread_blocked, id=30068, stack(0x0000000c27500000,0x0000000c27600000)]

Other Threads:
  0x0000018329e05fc0 VMThread "VM Thread" [stack: 0x0000000c25500000,0x0000000c25600000] [id=13724]
  0x000001832a98cd70 WatcherThread [stack: 0x0000000c26100000,0x0000000c26200000] [id=27168]
  0x000001830f32be10 GCTaskThread "GC Thread#0" [stack: 0x0000000c25000000,0x0000000c25100000] [id=38284]
  0x000001832b580470 GCTaskThread "GC Thread#1" [stack: 0x0000000c26200000,0x0000000c26300000] [id=39000]
  0x000001832b580720 GCTaskThread "GC Thread#2" [stack: 0x0000000c26300000,0x0000000c26400000] [id=29752]
  0x000001832b2f1160 GCTaskThread "GC Thread#3" [stack: 0x0000000c26400000,0x0000000c26500000] [id=20532]
  0x000001832b2f1410 GCTaskThread "GC Thread#4" [stack: 0x0000000c26500000,0x0000000c26600000] [id=31204]
  0x000001832aa62ae0 GCTaskThread "GC Thread#5" [stack: 0x0000000c26600000,0x0000000c26700000] [id=28092]
  0x000001832ce16dd0 GCTaskThread "GC Thread#6" [stack: 0x0000000c27800000,0x0000000c27900000] [id=41928]
  0x000001832ce17080 GCTaskThread "GC Thread#7" [stack: 0x0000000c27900000,0x0000000c27a00000] [id=4884]
  0x000001830d219fd0 ConcurrentGCThread "G1 Main Marker" [stack: 0x0000000c25100000,0x0000000c25200000] [id=27640]
  0x000001830d21a7f0 ConcurrentGCThread "G1 Conc#0" [stack: 0x0000000c25200000,0x0000000c25300000] [id=39276]
  0x000001832ce18350 ConcurrentGCThread "G1 Conc#1" [stack: 0x0000000c27a00000,0x0000000c27b00000] [id=24844]
  0x000001830f3bdcf0 ConcurrentGCThread "G1 Refine#0" [stack: 0x0000000c25300000,0x0000000c25400000] [id=31080]
  0x000001832b20c050 ConcurrentGCThread "G1 Refine#1" [stack: 0x0000000c27b00000,0x0000000c27c00000] [id=33040]
  0x000001832cd4b030 ConcurrentGCThread "G1 Refine#2" [stack: 0x0000000c27c00000,0x0000000c27d00000] [id=8304]
  0x000001832e0009f0 ConcurrentGCThread "G1 Refine#3" [stack: 0x0000000c27d00000,0x0000000c27e00000] [id=17844]
  0x000001832e000cd0 ConcurrentGCThread "G1 Refine#4" [stack: 0x0000000c27e00000,0x0000000c27f00000] [id=28700]
  0x000001832bd2f040 ConcurrentGCThread "G1 Refine#5" [stack: 0x0000000c27f00000,0x0000000c28000000] [id=24260]
  0x000001832bf89e30 ConcurrentGCThread "G1 Refine#6" [stack: 0x0000000c28000000,0x0000000c28100000] [id=24392]
  0x000001832bf89b50 ConcurrentGCThread "G1 Refine#7" [stack: 0x0000000c28100000,0x0000000c28200000] [id=39388]
  0x000001830f3be710 ConcurrentGCThread "G1 Service" [stack: 0x0000000c25400000,0x0000000c25500000] [id=12964]

Threads with active compile tasks:
C2 CompilerThread0   488896 4658       4       org.gradle.internal.reflect.PropertyAccessorType::isStatic (8 bytes)
C1 CompilerThread0   488897 4651       3       java.lang.reflect.ProxyGenerator::checkReturnTypes (281 bytes)

VM state: not at safepoint (normal execution)

VM Mutex/Monitor currently owned by a thread: None

Heap address: 0x00000000e0000000, size: 512 MB, Compressed Oops mode: 32-bit

CDS archive(s) mapped at: [0x0000000800000000-0x0000000800bc0000-0x0000000800bc0000), size 12320768, SharedBaseAddress: 0x0000000800000000, ArchiveRelocationMode: 0.
Compressed class space mapped at: 0x0000000800c00000-0x0000000814000000, reserved size: 322961408
Narrow klass base: 0x0000000800000000, Narrow klass shift: 0, Narrow klass range: 0x100000000

GC Precious Log:
 CPUs: 8 total, 8 available
 Memory: 7926M
 Large Page Support: Disabled
 NUMA Support: Disabled
 Compressed Oops: Enabled (32-bit)
 Heap Region Size: 1M
 Heap Min Capacity: 256M
 Heap Initial Capacity: 256M
 Heap Max Capacity: 512M
 Pre-touch: Disabled
 Parallel Workers: 8
 Concurrent Workers: 2
 Concurrent Refinement Workers: 8
 Periodic GC: Disabled

Heap:
 garbage-first heap   total 262144K, used 37880K [0x00000000e0000000, 0x0000000100000000)
  region size 1024K, 7 young (7168K), 1 survivors (1024K)
 Metaspace       used 36352K, committed 36736K, reserved 348160K
  class space    used 5060K, committed 5248K, reserved 315392K

Heap Regions: E=young(eden), S=young(survivor), O=old, HS=humongous(starts), HC=humongous(continues), CS=collection set, F=free, OA=open archive, CA=closed archive, TAMS=top-at-mark-start (previous, next)
|   0|0x00000000e0000000, 0x00000000e0100000, 0x00000000e0100000|100%|HS|  |TAMS 0x00000000e0100000, 0x00000000e0000000| Complete 
|   1|0x00000000e0100000, 0x00000000e0200000, 0x00000000e0200000|100%|HC|  |TAMS 0x00000000e0200000, 0x00000000e0100000| Complete 
|   2|0x00000000e0200000, 0x00000000e0300000, 0x00000000e0300000|100%|HC|  |TAMS 0x00000000e0300000, 0x00000000e0200000| Complete 
|   3|0x00000000e0300000, 0x00000000e0400000, 0x00000000e0400000|100%|HC|  |TAMS 0x00000000e0400000, 0x00000000e0300000| Complete 
|   4|0x00000000e0400000, 0x00000000e0500000, 0x00000000e0500000|100%| O|  |TAMS 0x00000000e0500000, 0x00000000e0400000| Untracked 
|   5|0x00000000e0500000, 0x00000000e0600000, 0x00000000e0600000|100%| O|  |TAMS 0x00000000e0600000, 0x00000000e0500000| Untracked 
|   6|0x00000000e0600000, 0x00000000e0700000, 0x00000000e0700000|100%| O|  |TAMS 0x00000000e0700000, 0x00000000e0600000| Untracked 
|   7|0x00000000e0700000, 0x00000000e0800000, 0x00000000e0800000|100%| O|  |TAMS 0x00000000e0800000, 0x00000000e0700000| Untracked 
|   8|0x00000000e0800000, 0x00000000e0900000, 0x00000000e0900000|100%| O|  |TAMS 0x00000000e0900000, 0x00000000e0800000| Untracked 
|   9|0x00000000e0900000, 0x00000000e0a00000, 0x00000000e0a00000|100%| O|  |TAMS 0x00000000e0a00000, 0x00000000e0900000| Untracked 
|  10|0x00000000e0a00000, 0x00000000e0b00000, 0x00000000e0b00000|100%| O|  |TAMS 0x00000000e0b00000, 0x00000000e0a00000| Untracked 
|  11|0x00000000e0b00000, 0x00000000e0c00000, 0x00000000e0c00000|100%| O|  |TAMS 0x00000000e0c00000, 0x00000000e0b00000| Untracked 
|  12|0x00000000e0c00000, 0x00000000e0d00000, 0x00000000e0d00000|100%| O|  |TAMS 0x00000000e0d00000, 0x00000000e0c00000| Untracked 
|  13|0x00000000e0d00000, 0x00000000e0e00000, 0x00000000e0e00000|100%| O|  |TAMS 0x00000000e0e00000, 0x00000000e0d00000| Untracked 
|  14|0x00000000e0e00000, 0x00000000e0f00000, 0x00000000e0f00000|100%| O|  |TAMS 0x00000000e0f00000, 0x00000000e0e00000| Untracked 
|  15|0x00000000e0f00000, 0x00000000e1000000, 0x00000000e1000000|100%| O|  |TAMS 0x00000000e1000000, 0x00000000e0f00000| Untracked 
|  16|0x00000000e1000000, 0x00000000e1100000, 0x00000000e1100000|100%| O|  |TAMS 0x00000000e1100000, 0x00000000e1000000| Untracked 
|  17|0x00000000e1100000, 0x00000000e1200000, 0x00000000e1200000|100%| O|  |TAMS 0x00000000e1200000, 0x00000000e1100000| Untracked 
|  18|0x00000000e1200000, 0x00000000e1300000, 0x00000000e1300000|100%| O|  |TAMS 0x00000000e1300000, 0x00000000e1200000| Untracked 
|  19|0x00000000e1300000, 0x00000000e1400000, 0x00000000e1400000|100%| O|  |TAMS 0x00000000e1400000, 0x00000000e1300000| Untracked 
|  20|0x00000000e1400000, 0x00000000e1500000, 0x00000000e1500000|100%| O|  |TAMS 0x00000000e1500000, 0x00000000e1400000| Untracked 
|  21|0x00000000e1500000, 0x00000000e1600000, 0x00000000e1600000|100%| O|  |TAMS 0x00000000e1600000, 0x00000000e1500000| Untracked 
|  22|0x00000000e1600000, 0x00000000e1700000, 0x00000000e1700000|100%| O|  |TAMS 0x00000000e1700000, 0x00000000e1600000| Untracked 
|  23|0x00000000e1700000, 0x00000000e1800000, 0x00000000e1800000|100%| O|  |TAMS 0x00000000e1800000, 0x00000000e1700000| Untracked 
|  24|0x00000000e1800000, 0x00000000e1900000, 0x00000000e1900000|100%| O|  |TAMS 0x00000000e1900000, 0x00000000e1800000| Untracked 
|  25|0x00000000e1900000, 0x00000000e1a00000, 0x00000000e1a00000|100%| O|  |TAMS 0x00000000e1a00000, 0x00000000e1900000| Untracked 
|  26|0x00000000e1a00000, 0x00000000e1b00000, 0x00000000e1b00000|100%| O|  |TAMS 0x00000000e1b00000, 0x00000000e1a00000| Untracked 
|  27|0x00000000e1b00000, 0x00000000e1c00000, 0x00000000e1c00000|100%| O|  |TAMS 0x00000000e1c00000, 0x00000000e1b00000| Untracked 
|  28|0x00000000e1c00000, 0x00000000e1d00000, 0x00000000e1d00000|100%| O|  |TAMS 0x00000000e1c76800, 0x00000000e1c00000| Untracked 
|  29|0x00000000e1d00000, 0x00000000e1d0da00, 0x00000000e1e00000|  5%| O|  |TAMS 0x00000000e1d00000, 0x00000000e1d00000| Untracked 
|  30|0x00000000e1e00000, 0x00000000e1e00000, 0x00000000e1f00000|  0%| F|  |TAMS 0x00000000e1e00000, 0x00000000e1e00000| Untracked 
|  31|0x00000000e1f00000, 0x00000000e1f00000, 0x00000000e2000000|  0%| F|  |TAMS 0x00000000e1f00000, 0x00000000e1f00000| Untracked 
|  32|0x00000000e2000000, 0x00000000e2000000, 0x00000000e2100000|  0%| F|  |TAMS 0x00000000e2000000, 0x00000000e2000000| Untracked 
|  33|0x00000000e2100000, 0x00000000e2200000, 0x00000000e2200000|100%| O|  |TAMS 0x00000000e2200000, 0x00000000e2100000| Untracked 
|  34|0x00000000e2200000, 0x00000000e2300000, 0x00000000e2300000|100%| O|  |TAMS 0x00000000e2300000, 0x00000000e2200000| Untracked 
|  35|0x00000000e2300000, 0x00000000e2300000, 0x00000000e2400000|  0%| F|  |TAMS 0x00000000e2300000, 0x00000000e2300000| Untracked 
|  36|0x00000000e2400000, 0x00000000e2400000, 0x00000000e2500000|  0%| F|  |TAMS 0x00000000e2400000, 0x00000000e2400000| Untracked 
|  37|0x00000000e2500000, 0x00000000e2500000, 0x00000000e2600000|  0%| F|  |TAMS 0x00000000e2500000, 0x00000000e2500000| Untracked 
|  38|0x00000000e2600000, 0x00000000e2600000, 0x00000000e2700000|  0%| F|  |TAMS 0x00000000e2600000, 0x00000000e2600000| Untracked 
|  39|0x00000000e2700000, 0x00000000e2700000, 0x00000000e2800000|  0%| F|  |TAMS 0x00000000e2700000, 0x00000000e2700000| Untracked 
|  40|0x00000000e2800000, 0x00000000e2800000, 0x00000000e2900000|  0%| F|  |TAMS 0x00000000e2800000, 0x00000000e2800000| Untracked 
|  41|0x00000000e2900000, 0x00000000e2900000, 0x00000000e2a00000|  0%| F|  |TAMS 0x00000000e2900000, 0x00000000e2900000| Untracked 
|  42|0x00000000e2a00000, 0x00000000e2a00000, 0x00000000e2b00000|  0%| F|  |TAMS 0x00000000e2a00000, 0x00000000e2a00000| Untracked 
|  43|0x00000000e2b00000, 0x00000000e2b00000, 0x00000000e2c00000|  0%| F|  |TAMS 0x00000000e2b00000, 0x00000000e2b00000| Untracked 
|  44|0x00000000e2c00000, 0x00000000e2c00000, 0x00000000e2d00000|  0%| F|  |TAMS 0x00000000e2c00000, 0x00000000e2c00000| Untracked 
|  45|0x00000000e2d00000, 0x00000000e2d00000, 0x00000000e2e00000|  0%| F|  |TAMS 0x00000000e2d00000, 0x00000000e2d00000| Untracked 
|  46|0x00000000e2e00000, 0x00000000e2e00000, 0x00000000e2f00000|  0%| F|  |TAMS 0x00000000e2e00000, 0x00000000e2e00000| Untracked 
|  47|0x00000000e2f00000, 0x00000000e2f00000, 0x00000000e3000000|  0%| F|  |TAMS 0x00000000e2f00000, 0x00000000e2f00000| Untracked 
|  48|0x00000000e3000000, 0x00000000e3000000, 0x00000000e3100000|  0%| F|  |TAMS 0x00000000e3000000, 0x00000000e3000000| Untracked 
|  49|0x00000000e3100000, 0x00000000e3100000, 0x00000000e3200000|  0%| F|  |TAMS 0x00000000e3100000, 0x00000000e3100000| Untracked 
|  50|0x00000000e3200000, 0x00000000e3200000, 0x00000000e3300000|  0%| F|  |TAMS 0x00000000e3200000, 0x00000000e3200000| Untracked 
|  51|0x00000000e3300000, 0x00000000e3300000, 0x00000000e3400000|  0%| F|  |TAMS 0x00000000e3300000, 0x00000000e3300000| Untracked 
|  52|0x00000000e3400000, 0x00000000e3400000, 0x00000000e3500000|  0%| F|  |TAMS 0x00000000e3400000, 0x00000000e3400000| Untracked 
|  53|0x00000000e3500000, 0x00000000e3500000, 0x00000000e3600000|  0%| F|  |TAMS 0x00000000e3500000, 0x00000000e3500000| Untracked 
|  54|0x00000000e3600000, 0x00000000e3600000, 0x00000000e3700000|  0%| F|  |TAMS 0x00000000e3600000, 0x00000000e3600000| Untracked 
|  55|0x00000000e3700000, 0x00000000e3700000, 0x00000000e3800000|  0%| F|  |TAMS 0x00000000e3700000, 0x00000000e3700000| Untracked 
|  56|0x00000000e3800000, 0x00000000e3800000, 0x00000000e3900000|  0%| F|  |TAMS 0x00000000e3800000, 0x00000000e3800000| Untracked 
|  57|0x00000000e3900000, 0x00000000e3900000, 0x00000000e3a00000|  0%| F|  |TAMS 0x00000000e3900000, 0x00000000e3900000| Untracked 
|  58|0x00000000e3a00000, 0x00000000e3a00000, 0x00000000e3b00000|  0%| F|  |TAMS 0x00000000e3a00000, 0x00000000e3a00000| Untracked 
|  59|0x00000000e3b00000, 0x00000000e3b00000, 0x00000000e3c00000|  0%| F|  |TAMS 0x00000000e3b00000, 0x00000000e3b00000| Untracked 
|  60|0x00000000e3c00000, 0x00000000e3c00000, 0x00000000e3d00000|  0%| F|  |TAMS 0x00000000e3c00000, 0x00000000e3c00000| Untracked 
|  61|0x00000000e3d00000, 0x00000000e3d00000, 0x00000000e3e00000|  0%| F|  |TAMS 0x00000000e3d00000, 0x00000000e3d00000| Untracked 
|  62|0x00000000e3e00000, 0x00000000e3e00000, 0x00000000e3f00000|  0%| F|  |TAMS 0x00000000e3e00000, 0x00000000e3e00000| Untracked 
|  63|0x00000000e3f00000, 0x00000000e3f00000, 0x00000000e4000000|  0%| F|  |TAMS 0x00000000e3f00000, 0x00000000e3f00000| Untracked 
|  64|0x00000000e4000000, 0x00000000e4000000, 0x00000000e4100000|  0%| F|  |TAMS 0x00000000e4000000, 0x00000000e4000000| Untracked 
|  65|0x00000000e4100000, 0x00000000e4100000, 0x00000000e4200000|  0%| F|  |TAMS 0x00000000e4100000, 0x00000000e4100000| Untracked 
|  66|0x00000000e4200000, 0x00000000e4200000, 0x00000000e4300000|  0%| F|  |TAMS 0x00000000e4200000, 0x00000000e4200000| Untracked 
|  67|0x00000000e4300000, 0x00000000e4300000, 0x00000000e4400000|  0%| F|  |TAMS 0x00000000e4300000, 0x00000000e4300000| Untracked 
|  68|0x00000000e4400000, 0x00000000e4400000, 0x00000000e4500000|  0%| F|  |TAMS 0x00000000e4400000, 0x00000000e4400000| Untracked 
|  69|0x00000000e4500000, 0x00000000e4500000, 0x00000000e4600000|  0%| F|  |TAMS 0x00000000e4500000, 0x00000000e4500000| Untracked 
|  70|0x00000000e4600000, 0x00000000e4600000, 0x00000000e4700000|  0%| F|  |TAMS 0x00000000e4600000, 0x00000000e4600000| Untracked 
|  71|0x00000000e4700000, 0x00000000e4700000, 0x00000000e4800000|  0%| F|  |TAMS 0x00000000e4700000, 0x00000000e4700000| Untracked 
|  72|0x00000000e4800000, 0x00000000e4800000, 0x00000000e4900000|  0%| F|  |TAMS 0x00000000e4800000, 0x00000000e4800000| Untracked 
|  73|0x00000000e4900000, 0x00000000e4900000, 0x00000000e4a00000|  0%| F|  |TAMS 0x00000000e4900000, 0x00000000e4900000| Untracked 
|  74|0x00000000e4a00000, 0x00000000e4a00000, 0x00000000e4b00000|  0%| F|  |TAMS 0x00000000e4a00000, 0x00000000e4a00000| Untracked 
|  75|0x00000000e4b00000, 0x00000000e4b00000, 0x00000000e4c00000|  0%| F|  |TAMS 0x00000000e4b00000, 0x00000000e4b00000| Untracked 
|  76|0x00000000e4c00000, 0x00000000e4c00000, 0x00000000e4d00000|  0%| F|  |TAMS 0x00000000e4c00000, 0x00000000e4c00000| Untracked 
|  77|0x00000000e4d00000, 0x00000000e4d00000, 0x00000000e4e00000|  0%| F|  |TAMS 0x00000000e4d00000, 0x00000000e4d00000| Untracked 
|  78|0x00000000e4e00000, 0x00000000e4e00000, 0x00000000e4f00000|  0%| F|  |TAMS 0x00000000e4e00000, 0x00000000e4e00000| Untracked 
|  79|0x00000000e4f00000, 0x00000000e4f00000, 0x00000000e5000000|  0%| F|  |TAMS 0x00000000e4f00000, 0x00000000e4f00000| Untracked 
|  80|0x00000000e5000000, 0x00000000e5000000, 0x00000000e5100000|  0%| F|  |TAMS 0x00000000e5000000, 0x00000000e5000000| Untracked 
|  81|0x00000000e5100000, 0x00000000e5100000, 0x00000000e5200000|  0%| F|  |TAMS 0x00000000e5100000, 0x00000000e5100000| Untracked 
|  82|0x00000000e5200000, 0x00000000e5200000, 0x00000000e5300000|  0%| F|  |TAMS 0x00000000e5200000, 0x00000000e5200000| Untracked 
|  83|0x00000000e5300000, 0x00000000e5300000, 0x00000000e5400000|  0%| F|  |TAMS 0x00000000e5300000, 0x00000000e5300000| Untracked 
|  84|0x00000000e5400000, 0x00000000e5400000, 0x00000000e5500000|  0%| F|  |TAMS 0x00000000e5400000, 0x00000000e5400000| Untracked 
|  85|0x00000000e5500000, 0x00000000e5500000, 0x00000000e5600000|  0%| F|  |TAMS 0x00000000e5500000, 0x00000000e5500000| Untracked 
|  86|0x00000000e5600000, 0x00000000e5600000, 0x00000000e5700000|  0%| F|  |TAMS 0x00000000e5600000, 0x00000000e5600000| Untracked 
|  87|0x00000000e5700000, 0x00000000e5700000, 0x00000000e5800000|  0%| F|  |TAMS 0x00000000e5700000, 0x00000000e5700000| Untracked 
|  88|0x00000000e5800000, 0x00000000e5800000, 0x00000000e5900000|  0%| F|  |TAMS 0x00000000e5800000, 0x00000000e5800000| Untracked 
|  89|0x00000000e5900000, 0x00000000e5900000, 0x00000000e5a00000|  0%| F|  |TAMS 0x00000000e5900000, 0x00000000e5900000| Untracked 
|  90|0x00000000e5a00000, 0x00000000e5a00000, 0x00000000e5b00000|  0%| F|  |TAMS 0x00000000e5a00000, 0x00000000e5a00000| Untracked 
|  91|0x00000000e5b00000, 0x00000000e5b00000, 0x00000000e5c00000|  0%| F|  |TAMS 0x00000000e5b00000, 0x00000000e5b00000| Untracked 
|  92|0x00000000e5c00000, 0x00000000e5c00000, 0x00000000e5d00000|  0%| F|  |TAMS 0x00000000e5c00000, 0x00000000e5c00000| Untracked 
|  93|0x00000000e5d00000, 0x00000000e5d00000, 0x00000000e5e00000|  0%| F|  |TAMS 0x00000000e5d00000, 0x00000000e5d00000| Untracked 
|  94|0x00000000e5e00000, 0x00000000e5e00000, 0x00000000e5f00000|  0%| F|  |TAMS 0x00000000e5e00000, 0x00000000e5e00000| Untracked 
|  95|0x00000000e5f00000, 0x00000000e5f00000, 0x00000000e6000000|  0%| F|  |TAMS 0x00000000e5f00000, 0x00000000e5f00000| Untracked 
|  96|0x00000000e6000000, 0x00000000e6000000, 0x00000000e6100000|  0%| F|  |TAMS 0x00000000e6000000, 0x00000000e6000000| Untracked 
|  97|0x00000000e6100000, 0x00000000e6100000, 0x00000000e6200000|  0%| F|  |TAMS 0x00000000e6100000, 0x00000000e6100000| Untracked 
|  98|0x00000000e6200000, 0x00000000e6200000, 0x00000000e6300000|  0%| F|  |TAMS 0x00000000e6200000, 0x00000000e6200000| Untracked 
|  99|0x00000000e6300000, 0x00000000e6300000, 0x00000000e6400000|  0%| F|  |TAMS 0x00000000e6300000, 0x00000000e6300000| Untracked 
| 100|0x00000000e6400000, 0x00000000e6400000, 0x00000000e6500000|  0%| F|  |TAMS 0x00000000e6400000, 0x00000000e6400000| Untracked 
| 101|0x00000000e6500000, 0x00000000e6500000, 0x00000000e6600000|  0%| F|  |TAMS 0x00000000e6500000, 0x00000000e6500000| Untracked 
| 102|0x00000000e6600000, 0x00000000e6600000, 0x00000000e6700000|  0%| F|  |TAMS 0x00000000e6600000, 0x00000000e6600000| Untracked 
| 103|0x00000000e6700000, 0x00000000e6700000, 0x00000000e6800000|  0%| F|  |TAMS 0x00000000e6700000, 0x00000000e6700000| Untracked 
| 104|0x00000000e6800000, 0x00000000e6800000, 0x00000000e6900000|  0%| F|  |TAMS 0x00000000e6800000, 0x00000000e6800000| Untracked 
| 105|0x00000000e6900000, 0x00000000e6900000, 0x00000000e6a00000|  0%| F|  |TAMS 0x00000000e6900000, 0x00000000e6900000| Untracked 
| 106|0x00000000e6a00000, 0x00000000e6a00000, 0x00000000e6b00000|  0%| F|  |TAMS 0x00000000e6a00000, 0x00000000e6a00000| Untracked 
| 107|0x00000000e6b00000, 0x00000000e6b00000, 0x00000000e6c00000|  0%| F|  |TAMS 0x00000000e6b00000, 0x00000000e6b00000| Untracked 
| 108|0x00000000e6c00000, 0x00000000e6c00000, 0x00000000e6d00000|  0%| F|  |TAMS 0x00000000e6c00000, 0x00000000e6c00000| Untracked 
| 109|0x00000000e6d00000, 0x00000000e6d00000, 0x00000000e6e00000|  0%| F|  |TAMS 0x00000000e6d00000, 0x00000000e6d00000| Untracked 
| 110|0x00000000e6e00000, 0x00000000e6e00000, 0x00000000e6f00000|  0%| F|  |TAMS 0x00000000e6e00000, 0x00000000e6e00000| Untracked 
| 111|0x00000000e6f00000, 0x00000000e6f00000, 0x00000000e7000000|  0%| F|  |TAMS 0x00000000e6f00000, 0x00000000e6f00000| Untracked 
| 112|0x00000000e7000000, 0x00000000e7000000, 0x00000000e7100000|  0%| F|  |TAMS 0x00000000e7000000, 0x00000000e7000000| Untracked 
| 113|0x00000000e7100000, 0x00000000e7100000, 0x00000000e7200000|  0%| F|  |TAMS 0x00000000e7100000, 0x00000000e7100000| Untracked 
| 114|0x00000000e7200000, 0x00000000e7200000, 0x00000000e7300000|  0%| F|  |TAMS 0x00000000e7200000, 0x00000000e7200000| Untracked 
| 115|0x00000000e7300000, 0x00000000e7300000, 0x00000000e7400000|  0%| F|  |TAMS 0x00000000e7300000, 0x00000000e7300000| Untracked 
| 116|0x00000000e7400000, 0x00000000e7400000, 0x00000000e7500000|  0%| F|  |TAMS 0x00000000e7400000, 0x00000000e7400000| Untracked 
| 117|0x00000000e7500000, 0x00000000e7500000, 0x00000000e7600000|  0%| F|  |TAMS 0x00000000e7500000, 0x00000000e7500000| Untracked 
| 118|0x00000000e7600000, 0x00000000e7600000, 0x00000000e7700000|  0%| F|  |TAMS 0x00000000e7600000, 0x00000000e7600000| Untracked 
| 119|0x00000000e7700000, 0x00000000e7700000, 0x00000000e7800000|  0%| F|  |TAMS 0x00000000e7700000, 0x00000000e7700000| Untracked 
| 120|0x00000000e7800000, 0x00000000e7800000, 0x00000000e7900000|  0%| F|  |TAMS 0x00000000e7800000, 0x00000000e7800000| Untracked 
| 121|0x00000000e7900000, 0x00000000e7900000, 0x00000000e7a00000|  0%| F|  |TAMS 0x00000000e7900000, 0x00000000e7900000| Untracked 
| 122|0x00000000e7a00000, 0x00000000e7a00000, 0x00000000e7b00000|  0%| F|  |TAMS 0x00000000e7a00000, 0x00000000e7a00000| Untracked 
| 123|0x00000000e7b00000, 0x00000000e7b00000, 0x00000000e7c00000|  0%| F|  |TAMS 0x00000000e7b00000, 0x00000000e7b00000| Untracked 
| 124|0x00000000e7c00000, 0x00000000e7c00000, 0x00000000e7d00000|  0%| F|  |TAMS 0x00000000e7c00000, 0x00000000e7c00000| Untracked 
| 125|0x00000000e7d00000, 0x00000000e7d00000, 0x00000000e7e00000|  0%| F|  |TAMS 0x00000000e7d00000, 0x00000000e7d00000| Untracked 
| 126|0x00000000e7e00000, 0x00000000e7e00000, 0x00000000e7f00000|  0%| F|  |TAMS 0x00000000e7e00000, 0x00000000e7e00000| Untracked 
| 127|0x00000000e7f00000, 0x00000000e7f00000, 0x00000000e8000000|  0%| F|  |TAMS 0x00000000e7f00000, 0x00000000e7f00000| Untracked 
| 128|0x00000000e8000000, 0x00000000e8000000, 0x00000000e8100000|  0%| F|  |TAMS 0x00000000e8000000, 0x00000000e8000000| Untracked 
| 129|0x00000000e8100000, 0x00000000e8100000, 0x00000000e8200000|  0%| F|  |TAMS 0x00000000e8100000, 0x00000000e8100000| Untracked 
| 130|0x00000000e8200000, 0x00000000e8200000, 0x00000000e8300000|  0%| F|  |TAMS 0x00000000e8200000, 0x00000000e8200000| Untracked 
| 131|0x00000000e8300000, 0x00000000e8300000, 0x00000000e8400000|  0%| F|  |TAMS 0x00000000e8300000, 0x00000000e8300000| Untracked 
| 132|0x00000000e8400000, 0x00000000e8400000, 0x00000000e8500000|  0%| F|  |TAMS 0x00000000e8400000, 0x00000000e8400000| Untracked 
| 133|0x00000000e8500000, 0x00000000e8500000, 0x00000000e8600000|  0%| F|  |TAMS 0x00000000e8500000, 0x00000000e8500000| Untracked 
| 134|0x00000000e8600000, 0x00000000e8600000, 0x00000000e8700000|  0%| F|  |TAMS 0x00000000e8600000, 0x00000000e8600000| Untracked 
| 135|0x00000000e8700000, 0x00000000e8700000, 0x00000000e8800000|  0%| F|  |TAMS 0x00000000e8700000, 0x00000000e8700000| Untracked 
| 136|0x00000000e8800000, 0x00000000e8800000, 0x00000000e8900000|  0%| F|  |TAMS 0x00000000e8800000, 0x00000000e8800000| Untracked 
| 137|0x00000000e8900000, 0x00000000e8900000, 0x00000000e8a00000|  0%| F|  |TAMS 0x00000000e8900000, 0x00000000e8900000| Untracked 
| 138|0x00000000e8a00000, 0x00000000e8a00000, 0x00000000e8b00000|  0%| F|  |TAMS 0x00000000e8a00000, 0x00000000e8a00000| Untracked 
| 139|0x00000000e8b00000, 0x00000000e8b00000, 0x00000000e8c00000|  0%| F|  |TAMS 0x00000000e8b00000, 0x00000000e8b00000| Untracked 
| 140|0x00000000e8c00000, 0x00000000e8c00000, 0x00000000e8d00000|  0%| F|  |TAMS 0x00000000e8c00000, 0x00000000e8c00000| Untracked 
| 141|0x00000000e8d00000, 0x00000000e8d00000, 0x00000000e8e00000|  0%| F|  |TAMS 0x00000000e8d00000, 0x00000000e8d00000| Untracked 
| 142|0x00000000e8e00000, 0x00000000e8e00000, 0x00000000e8f00000|  0%| F|  |TAMS 0x00000000e8e00000, 0x00000000e8e00000| Untracked 
| 143|0x00000000e8f00000, 0x00000000e8f00000, 0x00000000e9000000|  0%| F|  |TAMS 0x00000000e8f00000, 0x00000000e8f00000| Untracked 
| 144|0x00000000e9000000, 0x00000000e9000000, 0x00000000e9100000|  0%| F|  |TAMS 0x00000000e9000000, 0x00000000e9000000| Untracked 
| 145|0x00000000e9100000, 0x00000000e9100000, 0x00000000e9200000|  0%| F|  |TAMS 0x00000000e9100000, 0x00000000e9100000| Untracked 
| 146|0x00000000e9200000, 0x00000000e9200000, 0x00000000e9300000|  0%| F|  |TAMS 0x00000000e9200000, 0x00000000e9200000| Untracked 
| 147|0x00000000e9300000, 0x00000000e9300000, 0x00000000e9400000|  0%| F|  |TAMS 0x00000000e9300000, 0x00000000e9300000| Untracked 
| 148|0x00000000e9400000, 0x00000000e9400000, 0x00000000e9500000|  0%| F|  |TAMS 0x00000000e9400000, 0x00000000e9400000| Untracked 
| 149|0x00000000e9500000, 0x00000000e9500000, 0x00000000e9600000|  0%| F|  |TAMS 0x00000000e9500000, 0x00000000e9500000| Untracked 
| 150|0x00000000e9600000, 0x00000000e9600000, 0x00000000e9700000|  0%| F|  |TAMS 0x00000000e9600000, 0x00000000e9600000| Untracked 
| 151|0x00000000e9700000, 0x00000000e9700000, 0x00000000e9800000|  0%| F|  |TAMS 0x00000000e9700000, 0x00000000e9700000| Untracked 
| 152|0x00000000e9800000, 0x00000000e9800000, 0x00000000e9900000|  0%| F|  |TAMS 0x00000000e9800000, 0x00000000e9800000| Untracked 
| 153|0x00000000e9900000, 0x00000000e9900000, 0x00000000e9a00000|  0%| F|  |TAMS 0x00000000e9900000, 0x00000000e9900000| Untracked 
| 154|0x00000000e9a00000, 0x00000000e9a00000, 0x00000000e9b00000|  0%| F|  |TAMS 0x00000000e9a00000, 0x00000000e9a00000| Untracked 
| 155|0x00000000e9b00000, 0x00000000e9b00000, 0x00000000e9c00000|  0%| F|  |TAMS 0x00000000e9b00000, 0x00000000e9b00000| Untracked 
| 156|0x00000000e9c00000, 0x00000000e9c00000, 0x00000000e9d00000|  0%| F|  |TAMS 0x00000000e9c00000, 0x00000000e9c00000| Untracked 
| 157|0x00000000e9d00000, 0x00000000e9d00000, 0x00000000e9e00000|  0%| F|  |TAMS 0x00000000e9d00000, 0x00000000e9d00000| Untracked 
| 158|0x00000000e9e00000, 0x00000000e9e00000, 0x00000000e9f00000|  0%| F|  |TAMS 0x00000000e9e00000, 0x00000000e9e00000| Untracked 
| 159|0x00000000e9f00000, 0x00000000e9f00000, 0x00000000ea000000|  0%| F|  |TAMS 0x00000000e9f00000, 0x00000000e9f00000| Untracked 
| 160|0x00000000ea000000, 0x00000000ea000000, 0x00000000ea100000|  0%| F|  |TAMS 0x00000000ea000000, 0x00000000ea000000| Untracked 
| 161|0x00000000ea100000, 0x00000000ea100000, 0x00000000ea200000|  0%| F|  |TAMS 0x00000000ea100000, 0x00000000ea100000| Untracked 
| 162|0x00000000ea200000, 0x00000000ea200000, 0x00000000ea300000|  0%| F|  |TAMS 0x00000000ea200000, 0x00000000ea200000| Untracked 
| 163|0x00000000ea300000, 0x00000000ea300000, 0x00000000ea400000|  0%| F|  |TAMS 0x00000000ea300000, 0x00000000ea300000| Untracked 
| 164|0x00000000ea400000, 0x00000000ea400000, 0x00000000ea500000|  0%| F|  |TAMS 0x00000000ea400000, 0x00000000ea400000| Untracked 
| 165|0x00000000ea500000, 0x00000000ea500000, 0x00000000ea600000|  0%| F|  |TAMS 0x00000000ea500000, 0x00000000ea500000| Untracked 
| 166|0x00000000ea600000, 0x00000000ea600000, 0x00000000ea700000|  0%| F|  |TAMS 0x00000000ea600000, 0x00000000ea600000| Untracked 
| 167|0x00000000ea700000, 0x00000000ea700000, 0x00000000ea800000|  0%| F|  |TAMS 0x00000000ea700000, 0x00000000ea700000| Untracked 
| 168|0x00000000ea800000, 0x00000000ea800000, 0x00000000ea900000|  0%| F|  |TAMS 0x00000000ea800000, 0x00000000ea800000| Untracked 
| 169|0x00000000ea900000, 0x00000000ea900000, 0x00000000eaa00000|  0%| F|  |TAMS 0x00000000ea900000, 0x00000000ea900000| Untracked 
| 170|0x00000000eaa00000, 0x00000000eaa00000, 0x00000000eab00000|  0%| F|  |TAMS 0x00000000eaa00000, 0x00000000eaa00000| Untracked 
| 171|0x00000000eab00000, 0x00000000eab00000, 0x00000000eac00000|  0%| F|  |TAMS 0x00000000eab00000, 0x00000000eab00000| Untracked 
| 172|0x00000000eac00000, 0x00000000eac00000, 0x00000000ead00000|  0%| F|  |TAMS 0x00000000eac00000, 0x00000000eac00000| Untracked 
| 173|0x00000000ead00000, 0x00000000ead00000, 0x00000000eae00000|  0%| F|  |TAMS 0x00000000ead00000, 0x00000000ead00000| Untracked 
| 174|0x00000000eae00000, 0x00000000eae00000, 0x00000000eaf00000|  0%| F|  |TAMS 0x00000000eae00000, 0x00000000eae00000| Untracked 
| 175|0x00000000eaf00000, 0x00000000eaf00000, 0x00000000eb000000|  0%| F|  |TAMS 0x00000000eaf00000, 0x00000000eaf00000| Untracked 
| 176|0x00000000eb000000, 0x00000000eb000000, 0x00000000eb100000|  0%| F|  |TAMS 0x00000000eb000000, 0x00000000eb000000| Untracked 
| 177|0x00000000eb100000, 0x00000000eb100000, 0x00000000eb200000|  0%| F|  |TAMS 0x00000000eb100000, 0x00000000eb100000| Untracked 
| 178|0x00000000eb200000, 0x00000000eb200000, 0x00000000eb300000|  0%| F|  |TAMS 0x00000000eb200000, 0x00000000eb200000| Untracked 
| 179|0x00000000eb300000, 0x00000000eb300000, 0x00000000eb400000|  0%| F|  |TAMS 0x00000000eb300000, 0x00000000eb300000| Untracked 
| 180|0x00000000eb400000, 0x00000000eb400000, 0x00000000eb500000|  0%| F|  |TAMS 0x00000000eb400000, 0x00000000eb400000| Untracked 
| 181|0x00000000eb500000, 0x00000000eb500000, 0x00000000eb600000|  0%| F|  |TAMS 0x00000000eb500000, 0x00000000eb500000| Untracked 
| 182|0x00000000eb600000, 0x00000000eb600000, 0x00000000eb700000|  0%| F|  |TAMS 0x00000000eb600000, 0x00000000eb600000| Untracked 
| 183|0x00000000eb700000, 0x00000000eb700000, 0x00000000eb800000|  0%| F|  |TAMS 0x00000000eb700000, 0x00000000eb700000| Untracked 
| 184|0x00000000eb800000, 0x00000000eb800000, 0x00000000eb900000|  0%| F|  |TAMS 0x00000000eb800000, 0x00000000eb800000| Untracked 
| 185|0x00000000eb900000, 0x00000000eb900000, 0x00000000eba00000|  0%| F|  |TAMS 0x00000000eb900000, 0x00000000eb900000| Untracked 
| 186|0x00000000eba00000, 0x00000000eba00000, 0x00000000ebb00000|  0%| F|  |TAMS 0x00000000eba00000, 0x00000000eba00000| Untracked 
| 187|0x00000000ebb00000, 0x00000000ebb00000, 0x00000000ebc00000|  0%| F|  |TAMS 0x00000000ebb00000, 0x00000000ebb00000| Untracked 
| 188|0x00000000ebc00000, 0x00000000ebc00000, 0x00000000ebd00000|  0%| F|  |TAMS 0x00000000ebc00000, 0x00000000ebc00000| Untracked 
| 189|0x00000000ebd00000, 0x00000000ebd00000, 0x00000000ebe00000|  0%| F|  |TAMS 0x00000000ebd00000, 0x00000000ebd00000| Untracked 
| 190|0x00000000ebe00000, 0x00000000ebe00000, 0x00000000ebf00000|  0%| F|  |TAMS 0x00000000ebe00000, 0x00000000ebe00000| Untracked 
| 191|0x00000000ebf00000, 0x00000000ebf00000, 0x00000000ec000000|  0%| F|  |TAMS 0x00000000ebf00000, 0x00000000ebf00000| Untracked 
| 192|0x00000000ec000000, 0x00000000ec000000, 0x00000000ec100000|  0%| F|  |TAMS 0x00000000ec000000, 0x00000000ec000000| Untracked 
| 193|0x00000000ec100000, 0x00000000ec100000, 0x00000000ec200000|  0%| F|  |TAMS 0x00000000ec100000, 0x00000000ec100000| Untracked 
| 194|0x00000000ec200000, 0x00000000ec200000, 0x00000000ec300000|  0%| F|  |TAMS 0x00000000ec200000, 0x00000000ec200000| Untracked 
| 195|0x00000000ec300000, 0x00000000ec300000, 0x00000000ec400000|  0%| F|  |TAMS 0x00000000ec300000, 0x00000000ec300000| Untracked 
| 196|0x00000000ec400000, 0x00000000ec400000, 0x00000000ec500000|  0%| F|  |TAMS 0x00000000ec400000, 0x00000000ec400000| Untracked 
| 197|0x00000000ec500000, 0x00000000ec500000, 0x00000000ec600000|  0%| F|  |TAMS 0x00000000ec500000, 0x00000000ec500000| Untracked 
| 198|0x00000000ec600000, 0x00000000ec600000, 0x00000000ec700000|  0%| F|  |TAMS 0x00000000ec600000, 0x00000000ec600000| Untracked 
| 199|0x00000000ec700000, 0x00000000ec700000, 0x00000000ec800000|  0%| F|  |TAMS 0x00000000ec700000, 0x00000000ec700000| Untracked 
| 200|0x00000000ec800000, 0x00000000ec800000, 0x00000000ec900000|  0%| F|  |TAMS 0x00000000ec800000, 0x00000000ec800000| Untracked 
| 201|0x00000000ec900000, 0x00000000ec900000, 0x00000000eca00000|  0%| F|  |TAMS 0x00000000ec900000, 0x00000000ec900000| Untracked 
| 202|0x00000000eca00000, 0x00000000eca00000, 0x00000000ecb00000|  0%| F|  |TAMS 0x00000000eca00000, 0x00000000eca00000| Untracked 
| 203|0x00000000ecb00000, 0x00000000ecb00000, 0x00000000ecc00000|  0%| F|  |TAMS 0x00000000ecb00000, 0x00000000ecb00000| Untracked 
| 204|0x00000000ecc00000, 0x00000000ecc00000, 0x00000000ecd00000|  0%| F|  |TAMS 0x00000000ecc00000, 0x00000000ecc00000| Untracked 
| 205|0x00000000ecd00000, 0x00000000ecd00000, 0x00000000ece00000|  0%| F|  |TAMS 0x00000000ecd00000, 0x00000000ecd00000| Untracked 
| 206|0x00000000ece00000, 0x00000000ece00000, 0x00000000ecf00000|  0%| F|  |TAMS 0x00000000ece00000, 0x00000000ece00000| Untracked 
| 207|0x00000000ecf00000, 0x00000000ecf00000, 0x00000000ed000000|  0%| F|  |TAMS 0x00000000ecf00000, 0x00000000ecf00000| Untracked 
| 208|0x00000000ed000000, 0x00000000ed000000, 0x00000000ed100000|  0%| F|  |TAMS 0x00000000ed000000, 0x00000000ed000000| Untracked 
| 209|0x00000000ed100000, 0x00000000ed100000, 0x00000000ed200000|  0%| F|  |TAMS 0x00000000ed100000, 0x00000000ed100000| Untracked 
| 210|0x00000000ed200000, 0x00000000ed200000, 0x00000000ed300000|  0%| F|  |TAMS 0x00000000ed200000, 0x00000000ed200000| Untracked 
| 211|0x00000000ed300000, 0x00000000ed300000, 0x00000000ed400000|  0%| F|  |TAMS 0x00000000ed300000, 0x00000000ed300000| Untracked 
| 212|0x00000000ed400000, 0x00000000ed400000, 0x00000000ed500000|  0%| F|  |TAMS 0x00000000ed400000, 0x00000000ed400000| Untracked 
| 213|0x00000000ed500000, 0x00000000ed500000, 0x00000000ed600000|  0%| F|  |TAMS 0x00000000ed500000, 0x00000000ed500000| Untracked 
| 214|0x00000000ed600000, 0x00000000ed600000, 0x00000000ed700000|  0%| F|  |TAMS 0x00000000ed600000, 0x00000000ed600000| Untracked 
| 215|0x00000000ed700000, 0x00000000ed700000, 0x00000000ed800000|  0%| F|  |TAMS 0x00000000ed700000, 0x00000000ed700000| Untracked 
| 216|0x00000000ed800000, 0x00000000ed800000, 0x00000000ed900000|  0%| F|  |TAMS 0x00000000ed800000, 0x00000000ed800000| Untracked 
| 217|0x00000000ed900000, 0x00000000ed900000, 0x00000000eda00000|  0%| F|  |TAMS 0x00000000ed900000, 0x00000000ed900000| Untracked 
| 218|0x00000000eda00000, 0x00000000eda00000, 0x00000000edb00000|  0%| F|  |TAMS 0x00000000eda00000, 0x00000000eda00000| Untracked 
| 219|0x00000000edb00000, 0x00000000edb00000, 0x00000000edc00000|  0%| F|  |TAMS 0x00000000edb00000, 0x00000000edb00000| Untracked 
| 220|0x00000000edc00000, 0x00000000edc00000, 0x00000000edd00000|  0%| F|  |TAMS 0x00000000edc00000, 0x00000000edc00000| Untracked 
| 221|0x00000000edd00000, 0x00000000edd00000, 0x00000000ede00000|  0%| F|  |TAMS 0x00000000edd00000, 0x00000000edd00000| Untracked 
| 222|0x00000000ede00000, 0x00000000ede00000, 0x00000000edf00000|  0%| F|  |TAMS 0x00000000ede00000, 0x00000000ede00000| Untracked 
| 223|0x00000000edf00000, 0x00000000edf00000, 0x00000000ee000000|  0%| F|  |TAMS 0x00000000edf00000, 0x00000000edf00000| Untracked 
| 224|0x00000000ee000000, 0x00000000ee000000, 0x00000000ee100000|  0%| F|  |TAMS 0x00000000ee000000, 0x00000000ee000000| Untracked 
| 225|0x00000000ee100000, 0x00000000ee100000, 0x00000000ee200000|  0%| F|  |TAMS 0x00000000ee100000, 0x00000000ee100000| Untracked 
| 226|0x00000000ee200000, 0x00000000ee200000, 0x00000000ee300000|  0%| F|  |TAMS 0x00000000ee200000, 0x00000000ee200000| Untracked 
| 227|0x00000000ee300000, 0x00000000ee300000, 0x00000000ee400000|  0%| F|  |TAMS 0x00000000ee300000, 0x00000000ee300000| Untracked 
| 228|0x00000000ee400000, 0x00000000ee400000, 0x00000000ee500000|  0%| F|  |TAMS 0x00000000ee400000, 0x00000000ee400000| Untracked 
| 229|0x00000000ee500000, 0x00000000ee500000, 0x00000000ee600000|  0%| F|  |TAMS 0x00000000ee500000, 0x00000000ee500000| Untracked 
| 230|0x00000000ee600000, 0x00000000ee600000, 0x00000000ee700000|  0%| F|  |TAMS 0x00000000ee600000, 0x00000000ee600000| Untracked 
| 231|0x00000000ee700000, 0x00000000ee700000, 0x00000000ee800000|  0%| F|  |TAMS 0x00000000ee700000, 0x00000000ee700000| Untracked 
| 232|0x00000000ee800000, 0x00000000ee800000, 0x00000000ee900000|  0%| F|  |TAMS 0x00000000ee800000, 0x00000000ee800000| Untracked 
| 233|0x00000000ee900000, 0x00000000ee900000, 0x00000000eea00000|  0%| F|  |TAMS 0x00000000ee900000, 0x00000000ee900000| Untracked 
| 234|0x00000000eea00000, 0x00000000eea00000, 0x00000000eeb00000|  0%| F|  |TAMS 0x00000000eea00000, 0x00000000eea00000| Untracked 
| 235|0x00000000eeb00000, 0x00000000eeb00000, 0x00000000eec00000|  0%| F|  |TAMS 0x00000000eeb00000, 0x00000000eeb00000| Untracked 
| 236|0x00000000eec00000, 0x00000000eec00000, 0x00000000eed00000|  0%| F|  |TAMS 0x00000000eec00000, 0x00000000eec00000| Untracked 
| 237|0x00000000eed00000, 0x00000000eed00000, 0x00000000eee00000|  0%| F|  |TAMS 0x00000000eed00000, 0x00000000eed00000| Untracked 
| 238|0x00000000eee00000, 0x00000000eee00000, 0x00000000eef00000|  0%| F|  |TAMS 0x00000000eee00000, 0x00000000eee00000| Untracked 
| 239|0x00000000eef00000, 0x00000000eef00000, 0x00000000ef000000|  0%| F|  |TAMS 0x00000000eef00000, 0x00000000eef00000| Untracked 
| 240|0x00000000ef000000, 0x00000000ef000000, 0x00000000ef100000|  0%| F|  |TAMS 0x00000000ef000000, 0x00000000ef000000| Untracked 
| 241|0x00000000ef100000, 0x00000000ef100000, 0x00000000ef200000|  0%| F|  |TAMS 0x00000000ef100000, 0x00000000ef100000| Untracked 
| 242|0x00000000ef200000, 0x00000000ef200000, 0x00000000ef300000|  0%| F|  |TAMS 0x00000000ef200000, 0x00000000ef200000| Untracked 
| 243|0x00000000ef300000, 0x00000000ef300000, 0x00000000ef400000|  0%| F|  |TAMS 0x00000000ef300000, 0x00000000ef300000| Untracked 
| 244|0x00000000ef400000, 0x00000000ef400000, 0x00000000ef500000|  0%| F|  |TAMS 0x00000000ef400000, 0x00000000ef400000| Untracked 
| 245|0x00000000ef500000, 0x00000000ef500000, 0x00000000ef600000|  0%| F|  |TAMS 0x00000000ef500000, 0x00000000ef500000| Untracked 
| 246|0x00000000ef600000, 0x00000000ef600000, 0x00000000ef700000|  0%| F|  |TAMS 0x00000000ef600000, 0x00000000ef600000| Untracked 
| 247|0x00000000ef700000, 0x00000000ef700000, 0x00000000ef800000|  0%| F|  |TAMS 0x00000000ef700000, 0x00000000ef700000| Untracked 
| 248|0x00000000ef800000, 0x00000000ef800000, 0x00000000ef900000|  0%| F|  |TAMS 0x00000000ef800000, 0x00000000ef800000| Untracked 
| 249|0x00000000ef900000, 0x00000000efa00000, 0x00000000efa00000|100%| E|  |TAMS 0x00000000ef900000, 0x00000000ef900000| Complete 
| 250|0x00000000efa00000, 0x00000000efb00000, 0x00000000efb00000|100%| E|CS|TAMS 0x00000000efa00000, 0x00000000efa00000| Complete 
| 251|0x00000000efb00000, 0x00000000efc00000, 0x00000000efc00000|100%| E|CS|TAMS 0x00000000efb00000, 0x00000000efb00000| Complete 
| 252|0x00000000efc00000, 0x00000000efd00000, 0x00000000efd00000|100%| E|CS|TAMS 0x00000000efc00000, 0x00000000efc00000| Complete 
| 253|0x00000000efd00000, 0x00000000efdf09b0, 0x00000000efe00000| 93%| S|CS|TAMS 0x00000000efd00000, 0x00000000efd00000| Complete 
| 254|0x00000000efe00000, 0x00000000eff00000, 0x00000000eff00000|100%| E|CS|TAMS 0x00000000efe00000, 0x00000000efe00000| Complete 
| 255|0x00000000eff00000, 0x00000000f0000000, 0x00000000f0000000|100%| E|CS|TAMS 0x00000000eff00000, 0x00000000eff00000| Complete 

Card table byte_map: [0x0000018326200000,0x0000018326300000] _byte_map_base: 0x0000018325b00000

Marking Bits (Prev, Next): (CMBitMap*) 0x000001830f32c420, (CMBitMap*) 0x000001830f32c460
 Prev Bits: [0x0000018326400000, 0x0000018326c00000)
 Next Bits: [0x0000018326c00000, 0x0000018327400000)

Polling page: 0x000001830d2d0000

Metaspace:

Usage:
  Non-class:     30.56 MB used.
      Class:      4.94 MB used.
       Both:     35.50 MB used.

Virtual space:
  Non-class space:       32.00 MB reserved,      30.75 MB ( 96%) committed,  4 nodes.
      Class space:      308.00 MB reserved,       5.12 MB (  2%) committed,  1 nodes.
             Both:      340.00 MB reserved,      35.88 MB ( 11%) committed. 

Chunk freelists:
   Non-Class:  1.16 MB
       Class:  2.70 MB
        Both:  3.86 MB

MaxMetaspaceSize: 384.00 MB
CompressedClassSpaceSize: 308.00 MB
Initial GC threshold: 21.00 MB
Current GC threshold: 58.69 MB
CDS: on
MetaspaceReclaimPolicy: balanced
 - commit_granule_bytes: 65536.
 - commit_granule_words: 8192.
 - virtual_space_node_default_size: 1048576.
 - enlarge_chunks_in_place: 1.
 - new_chunks_are_fully_committed: 0.
 - uncommit_free_chunks: 1.
 - use_allocation_guard: 0.
 - handle_deallocations: 1.


Internal statistics:

num_allocs_failed_limit: 6.
num_arena_births: 356.
num_arena_deaths: 0.
num_vsnodes_births: 5.
num_vsnodes_deaths: 0.
num_space_committed: 574.
num_space_uncommitted: 0.
num_chunks_returned_to_freelist: 6.
num_chunks_taken_from_freelist: 1640.
num_chunk_merges: 6.
num_chunk_splits: 1115.
num_chunks_enlarged: 799.
num_purges: 0.
num_inconsistent_stats: 0.

CodeHeap 'non-profiled nmethods': size=120000Kb used=2696Kb max_used=2696Kb free=117304Kb
 bounds [0x000001831e8a0000, 0x000001831eb50000, 0x0000018325dd0000]
CodeHeap 'profiled nmethods': size=120000Kb used=9473Kb max_used=9473Kb free=110526Kb
 bounds [0x0000018317370000, 0x0000018317cc0000, 0x000001831e8a0000]
CodeHeap 'non-nmethods': size=5760Kb used=2305Kb max_used=2346Kb free=3454Kb
 bounds [0x0000018316dd0000, 0x0000018317040000, 0x0000018317370000]
 total_blobs=5412 nmethods=4610 adapters=714
 compilation: enabled
              stopped_count=0, restarted_count=0
 full_count=0

Compilation events (20 events):
Event: 487.422 Thread 0x0000018329e33e30 nmethod 4640 0x000001831eb41410 code [0x000001831eb415a0, 0x000001831eb41678]
Event: 487.650 Thread 0x0000018329e33e30 4641       3       java.lang.Long::bitCount (61 bytes)
Event: 487.651 Thread 0x0000018329e33e30 nmethod 4641 0x0000018317caba10 code [0x0000018317cabba0, 0x0000018317cabd18]
Event: 487.652 Thread 0x0000018329e32d80 4642       4       java.lang.Long::bitCount (61 bytes)
Event: 487.653 Thread 0x0000018329e32d80 nmethod 4642 0x000001831eb41710 code [0x000001831eb41880, 0x000001831eb41958]
Event: 487.656 Thread 0x0000018329e33e30 4643       3       com.google.common.collect.ImmutableList::asImmutableList (69 bytes)
Event: 487.658 Thread 0x0000018329e33e30 nmethod 4643 0x0000018317cabd90 code [0x0000018317cac000, 0x0000018317cacba8]
Event: 487.839 Thread 0x0000018329e33e30 4644       3       com.google.common.base.Preconditions::checkState (17 bytes)
Event: 487.840 Thread 0x0000018329e33e30 nmethod 4644 0x0000018317cacf90 code [0x0000018317cad160, 0x0000018317cad4d8]
Event: 487.840 Thread 0x0000018329e33e30 4645       1       org.gradle.internal.instantiation.generator.DefaultInstantiationScheme::instantiator (5 bytes)
Event: 487.840 Thread 0x0000018329e33e30 nmethod 4645 0x000001831eb41a10 code [0x000001831eb41ba0, 0x000001831eb41c78]
Event: 488.002 Thread 0x0000018329e33e30 4646   !   3       java.util.zip.Inflater::end (37 bytes)
Event: 488.003 Thread 0x0000018329e33e30 nmethod 4646 0x0000018317cad690 code [0x0000018317cad880, 0x0000018317cade88]
Event: 488.053 Thread 0x0000018329e33e30 4647       3       org.gradle.model.internal.asm.ClassVisitorScope::addField (11 bytes)
Event: 488.053 Thread 0x0000018329e33e30 nmethod 4647 0x0000018317cae110 code [0x0000018317cae2c0, 0x0000018317cae4d8]
Event: 488.736 Thread 0x0000018329e33e30 4649       3       org.gradle.internal.instantiation.generator.AbstractClassGenerator$ClassMetadata::resolveTypeVariables (19 bytes)
Event: 488.737 Thread 0x0000018329e33e30 nmethod 4649 0x0000018317cae610 code [0x0000018317cae7c0, 0x0000018317caeae8]
Event: 488.737 Thread 0x0000018329e33e30 4650       3       org.gradle.internal.instantiation.generator.AbstractClassGenerator$PropertyMetadata::addGetter (129 bytes)
Event: 488.739 Thread 0x0000018329e33e30 nmethod 4650 0x0000018317caec10 code [0x0000018317caeee0, 0x0000018317cb0088]
Event: 488.747 Thread 0x0000018329e33e30 4651       3       java.lang.reflect.ProxyGenerator::checkReturnTypes (281 bytes)

GC Heap History (20 events):
Event: 70.569 GC heap before
{Heap before GC invocations=5 (full 0):
 garbage-first heap   total 262144K, used 32895K [0x00000000e0000000, 0x0000000100000000)
  region size 1024K, 12 young (12288K), 2 survivors (2048K)
 Metaspace       used 22386K, committed 22656K, reserved 339968K
  class space    used 3328K, committed 3456K, reserved 315392K
}
Event: 70.622 GC heap after
{Heap after GC invocations=6 (full 0):
 garbage-first heap   total 262144K, used 23603K [0x00000000e0000000, 0x0000000100000000)
  region size 1024K, 1 young (1024K), 1 survivors (1024K)
 Metaspace       used 22386K, committed 22656K, reserved 339968K
  class space    used 3328K, committed 3456K, reserved 315392K
}
Event: 78.957 GC heap before
{Heap before GC invocations=6 (full 0):
 garbage-first heap   total 262144K, used 39987K [0x00000000e0000000, 0x0000000100000000)
  region size 1024K, 17 young (17408K), 1 survivors (1024K)
 Metaspace       used 24411K, committed 24704K, reserved 339968K
  class space    used 3628K, committed 3776K, reserved 315392K
}
Event: 78.962 GC heap after
{Heap after GC invocations=7 (full 0):
 garbage-first heap   total 262144K, used 24291K [0x00000000e0000000, 0x0000000100000000)
  region size 1024K, 2 young (2048K), 2 survivors (2048K)
 Metaspace       used 24411K, committed 24704K, reserved 339968K
  class space    used 3628K, committed 3776K, reserved 315392K
}
Event: 139.395 GC heap before
{Heap before GC invocations=7 (full 0):
 garbage-first heap   total 262144K, used 63203K [0x00000000e0000000, 0x0000000100000000)
  region size 1024K, 41 young (41984K), 2 survivors (2048K)
 Metaspace       used 31752K, committed 32128K, reserved 348160K
  class space    used 4491K, committed 4672K, reserved 315392K
}
Event: 140.474 GC heap after
{Heap after GC invocations=8 (full 0):
 garbage-first heap   total 262144K, used 27909K [0x00000000e0000000, 0x0000000100000000)
  region size 1024K, 5 young (5120K), 5 survivors (5120K)
 Metaspace       used 31752K, committed 32128K, reserved 348160K
  class space    used 4491K, committed 4672K, reserved 315392K
}
Event: 142.774 GC heap before
{Heap before GC invocations=8 (full 0):
 garbage-first heap   total 262144K, used 35077K [0x00000000e0000000, 0x0000000100000000)
  region size 1024K, 12 young (12288K), 5 survivors (5120K)
 Metaspace       used 31784K, committed 32192K, reserved 348160K
  class space    used 4491K, committed 4672K, reserved 315392K
}
Event: 142.926 GC heap after
{Heap after GC invocations=9 (full 0):
 garbage-first heap   total 262144K, used 28799K [0x00000000e0000000, 0x0000000100000000)
  region size 1024K, 2 young (2048K), 2 survivors (2048K)
 Metaspace       used 31784K, committed 32192K, reserved 348160K
  class space    used 4491K, committed 4672K, reserved 315392K
}
Event: 145.085 GC heap before
{Heap before GC invocations=9 (full 0):
 garbage-first heap   total 262144K, used 39039K [0x00000000e0000000, 0x0000000100000000)
  region size 1024K, 12 young (12288K), 2 survivors (2048K)
 Metaspace       used 31957K, committed 32256K, reserved 348160K
  class space    used 4511K, committed 4672K, reserved 315392K
}
Event: 145.114 GC heap after
{Heap after GC invocations=10 (full 0):
 garbage-first heap   total 262144K, used 29932K [0x00000000e0000000, 0x0000000100000000)
  region size 1024K, 2 young (2048K), 2 survivors (2048K)
 Metaspace       used 31957K, committed 32256K, reserved 348160K
  class space    used 4511K, committed 4672K, reserved 315392K
}
Event: 183.347 GC heap before
{Heap before GC invocations=10 (full 0):
 garbage-first heap   total 262144K, used 44268K [0x00000000e0000000, 0x0000000100000000)
  region size 1024K, 12 young (12288K), 2 survivors (2048K)
 Metaspace       used 33324K, committed 33728K, reserved 348160K
  class space    used 4582K, committed 4736K, reserved 315392K
}
Event: 183.359 GC heap after
{Heap after GC invocations=11 (full 0):
 garbage-first heap   total 262144K, used 30777K [0x00000000e0000000, 0x0000000100000000)
  region size 1024K, 1 young (1024K), 1 survivors (1024K)
 Metaspace       used 33324K, committed 33728K, reserved 348160K
  class space    used 4582K, committed 4736K, reserved 315392K
}
Event: 371.407 GC heap before
{Heap before GC invocations=11 (full 0):
 garbage-first heap   total 262144K, used 51257K [0x00000000e0000000, 0x0000000100000000)
  region size 1024K, 21 young (21504K), 1 survivors (1024K)
 Metaspace       used 34285K, committed 34688K, reserved 348160K
  class space    used 4721K, committed 4928K, reserved 315392K
}
Event: 371.905 GC heap after
{Heap after GC invocations=12 (full 0):
 garbage-first heap   total 262144K, used 31210K [0x00000000e0000000, 0x0000000100000000)
  region size 1024K, 2 young (2048K), 2 survivors (2048K)
 Metaspace       used 34285K, committed 34688K, reserved 348160K
  class space    used 4721K, committed 4928K, reserved 315392K
}
Event: 474.518 GC heap before
{Heap before GC invocations=12 (full 0):
 garbage-first heap   total 262144K, used 41450K [0x00000000e0000000, 0x0000000100000000)
  region size 1024K, 12 young (12288K), 2 survivors (2048K)
 Metaspace       used 34364K, committed 34752K, reserved 348160K
  class space    used 4725K, committed 4928K, reserved 315392K
}
Event: 475.689 GC heap after
{Heap after GC invocations=13 (full 0):
 garbage-first heap   total 262144K, used 31805K [0x00000000e0000000, 0x0000000100000000)
  region size 1024K, 2 young (2048K), 2 survivors (2048K)
 Metaspace       used 34364K, committed 34752K, reserved 348160K
  class space    used 4725K, committed 4928K, reserved 315392K
}
Event: 486.902 GC heap before
{Heap before GC invocations=13 (full 0):
 garbage-first heap   total 262144K, used 42045K [0x00000000e0000000, 0x0000000100000000)
  region size 1024K, 12 young (12288K), 2 survivors (2048K)
 Metaspace       used 35451K, committed 35904K, reserved 348160K
  class space    used 4907K, committed 5120K, reserved 315392K
}
Event: 486.911 GC heap after
{Heap after GC invocations=14 (full 0):
 garbage-first heap   total 262144K, used 32609K [0x00000000e0000000, 0x0000000100000000)
  region size 1024K, 2 young (2048K), 2 survivors (2048K)
 Metaspace       used 35451K, committed 35904K, reserved 348160K
  class space    used 4907K, committed 5120K, reserved 315392K
}
Event: 487.353 GC heap before
{Heap before GC invocations=14 (full 0):
 garbage-first heap   total 262144K, used 33633K [0x00000000e0000000, 0x0000000100000000)
  region size 1024K, 4 young (4096K), 2 survivors (2048K)
 Metaspace       used 35590K, committed 35968K, reserved 348160K
  class space    used 4931K, committed 5120K, reserved 315392K
}
Event: 487.372 GC heap after
{Heap after GC invocations=15 (full 0):
 garbage-first heap   total 262144K, used 32760K [0x00000000e0000000, 0x0000000100000000)
  region size 1024K, 1 young (1024K), 1 survivors (1024K)
 Metaspace       used 35590K, committed 35968K, reserved 348160K
  class space    used 4931K, committed 5120K, reserved 315392K
}

Deoptimization events (20 events):
Event: 486.556 Thread 0x000001832aac5fc0 Uncommon trap: trap_request=0xffffffde fr.pc=0x000001831e9fa998 relative=0x0000000000000078
Event: 486.556 Thread 0x000001832aac5fc0 Uncommon trap: reason=class_check action=maybe_recompile pc=0x000001831e9fa998 method=java.util.Collections$SetFromMap.remove(Ljava/lang/Object;)Z @ 5 c2
Event: 486.556 Thread 0x000001832aac5fc0 DEOPT PACKING pc=0x000001831e9fa998 sp=0x0000000c26dfb170
Event: 486.556 Thread 0x000001832aac5fc0 DEOPT UNPACKING pc=0x0000018316e25c23 sp=0x0000000c26dfb108 mode 2
Event: 486.601 Thread 0x000001832aac5fc0 Uncommon trap: trap_request=0xffffffde fr.pc=0x000001831eabdd60 relative=0x0000000000003420
Event: 486.601 Thread 0x000001832aac5fc0 Uncommon trap: reason=class_check action=maybe_recompile pc=0x000001831eabdd60 method=java.util.regex.Pattern$CharProperty.study(Ljava/util/regex/Pattern$TreeInfo;)Z @ 25 c2
Event: 486.601 Thread 0x000001832aac5fc0 DEOPT PACKING pc=0x000001831eabdd60 sp=0x0000000c26df9c60
Event: 486.601 Thread 0x000001832aac5fc0 DEOPT UNPACKING pc=0x0000018316e25c23 sp=0x0000000c26df9b58 mode 2
Event: 486.617 Thread 0x000001832aac5fc0 Uncommon trap: trap_request=0xffffffde fr.pc=0x000001831eabdd60 relative=0x0000000000003420
Event: 486.617 Thread 0x000001832aac5fc0 Uncommon trap: reason=class_check action=maybe_recompile pc=0x000001831eabdd60 method=java.util.regex.Pattern$CharProperty.study(Ljava/util/regex/Pattern$TreeInfo;)Z @ 25 c2
Event: 486.617 Thread 0x000001832aac5fc0 DEOPT PACKING pc=0x000001831eabdd60 sp=0x0000000c26df9c60
Event: 486.617 Thread 0x000001832aac5fc0 DEOPT UNPACKING pc=0x0000018316e25c23 sp=0x0000000c26df9b58 mode 2
Event: 486.747 Thread 0x000001832aac5fc0 Uncommon trap: trap_request=0xffffffde fr.pc=0x000001831eabdd60 relative=0x0000000000003420
Event: 486.747 Thread 0x000001832aac5fc0 Uncommon trap: reason=class_check action=maybe_recompile pc=0x000001831eabdd60 method=java.util.regex.Pattern$CharProperty.study(Ljava/util/regex/Pattern$TreeInfo;)Z @ 25 c2
Event: 486.747 Thread 0x000001832aac5fc0 DEOPT PACKING pc=0x000001831eabdd60 sp=0x0000000c26df9c60
Event: 486.747 Thread 0x000001832aac5fc0 DEOPT UNPACKING pc=0x0000018316e25c23 sp=0x0000000c26df9b58 mode 2
Event: 488.732 Thread 0x000001832aac5fc0 Uncommon trap: trap_request=0xffffff45 fr.pc=0x000001831ea39438 relative=0x00000000000002f8
Event: 488.732 Thread 0x000001832aac5fc0 Uncommon trap: reason=unstable_if action=reinterpret pc=0x000001831ea39438 method=org.gradle.internal.reflect.PropertyAccessorType.isGetGetterName(Ljava/lang/String;)Z @ 14 c2
Event: 488.732 Thread 0x000001832aac5fc0 DEOPT PACKING pc=0x000001831ea39438 sp=0x0000000c26df8f30
Event: 488.732 Thread 0x000001832aac5fc0 DEOPT UNPACKING pc=0x0000018316e25c23 sp=0x0000000c26df8e88 mode 2

Classes unloaded (0 events):
No events

Classes redefined (0 events):
No events

Internal exceptions (20 events):
Event: 249.399 Thread 0x000001832aac5fc0 Exception <a 'sun/nio/fs/WindowsException'{0x00000000ef46f500}> (0x00000000ef46f500) 
thrown [d:\a\1\s\lookaside\java-17-openjdk\src\hotspot\share\prims\jni.cpp, line 516]
Event: 249.404 Thread 0x000001832aac5fc0 Exception <a 'sun/nio/fs/WindowsException'{0x00000000ef470ab0}> (0x00000000ef470ab0) 
thrown [d:\a\1\s\lookaside\java-17-openjdk\src\hotspot\share\prims\jni.cpp, line 516]
Event: 249.408 Thread 0x000001832aac5fc0 Exception <a 'sun/nio/fs/WindowsException'{0x00000000ef472018}> (0x00000000ef472018) 
thrown [d:\a\1\s\lookaside\java-17-openjdk\src\hotspot\share\prims\jni.cpp, line 516]
Event: 249.411 Thread 0x000001832aac5fc0 Exception <a 'sun/nio/fs/WindowsException'{0x00000000ef473588}> (0x00000000ef473588) 
thrown [d:\a\1\s\lookaside\java-17-openjdk\src\hotspot\share\prims\jni.cpp, line 516]
Event: 282.138 Thread 0x000001832aac5fc0 Exception <a 'java/lang/IncompatibleClassChangeError'{0x00000000ef11be98}: Found class java.lang.Object, but interface was expected> (0x00000000ef11be98) 
thrown [d:\a\1\s\lookaside\java-17-openjdk\src\hotspot\share\interpreter\linkResolver.cpp, line 833]
Event: 467.015 Thread 0x000001832aac5fc0 Exception <a 'java/lang/ClassNotFoundException'{0x00000000ef8d62c0}: settings_blogwq03jzjjz87eokdgjg6uuBeanInfo> (0x00000000ef8d62c0) 
thrown [d:\a\1\s\lookaside\java-17-openjdk\src\hotspot\share\classfile\systemDictionary.cpp, line 256]
Event: 467.056 Thread 0x000001832aac5fc0 Exception <a 'java/lang/ClassNotFoundException'{0x00000000ef8e0a10}: org/gradle/initialization/SettingsScriptBeanInfo> (0x00000000ef8e0a10) 
thrown [d:\a\1\s\lookaside\java-17-openjdk\src\hotspot\share\classfile\systemDictionary.cpp, line 256]
Event: 467.142 Thread 0x000001832aac5fc0 Exception <a 'java/lang/ClassNotFoundException'{0x00000000ef8eb2c0}: org/gradle/plugin/use/internal/PluginsAwareScriptBeanInfo> (0x00000000ef8eb2c0) 
thrown [d:\a\1\s\lookaside\java-17-openjdk\src\hotspot\share\classfile\systemDictionary.cpp, line 256]
Event: 467.792 Thread 0x000001832aac5fc0 Exception <a 'java/lang/ClassNotFoundException'{0x00000000ef8f5b68}: org/gradle/plugin/use/internal/PluginsAwareScriptCustomizer> (0x00000000ef8f5b68) 
thrown [d:\a\1\s\lookaside\java-17-openjdk\src\hotspot\share\classfile\systemDictionary.cpp, line 256]
Event: 469.806 Thread 0x000001832aac5fc0 Exception <a 'java/lang/ClassNotFoundException'{0x00000000ef70d340}: org/gradle/initialization/SettingsScriptCustomizer> (0x00000000ef70d340) 
thrown [d:\a\1\s\lookaside\java-17-openjdk\src\hotspot\share\classfile\systemDictionary.cpp, line 256]
Event: 470.196 Thread 0x000001832aac5fc0 Exception <a 'java/lang/ClassNotFoundException'{0x00000000ef71b2c0}: settings_blogwq03jzjjz87eokdgjg6uuCustomizer> (0x00000000ef71b2c0) 
thrown [d:\a\1\s\lookaside\java-17-openjdk\src\hotspot\share\classfile\systemDictionary.cpp, line 256]
Event: 473.111 Thread 0x000001832aac5fc0 Exception <a 'java/lang/ClassNotFoundException'{0x00000000ef7b5788}: org/gradle/initialization/DefaultSettings_DecoratedBeanInfo> (0x00000000ef7b5788) 
thrown [d:\a\1\s\lookaside\java-17-openjdk\src\hotspot\share\classfile\systemDictionary.cpp, line 256]
Event: 473.459 Thread 0x000001832aac5fc0 Exception <a 'java/lang/ClassNotFoundException'{0x00000000ef7cc110}: org/gradle/initialization/DefaultSettingsBeanInfo> (0x00000000ef7cc110) 
thrown [d:\a\1\s\lookaside\java-17-openjdk\src\hotspot\share\classfile\systemDictionary.cpp, line 256]
Event: 473.499 Thread 0x000001832aac5fc0 Exception <a 'java/lang/ClassNotFoundException'{0x00000000ef7dbb90}: org/gradle/initialization/DefaultSettingsCustomizer> (0x00000000ef7dbb90) 
thrown [d:\a\1\s\lookaside\java-17-openjdk\src\hotspot\share\classfile\systemDictionary.cpp, line 256]
Event: 473.560 Thread 0x000001832aac5fc0 Exception <a 'java/lang/ClassNotFoundException'{0x00000000ef625158}: org/gradle/initialization/DefaultSettings_DecoratedCustomizer> (0x00000000ef625158) 
thrown [d:\a\1\s\lookaside\java-17-openjdk\src\hotspot\share\classfile\systemDictionary.cpp, line 256]
Event: 473.650 Thread 0x000001832aac5fc0 Exception <a 'java/lang/ClassNotFoundException'{0x00000000ef69b868}: org/gradle/initialization/DefaultProjectDescriptorBeanInfo> (0x00000000ef69b868) 
thrown [d:\a\1\s\lookaside\java-17-openjdk\src\hotspot\share\classfile\systemDictionary.cpp, line 256]
Event: 473.655 Thread 0x000001832aac5fc0 Exception <a 'java/lang/ClassNotFoundException'{0x00000000ef6aa1d8}: org/gradle/initialization/DefaultProjectDescriptorCustomizer> (0x00000000ef6aa1d8) 
thrown [d:\a\1\s\lookaside\java-17-openjdk\src\hotspot\share\classfile\systemDictionary.cpp, line 256]
Event: 476.118 Thread 0x000001832aac5fc0 Exception <a 'java/lang/NoSuchMethodError'{0x00000000eff253b0}: 'void java.lang.invoke.DirectMethodHandle$Holder.invokeInterface(java.lang.Object, java.lang.Object)'> (0x00000000eff253b0) 
thrown [d:\a\1\s\lookaside\java-17-openjdk\src\hotspot\share\interpreter\linkResolver.cpp, line 766]
Event: 481.936 Thread 0x000001832aac5fc0 Implicit null exception at 0x000001831ea7d1ec to 0x000001831ea7d294
Event: 488.392 Thread 0x000001832aac5fc0 Exception <a 'java/lang/NoSuchMethodError'{0x00000000ef912130}: 'long java.lang.invoke.DirectMethodHandle$Holder.invokeStatic(java.lang.Object, long)'> (0x00000000ef912130) 
thrown [d:\a\1\s\lookaside\java-17-openjdk\src\hotspot\share\interpreter\linkResolver.cpp, line 766]

VM Operations (20 events):
Event: 484.117 Executing VM operation: Cleanup
Event: 484.117 Executing VM operation: Cleanup done
Event: 485.129 Executing VM operation: Cleanup
Event: 485.145 Executing VM operation: Cleanup done
Event: 485.634 Executing VM operation: HandshakeAllThreads
Event: 485.635 Executing VM operation: HandshakeAllThreads done
Event: 486.567 Executing VM operation: HandshakeAllThreads
Event: 486.567 Executing VM operation: HandshakeAllThreads done
Event: 486.567 Executing VM operation: Cleanup
Event: 486.568 Executing VM operation: Cleanup done
Event: 486.902 Executing VM operation: G1CollectForAllocation
Event: 486.911 Executing VM operation: G1CollectForAllocation done
Event: 487.353 Executing VM operation: CollectForMetadataAllocation
Event: 487.375 Executing VM operation: CollectForMetadataAllocation done
Event: 487.507 Executing VM operation: G1Concurrent
Event: 487.540 Executing VM operation: G1Concurrent done
Event: 487.566 Executing VM operation: G1Concurrent
Event: 487.567 Executing VM operation: G1Concurrent done
Event: 488.578 Executing VM operation: Cleanup
Event: 488.578 Executing VM operation: Cleanup done

Events (20 events):
Event: 442.852 Thread 0x000001832c0c54c0 Thread added: 0x000001832c0c54c0
Event: 473.908 loading class jdk/internal/math/FDBigInteger
Event: 474.097 loading class jdk/internal/math/FDBigInteger done
Event: 478.186 loading class java/util/zip/GZIPOutputStream
Event: 478.203 loading class java/util/zip/GZIPOutputStream done
Event: 478.204 loading class java/util/zip/GZIPInputStream
Event: 478.231 loading class java/util/zip/GZIPInputStream done
Event: 483.286 Thread 0x000001832c0c84e0 Thread added: 0x000001832c0c84e0
Event: 485.225 loading class java/nio/file/AtomicMoveNotSupportedException
Event: 485.231 loading class java/nio/file/AtomicMoveNotSupportedException done
Event: 485.456 loading class java/io/FileWriter
Event: 485.458 loading class java/io/FileWriter done
Event: 486.564 loading class java/util/ArrayList$ListItr
Event: 486.565 loading class java/util/ArrayList$ListItr done
Event: 487.844 loading class java/util/DualPivotQuicksort
Event: 487.845 loading class java/util/DualPivotQuicksort done
Event: 488.390 loading class java/util/function/LongUnaryOperator
Event: 488.392 loading class java/util/function/LongUnaryOperator done
Event: 488.406 loading class java/lang/StringIndexOutOfBoundsException
Event: 488.406 loading class java/lang/StringIndexOutOfBoundsException done


Dynamic libraries:
0x00007ff68e240000 - 0x00007ff68e261000 	C:\Program Files\ojdkbuild\java-17-openjdk-17.0.3.0.6-1\bin\java.exe
0x00007ffd86fd0000 - 0x00007ffd871e6000 	C:\WINDOWS\SYSTEM32\ntdll.dll
0x00007ffd86560000 - 0x00007ffd86624000 	C:\WINDOWS\System32\KERNEL32.DLL
0x00007ffd84540000 - 0x00007ffd848e6000 	C:\WINDOWS\System32\KERNELBASE.dll
0x00007ffd848f0000 - 0x00007ffd84a01000 	C:\WINDOWS\System32\ucrtbase.dll
0x00007ffd6ec30000 - 0x00007ffd6ec4b000 	C:\Program Files\ojdkbuild\java-17-openjdk-17.0.3.0.6-1\bin\VCRUNTIME140.dll
0x00007ffd70860000 - 0x00007ffd70878000 	C:\Program Files\ojdkbuild\java-17-openjdk-17.0.3.0.6-1\bin\jli.dll
0x00007ffd853c0000 - 0x00007ffd8556d000 	C:\WINDOWS\System32\USER32.dll
0x00007ffd84cf0000 - 0x00007ffd84d16000 	C:\WINDOWS\System32\win32u.dll
0x00007ffd86f60000 - 0x00007ffd86f89000 	C:\WINDOWS\System32\GDI32.dll
0x00007ffd84b30000 - 0x00007ffd84c48000 	C:\WINDOWS\System32\gdi32full.dll
0x00007ffd84c50000 - 0x00007ffd84cea000 	C:\WINDOWS\System32\msvcp_win.dll
0x00007ffd83600000 - 0x00007ffd83893000 	C:\WINDOWS\WinSxS\amd64_microsoft.windows.common-controls_6595b64144ccf1df_6.0.22621.3235_none_270f74e173860f98\COMCTL32.dll
0x00007ffd85580000 - 0x00007ffd85627000 	C:\WINDOWS\System32\msvcrt.dll
0x00007ffd86dc0000 - 0x00007ffd86df1000 	C:\WINDOWS\System32\IMM32.DLL
0x00007ffd79660000 - 0x00007ffd7966c000 	C:\Program Files\ojdkbuild\java-17-openjdk-17.0.3.0.6-1\bin\vcruntime140_1.dll
0x00007ffd50910000 - 0x00007ffd5099d000 	C:\Program Files\ojdkbuild\java-17-openjdk-17.0.3.0.6-1\bin\msvcp140.dll
0x00007ffd400c0000 - 0x00007ffd40d1f000 	C:\Program Files\ojdkbuild\java-17-openjdk-17.0.3.0.6-1\bin\server\jvm.dll
0x00007ffd84ed0000 - 0x00007ffd84f82000 	C:\WINDOWS\System32\ADVAPI32.dll
0x00007ffd84d20000 - 0x00007ffd84dc8000 	C:\WINDOWS\System32\sechost.dll
0x00007ffd84a10000 - 0x00007ffd84a38000 	C:\WINDOWS\System32\bcrypt.dll
0x00007ffd851c0000 - 0x00007ffd852d5000 	C:\WINDOWS\System32\RPCRT4.dll
0x00007ffd86880000 - 0x00007ffd86888000 	C:\WINDOWS\System32\PSAPI.DLL
0x00007ffd6ec50000 - 0x00007ffd6ec59000 	C:\WINDOWS\SYSTEM32\WSOCK32.dll
0x00007ffd85090000 - 0x00007ffd85101000 	C:\WINDOWS\System32\WS2_32.dll
0x00007ffd7b950000 - 0x00007ffd7b984000 	C:\WINDOWS\SYSTEM32\WINMM.dll
0x00007ffd81e70000 - 0x00007ffd81e7a000 	C:\WINDOWS\SYSTEM32\VERSION.dll
0x00007ffd82440000 - 0x00007ffd82458000 	C:\WINDOWS\SYSTEM32\kernel.appcore.dll
0x00007ffd70850000 - 0x00007ffd7085a000 	C:\Program Files\ojdkbuild\java-17-openjdk-17.0.3.0.6-1\bin\jimage.dll
0x00007ffd83b90000 - 0x00007ffd83dc3000 	C:\WINDOWS\SYSTEM32\DBGHELP.DLL
0x00007ffd86890000 - 0x00007ffd86c18000 	C:\WINDOWS\System32\combase.dll
0x00007ffd852e0000 - 0x00007ffd853b7000 	C:\WINDOWS\System32\OLEAUT32.dll
0x00007ffd83a80000 - 0x00007ffd83ab2000 	C:\WINDOWS\SYSTEM32\dbgcore.DLL
0x00007ffd84ab0000 - 0x00007ffd84b2a000 	C:\WINDOWS\System32\bcryptPrimitives.dll
0x00007ffd6ddf0000 - 0x00007ffd6ddfe000 	C:\Program Files\ojdkbuild\java-17-openjdk-17.0.3.0.6-1\bin\instrument.dll
0x00007ffd61ee0000 - 0x00007ffd61f05000 	C:\Program Files\ojdkbuild\java-17-openjdk-17.0.3.0.6-1\bin\java.dll
0x00007ffd4b8b0000 - 0x00007ffd4b987000 	C:\Program Files\ojdkbuild\java-17-openjdk-17.0.3.0.6-1\bin\jsvml.dll
0x00007ffd85ce0000 - 0x00007ffd8653d000 	C:\WINDOWS\System32\SHELL32.dll
0x00007ffd81350000 - 0x00007ffd81c48000 	C:\WINDOWS\SYSTEM32\windows.storage.dll
0x00007ffd81210000 - 0x00007ffd8134e000 	C:\WINDOWS\SYSTEM32\wintypes.dll
0x00007ffd84f90000 - 0x00007ffd85083000 	C:\WINDOWS\System32\SHCORE.dll
0x00007ffd86680000 - 0x00007ffd866de000 	C:\WINDOWS\System32\shlwapi.dll
0x00007ffd84240000 - 0x00007ffd84266000 	C:\WINDOWS\SYSTEM32\profapi.dll
0x00007ffd6baf0000 - 0x00007ffd6bb08000 	C:\Program Files\ojdkbuild\java-17-openjdk-17.0.3.0.6-1\bin\zip.dll
0x00007ffd6e820000 - 0x00007ffd6e839000 	C:\Program Files\ojdkbuild\java-17-openjdk-17.0.3.0.6-1\bin\net.dll
0x00007ffd7dbb0000 - 0x00007ffd7dce7000 	C:\WINDOWS\SYSTEM32\WINHTTP.dll
0x00007ffd82970000 - 0x00007ffd829d9000 	C:\WINDOWS\system32\mswsock.dll
0x00007ffd6cc50000 - 0x00007ffd6cc66000 	C:\Program Files\ojdkbuild\java-17-openjdk-17.0.3.0.6-1\bin\nio.dll
0x00007ffd702f0000 - 0x00007ffd70300000 	C:\Program Files\ojdkbuild\java-17-openjdk-17.0.3.0.6-1\bin\verify.dll
0x00007ffd62690000 - 0x00007ffd626b7000 	C:\Users\pc\.gradle\native\c067742578af261105cb4f569cf0c3c89f3d7b1fecec35dd04571415982c5e48\windows-amd64\native-platform.dll
0x00007ffd47a40000 - 0x00007ffd47b84000 	C:\Users\pc\.gradle\native\38dada09dfb8b06ba9b0570ebf7e218e3eb74d4ef43ca46872605cf95ebc2f47\windows-amd64\native-platform-file-events.dll
0x00007ffd6ebf0000 - 0x00007ffd6ebf9000 	C:\Program Files\ojdkbuild\java-17-openjdk-17.0.3.0.6-1\bin\management.dll
0x00007ffd6eb90000 - 0x00007ffd6eb9b000 	C:\Program Files\ojdkbuild\java-17-openjdk-17.0.3.0.6-1\bin\management_ext.dll
0x00007ffd83ec0000 - 0x00007ffd83edb000 	C:\WINDOWS\SYSTEM32\CRYPTSP.dll
0x00007ffd823a0000 - 0x00007ffd823d5000 	C:\WINDOWS\system32\rsaenh.dll
0x00007ffd83320000 - 0x00007ffd8334c000 	C:\WINDOWS\SYSTEM32\USERENV.dll
0x00007ffd83350000 - 0x00007ffd8335c000 	C:\WINDOWS\SYSTEM32\CRYPTBASE.dll
0x00007ffd81ec0000 - 0x00007ffd81eed000 	C:\WINDOWS\SYSTEM32\IPHLPAPI.DLL
0x00007ffd85630000 - 0x00007ffd85639000 	C:\WINDOWS\System32\NSI.dll
0x00007ffd7cd00000 - 0x00007ffd7cd19000 	C:\WINDOWS\SYSTEM32\dhcpcsvc6.DLL
0x00007ffd7cce0000 - 0x00007ffd7ccff000 	C:\WINDOWS\SYSTEM32\dhcpcsvc.DLL
0x00007ffd81f30000 - 0x00007ffd82029000 	C:\WINDOWS\SYSTEM32\DNSAPI.dll
0x00007ffd705a0000 - 0x00007ffd705ad000 	C:\Program Files\ojdkbuild\java-17-openjdk-17.0.3.0.6-1\bin\sunmscapi.dll
0x00007ffd84310000 - 0x00007ffd84476000 	C:\WINDOWS\System32\CRYPT32.dll
0x00007ffd834e0000 - 0x00007ffd8350e000 	C:\WINDOWS\SYSTEM32\ncrypt.dll
0x00007ffd834a0000 - 0x00007ffd834d7000 	C:\WINDOWS\SYSTEM32\NTASN1.dll
0x00007ffd6e030000 - 0x00007ffd6e038000 	C:\WINDOWS\system32\wshunix.dll

dbghelp: loaded successfully - version: 4.0.5 - missing functions: none
symbol engine: initialized successfully - sym options: 0x614 - pdb path: .;C:\Program Files\ojdkbuild\java-17-openjdk-17.0.3.0.6-1\bin;C:\WINDOWS\SYSTEM32;C:\WINDOWS\WinSxS\amd64_microsoft.windows.common-controls_6595b64144ccf1df_6.0.22621.3235_none_270f74e173860f98;C:\Program Files\ojdkbuild\java-17-openjdk-17.0.3.0.6-1\bin\server;C:\Users\pc\.gradle\native\c067742578af261105cb4f569cf0c3c89f3d7b1fecec35dd04571415982c5e48\windows-amd64;C:\Users\pc\.gradle\native\38dada09dfb8b06ba9b0570ebf7e218e3eb74d4ef43ca46872605cf95ebc2f47\windows-amd64

VM Arguments:
jvm_args: --add-opens=java.base/java.util=ALL-UNNAMED --add-opens=java.base/java.lang=ALL-UNNAMED --add-opens=java.base/java.lang.invoke=ALL-UNNAMED --add-opens=java.prefs/java.util.prefs=ALL-UNNAMED --add-opens=java.base/java.nio.charset=ALL-UNNAMED --add-opens=java.base/java.net=ALL-UNNAMED --add-opens=java.base/java.util.concurrent.atomic=ALL-UNNAMED -XX:MaxMetaspaceSize=384m -XX:+HeapDumpOnOutOfMemoryError -Xms256m -Xmx512m -Dfile.encoding=UTF-8 -Duser.country=KR -Duser.language=ko -Duser.variant -javaagent:C:\Users\pc\.gradle\wrapper\dists\gradle-8.5-bin\5t9huq95ubn472n8rpzujfbqh\gradle-8.5\lib\agents\gradle-instrumentation-agent-8.5.jar 
java_command: org.gradle.launcher.daemon.bootstrap.GradleDaemon 8.5
java_class_path (initial): C:\Users\pc\.gradle\wrapper\dists\gradle-8.5-bin\5t9huq95ubn472n8rpzujfbqh\gradle-8.5\lib\gradle-launcher-8.5.jar
Launcher Type: SUN_STANDARD

[Global flags]
     intx CICompilerCount                          = 4                                         {product} {ergonomic}
   size_t CompressedClassSpaceSize                 = 322961408                                 {product} {ergonomic}
     uint ConcGCThreads                            = 2                                         {product} {ergonomic}
     uint G1ConcRefinementThreads                  = 8                                         {product} {ergonomic}
   size_t G1HeapRegionSize                         = 1048576                                   {product} {ergonomic}
    uintx GCDrainStackTargetSize                   = 64                                        {product} {ergonomic}
     bool HeapDumpOnOutOfMemoryError               = true                                   {manageable} {command line}
   size_t InitialHeapSize                          = 268435456                                 {product} {command line}
   size_t MarkStackSize                            = 4194304                                   {product} {ergonomic}
   size_t MaxHeapSize                              = 536870912                                 {product} {command line}
   size_t MaxMetaspaceSize                         = 402653184                                 {product} {command line}
   size_t MaxNewSize                               = 321912832                                 {product} {ergonomic}
   size_t MinHeapDeltaBytes                        = 1048576                                   {product} {ergonomic}
   size_t MinHeapSize                              = 268435456                                 {product} {command line}
    uintx NonNMethodCodeHeapSize                   = 5839372                                {pd product} {ergonomic}
    uintx NonProfiledCodeHeapSize                  = 122909434                              {pd product} {ergonomic}
    uintx ProfiledCodeHeapSize                     = 122909434                              {pd product} {ergonomic}
    uintx ReservedCodeCacheSize                    = 251658240                              {pd product} {ergonomic}
     bool SegmentedCodeCache                       = true                                      {product} {ergonomic}
   size_t SoftMaxHeapSize                          = 536870912                              {manageable} {ergonomic}
     bool UseCompressedClassPointers               = true                           {product lp64_product} {ergonomic}
     bool UseCompressedOops                        = true                           {product lp64_product} {ergonomic}
     bool UseG1GC                                  = true                                      {product} {ergonomic}
     bool UseLargePagesIndividualAllocation        = false                                  {pd product} {ergonomic}

Logging:
Log output configuration:
 #0: stdout all=warning uptime,level,tags
 #1: stderr all=off uptime,level,tags

Environment Variables:
JAVA_HOME=C:\Program Files\ojdkbuild\java-17-openjdk-17.0.3.0.6-1
PATH=C:\Program Files\ARX-3.8.0\bin;C:\WINDOWS\system32;C:\WINDOWS;C:\WINDOWS\System32\Wbem;C:\WINDOWS\System32\WindowsPowerShell\v1.0\;C:\WINDOWS\System32\OpenSSH\;C:\Program Files\ojdkbuild\java-17-openjdk-17.0.3.0.6-1\bin;C:\Program Files (x86)\PowerShell\7\;C:\Users\pc\Desktop\Grad\sqlite-tools-win32-x86-3430100;C:\Program Files\Git\cmd;C:\Users\pc\AppData\Local\Programs\Python\Python310\Scripts;C:\Program Files\PowerShell\7\;C:\Program Files\PowerShell\7-preview\preview;C:\Program Files\nodejs\;C:\Users\pc\AppData\Local\Programs\Python\Python310\Scripts\;C:\Users\pc\AppData\Local\Programs\Python\Python310\;C:\Users\pc\AppData\Local\Programs\Python\Python38-32\Scripts\;C:\Users\pc\AppData\Local\Programs\Python\Python38-32\;C:\Users\pc\AppData\Local\Microsoft\WindowsApps;C:\Program Files\Bandizip\;C:\Program Files\ojdkbuild\java-17-openjdk-17.0.3.0.6-1\bin;C:\Program Files\JetBrains\PyCharm Community Edition 2021.2.1\bin;;C:\Users\pc\Desktop\modelsim_ase\win32aloem;C:\Users\pc\AppData\Local\Programs\Microsoft VS Code\bin;C:\Program Files\JetBrains\IntelliJ IDEA 2023.1.2\bin;;C:\Users\pc\AppData\Local\GitHubDesktop\bin;C:\Users\pc\AppData\Roaming\npm
USERNAME=pc
OS=Windows_NT
PROCESSOR_IDENTIFIER=Intel64 Family 6 Model 126 Stepping 5, GenuineIntel



---------------  S Y S T E M  ---------------

OS:
 Windows 11 , 64 bit Build 22621 (10.0.22621.3235)
OS uptime: 10 days 6:31 hours

CPU: total 8 (initial active 8) (4 cores per cpu, 2 threads per core) family 6 model 126 stepping 5 microcode 0x86, cx8, cmov, fxsr, ht, mmx, 3dnowpref, sse, sse2, sse3, ssse3, sse4.1, sse4.2, popcnt, lzcnt, tsc, tscinvbit, avx, avx2, aes, erms, clmul, bmi1, bmi2, adx, avx512f, avx512dq, avx512cd, avx512bw, avx512vl, sha, fma, vzeroupper, avx512_vpopcntdq, avx512_vpclmulqdq, avx512_vaes, avx512_vnni, clflush, clflushopt, avx512_vbmi2, avx512_vbmi

Memory: 4k page, system-wide physical 7926M (342M free)
TotalPageFile size 32502M (AvailPageFile size 0M)
current process WorkingSet (physical memory assigned to process): 114M, peak: 214M
current process commit charge ("private bytes"): 424M, peak: 437M

vm_info: OpenJDK 64-Bit Server VM (17.0.3+6-LTS) for windows-amd64 JRE (17.0.3+6-LTS), built on May  3 2022 21:26:56 by "" with MS VC++ 16.10 / 16.11 (VS2019)

END.
