#
# There is insufficient memory for the Java Runtime Environment to continue.
# Native memory allocation (malloc) failed to allocate 32784 bytes for Chunk::new
# Possible reasons:
#   The system is out of physical RAM or swap space
#   The process is running with CompressedOops enabled, and the Java Heap may be blocking the growth of the native heap
# Possible solutions:
#   Reduce memory load on the system
#   Increase physical memory or swap space
#   Check if swap backing store is full
#   Decrease Java heap size (-Xmx/-Xms)
#   Decrease number of Java threads
#   Decrease Java thread stack sizes (-Xss)
#   Set larger code cache with -XX:ReservedCodeCacheSize=
#   JVM is running with Unscaled Compressed Oops mode in which the Java heap is
#     placed in the first 4GB address space. The Java Heap base address is the
#     maximum limit for the native heap growth. Please use -XX:HeapBaseMinAddress
#     to set the Java Heap base and to place the Java Heap above 4GB virtual address.
# This output file may be truncated or incomplete.
#
#  Out of Memory Error (arena.cpp:189), pid=16524, tid=19448
#
# JRE version: OpenJDK Runtime Environment 21.9 (17.0.3+6) (build 17.0.3+6-LTS)
# Java VM: OpenJDK 64-Bit Server VM 21.9 (17.0.3+6-LTS, mixed mode, sharing, tiered, compressed oops, compressed class ptrs, g1 gc, windows-amd64)
# No core dump will be written. Minidumps are not enabled by default on client versions of Windows
#

---------------  S U M M A R Y ------------

Command Line: --add-opens=java.base/java.util=ALL-UNNAMED --add-opens=java.base/java.lang=ALL-UNNAMED --add-opens=java.base/java.lang.invoke=ALL-UNNAMED --add-opens=java.prefs/java.util.prefs=ALL-UNNAMED --add-opens=java.base/java.nio.charset=ALL-UNNAMED --add-opens=java.base/java.net=ALL-UNNAMED --add-opens=java.base/java.util.concurrent.atomic=ALL-UNNAMED -XX:MaxMetaspaceSize=384m -XX:+HeapDumpOnOutOfMemoryError -Xms256m -Xmx512m -Dfile.encoding=UTF-8 -Duser.country=KR -Duser.language=ko -Duser.variant -javaagent:C:\Users\pc\.gradle\wrapper\dists\gradle-8.5-bin\5t9huq95ubn472n8rpzujfbqh\gradle-8.5\lib\agents\gradle-instrumentation-agent-8.5.jar org.gradle.launcher.daemon.bootstrap.GradleDaemon 8.5

Host: Intel(R) Core(TM) i7-1065G7 CPU @ 1.30GHz, 8 cores, 7G,  Windows 11 , 64 bit Build 22621 (10.0.22621.3235)
Time: Sun Mar 24 13:51:45 2024  Windows 11 , 64 bit Build 22621 (10.0.22621.3235) elapsed time: 420.229876 seconds (0d 0h 7m 0s)

---------------  T H R E A D  ---------------

Current thread (0x000001a7f060b650):  JavaThread "C2 CompilerThread0" daemon [_thread_in_native, id=19448, stack(0x0000002b10f00000,0x0000002b11000000)]


Current CompileTask:
C2: 420230 4537       4       groovy.lang.MetaClassImpl$1MOPIter::methodNameAction (325 bytes)

Stack: [0x0000002b10f00000,0x0000002b11000000]
Native frames: (J=compiled Java code, j=interpreted, Vv=VM code, C=native code)
V  [jvm.dll+0x67720a]
V  [jvm.dll+0x832514]
V  [jvm.dll+0x833cbe]
V  [jvm.dll+0x834323]
V  [jvm.dll+0x245815]
V  [jvm.dll+0xabf1b]
V  [jvm.dll+0xac4ac]
V  [jvm.dll+0xac02b]
V  [jvm.dll+0x6548ac]
V  [jvm.dll+0xa35b6]
V  [jvm.dll+0x68bf85]
V  [jvm.dll+0x68f475]
V  [jvm.dll+0x68766b]
V  [jvm.dll+0x686ca7]
V  [jvm.dll+0x684ba2]
V  [jvm.dll+0x1a717c]
V  [jvm.dll+0x1a7d46]
V  [jvm.dll+0x2abc34]
V  [jvm.dll+0x68f66b]
V  [jvm.dll+0x68766b]
V  [jvm.dll+0x686ca7]
V  [jvm.dll+0x684ba2]
V  [jvm.dll+0x1a717c]
V  [jvm.dll+0x1a7d46]
V  [jvm.dll+0x2abc34]
V  [jvm.dll+0x68f66b]
V  [jvm.dll+0x68766b]
V  [jvm.dll+0x686ca7]
V  [jvm.dll+0x684ba2]
V  [jvm.dll+0x1a717c]
V  [jvm.dll+0x217758]
V  [jvm.dll+0x1a400d]
V  [jvm.dll+0x227508]
V  [jvm.dll+0x22565c]
V  [jvm.dll+0x7e7d5c]
V  [jvm.dll+0x7e230a]
V  [jvm.dll+0x676095]
C  [ucrtbase.dll+0x29363]
C  [KERNEL32.DLL+0x1257d]
C  [ntdll.dll+0x5aa58]


---------------  P R O C E S S  ---------------

Threads class SMR info:
_java_thread_list=0x000001a7f233e700, length=40, elements={
0x000001a7d5ac4f50, 0x000001a7f05e9e30, 0x000001a7f05ea7e0, 0x000001a7f0619940,
0x000001a7f06084c0, 0x000001a7f0608d80, 0x000001a7f0609640, 0x000001a7f060b650,
0x000001a7f060c040, 0x000001a7f060d950, 0x000001a7f065e910, 0x000001a7f1104b50,
0x000001a7f313d1b0, 0x000001a7f1e92060, 0x000001a7f2b0be60, 0x000001a7f2be7860,
0x000001a7f2646030, 0x000001a7f1f978f0, 0x000001a7f14a6db0, 0x000001a7f133d010,
0x000001a7f1073c90, 0x000001a7f1074160, 0x000001a7f10707a0, 0x000001a7f10732f0,
0x000001a7f1070c70, 0x000001a7f1071610, 0x000001a7f1071140, 0x000001a7f1071ae0,
0x000001a7f1072950, 0x000001a7f1071fb0, 0x000001a7f3214a30, 0x000001a7f32106d0,
0x000001a7f3210ba0, 0x000001a7f320fd30, 0x000001a7f320f860, 0x000001a7f320f390,
0x000001a7f3213bc0, 0x000001a7f3211540, 0x000001a7f32123b0, 0x000001a7f3212880
}

Java Threads: ( => current thread )
  0x000001a7d5ac4f50 JavaThread "main" [_thread_blocked, id=35732, stack(0x0000002b10200000,0x0000002b10300000)]
  0x000001a7f05e9e30 JavaThread "Reference Handler" daemon [_thread_blocked, id=38440, stack(0x0000002b10900000,0x0000002b10a00000)]
  0x000001a7f05ea7e0 JavaThread "Finalizer" daemon [_thread_blocked, id=19340, stack(0x0000002b10a00000,0x0000002b10b00000)]
  0x000001a7f0619940 JavaThread "Signal Dispatcher" daemon [_thread_blocked, id=25496, stack(0x0000002b10b00000,0x0000002b10c00000)]
  0x000001a7f06084c0 JavaThread "Attach Listener" daemon [_thread_blocked, id=28248, stack(0x0000002b10c00000,0x0000002b10d00000)]
  0x000001a7f0608d80 JavaThread "Service Thread" daemon [_thread_blocked, id=31600, stack(0x0000002b10d00000,0x0000002b10e00000)]
  0x000001a7f0609640 JavaThread "Monitor Deflation Thread" daemon [_thread_blocked, id=31768, stack(0x0000002b10e00000,0x0000002b10f00000)]
=>0x000001a7f060b650 JavaThread "C2 CompilerThread0" daemon [_thread_in_native, id=19448, stack(0x0000002b10f00000,0x0000002b11000000)]
  0x000001a7f060c040 JavaThread "C1 CompilerThread0" daemon [_thread_blocked, id=23988, stack(0x0000002b11000000,0x0000002b11100000)]
  0x000001a7f060d950 JavaThread "Sweeper thread" daemon [_thread_blocked, id=31576, stack(0x0000002b11100000,0x0000002b11200000)]
  0x000001a7f065e910 JavaThread "Common-Cleaner" daemon [_thread_blocked, id=5696, stack(0x0000002b11200000,0x0000002b11300000)]
  0x000001a7f1104b50 JavaThread "Notification Thread" daemon [_thread_blocked, id=13332, stack(0x0000002b11300000,0x0000002b11400000)]
  0x000001a7f313d1b0 JavaThread "Daemon health stats" [_thread_blocked, id=7700, stack(0x0000002b11a00000,0x0000002b11b00000)]
  0x000001a7f1e92060 JavaThread "Incoming local TCP Connector on port 30041" [_thread_in_native, id=19548, stack(0x0000002b11b00000,0x0000002b11c00000)]
  0x000001a7f2b0be60 JavaThread "Daemon periodic checks" [_thread_blocked, id=10784, stack(0x0000002b11c00000,0x0000002b11d00000)]
  0x000001a7f2be7860 JavaThread "Daemon" [_thread_blocked, id=41048, stack(0x0000002b11d00000,0x0000002b11e00000)]
  0x000001a7f2646030 JavaThread "Handler for socket connection from /127.0.0.1:30041 to /127.0.0.1:30042" [_thread_in_native, id=41868, stack(0x0000002b11e00000,0x0000002b11f00000)]
  0x000001a7f1f978f0 JavaThread "Cancel handler" [_thread_blocked, id=9612, stack(0x0000002b11f00000,0x0000002b12000000)]
  0x000001a7f14a6db0 JavaThread "Daemon worker" [_thread_in_vm, id=24264, stack(0x0000002b12000000,0x0000002b12100000)] _threads_hazard_ptr=0x000001a7f233e700
  0x000001a7f133d010 JavaThread "Asynchronous log dispatcher for DefaultDaemonConnection: socket connection from /127.0.0.1:30041 to /127.0.0.1:30042" [_thread_blocked, id=32220, stack(0x0000002b12100000,0x0000002b12200000)]
  0x000001a7f1073c90 JavaThread "Stdin handler" [_thread_blocked, id=23632, stack(0x0000002b12200000,0x0000002b12300000)]
  0x000001a7f1074160 JavaThread "Daemon client event forwarder" [_thread_blocked, id=30736, stack(0x0000002b12300000,0x0000002b12400000)]
  0x000001a7f10707a0 JavaThread "Cache worker for journal cache (C:\Users\pc\.gradle\caches\journal-1)" [_thread_blocked, id=15088, stack(0x0000002b12400000,0x0000002b12500000)]
  0x000001a7f10732f0 JavaThread "File lock request listener" [_thread_in_native, id=18396, stack(0x0000002b12500000,0x0000002b12600000)]
  0x000001a7f1070c70 JavaThread "Cache worker for file hash cache (C:\Users\pc\.gradle\caches\8.5\fileHashes)" [_thread_blocked, id=28240, stack(0x0000002b12700000,0x0000002b12800000)]
  0x000001a7f1071610 JavaThread "File watcher server" daemon [_thread_in_native, id=20408, stack(0x0000002b12a00000,0x0000002b12b00000)]
  0x000001a7f1071140 JavaThread "File watcher consumer" daemon [_thread_blocked, id=16204, stack(0x0000002b12b00000,0x0000002b12c00000)]
  0x000001a7f1071ae0 JavaThread "Cache worker for checksums cache (C:\Users\pc\Desktop\HW BEYOND SW\Plrecipe\plrecipe_member\.gradle\8.5\checksums)" [_thread_blocked, id=30424, stack(0x0000002b12f00000,0x0000002b13000000)]
  0x000001a7f1072950 JavaThread "Cache worker for file hash cache (C:\Users\pc\Desktop\HW BEYOND SW\Plrecipe\plrecipe_member\.gradle\8.5\fileHashes)" [_thread_blocked, id=38200, stack(0x0000002b13000000,0x0000002b13100000)]
  0x000001a7f1071fb0 JavaThread "Cache worker for cache directory md-supplier (C:\Users\pc\.gradle\caches\8.5\md-supplier)" [_thread_blocked, id=41976, stack(0x0000002b13100000,0x0000002b13200000)]
  0x000001a7f3214a30 JavaThread "Cache worker for cache directory md-rule (C:\Users\pc\.gradle\caches\8.5\md-rule)" [_thread_blocked, id=40448, stack(0x0000002b13200000,0x0000002b13300000)]
  0x000001a7f32106d0 JavaThread "Cache worker for file content cache (C:\Users\pc\.gradle\caches\8.5\fileContent)" [_thread_blocked, id=29512, stack(0x0000002b13300000,0x0000002b13400000)]
  0x000001a7f3210ba0 JavaThread "Cache worker for execution history cache (C:\Users\pc\.gradle\caches\8.5\executionHistory)" [_thread_blocked, id=38616, stack(0x0000002b13400000,0x0000002b13500000)]
  0x000001a7f320fd30 JavaThread "jar transforms" [_thread_blocked, id=38716, stack(0x0000002b0ff00000,0x0000002b10000000)]
  0x000001a7f320f860 JavaThread "jar transforms Thread 2" [_thread_blocked, id=39284, stack(0x0000002b10100000,0x0000002b10200000)]
  0x000001a7f320f390 JavaThread "jar transforms Thread 3" [_thread_blocked, id=25960, stack(0x0000002b12900000,0x0000002b12a00000)]
  0x000001a7f3213bc0 JavaThread "File lock release action executor Thread 4" [_thread_blocked, id=17336, stack(0x0000002b10000000,0x0000002b10100000)]
  0x000001a7f3211540 JavaThread "jar transforms Thread 4" [_thread_blocked, id=22620, stack(0x0000002b12600000,0x0000002b12700000)]
  0x000001a7f32123b0 JavaThread "jar transforms Thread 5" [_thread_blocked, id=16440, stack(0x0000002b13c00000,0x0000002b13d00000)]
  0x000001a7f3212880 JavaThread "jar transforms Thread 6" [_thread_blocked, id=20092, stack(0x0000002b12800000,0x0000002b12900000)]

Other Threads:
  0x000001a7f05e45a0 VMThread "VM Thread" [stack: 0x0000002b10800000,0x0000002b10900000] [id=2828]
  0x000001a7d5ac7ae0 WatcherThread [stack: 0x0000002b11400000,0x0000002b11500000] [id=10336]
  0x000001a7d5af6800 GCTaskThread "GC Thread#0" [stack: 0x0000002b10300000,0x0000002b10400000] [id=31408]
  0x000001a7f1500510 GCTaskThread "GC Thread#1" [stack: 0x0000002b11500000,0x0000002b11600000] [id=30128]
  0x000001a7f1d02bb0 GCTaskThread "GC Thread#2" [stack: 0x0000002b11600000,0x0000002b11700000] [id=11692]
  0x000001a7f1d02e60 GCTaskThread "GC Thread#3" [stack: 0x0000002b11700000,0x0000002b11800000] [id=32892]
  0x000001a7f1d03110 GCTaskThread "GC Thread#4" [stack: 0x0000002b11800000,0x0000002b11900000] [id=8256]
  0x000001a7f12766a0 GCTaskThread "GC Thread#5" [stack: 0x0000002b11900000,0x0000002b11a00000] [id=33516]
  0x000001a7f26d7ba0 GCTaskThread "GC Thread#6" [stack: 0x0000002b12c00000,0x0000002b12d00000] [id=18284]
  0x000001a7f26d78f0 GCTaskThread "GC Thread#7" [stack: 0x0000002b12d00000,0x0000002b12e00000] [id=33116]
  0x000001a7d5afb640 ConcurrentGCThread "G1 Main Marker" [stack: 0x0000002b10400000,0x0000002b10500000] [id=26292]
  0x000001a7d5afbf50 ConcurrentGCThread "G1 Conc#0" [stack: 0x0000002b10500000,0x0000002b10600000] [id=22732]
  0x000001a7f26d8100 ConcurrentGCThread "G1 Conc#1" [stack: 0x0000002b12e00000,0x0000002b12f00000] [id=33368]
  0x000001a7d5b8cff0 ConcurrentGCThread "G1 Refine#0" [stack: 0x0000002b10600000,0x0000002b10700000] [id=29208]
  0x000001a7f39ff460 ConcurrentGCThread "G1 Refine#1" [stack: 0x0000002b13500000,0x0000002b13600000] [id=41208]
  0x000001a7f39fda80 ConcurrentGCThread "G1 Refine#2" [stack: 0x0000002b13600000,0x0000002b13700000] [id=4104]
  0x000001a7f39fe320 ConcurrentGCThread "G1 Refine#3" [stack: 0x0000002b13700000,0x0000002b13800000] [id=7016]
  0x000001a7f39fe8e0 ConcurrentGCThread "G1 Refine#4" [stack: 0x0000002b13800000,0x0000002b13900000] [id=28944]
  0x000001a7f39febc0 ConcurrentGCThread "G1 Refine#5" [stack: 0x0000002b13900000,0x0000002b13a00000] [id=25204]
  0x000001a7f39feea0 ConcurrentGCThread "G1 Refine#6" [stack: 0x0000002b13a00000,0x0000002b13b00000] [id=17372]
  0x000001a7f39ff180 ConcurrentGCThread "G1 Refine#7" [stack: 0x0000002b13b00000,0x0000002b13c00000] [id=25056]
  0x000001a7d5b8d910 ConcurrentGCThread "G1 Service" [stack: 0x0000002b10700000,0x0000002b10800000] [id=38852]

Threads with active compile tasks:
C2 CompilerThread0   420384 4537       4       groovy.lang.MetaClassImpl$1MOPIter::methodNameAction (325 bytes)

VM state: not at safepoint (normal execution)

VM Mutex/Monitor currently owned by a thread: None

Heap address: 0x00000000e0000000, size: 512 MB, Compressed Oops mode: 32-bit

CDS archive(s) mapped at: [0x0000000800000000-0x0000000800bc0000-0x0000000800bc0000), size 12320768, SharedBaseAddress: 0x0000000800000000, ArchiveRelocationMode: 0.
Compressed class space mapped at: 0x0000000800c00000-0x0000000814000000, reserved size: 322961408
Narrow klass base: 0x0000000800000000, Narrow klass shift: 0, Narrow klass range: 0x100000000

GC Precious Log:
 CPUs: 8 total, 8 available
 Memory: 7926M
 Large Page Support: Disabled
 NUMA Support: Disabled
 Compressed Oops: Enabled (32-bit)
 Heap Region Size: 1M
 Heap Min Capacity: 256M
 Heap Initial Capacity: 256M
 Heap Max Capacity: 512M
 Pre-touch: Disabled
 Parallel Workers: 8
 Concurrent Workers: 2
 Concurrent Refinement Workers: 8
 Periodic GC: Disabled

Heap:
 garbage-first heap   total 262144K, used 42993K [0x00000000e0000000, 0x0000000100000000)
  region size 1024K, 16 young (16384K), 1 survivors (1024K)
 Metaspace       used 34048K, committed 34432K, reserved 348160K
  class space    used 4689K, committed 4864K, reserved 315392K

Heap Regions: E=young(eden), S=young(survivor), O=old, HS=humongous(starts), HC=humongous(continues), CS=collection set, F=free, OA=open archive, CA=closed archive, TAMS=top-at-mark-start (previous, next)
|   0|0x00000000e0000000, 0x00000000e0100000, 0x00000000e0100000|100%|HS|  |TAMS 0x00000000e0100000, 0x00000000e0000000| Complete 
|   1|0x00000000e0100000, 0x00000000e0200000, 0x00000000e0200000|100%|HC|  |TAMS 0x00000000e0200000, 0x00000000e0100000| Complete 
|   2|0x00000000e0200000, 0x00000000e0300000, 0x00000000e0300000|100%|HC|  |TAMS 0x00000000e0300000, 0x00000000e0200000| Complete 
|   3|0x00000000e0300000, 0x00000000e0400000, 0x00000000e0400000|100%|HC|  |TAMS 0x00000000e0400000, 0x00000000e0300000| Complete 
|   4|0x00000000e0400000, 0x00000000e0500000, 0x00000000e0500000|100%| O|  |TAMS 0x00000000e0500000, 0x00000000e0400000| Untracked 
|   5|0x00000000e0500000, 0x00000000e0600000, 0x00000000e0600000|100%| O|  |TAMS 0x00000000e0600000, 0x00000000e0500000| Untracked 
|   6|0x00000000e0600000, 0x00000000e0700000, 0x00000000e0700000|100%| O|  |TAMS 0x00000000e0700000, 0x00000000e0600000| Untracked 
|   7|0x00000000e0700000, 0x00000000e0700000, 0x00000000e0800000|  0%| F|  |TAMS 0x00000000e0700000, 0x00000000e0700000| Untracked 
|   8|0x00000000e0800000, 0x00000000e0900000, 0x00000000e0900000|100%| O|  |TAMS 0x00000000e0900000, 0x00000000e0800000| Untracked 
|   9|0x00000000e0900000, 0x00000000e0a00000, 0x00000000e0a00000|100%| O|  |TAMS 0x00000000e0a00000, 0x00000000e0900000| Untracked 
|  10|0x00000000e0a00000, 0x00000000e0b00000, 0x00000000e0b00000|100%| O|  |TAMS 0x00000000e0a70800, 0x00000000e0a00000| Untracked 
|  11|0x00000000e0b00000, 0x00000000e0c00000, 0x00000000e0c00000|100%| O|  |TAMS 0x00000000e0b00000, 0x00000000e0b00000| Untracked 
|  12|0x00000000e0c00000, 0x00000000e0d00000, 0x00000000e0d00000|100%| O|  |TAMS 0x00000000e0c00000, 0x00000000e0c00000| Untracked 
|  13|0x00000000e0d00000, 0x00000000e0e00000, 0x00000000e0e00000|100%| O|  |TAMS 0x00000000e0d00000, 0x00000000e0d00000| Untracked 
|  14|0x00000000e0e00000, 0x00000000e0f00000, 0x00000000e0f00000|100%| O|  |TAMS 0x00000000e0e00000, 0x00000000e0e00000| Untracked 
|  15|0x00000000e0f00000, 0x00000000e1000000, 0x00000000e1000000|100%| O|  |TAMS 0x00000000e0f00000, 0x00000000e0f00000| Untracked 
|  16|0x00000000e1000000, 0x00000000e1100000, 0x00000000e1100000|100%| O|  |TAMS 0x00000000e1000000, 0x00000000e1000000| Untracked 
|  17|0x00000000e1100000, 0x00000000e1200000, 0x00000000e1200000|100%| O|  |TAMS 0x00000000e1100000, 0x00000000e1100000| Untracked 
|  18|0x00000000e1200000, 0x00000000e1300000, 0x00000000e1300000|100%| O|  |TAMS 0x00000000e1200000, 0x00000000e1200000| Untracked 
|  19|0x00000000e1300000, 0x00000000e1400000, 0x00000000e1400000|100%| O|  |TAMS 0x00000000e1300000, 0x00000000e1300000| Untracked 
|  20|0x00000000e1400000, 0x00000000e1500000, 0x00000000e1500000|100%| O|  |TAMS 0x00000000e1400000, 0x00000000e1400000| Untracked 
|  21|0x00000000e1500000, 0x00000000e1600000, 0x00000000e1600000|100%| O|  |TAMS 0x00000000e1500000, 0x00000000e1500000| Untracked 
|  22|0x00000000e1600000, 0x00000000e1700000, 0x00000000e1700000|100%| O|  |TAMS 0x00000000e1600000, 0x00000000e1600000| Untracked 
|  23|0x00000000e1700000, 0x00000000e1800000, 0x00000000e1800000|100%| O|  |TAMS 0x00000000e1700000, 0x00000000e1700000| Untracked 
|  24|0x00000000e1800000, 0x00000000e1900000, 0x00000000e1900000|100%| O|  |TAMS 0x00000000e1800000, 0x00000000e1800000| Untracked 
|  25|0x00000000e1900000, 0x00000000e1a00000, 0x00000000e1a00000|100%| O|  |TAMS 0x00000000e1900000, 0x00000000e1900000| Untracked 
|  26|0x00000000e1a00000, 0x00000000e1b00000, 0x00000000e1b00000|100%| O|  |TAMS 0x00000000e1a00000, 0x00000000e1a00000| Untracked 
|  27|0x00000000e1b00000, 0x00000000e1c00000, 0x00000000e1c00000|100%| O|  |TAMS 0x00000000e1b00000, 0x00000000e1b00000| Untracked 
|  28|0x00000000e1c00000, 0x00000000e1cfc600, 0x00000000e1d00000| 98%| O|  |TAMS 0x00000000e1c00000, 0x00000000e1c00000| Untracked 
|  29|0x00000000e1d00000, 0x00000000e1d00000, 0x00000000e1e00000|  0%| F|  |TAMS 0x00000000e1d00000, 0x00000000e1d00000| Untracked 
|  30|0x00000000e1e00000, 0x00000000e1e00000, 0x00000000e1f00000|  0%| F|  |TAMS 0x00000000e1e00000, 0x00000000e1e00000| Untracked 
|  31|0x00000000e1f00000, 0x00000000e1f00000, 0x00000000e2000000|  0%| F|  |TAMS 0x00000000e1f00000, 0x00000000e1f00000| Untracked 
|  32|0x00000000e2000000, 0x00000000e2000000, 0x00000000e2100000|  0%| F|  |TAMS 0x00000000e2000000, 0x00000000e2000000| Untracked 
|  33|0x00000000e2100000, 0x00000000e2100000, 0x00000000e2200000|  0%| F|  |TAMS 0x00000000e2100000, 0x00000000e2100000| Untracked 
|  34|0x00000000e2200000, 0x00000000e2200000, 0x00000000e2300000|  0%| F|  |TAMS 0x00000000e2200000, 0x00000000e2200000| Untracked 
|  35|0x00000000e2300000, 0x00000000e2300000, 0x00000000e2400000|  0%| F|  |TAMS 0x00000000e2300000, 0x00000000e2300000| Untracked 
|  36|0x00000000e2400000, 0x00000000e2400000, 0x00000000e2500000|  0%| F|  |TAMS 0x00000000e2400000, 0x00000000e2400000| Untracked 
|  37|0x00000000e2500000, 0x00000000e2500000, 0x00000000e2600000|  0%| F|  |TAMS 0x00000000e2500000, 0x00000000e2500000| Untracked 
|  38|0x00000000e2600000, 0x00000000e2600000, 0x00000000e2700000|  0%| F|  |TAMS 0x00000000e2600000, 0x00000000e2600000| Untracked 
|  39|0x00000000e2700000, 0x00000000e2700000, 0x00000000e2800000|  0%| F|  |TAMS 0x00000000e2700000, 0x00000000e2700000| Untracked 
|  40|0x00000000e2800000, 0x00000000e2800000, 0x00000000e2900000|  0%| F|  |TAMS 0x00000000e2800000, 0x00000000e2800000| Untracked 
|  41|0x00000000e2900000, 0x00000000e2900000, 0x00000000e2a00000|  0%| F|  |TAMS 0x00000000e2900000, 0x00000000e2900000| Untracked 
|  42|0x00000000e2a00000, 0x00000000e2a00000, 0x00000000e2b00000|  0%| F|  |TAMS 0x00000000e2a00000, 0x00000000e2a00000| Untracked 
|  43|0x00000000e2b00000, 0x00000000e2b00000, 0x00000000e2c00000|  0%| F|  |TAMS 0x00000000e2b00000, 0x00000000e2b00000| Untracked 
|  44|0x00000000e2c00000, 0x00000000e2c00000, 0x00000000e2d00000|  0%| F|  |TAMS 0x00000000e2c00000, 0x00000000e2c00000| Untracked 
|  45|0x00000000e2d00000, 0x00000000e2d00000, 0x00000000e2e00000|  0%| F|  |TAMS 0x00000000e2d00000, 0x00000000e2d00000| Untracked 
|  46|0x00000000e2e00000, 0x00000000e2e00000, 0x00000000e2f00000|  0%| F|  |TAMS 0x00000000e2e00000, 0x00000000e2e00000| Untracked 
|  47|0x00000000e2f00000, 0x00000000e2f00000, 0x00000000e3000000|  0%| F|  |TAMS 0x00000000e2f00000, 0x00000000e2f00000| Untracked 
|  48|0x00000000e3000000, 0x00000000e3000000, 0x00000000e3100000|  0%| F|  |TAMS 0x00000000e3000000, 0x00000000e3000000| Untracked 
|  49|0x00000000e3100000, 0x00000000e3100000, 0x00000000e3200000|  0%| F|  |TAMS 0x00000000e3100000, 0x00000000e3100000| Untracked 
|  50|0x00000000e3200000, 0x00000000e3200000, 0x00000000e3300000|  0%| F|  |TAMS 0x00000000e3200000, 0x00000000e3200000| Untracked 
|  51|0x00000000e3300000, 0x00000000e3300000, 0x00000000e3400000|  0%| F|  |TAMS 0x00000000e3300000, 0x00000000e3300000| Untracked 
|  52|0x00000000e3400000, 0x00000000e3400000, 0x00000000e3500000|  0%| F|  |TAMS 0x00000000e3400000, 0x00000000e3400000| Untracked 
|  53|0x00000000e3500000, 0x00000000e3500000, 0x00000000e3600000|  0%| F|  |TAMS 0x00000000e3500000, 0x00000000e3500000| Untracked 
|  54|0x00000000e3600000, 0x00000000e3600000, 0x00000000e3700000|  0%| F|  |TAMS 0x00000000e3600000, 0x00000000e3600000| Untracked 
|  55|0x00000000e3700000, 0x00000000e3700000, 0x00000000e3800000|  0%| F|  |TAMS 0x00000000e3700000, 0x00000000e3700000| Untracked 
|  56|0x00000000e3800000, 0x00000000e3800000, 0x00000000e3900000|  0%| F|  |TAMS 0x00000000e3800000, 0x00000000e3800000| Untracked 
|  57|0x00000000e3900000, 0x00000000e3900000, 0x00000000e3a00000|  0%| F|  |TAMS 0x00000000e3900000, 0x00000000e3900000| Untracked 
|  58|0x00000000e3a00000, 0x00000000e3a00000, 0x00000000e3b00000|  0%| F|  |TAMS 0x00000000e3a00000, 0x00000000e3a00000| Untracked 
|  59|0x00000000e3b00000, 0x00000000e3b00000, 0x00000000e3c00000|  0%| F|  |TAMS 0x00000000e3b00000, 0x00000000e3b00000| Untracked 
|  60|0x00000000e3c00000, 0x00000000e3c00000, 0x00000000e3d00000|  0%| F|  |TAMS 0x00000000e3c00000, 0x00000000e3c00000| Untracked 
|  61|0x00000000e3d00000, 0x00000000e3d00000, 0x00000000e3e00000|  0%| F|  |TAMS 0x00000000e3d00000, 0x00000000e3d00000| Untracked 
|  62|0x00000000e3e00000, 0x00000000e3e00000, 0x00000000e3f00000|  0%| F|  |TAMS 0x00000000e3e00000, 0x00000000e3e00000| Untracked 
|  63|0x00000000e3f00000, 0x00000000e3f00000, 0x00000000e4000000|  0%| F|  |TAMS 0x00000000e3f00000, 0x00000000e3f00000| Untracked 
|  64|0x00000000e4000000, 0x00000000e4000000, 0x00000000e4100000|  0%| F|  |TAMS 0x00000000e4000000, 0x00000000e4000000| Untracked 
|  65|0x00000000e4100000, 0x00000000e4100000, 0x00000000e4200000|  0%| F|  |TAMS 0x00000000e4100000, 0x00000000e4100000| Untracked 
|  66|0x00000000e4200000, 0x00000000e4200000, 0x00000000e4300000|  0%| F|  |TAMS 0x00000000e4200000, 0x00000000e4200000| Untracked 
|  67|0x00000000e4300000, 0x00000000e4300000, 0x00000000e4400000|  0%| F|  |TAMS 0x00000000e4300000, 0x00000000e4300000| Untracked 
|  68|0x00000000e4400000, 0x00000000e4400000, 0x00000000e4500000|  0%| F|  |TAMS 0x00000000e4400000, 0x00000000e4400000| Untracked 
|  69|0x00000000e4500000, 0x00000000e4500000, 0x00000000e4600000|  0%| F|  |TAMS 0x00000000e4500000, 0x00000000e4500000| Untracked 
|  70|0x00000000e4600000, 0x00000000e4600000, 0x00000000e4700000|  0%| F|  |TAMS 0x00000000e4600000, 0x00000000e4600000| Untracked 
|  71|0x00000000e4700000, 0x00000000e4700000, 0x00000000e4800000|  0%| F|  |TAMS 0x00000000e4700000, 0x00000000e4700000| Untracked 
|  72|0x00000000e4800000, 0x00000000e4800000, 0x00000000e4900000|  0%| F|  |TAMS 0x00000000e4800000, 0x00000000e4800000| Untracked 
|  73|0x00000000e4900000, 0x00000000e4900000, 0x00000000e4a00000|  0%| F|  |TAMS 0x00000000e4900000, 0x00000000e4900000| Untracked 
|  74|0x00000000e4a00000, 0x00000000e4a00000, 0x00000000e4b00000|  0%| F|  |TAMS 0x00000000e4a00000, 0x00000000e4a00000| Untracked 
|  75|0x00000000e4b00000, 0x00000000e4b00000, 0x00000000e4c00000|  0%| F|  |TAMS 0x00000000e4b00000, 0x00000000e4b00000| Untracked 
|  76|0x00000000e4c00000, 0x00000000e4c00000, 0x00000000e4d00000|  0%| F|  |TAMS 0x00000000e4c00000, 0x00000000e4c00000| Untracked 
|  77|0x00000000e4d00000, 0x00000000e4d00000, 0x00000000e4e00000|  0%| F|  |TAMS 0x00000000e4d00000, 0x00000000e4d00000| Untracked 
|  78|0x00000000e4e00000, 0x00000000e4e00000, 0x00000000e4f00000|  0%| F|  |TAMS 0x00000000e4e00000, 0x00000000e4e00000| Untracked 
|  79|0x00000000e4f00000, 0x00000000e4f00000, 0x00000000e5000000|  0%| F|  |TAMS 0x00000000e4f00000, 0x00000000e4f00000| Untracked 
|  80|0x00000000e5000000, 0x00000000e5000000, 0x00000000e5100000|  0%| F|  |TAMS 0x00000000e5000000, 0x00000000e5000000| Untracked 
|  81|0x00000000e5100000, 0x00000000e5100000, 0x00000000e5200000|  0%| F|  |TAMS 0x00000000e5100000, 0x00000000e5100000| Untracked 
|  82|0x00000000e5200000, 0x00000000e5200000, 0x00000000e5300000|  0%| F|  |TAMS 0x00000000e5200000, 0x00000000e5200000| Untracked 
|  83|0x00000000e5300000, 0x00000000e5300000, 0x00000000e5400000|  0%| F|  |TAMS 0x00000000e5300000, 0x00000000e5300000| Untracked 
|  84|0x00000000e5400000, 0x00000000e5400000, 0x00000000e5500000|  0%| F|  |TAMS 0x00000000e5400000, 0x00000000e5400000| Untracked 
|  85|0x00000000e5500000, 0x00000000e5500000, 0x00000000e5600000|  0%| F|  |TAMS 0x00000000e5500000, 0x00000000e5500000| Untracked 
|  86|0x00000000e5600000, 0x00000000e5600000, 0x00000000e5700000|  0%| F|  |TAMS 0x00000000e5600000, 0x00000000e5600000| Untracked 
|  87|0x00000000e5700000, 0x00000000e5700000, 0x00000000e5800000|  0%| F|  |TAMS 0x00000000e5700000, 0x00000000e5700000| Untracked 
|  88|0x00000000e5800000, 0x00000000e5800000, 0x00000000e5900000|  0%| F|  |TAMS 0x00000000e5800000, 0x00000000e5800000| Untracked 
|  89|0x00000000e5900000, 0x00000000e5900000, 0x00000000e5a00000|  0%| F|  |TAMS 0x00000000e5900000, 0x00000000e5900000| Untracked 
|  90|0x00000000e5a00000, 0x00000000e5a00000, 0x00000000e5b00000|  0%| F|  |TAMS 0x00000000e5a00000, 0x00000000e5a00000| Untracked 
|  91|0x00000000e5b00000, 0x00000000e5b00000, 0x00000000e5c00000|  0%| F|  |TAMS 0x00000000e5b00000, 0x00000000e5b00000| Untracked 
|  92|0x00000000e5c00000, 0x00000000e5c00000, 0x00000000e5d00000|  0%| F|  |TAMS 0x00000000e5c00000, 0x00000000e5c00000| Untracked 
|  93|0x00000000e5d00000, 0x00000000e5d00000, 0x00000000e5e00000|  0%| F|  |TAMS 0x00000000e5d00000, 0x00000000e5d00000| Untracked 
|  94|0x00000000e5e00000, 0x00000000e5e00000, 0x00000000e5f00000|  0%| F|  |TAMS 0x00000000e5e00000, 0x00000000e5e00000| Untracked 
|  95|0x00000000e5f00000, 0x00000000e5f00000, 0x00000000e6000000|  0%| F|  |TAMS 0x00000000e5f00000, 0x00000000e5f00000| Untracked 
|  96|0x00000000e6000000, 0x00000000e6000000, 0x00000000e6100000|  0%| F|  |TAMS 0x00000000e6000000, 0x00000000e6000000| Untracked 
|  97|0x00000000e6100000, 0x00000000e6100000, 0x00000000e6200000|  0%| F|  |TAMS 0x00000000e6100000, 0x00000000e6100000| Untracked 
|  98|0x00000000e6200000, 0x00000000e6200000, 0x00000000e6300000|  0%| F|  |TAMS 0x00000000e6200000, 0x00000000e6200000| Untracked 
|  99|0x00000000e6300000, 0x00000000e6300000, 0x00000000e6400000|  0%| F|  |TAMS 0x00000000e6300000, 0x00000000e6300000| Untracked 
| 100|0x00000000e6400000, 0x00000000e6400000, 0x00000000e6500000|  0%| F|  |TAMS 0x00000000e6400000, 0x00000000e6400000| Untracked 
| 101|0x00000000e6500000, 0x00000000e6500000, 0x00000000e6600000|  0%| F|  |TAMS 0x00000000e6500000, 0x00000000e6500000| Untracked 
| 102|0x00000000e6600000, 0x00000000e6600000, 0x00000000e6700000|  0%| F|  |TAMS 0x00000000e6600000, 0x00000000e6600000| Untracked 
| 103|0x00000000e6700000, 0x00000000e6700000, 0x00000000e6800000|  0%| F|  |TAMS 0x00000000e6700000, 0x00000000e6700000| Untracked 
| 104|0x00000000e6800000, 0x00000000e6800000, 0x00000000e6900000|  0%| F|  |TAMS 0x00000000e6800000, 0x00000000e6800000| Untracked 
| 105|0x00000000e6900000, 0x00000000e6900000, 0x00000000e6a00000|  0%| F|  |TAMS 0x00000000e6900000, 0x00000000e6900000| Untracked 
| 106|0x00000000e6a00000, 0x00000000e6a00000, 0x00000000e6b00000|  0%| F|  |TAMS 0x00000000e6a00000, 0x00000000e6a00000| Untracked 
| 107|0x00000000e6b00000, 0x00000000e6b00000, 0x00000000e6c00000|  0%| F|  |TAMS 0x00000000e6b00000, 0x00000000e6b00000| Untracked 
| 108|0x00000000e6c00000, 0x00000000e6c00000, 0x00000000e6d00000|  0%| F|  |TAMS 0x00000000e6c00000, 0x00000000e6c00000| Untracked 
| 109|0x00000000e6d00000, 0x00000000e6d00000, 0x00000000e6e00000|  0%| F|  |TAMS 0x00000000e6d00000, 0x00000000e6d00000| Untracked 
| 110|0x00000000e6e00000, 0x00000000e6e00000, 0x00000000e6f00000|  0%| F|  |TAMS 0x00000000e6e00000, 0x00000000e6e00000| Untracked 
| 111|0x00000000e6f00000, 0x00000000e6f00000, 0x00000000e7000000|  0%| F|  |TAMS 0x00000000e6f00000, 0x00000000e6f00000| Untracked 
| 112|0x00000000e7000000, 0x00000000e7000000, 0x00000000e7100000|  0%| F|  |TAMS 0x00000000e7000000, 0x00000000e7000000| Untracked 
| 113|0x00000000e7100000, 0x00000000e7100000, 0x00000000e7200000|  0%| F|  |TAMS 0x00000000e7100000, 0x00000000e7100000| Untracked 
| 114|0x00000000e7200000, 0x00000000e7200000, 0x00000000e7300000|  0%| F|  |TAMS 0x00000000e7200000, 0x00000000e7200000| Untracked 
| 115|0x00000000e7300000, 0x00000000e7300000, 0x00000000e7400000|  0%| F|  |TAMS 0x00000000e7300000, 0x00000000e7300000| Untracked 
| 116|0x00000000e7400000, 0x00000000e7400000, 0x00000000e7500000|  0%| F|  |TAMS 0x00000000e7400000, 0x00000000e7400000| Untracked 
| 117|0x00000000e7500000, 0x00000000e7500000, 0x00000000e7600000|  0%| F|  |TAMS 0x00000000e7500000, 0x00000000e7500000| Untracked 
| 118|0x00000000e7600000, 0x00000000e7600000, 0x00000000e7700000|  0%| F|  |TAMS 0x00000000e7600000, 0x00000000e7600000| Untracked 
| 119|0x00000000e7700000, 0x00000000e7700000, 0x00000000e7800000|  0%| F|  |TAMS 0x00000000e7700000, 0x00000000e7700000| Untracked 
| 120|0x00000000e7800000, 0x00000000e7800000, 0x00000000e7900000|  0%| F|  |TAMS 0x00000000e7800000, 0x00000000e7800000| Untracked 
| 121|0x00000000e7900000, 0x00000000e7900000, 0x00000000e7a00000|  0%| F|  |TAMS 0x00000000e7900000, 0x00000000e7900000| Untracked 
| 122|0x00000000e7a00000, 0x00000000e7a00000, 0x00000000e7b00000|  0%| F|  |TAMS 0x00000000e7a00000, 0x00000000e7a00000| Untracked 
| 123|0x00000000e7b00000, 0x00000000e7b00000, 0x00000000e7c00000|  0%| F|  |TAMS 0x00000000e7b00000, 0x00000000e7b00000| Untracked 
| 124|0x00000000e7c00000, 0x00000000e7c00000, 0x00000000e7d00000|  0%| F|  |TAMS 0x00000000e7c00000, 0x00000000e7c00000| Untracked 
| 125|0x00000000e7d00000, 0x00000000e7d00000, 0x00000000e7e00000|  0%| F|  |TAMS 0x00000000e7d00000, 0x00000000e7d00000| Untracked 
| 126|0x00000000e7e00000, 0x00000000e7e00000, 0x00000000e7f00000|  0%| F|  |TAMS 0x00000000e7e00000, 0x00000000e7e00000| Untracked 
| 127|0x00000000e7f00000, 0x00000000e7f00000, 0x00000000e8000000|  0%| F|  |TAMS 0x00000000e7f00000, 0x00000000e7f00000| Untracked 
| 128|0x00000000e8000000, 0x00000000e8000000, 0x00000000e8100000|  0%| F|  |TAMS 0x00000000e8000000, 0x00000000e8000000| Untracked 
| 129|0x00000000e8100000, 0x00000000e8100000, 0x00000000e8200000|  0%| F|  |TAMS 0x00000000e8100000, 0x00000000e8100000| Untracked 
| 130|0x00000000e8200000, 0x00000000e8200000, 0x00000000e8300000|  0%| F|  |TAMS 0x00000000e8200000, 0x00000000e8200000| Untracked 
| 131|0x00000000e8300000, 0x00000000e8300000, 0x00000000e8400000|  0%| F|  |TAMS 0x00000000e8300000, 0x00000000e8300000| Untracked 
| 132|0x00000000e8400000, 0x00000000e8400000, 0x00000000e8500000|  0%| F|  |TAMS 0x00000000e8400000, 0x00000000e8400000| Untracked 
| 133|0x00000000e8500000, 0x00000000e8500000, 0x00000000e8600000|  0%| F|  |TAMS 0x00000000e8500000, 0x00000000e8500000| Untracked 
| 134|0x00000000e8600000, 0x00000000e8600000, 0x00000000e8700000|  0%| F|  |TAMS 0x00000000e8600000, 0x00000000e8600000| Untracked 
| 135|0x00000000e8700000, 0x00000000e8700000, 0x00000000e8800000|  0%| F|  |TAMS 0x00000000e8700000, 0x00000000e8700000| Untracked 
| 136|0x00000000e8800000, 0x00000000e8800000, 0x00000000e8900000|  0%| F|  |TAMS 0x00000000e8800000, 0x00000000e8800000| Untracked 
| 137|0x00000000e8900000, 0x00000000e8900000, 0x00000000e8a00000|  0%| F|  |TAMS 0x00000000e8900000, 0x00000000e8900000| Untracked 
| 138|0x00000000e8a00000, 0x00000000e8a00000, 0x00000000e8b00000|  0%| F|  |TAMS 0x00000000e8a00000, 0x00000000e8a00000| Untracked 
| 139|0x00000000e8b00000, 0x00000000e8b00000, 0x00000000e8c00000|  0%| F|  |TAMS 0x00000000e8b00000, 0x00000000e8b00000| Untracked 
| 140|0x00000000e8c00000, 0x00000000e8c00000, 0x00000000e8d00000|  0%| F|  |TAMS 0x00000000e8c00000, 0x00000000e8c00000| Untracked 
| 141|0x00000000e8d00000, 0x00000000e8d00000, 0x00000000e8e00000|  0%| F|  |TAMS 0x00000000e8d00000, 0x00000000e8d00000| Untracked 
| 142|0x00000000e8e00000, 0x00000000e8e00000, 0x00000000e8f00000|  0%| F|  |TAMS 0x00000000e8e00000, 0x00000000e8e00000| Untracked 
| 143|0x00000000e8f00000, 0x00000000e8f00000, 0x00000000e9000000|  0%| F|  |TAMS 0x00000000e8f00000, 0x00000000e8f00000| Untracked 
| 144|0x00000000e9000000, 0x00000000e9000000, 0x00000000e9100000|  0%| F|  |TAMS 0x00000000e9000000, 0x00000000e9000000| Untracked 
| 145|0x00000000e9100000, 0x00000000e9100000, 0x00000000e9200000|  0%| F|  |TAMS 0x00000000e9100000, 0x00000000e9100000| Untracked 
| 146|0x00000000e9200000, 0x00000000e9200000, 0x00000000e9300000|  0%| F|  |TAMS 0x00000000e9200000, 0x00000000e9200000| Untracked 
| 147|0x00000000e9300000, 0x00000000e9300000, 0x00000000e9400000|  0%| F|  |TAMS 0x00000000e9300000, 0x00000000e9300000| Untracked 
| 148|0x00000000e9400000, 0x00000000e9400000, 0x00000000e9500000|  0%| F|  |TAMS 0x00000000e9400000, 0x00000000e9400000| Untracked 
| 149|0x00000000e9500000, 0x00000000e9500000, 0x00000000e9600000|  0%| F|  |TAMS 0x00000000e9500000, 0x00000000e9500000| Untracked 
| 150|0x00000000e9600000, 0x00000000e9600000, 0x00000000e9700000|  0%| F|  |TAMS 0x00000000e9600000, 0x00000000e9600000| Untracked 
| 151|0x00000000e9700000, 0x00000000e9700000, 0x00000000e9800000|  0%| F|  |TAMS 0x00000000e9700000, 0x00000000e9700000| Untracked 
| 152|0x00000000e9800000, 0x00000000e9800000, 0x00000000e9900000|  0%| F|  |TAMS 0x00000000e9800000, 0x00000000e9800000| Untracked 
| 153|0x00000000e9900000, 0x00000000e9900000, 0x00000000e9a00000|  0%| F|  |TAMS 0x00000000e9900000, 0x00000000e9900000| Untracked 
| 154|0x00000000e9a00000, 0x00000000e9a00000, 0x00000000e9b00000|  0%| F|  |TAMS 0x00000000e9a00000, 0x00000000e9a00000| Untracked 
| 155|0x00000000e9b00000, 0x00000000e9b00000, 0x00000000e9c00000|  0%| F|  |TAMS 0x00000000e9b00000, 0x00000000e9b00000| Untracked 
| 156|0x00000000e9c00000, 0x00000000e9c00000, 0x00000000e9d00000|  0%| F|  |TAMS 0x00000000e9c00000, 0x00000000e9c00000| Untracked 
| 157|0x00000000e9d00000, 0x00000000e9d00000, 0x00000000e9e00000|  0%| F|  |TAMS 0x00000000e9d00000, 0x00000000e9d00000| Untracked 
| 158|0x00000000e9e00000, 0x00000000e9e00000, 0x00000000e9f00000|  0%| F|  |TAMS 0x00000000e9e00000, 0x00000000e9e00000| Untracked 
| 159|0x00000000e9f00000, 0x00000000e9f00000, 0x00000000ea000000|  0%| F|  |TAMS 0x00000000e9f00000, 0x00000000e9f00000| Untracked 
| 160|0x00000000ea000000, 0x00000000ea000000, 0x00000000ea100000|  0%| F|  |TAMS 0x00000000ea000000, 0x00000000ea000000| Untracked 
| 161|0x00000000ea100000, 0x00000000ea100000, 0x00000000ea200000|  0%| F|  |TAMS 0x00000000ea100000, 0x00000000ea100000| Untracked 
| 162|0x00000000ea200000, 0x00000000ea200000, 0x00000000ea300000|  0%| F|  |TAMS 0x00000000ea200000, 0x00000000ea200000| Untracked 
| 163|0x00000000ea300000, 0x00000000ea300000, 0x00000000ea400000|  0%| F|  |TAMS 0x00000000ea300000, 0x00000000ea300000| Untracked 
| 164|0x00000000ea400000, 0x00000000ea400000, 0x00000000ea500000|  0%| F|  |TAMS 0x00000000ea400000, 0x00000000ea400000| Untracked 
| 165|0x00000000ea500000, 0x00000000ea500000, 0x00000000ea600000|  0%| F|  |TAMS 0x00000000ea500000, 0x00000000ea500000| Untracked 
| 166|0x00000000ea600000, 0x00000000ea600000, 0x00000000ea700000|  0%| F|  |TAMS 0x00000000ea600000, 0x00000000ea600000| Untracked 
| 167|0x00000000ea700000, 0x00000000ea700000, 0x00000000ea800000|  0%| F|  |TAMS 0x00000000ea700000, 0x00000000ea700000| Untracked 
| 168|0x00000000ea800000, 0x00000000ea800000, 0x00000000ea900000|  0%| F|  |TAMS 0x00000000ea800000, 0x00000000ea800000| Untracked 
| 169|0x00000000ea900000, 0x00000000ea900000, 0x00000000eaa00000|  0%| F|  |TAMS 0x00000000ea900000, 0x00000000ea900000| Untracked 
| 170|0x00000000eaa00000, 0x00000000eaa00000, 0x00000000eab00000|  0%| F|  |TAMS 0x00000000eaa00000, 0x00000000eaa00000| Untracked 
| 171|0x00000000eab00000, 0x00000000eab00000, 0x00000000eac00000|  0%| F|  |TAMS 0x00000000eab00000, 0x00000000eab00000| Untracked 
| 172|0x00000000eac00000, 0x00000000eac00000, 0x00000000ead00000|  0%| F|  |TAMS 0x00000000eac00000, 0x00000000eac00000| Untracked 
| 173|0x00000000ead00000, 0x00000000ead00000, 0x00000000eae00000|  0%| F|  |TAMS 0x00000000ead00000, 0x00000000ead00000| Untracked 
| 174|0x00000000eae00000, 0x00000000eae00000, 0x00000000eaf00000|  0%| F|  |TAMS 0x00000000eae00000, 0x00000000eae00000| Untracked 
| 175|0x00000000eaf00000, 0x00000000eaf00000, 0x00000000eb000000|  0%| F|  |TAMS 0x00000000eaf00000, 0x00000000eaf00000| Untracked 
| 176|0x00000000eb000000, 0x00000000eb000000, 0x00000000eb100000|  0%| F|  |TAMS 0x00000000eb000000, 0x00000000eb000000| Untracked 
| 177|0x00000000eb100000, 0x00000000eb100000, 0x00000000eb200000|  0%| F|  |TAMS 0x00000000eb100000, 0x00000000eb100000| Untracked 
| 178|0x00000000eb200000, 0x00000000eb200000, 0x00000000eb300000|  0%| F|  |TAMS 0x00000000eb200000, 0x00000000eb200000| Untracked 
| 179|0x00000000eb300000, 0x00000000eb300000, 0x00000000eb400000|  0%| F|  |TAMS 0x00000000eb300000, 0x00000000eb300000| Untracked 
| 180|0x00000000eb400000, 0x00000000eb400000, 0x00000000eb500000|  0%| F|  |TAMS 0x00000000eb400000, 0x00000000eb400000| Untracked 
| 181|0x00000000eb500000, 0x00000000eb500000, 0x00000000eb600000|  0%| F|  |TAMS 0x00000000eb500000, 0x00000000eb500000| Untracked 
| 182|0x00000000eb600000, 0x00000000eb600000, 0x00000000eb700000|  0%| F|  |TAMS 0x00000000eb600000, 0x00000000eb600000| Untracked 
| 183|0x00000000eb700000, 0x00000000eb700000, 0x00000000eb800000|  0%| F|  |TAMS 0x00000000eb700000, 0x00000000eb700000| Untracked 
| 184|0x00000000eb800000, 0x00000000eb800000, 0x00000000eb900000|  0%| F|  |TAMS 0x00000000eb800000, 0x00000000eb800000| Untracked 
| 185|0x00000000eb900000, 0x00000000eb900000, 0x00000000eba00000|  0%| F|  |TAMS 0x00000000eb900000, 0x00000000eb900000| Untracked 
| 186|0x00000000eba00000, 0x00000000eba00000, 0x00000000ebb00000|  0%| F|  |TAMS 0x00000000eba00000, 0x00000000eba00000| Untracked 
| 187|0x00000000ebb00000, 0x00000000ebb00000, 0x00000000ebc00000|  0%| F|  |TAMS 0x00000000ebb00000, 0x00000000ebb00000| Untracked 
| 188|0x00000000ebc00000, 0x00000000ebc00000, 0x00000000ebd00000|  0%| F|  |TAMS 0x00000000ebc00000, 0x00000000ebc00000| Untracked 
| 189|0x00000000ebd00000, 0x00000000ebd00000, 0x00000000ebe00000|  0%| F|  |TAMS 0x00000000ebd00000, 0x00000000ebd00000| Untracked 
| 190|0x00000000ebe00000, 0x00000000ebe00000, 0x00000000ebf00000|  0%| F|  |TAMS 0x00000000ebe00000, 0x00000000ebe00000| Untracked 
| 191|0x00000000ebf00000, 0x00000000ebf00000, 0x00000000ec000000|  0%| F|  |TAMS 0x00000000ebf00000, 0x00000000ebf00000| Untracked 
| 192|0x00000000ec000000, 0x00000000ec000000, 0x00000000ec100000|  0%| F|  |TAMS 0x00000000ec000000, 0x00000000ec000000| Untracked 
| 193|0x00000000ec100000, 0x00000000ec100000, 0x00000000ec200000|  0%| F|  |TAMS 0x00000000ec100000, 0x00000000ec100000| Untracked 
| 194|0x00000000ec200000, 0x00000000ec200000, 0x00000000ec300000|  0%| F|  |TAMS 0x00000000ec200000, 0x00000000ec200000| Untracked 
| 195|0x00000000ec300000, 0x00000000ec300000, 0x00000000ec400000|  0%| F|  |TAMS 0x00000000ec300000, 0x00000000ec300000| Untracked 
| 196|0x00000000ec400000, 0x00000000ec400000, 0x00000000ec500000|  0%| F|  |TAMS 0x00000000ec400000, 0x00000000ec400000| Untracked 
| 197|0x00000000ec500000, 0x00000000ec500000, 0x00000000ec600000|  0%| F|  |TAMS 0x00000000ec500000, 0x00000000ec500000| Untracked 
| 198|0x00000000ec600000, 0x00000000ec600000, 0x00000000ec700000|  0%| F|  |TAMS 0x00000000ec600000, 0x00000000ec600000| Untracked 
| 199|0x00000000ec700000, 0x00000000ec700000, 0x00000000ec800000|  0%| F|  |TAMS 0x00000000ec700000, 0x00000000ec700000| Untracked 
| 200|0x00000000ec800000, 0x00000000ec800000, 0x00000000ec900000|  0%| F|  |TAMS 0x00000000ec800000, 0x00000000ec800000| Untracked 
| 201|0x00000000ec900000, 0x00000000ec900000, 0x00000000eca00000|  0%| F|  |TAMS 0x00000000ec900000, 0x00000000ec900000| Untracked 
| 202|0x00000000eca00000, 0x00000000eca00000, 0x00000000ecb00000|  0%| F|  |TAMS 0x00000000eca00000, 0x00000000eca00000| Untracked 
| 203|0x00000000ecb00000, 0x00000000ecb00000, 0x00000000ecc00000|  0%| F|  |TAMS 0x00000000ecb00000, 0x00000000ecb00000| Untracked 
| 204|0x00000000ecc00000, 0x00000000ecc00000, 0x00000000ecd00000|  0%| F|  |TAMS 0x00000000ecc00000, 0x00000000ecc00000| Untracked 
| 205|0x00000000ecd00000, 0x00000000ecd00000, 0x00000000ece00000|  0%| F|  |TAMS 0x00000000ecd00000, 0x00000000ecd00000| Untracked 
| 206|0x00000000ece00000, 0x00000000ece00000, 0x00000000ecf00000|  0%| F|  |TAMS 0x00000000ece00000, 0x00000000ece00000| Untracked 
| 207|0x00000000ecf00000, 0x00000000ecf00000, 0x00000000ed000000|  0%| F|  |TAMS 0x00000000ecf00000, 0x00000000ecf00000| Untracked 
| 208|0x00000000ed000000, 0x00000000ed000000, 0x00000000ed100000|  0%| F|  |TAMS 0x00000000ed000000, 0x00000000ed000000| Untracked 
| 209|0x00000000ed100000, 0x00000000ed100000, 0x00000000ed200000|  0%| F|  |TAMS 0x00000000ed100000, 0x00000000ed100000| Untracked 
| 210|0x00000000ed200000, 0x00000000ed200000, 0x00000000ed300000|  0%| F|  |TAMS 0x00000000ed200000, 0x00000000ed200000| Untracked 
| 211|0x00000000ed300000, 0x00000000ed300000, 0x00000000ed400000|  0%| F|  |TAMS 0x00000000ed300000, 0x00000000ed300000| Untracked 
| 212|0x00000000ed400000, 0x00000000ed400000, 0x00000000ed500000|  0%| F|  |TAMS 0x00000000ed400000, 0x00000000ed400000| Untracked 
| 213|0x00000000ed500000, 0x00000000ed500000, 0x00000000ed600000|  0%| F|  |TAMS 0x00000000ed500000, 0x00000000ed500000| Untracked 
| 214|0x00000000ed600000, 0x00000000ed600000, 0x00000000ed700000|  0%| F|  |TAMS 0x00000000ed600000, 0x00000000ed600000| Untracked 
| 215|0x00000000ed700000, 0x00000000ed700000, 0x00000000ed800000|  0%| F|  |TAMS 0x00000000ed700000, 0x00000000ed700000| Untracked 
| 216|0x00000000ed800000, 0x00000000ed800000, 0x00000000ed900000|  0%| F|  |TAMS 0x00000000ed800000, 0x00000000ed800000| Untracked 
| 217|0x00000000ed900000, 0x00000000ed900000, 0x00000000eda00000|  0%| F|  |TAMS 0x00000000ed900000, 0x00000000ed900000| Untracked 
| 218|0x00000000eda00000, 0x00000000eda00000, 0x00000000edb00000|  0%| F|  |TAMS 0x00000000eda00000, 0x00000000eda00000| Untracked 
| 219|0x00000000edb00000, 0x00000000edb00000, 0x00000000edc00000|  0%| F|  |TAMS 0x00000000edb00000, 0x00000000edb00000| Untracked 
| 220|0x00000000edc00000, 0x00000000edc00000, 0x00000000edd00000|  0%| F|  |TAMS 0x00000000edc00000, 0x00000000edc00000| Untracked 
| 221|0x00000000edd00000, 0x00000000edd00000, 0x00000000ede00000|  0%| F|  |TAMS 0x00000000edd00000, 0x00000000edd00000| Untracked 
| 222|0x00000000ede00000, 0x00000000ede00000, 0x00000000edf00000|  0%| F|  |TAMS 0x00000000ede00000, 0x00000000ede00000| Untracked 
| 223|0x00000000edf00000, 0x00000000edf00000, 0x00000000ee000000|  0%| F|  |TAMS 0x00000000edf00000, 0x00000000edf00000| Untracked 
| 224|0x00000000ee000000, 0x00000000ee000000, 0x00000000ee100000|  0%| F|  |TAMS 0x00000000ee000000, 0x00000000ee000000| Untracked 
| 225|0x00000000ee100000, 0x00000000ee100000, 0x00000000ee200000|  0%| F|  |TAMS 0x00000000ee100000, 0x00000000ee100000| Untracked 
| 226|0x00000000ee200000, 0x00000000ee200000, 0x00000000ee300000|  0%| F|  |TAMS 0x00000000ee200000, 0x00000000ee200000| Untracked 
| 227|0x00000000ee300000, 0x00000000ee300000, 0x00000000ee400000|  0%| F|  |TAMS 0x00000000ee300000, 0x00000000ee300000| Untracked 
| 228|0x00000000ee400000, 0x00000000ee400000, 0x00000000ee500000|  0%| F|  |TAMS 0x00000000ee400000, 0x00000000ee400000| Untracked 
| 229|0x00000000ee500000, 0x00000000ee500000, 0x00000000ee600000|  0%| F|  |TAMS 0x00000000ee500000, 0x00000000ee500000| Untracked 
| 230|0x00000000ee600000, 0x00000000ee600000, 0x00000000ee700000|  0%| F|  |TAMS 0x00000000ee600000, 0x00000000ee600000| Untracked 
| 231|0x00000000ee700000, 0x00000000ee700000, 0x00000000ee800000|  0%| F|  |TAMS 0x00000000ee700000, 0x00000000ee700000| Untracked 
| 232|0x00000000ee800000, 0x00000000ee800000, 0x00000000ee900000|  0%| F|  |TAMS 0x00000000ee800000, 0x00000000ee800000| Untracked 
| 233|0x00000000ee900000, 0x00000000ee900000, 0x00000000eea00000|  0%| F|  |TAMS 0x00000000ee900000, 0x00000000ee900000| Untracked 
| 234|0x00000000eea00000, 0x00000000eea00000, 0x00000000eeb00000|  0%| F|  |TAMS 0x00000000eea00000, 0x00000000eea00000| Untracked 
| 235|0x00000000eeb00000, 0x00000000eeb00000, 0x00000000eec00000|  0%| F|  |TAMS 0x00000000eeb00000, 0x00000000eeb00000| Untracked 
| 236|0x00000000eec00000, 0x00000000eec00000, 0x00000000eed00000|  0%| F|  |TAMS 0x00000000eec00000, 0x00000000eec00000| Untracked 
| 237|0x00000000eed00000, 0x00000000eed00000, 0x00000000eee00000|  0%| F|  |TAMS 0x00000000eed00000, 0x00000000eed00000| Untracked 
| 238|0x00000000eee00000, 0x00000000eee00000, 0x00000000eef00000|  0%| F|  |TAMS 0x00000000eee00000, 0x00000000eee00000| Untracked 
| 239|0x00000000eef00000, 0x00000000eef00000, 0x00000000ef000000|  0%| F|  |TAMS 0x00000000eef00000, 0x00000000eef00000| Untracked 
| 240|0x00000000ef000000, 0x00000000ef100000, 0x00000000ef100000|100%| E|  |TAMS 0x00000000ef000000, 0x00000000ef000000| Complete 
| 241|0x00000000ef100000, 0x00000000ef200000, 0x00000000ef200000|100%| E|CS|TAMS 0x00000000ef100000, 0x00000000ef100000| Complete 
| 242|0x00000000ef200000, 0x00000000ef300000, 0x00000000ef300000|100%| E|CS|TAMS 0x00000000ef200000, 0x00000000ef200000| Complete 
| 243|0x00000000ef300000, 0x00000000ef400000, 0x00000000ef400000|100%| E|CS|TAMS 0x00000000ef300000, 0x00000000ef300000| Complete 
| 244|0x00000000ef400000, 0x00000000ef500000, 0x00000000ef500000|100%| E|CS|TAMS 0x00000000ef400000, 0x00000000ef400000| Complete 
| 245|0x00000000ef500000, 0x00000000ef600000, 0x00000000ef600000|100%| E|CS|TAMS 0x00000000ef500000, 0x00000000ef500000| Complete 
| 246|0x00000000ef600000, 0x00000000ef700000, 0x00000000ef700000|100%| E|CS|TAMS 0x00000000ef600000, 0x00000000ef600000| Complete 
| 247|0x00000000ef700000, 0x00000000ef800000, 0x00000000ef800000|100%| E|CS|TAMS 0x00000000ef700000, 0x00000000ef700000| Complete 
| 248|0x00000000ef800000, 0x00000000ef900000, 0x00000000ef900000|100%| E|CS|TAMS 0x00000000ef800000, 0x00000000ef800000| Complete 
| 249|0x00000000ef900000, 0x00000000efa00000, 0x00000000efa00000|100%| E|CS|TAMS 0x00000000ef900000, 0x00000000ef900000| Complete 
| 250|0x00000000efa00000, 0x00000000efb00000, 0x00000000efb00000|100%| E|CS|TAMS 0x00000000efa00000, 0x00000000efa00000| Complete 
| 251|0x00000000efb00000, 0x00000000efc00000, 0x00000000efc00000|100%| S|CS|TAMS 0x00000000efb00000, 0x00000000efb00000| Complete 
| 252|0x00000000efc00000, 0x00000000efd00000, 0x00000000efd00000|100%| E|CS|TAMS 0x00000000efc00000, 0x00000000efc00000| Complete 
| 253|0x00000000efd00000, 0x00000000efe00000, 0x00000000efe00000|100%| E|CS|TAMS 0x00000000efd00000, 0x00000000efd00000| Complete 
| 254|0x00000000efe00000, 0x00000000eff00000, 0x00000000eff00000|100%| E|  |TAMS 0x00000000efe00000, 0x00000000efe00000| Complete 
| 255|0x00000000eff00000, 0x00000000f0000000, 0x00000000f0000000|100%| E|CS|TAMS 0x00000000eff00000, 0x00000000eff00000| Complete 

Card table byte_map: [0x000001a7ec9d0000,0x000001a7ecad0000] _byte_map_base: 0x000001a7ec2d0000

Marking Bits (Prev, Next): (CMBitMap*) 0x000001a7d5af6d50, (CMBitMap*) 0x000001a7d5af6d10
 Prev Bits: [0x000001a7ed3d0000, 0x000001a7edbd0000)
 Next Bits: [0x000001a7ecbd0000, 0x000001a7ed3d0000)

Polling page: 0x000001a7d5290000

Metaspace:

Usage:
  Non-class:     28.67 MB used.
      Class:      4.58 MB used.
       Both:     33.25 MB used.

Virtual space:
  Non-class space:       32.00 MB reserved,      28.88 MB ( 90%) committed,  4 nodes.
      Class space:      308.00 MB reserved,       4.75 MB (  2%) committed,  1 nodes.
             Both:      340.00 MB reserved,      33.62 MB ( 10%) committed. 

Chunk freelists:
   Non-Class:  3.07 MB
       Class:  3.29 MB
        Both:  6.36 MB

MaxMetaspaceSize: 384.00 MB
CompressedClassSpaceSize: 308.00 MB
Initial GC threshold: 21.00 MB
Current GC threshold: 35.12 MB
CDS: on
MetaspaceReclaimPolicy: balanced
 - commit_granule_bytes: 65536.
 - commit_granule_words: 8192.
 - virtual_space_node_default_size: 1048576.
 - enlarge_chunks_in_place: 1.
 - new_chunks_are_fully_committed: 0.
 - uncommit_free_chunks: 1.
 - use_allocation_guard: 0.
 - handle_deallocations: 1.


Internal statistics:

num_allocs_failed_limit: 3.
num_arena_births: 342.
num_arena_deaths: 0.
num_vsnodes_births: 5.
num_vsnodes_deaths: 0.
num_space_committed: 538.
num_space_uncommitted: 0.
num_chunks_returned_to_freelist: 3.
num_chunks_taken_from_freelist: 1549.
num_chunk_merges: 3.
num_chunk_splits: 1046.
num_chunks_enlarged: 746.
num_purges: 0.
num_inconsistent_stats: 0.

CodeHeap 'non-profiled nmethods': size=120000Kb used=2648Kb max_used=2648Kb free=117351Kb
 bounds [0x000001a7e5070000, 0x000001a7e5310000, 0x000001a7ec5a0000]
CodeHeap 'profiled nmethods': size=120000Kb used=9150Kb max_used=9150Kb free=110849Kb
 bounds [0x000001a7ddb40000, 0x000001a7de430000, 0x000001a7e5070000]
CodeHeap 'non-nmethods': size=5760Kb used=2301Kb max_used=2334Kb free=3458Kb
 bounds [0x000001a7dd5a0000, 0x000001a7dd810000, 0x000001a7ddb40000]
 total_blobs=5294 nmethods=4497 adapters=709
 compilation: enabled
              stopped_count=0, restarted_count=0
 full_count=0

Compilation events (20 events):
Event: 419.231 Thread 0x000001a7f060c040 nmethod 4528 0x000001a7de42bb10 code [0x000001a7de42bd40, 0x000001a7de42c4e8]
Event: 419.231 Thread 0x000001a7f060c040 4525       3       org.gradle.internal.instantiation.generator.AbstractClassGenerator::isPropertyType (33 bytes)
Event: 419.232 Thread 0x000001a7f060c040 nmethod 4525 0x000001a7de42c790 code [0x000001a7de42c960, 0x000001a7de42cbe8]
Event: 419.312 Thread 0x000001a7f060c040 4529       3       org.codehaus.groovy.util.SingleKeyHashMap::<init> (5 bytes)
Event: 419.315 Thread 0x000001a7f060c040 nmethod 4529 0x000001a7de42cd10 code [0x000001a7de42cec0, 0x000001a7de42d278]
Event: 419.508 Thread 0x000001a7f060c040 4530       3       org.codehaus.groovy.util.ComplexKeyHashMap::<init> (11 bytes)
Event: 419.508 Thread 0x000001a7f060c040 nmethod 4530 0x000001a7de42d390 code [0x000001a7de42d540, 0x000001a7de42d898]
Event: 419.509 Thread 0x000001a7f060c040 4531       3       org.codehaus.groovy.util.ComplexKeyHashMap::init (20 bytes)
Event: 419.509 Thread 0x000001a7f060c040 nmethod 4531 0x000001a7de42d990 code [0x000001a7de42db20, 0x000001a7de42dd58]
Event: 419.512 Thread 0x000001a7f060c040 4532       3       org.codehaus.groovy.reflection.stdclasses.CachedSAMClass::getAbstractMethods (122 bytes)
Event: 419.516 Thread 0x000001a7f060c040 nmethod 4532 0x000001a7de42de10 code [0x000001a7de42e120, 0x000001a7de42f408]
Event: 420.115 Thread 0x000001a7f060b650 4533       4       org.codehaus.groovy.runtime.metaclass.MetaMethodIndex::getOrPutMethods (184 bytes)
Event: 420.132 Thread 0x000001a7f060c040 4534       1       org.codehaus.groovy.reflection.stdclasses.ObjectCachedClass::isAssignableFrom (2 bytes)
Event: 420.132 Thread 0x000001a7f060c040 nmethod 4534 0x000001a7e5302d90 code [0x000001a7e5302f20, 0x000001a7e5302ff8]
Event: 420.152 Thread 0x000001a7f060b650 nmethod 4533 0x000001a7e5303090 code [0x000001a7e5303240, 0x000001a7e5303e88]
Event: 420.161 Thread 0x000001a7f060b650 4535       4       java.util.Arrays::binarySearch (10 bytes)
Event: 420.183 Thread 0x000001a7f060b650 nmethod 4535 0x000001a7e5304390 code [0x000001a7e5304560, 0x000001a7e5304db8]
Event: 420.184 Thread 0x000001a7f060b650 4536       4       java.util.Arrays::binarySearch0 (95 bytes)
Event: 420.200 Thread 0x000001a7f060b650 nmethod 4536 0x000001a7e5305290 code [0x000001a7e5305460, 0x000001a7e5305c98]
Event: 420.200 Thread 0x000001a7f060b650 4537       4       groovy.lang.MetaClassImpl$1MOPIter::methodNameAction (325 bytes)

GC Heap History (10 events):
Event: 11.012 GC heap before
{Heap before GC invocations=0 (full 0):
 garbage-first heap   total 262144K, used 26624K [0x00000000e0000000, 0x0000000100000000)
  region size 1024K, 23 young (23552K), 0 survivors (0K)
 Metaspace       used 3077K, committed 3200K, reserved 323584K
  class space    used 396K, committed 448K, reserved 315392K
}
Event: 11.179 GC heap after
{Heap after GC invocations=1 (full 0):
 garbage-first heap   total 262144K, used 10678K [0x00000000e0000000, 0x0000000100000000)
  region size 1024K, 3 young (3072K), 3 survivors (3072K)
 Metaspace       used 3077K, committed 3200K, reserved 323584K
  class space    used 396K, committed 448K, reserved 315392K
}
Event: 16.583 GC heap before
{Heap before GC invocations=1 (full 0):
 garbage-first heap   total 262144K, used 37302K [0x00000000e0000000, 0x0000000100000000)
  region size 1024K, 29 young (29696K), 3 survivors (3072K)
 Metaspace       used 4027K, committed 4160K, reserved 323584K
  class space    used 497K, committed 576K, reserved 315392K
}
Event: 16.588 GC heap after
{Heap after GC invocations=2 (full 0):
 garbage-first heap   total 262144K, used 11478K [0x00000000e0000000, 0x0000000100000000)
  region size 1024K, 1 young (1024K), 1 survivors (1024K)
 Metaspace       used 4027K, committed 4160K, reserved 323584K
  class space    used 497K, committed 576K, reserved 315392K
}
Event: 54.794 GC heap before
{Heap before GC invocations=2 (full 0):
 garbage-first heap   total 262144K, used 131286K [0x00000000e0000000, 0x0000000100000000)
  region size 1024K, 118 young (120832K), 1 survivors (1024K)
 Metaspace       used 21254K, committed 21504K, reserved 339968K
  class space    used 3122K, committed 3264K, reserved 315392K
}
Event: 54.960 GC heap after
{Heap after GC invocations=3 (full 0):
 garbage-first heap   total 262144K, used 22414K [0x00000000e0000000, 0x0000000100000000)
  region size 1024K, 12 young (12288K), 12 survivors (12288K)
 Metaspace       used 21254K, committed 21504K, reserved 339968K
  class space    used 3122K, committed 3264K, reserved 315392K
}
Event: 247.323 GC heap before
{Heap before GC invocations=4 (full 0):
 garbage-first heap   total 262144K, used 127886K [0x00000000e0000000, 0x0000000100000000)
  region size 1024K, 111 young (113664K), 12 survivors (12288K)
 Metaspace       used 33377K, committed 33728K, reserved 348160K
  class space    used 4588K, committed 4736K, reserved 315392K
}
Event: 247.850 GC heap after
{Heap after GC invocations=5 (full 0):
 garbage-first heap   total 262144K, used 29760K [0x00000000e0000000, 0x0000000100000000)
  region size 1024K, 8 young (8192K), 8 survivors (8192K)
 Metaspace       used 33377K, committed 33728K, reserved 348160K
  class space    used 4588K, committed 4736K, reserved 315392K
}
Event: 307.017 GC heap before
{Heap before GC invocations=5 (full 0):
 garbage-first heap   total 262144K, used 33856K [0x00000000e0000000, 0x0000000100000000)
  region size 1024K, 12 young (12288K), 8 survivors (8192K)
 Metaspace       used 33419K, committed 33728K, reserved 348160K
  class space    used 4588K, committed 4736K, reserved 315392K
}
Event: 309.333 GC heap after
{Heap after GC invocations=6 (full 0):
 garbage-first heap   total 262144K, used 29681K [0x00000000e0000000, 0x0000000100000000)
  region size 1024K, 1 young (1024K), 1 survivors (1024K)
 Metaspace       used 33419K, committed 33728K, reserved 348160K
  class space    used 4588K, committed 4736K, reserved 315392K
}

Deoptimization events (20 events):
Event: 351.833 Thread 0x000001a7f14a6db0 DEOPT PACKING pc=0x000001a7e51ae04c sp=0x0000002b120fb3c0
Event: 351.834 Thread 0x000001a7f14a6db0 DEOPT UNPACKING pc=0x000001a7dd5f5c23 sp=0x0000002b120fb3a8 mode 2
Event: 352.964 Thread 0x000001a7f14a6db0 Uncommon trap: trap_request=0xffffff45 fr.pc=0x000001a7e5107d88 relative=0x00000000000001e8
Event: 352.965 Thread 0x000001a7f14a6db0 Uncommon trap: reason=unstable_if action=reinterpret pc=0x000001a7e5107d88 method=java.net.URI.match(CJJ)Z @ 19 c2
Event: 352.972 Thread 0x000001a7f14a6db0 DEOPT PACKING pc=0x000001a7e5107d88 sp=0x0000002b120fab90
Event: 352.974 Thread 0x000001a7f14a6db0 DEOPT UNPACKING pc=0x000001a7dd5f5c23 sp=0x0000002b120faa90 mode 2
Event: 352.974 Thread 0x000001a7f14a6db0 Uncommon trap: trap_request=0xffffff45 fr.pc=0x000001a7e509a2c8 relative=0x0000000000000048
Event: 352.975 Thread 0x000001a7f14a6db0 Uncommon trap: reason=unstable_if action=reinterpret pc=0x000001a7e509a2c8 method=java.net.URI.match(CJJ)Z @ 19 c2
Event: 352.975 Thread 0x000001a7f14a6db0 DEOPT PACKING pc=0x000001a7e509a2c8 sp=0x0000002b120faad0
Event: 352.975 Thread 0x000001a7f14a6db0 DEOPT UNPACKING pc=0x000001a7dd5f5c23 sp=0x0000002b120faa80 mode 2
Event: 352.976 Thread 0x000001a7f14a6db0 Uncommon trap: trap_request=0xffffff45 fr.pc=0x000001a7e50d350c relative=0x00000000000001ec
Event: 352.982 Thread 0x000001a7f14a6db0 Uncommon trap: reason=unstable_if action=reinterpret pc=0x000001a7e50d350c method=java.net.URI.match(CJJ)Z @ 19 c2
Event: 352.982 Thread 0x000001a7f14a6db0 DEOPT PACKING pc=0x000001a7e50d350c sp=0x0000002b120faa00
Event: 352.982 Thread 0x000001a7f14a6db0 DEOPT UNPACKING pc=0x000001a7dd5f5c23 sp=0x0000002b120fa900 mode 2
Event: 355.275 Thread 0x000001a7f14a6db0 Uncommon trap: trap_request=0xffffffde fr.pc=0x000001a7e5273800 relative=0x0000000000000060
Event: 355.275 Thread 0x000001a7f14a6db0 Uncommon trap: reason=class_check action=maybe_recompile pc=0x000001a7e5273800 method=java.util.stream.StreamOpFlag.fromCharacteristics(Ljava/util/Spliterator;)I @ 14 c2
Event: 355.275 Thread 0x000001a7f14a6db0 DEOPT PACKING pc=0x000001a7e5273800 sp=0x0000002b120fa120
Event: 355.275 Thread 0x000001a7f14a6db0 DEOPT UNPACKING pc=0x000001a7dd5f5c23 sp=0x0000002b120fa0b8 mode 2
Event: 416.956 Thread 0x000001a7f2b0be60 DEOPT PACKING pc=0x000001a7ddef5ace sp=0x0000002b11cfe350
Event: 416.963 Thread 0x000001a7f2b0be60 DEOPT UNPACKING pc=0x000001a7dd5f6763 sp=0x0000002b11cfd798 mode 0

Classes unloaded (0 events):
No events

Classes redefined (0 events):
No events

Internal exceptions (20 events):
Event: 198.775 Thread 0x000001a7f14a6db0 Exception <a 'java/lang/ClassNotFoundException'{0x00000000ea6756b8}: org/gradle/api/internal/project/AbstractPluginAwareBeanInfo> (0x00000000ea6756b8) 
thrown [d:\a\1\s\lookaside\java-17-openjdk\src\hotspot\share\classfile\systemDictionary.cpp, line 256]
Event: 198.788 Thread 0x000001a7f14a6db0 Exception <a 'java/lang/ClassNotFoundException'{0x00000000ea6ab518}: org/gradle/api/internal/project/AbstractPluginAwareCustomizer> (0x00000000ea6ab518) 
thrown [d:\a\1\s\lookaside\java-17-openjdk\src\hotspot\share\classfile\systemDictionary.cpp, line 256]
Event: 198.825 Thread 0x000001a7f14a6db0 Exception <a 'java/lang/ClassNotFoundException'{0x00000000ea6bf708}: org/gradle/invocation/DefaultGradleCustomizer> (0x00000000ea6bf708) 
thrown [d:\a\1\s\lookaside\java-17-openjdk\src\hotspot\share\classfile\systemDictionary.cpp, line 256]
Event: 198.890 Thread 0x000001a7f14a6db0 Exception <a 'java/lang/ClassNotFoundException'{0x00000000ea6fe530}: org/gradle/invocation/DefaultGradle_DecoratedCustomizer> (0x00000000ea6fe530) 
thrown [d:\a\1\s\lookaside\java-17-openjdk\src\hotspot\share\classfile\systemDictionary.cpp, line 256]
Event: 201.237 Thread 0x000001a7f14a6db0 Exception <a 'java/lang/ClassNotFoundException'{0x00000000ea2db2c8}: groovy/lang/Closure$1BeanInfo> (0x00000000ea2db2c8) 
thrown [d:\a\1\s\lookaside\java-17-openjdk\src\hotspot\share\classfile\systemDictionary.cpp, line 256]
Event: 201.450 Thread 0x000001a7f14a6db0 Exception <a 'java/lang/ClassNotFoundException'{0x00000000ea2fd8c0}: groovy/lang/ClosureBeanInfo> (0x00000000ea2fd8c0) 
thrown [d:\a\1\s\lookaside\java-17-openjdk\src\hotspot\share\classfile\systemDictionary.cpp, line 256]
Event: 201.655 Thread 0x000001a7f14a6db0 Exception <a 'java/lang/ClassNotFoundException'{0x00000000ea120608}: groovy/lang/ClosureCustomizer> (0x00000000ea120608) 
thrown [d:\a\1\s\lookaside\java-17-openjdk\src\hotspot\share\classfile\systemDictionary.cpp, line 256]
Event: 202.233 Thread 0x000001a7f14a6db0 Exception <a 'java/lang/ClassNotFoundException'{0x00000000ea166088}: groovy/lang/Closure$1Customizer> (0x00000000ea166088) 
thrown [d:\a\1\s\lookaside\java-17-openjdk\src\hotspot\share\classfile\systemDictionary.cpp, line 256]
Event: 347.480 Thread 0x000001a7f14a6db0 Exception <a 'java/lang/ClassNotFoundException'{0x00000000efac5c40}: ijresolvers1_5r7d1xdaub33jueta278mz4dkBeanInfo> (0x00000000efac5c40) 
thrown [d:\a\1\s\lookaside\java-17-openjdk\src\hotspot\share\classfile\systemDictionary.cpp, line 256]
Event: 347.489 Thread 0x000001a7f14a6db0 Exception <a 'java/lang/ClassNotFoundException'{0x00000000efacb8a0}: ijresolvers1_5r7d1xdaub33jueta278mz4dkCustomizer> (0x00000000efacb8a0) 
thrown [d:\a\1\s\lookaside\java-17-openjdk\src\hotspot\share\classfile\systemDictionary.cpp, line 256]
Event: 350.066 Thread 0x000001a7f14a6db0 Exception <a 'java/lang/ClassNotFoundException'{0x00000000ef97fa50}: org/gradle/execution/taskgraph/DefaultTaskExecutionGraphBeanInfo> (0x00000000ef97fa50) 
thrown [d:\a\1\s\lookaside\java-17-openjdk\src\hotspot\share\classfile\systemDictionary.cpp, line 256]
Event: 350.093 Thread 0x000001a7f14a6db0 Exception <a 'java/lang/ClassNotFoundException'{0x00000000ef98e7e0}: org/gradle/execution/taskgraph/DefaultTaskExecutionGraphCustomizer> (0x00000000ef98e7e0) 
thrown [d:\a\1\s\lookaside\java-17-openjdk\src\hotspot\share\classfile\systemDictionary.cpp, line 256]
Event: 351.794 Thread 0x000001a7f14a6db0 Exception <a 'java/lang/ClassNotFoundException'{0x00000000ef8aed60}: org/gradle/configuration/internal/DefaultListenerBuildOperationDecorator$BuildOperationEmittingClosureBeanInfo> (0x00000000ef8aed60) 
thrown [d:\a\1\s\lookaside\java-17-openjdk\src\hotspot\share\classfile\systemDictionary.cpp, line 256]
Event: 351.800 Thread 0x000001a7f14a6db0 Exception <a 'java/lang/ClassNotFoundException'{0x00000000ef8be2d8}: org/gradle/configuration/internal/DefaultListenerBuildOperationDecorator$BuildOperationEmittingClosureCustomizer> (0x00000000ef8be2d8) 
thrown [d:\a\1\s\lookaside\java-17-openjdk\src\hotspot\share\classfile\systemDictionary.cpp, line 256]
Event: 355.389 Thread 0x000001a7f14a6db0 Exception <a 'java/lang/NoSuchMethodError'{0x00000000ef615b20}: 'java.lang.Object java.lang.invoke.DirectMethodHandle$Holder.newInvokeSpecial(java.lang.Object, java.lang.Object, int, int)'> (0x00000000ef615b20) 
thrown [d:\a\1\s\lookaside\java-17-openjdk\src\hotspot\share\interpreter\linkResolver.cpp, line 766]
Event: 356.344 Thread 0x000001a7f14a6db0 Exception <a 'sun/nio/fs/WindowsException'{0x00000000ef682d60}> (0x00000000ef682d60) 
thrown [d:\a\1\s\lookaside\java-17-openjdk\src\hotspot\share\prims\jni.cpp, line 516]
Event: 356.357 Thread 0x000001a7f14a6db0 Exception <a 'sun/nio/fs/WindowsException'{0x00000000ef684310}> (0x00000000ef684310) 
thrown [d:\a\1\s\lookaside\java-17-openjdk\src\hotspot\share\prims\jni.cpp, line 516]
Event: 356.360 Thread 0x000001a7f14a6db0 Exception <a 'sun/nio/fs/WindowsException'{0x00000000ef685878}> (0x00000000ef685878) 
thrown [d:\a\1\s\lookaside\java-17-openjdk\src\hotspot\share\prims\jni.cpp, line 516]
Event: 356.385 Thread 0x000001a7f14a6db0 Exception <a 'sun/nio/fs/WindowsException'{0x00000000ef686de8}> (0x00000000ef686de8) 
thrown [d:\a\1\s\lookaside\java-17-openjdk\src\hotspot\share\prims\jni.cpp, line 516]
Event: 397.040 Thread 0x000001a7f14a6db0 Exception <a 'java/lang/IncompatibleClassChangeError'{0x00000000ef345070}: Found class java.lang.Object, but interface was expected> (0x00000000ef345070) 
thrown [d:\a\1\s\lookaside\java-17-openjdk\src\hotspot\share\interpreter\linkResolver.cpp, line 833]

VM Operations (20 events):
Event: 357.023 Executing VM operation: Cleanup
Event: 357.059 Executing VM operation: Cleanup done
Event: 367.152 Executing VM operation: Cleanup
Event: 367.153 Executing VM operation: Cleanup done
Event: 387.349 Executing VM operation: Cleanup
Event: 387.380 Executing VM operation: Cleanup done
Event: 388.388 Executing VM operation: Cleanup
Event: 388.435 Executing VM operation: Cleanup done
Event: 397.534 Executing VM operation: Cleanup
Event: 397.566 Executing VM operation: Cleanup done
Event: 402.595 Executing VM operation: Cleanup
Event: 402.595 Executing VM operation: Cleanup done
Event: 414.716 Executing VM operation: Cleanup
Event: 414.716 Executing VM operation: Cleanup done
Event: 417.747 Executing VM operation: Cleanup
Event: 417.748 Executing VM operation: Cleanup done
Event: 418.764 Executing VM operation: Cleanup
Event: 418.900 Executing VM operation: Cleanup done
Event: 419.909 Executing VM operation: Cleanup
Event: 419.984 Executing VM operation: Cleanup done

Events (20 events):
Event: 202.275 loading class com/sun/beans/finder/AbstractFinder done
Event: 202.275 loading class com/sun/beans/finder/MethodFinder done
Event: 202.275 loading class com/sun/beans/finder/MethodFinder$1
Event: 202.275 loading class com/sun/beans/finder/MethodFinder$1 done
Event: 202.275 loading class com/sun/beans/finder/FinderUtils
Event: 202.275 loading class com/sun/beans/finder/FinderUtils done
Event: 213.269 Thread 0x000001a7f320f390 Thread exited: 0x000001a7f320f390
Event: 223.988 Thread 0x000001a7f3214560 Thread added: 0x000001a7f3214560
Event: 224.569 Thread 0x000001a7f320f390 Thread added: 0x000001a7f320f390
Event: 287.231 Thread 0x000001a7f3214560 Thread exited: 0x000001a7f3214560
Event: 341.838 Thread 0x000001a7f3213bc0 Thread added: 0x000001a7f3213bc0
Event: 342.185 Thread 0x000001a7f3211540 Thread added: 0x000001a7f3211540
Event: 355.264 loading class java/util/BitSet$1BitSetSpliterator
Event: 355.275 loading class java/util/BitSet$1BitSetSpliterator done
Event: 355.494 loading class jdk/internal/reflect/UnsafeStaticIntegerFieldAccessorImpl
Event: 355.495 loading class jdk/internal/reflect/UnsafeStaticIntegerFieldAccessorImpl done
Event: 356.341 loading class sun/nio/fs/WindowsException
Event: 356.342 loading class sun/nio/fs/WindowsException done
Event: 391.689 Thread 0x000001a7f32123b0 Thread added: 0x000001a7f32123b0
Event: 417.132 Thread 0x000001a7f3212880 Thread added: 0x000001a7f3212880


Dynamic libraries:
0x00007ff68e240000 - 0x00007ff68e261000 	C:\Program Files\ojdkbuild\java-17-openjdk-17.0.3.0.6-1\bin\java.exe
0x00007ffd86fd0000 - 0x00007ffd871e6000 	C:\WINDOWS\SYSTEM32\ntdll.dll
0x00007ffd86560000 - 0x00007ffd86624000 	C:\WINDOWS\System32\KERNEL32.DLL
0x00007ffd84540000 - 0x00007ffd848e6000 	C:\WINDOWS\System32\KERNELBASE.dll
0x00007ffd848f0000 - 0x00007ffd84a01000 	C:\WINDOWS\System32\ucrtbase.dll
0x00007ffd6ec30000 - 0x00007ffd6ec4b000 	C:\Program Files\ojdkbuild\java-17-openjdk-17.0.3.0.6-1\bin\VCRUNTIME140.dll
0x00007ffd70860000 - 0x00007ffd70878000 	C:\Program Files\ojdkbuild\java-17-openjdk-17.0.3.0.6-1\bin\jli.dll
0x00007ffd853c0000 - 0x00007ffd8556d000 	C:\WINDOWS\System32\USER32.dll
0x00007ffd84cf0000 - 0x00007ffd84d16000 	C:\WINDOWS\System32\win32u.dll
0x00007ffd86f60000 - 0x00007ffd86f89000 	C:\WINDOWS\System32\GDI32.dll
0x00007ffd84b30000 - 0x00007ffd84c48000 	C:\WINDOWS\System32\gdi32full.dll
0x00007ffd84c50000 - 0x00007ffd84cea000 	C:\WINDOWS\System32\msvcp_win.dll
0x00007ffd83600000 - 0x00007ffd83893000 	C:\WINDOWS\WinSxS\amd64_microsoft.windows.common-controls_6595b64144ccf1df_6.0.22621.3235_none_270f74e173860f98\COMCTL32.dll
0x00007ffd85580000 - 0x00007ffd85627000 	C:\WINDOWS\System32\msvcrt.dll
0x00007ffd86dc0000 - 0x00007ffd86df1000 	C:\WINDOWS\System32\IMM32.DLL
0x00007ffd79660000 - 0x00007ffd7966c000 	C:\Program Files\ojdkbuild\java-17-openjdk-17.0.3.0.6-1\bin\vcruntime140_1.dll
0x00007ffd50910000 - 0x00007ffd5099d000 	C:\Program Files\ojdkbuild\java-17-openjdk-17.0.3.0.6-1\bin\msvcp140.dll
0x00007ffd400c0000 - 0x00007ffd40d1f000 	C:\Program Files\ojdkbuild\java-17-openjdk-17.0.3.0.6-1\bin\server\jvm.dll
0x00007ffd84ed0000 - 0x00007ffd84f82000 	C:\WINDOWS\System32\ADVAPI32.dll
0x00007ffd84d20000 - 0x00007ffd84dc8000 	C:\WINDOWS\System32\sechost.dll
0x00007ffd84a10000 - 0x00007ffd84a38000 	C:\WINDOWS\System32\bcrypt.dll
0x00007ffd851c0000 - 0x00007ffd852d5000 	C:\WINDOWS\System32\RPCRT4.dll
0x00007ffd86880000 - 0x00007ffd86888000 	C:\WINDOWS\System32\PSAPI.DLL
0x00007ffd6ec50000 - 0x00007ffd6ec59000 	C:\WINDOWS\SYSTEM32\WSOCK32.dll
0x00007ffd85090000 - 0x00007ffd85101000 	C:\WINDOWS\System32\WS2_32.dll
0x00007ffd81e70000 - 0x00007ffd81e7a000 	C:\WINDOWS\SYSTEM32\VERSION.dll
0x00007ffd7b950000 - 0x00007ffd7b984000 	C:\WINDOWS\SYSTEM32\WINMM.dll
0x00007ffd82440000 - 0x00007ffd82458000 	C:\WINDOWS\SYSTEM32\kernel.appcore.dll
0x00007ffd70850000 - 0x00007ffd7085a000 	C:\Program Files\ojdkbuild\java-17-openjdk-17.0.3.0.6-1\bin\jimage.dll
0x00007ffd83b90000 - 0x00007ffd83dc3000 	C:\WINDOWS\SYSTEM32\DBGHELP.DLL
0x00007ffd86890000 - 0x00007ffd86c18000 	C:\WINDOWS\System32\combase.dll
0x00007ffd852e0000 - 0x00007ffd853b7000 	C:\WINDOWS\System32\OLEAUT32.dll
0x00007ffd83a80000 - 0x00007ffd83ab2000 	C:\WINDOWS\SYSTEM32\dbgcore.DLL
0x00007ffd84ab0000 - 0x00007ffd84b2a000 	C:\WINDOWS\System32\bcryptPrimitives.dll
0x00007ffd6ddf0000 - 0x00007ffd6ddfe000 	C:\Program Files\ojdkbuild\java-17-openjdk-17.0.3.0.6-1\bin\instrument.dll
0x00007ffd61ee0000 - 0x00007ffd61f05000 	C:\Program Files\ojdkbuild\java-17-openjdk-17.0.3.0.6-1\bin\java.dll
0x00007ffd4b8b0000 - 0x00007ffd4b987000 	C:\Program Files\ojdkbuild\java-17-openjdk-17.0.3.0.6-1\bin\jsvml.dll
0x00007ffd85ce0000 - 0x00007ffd8653d000 	C:\WINDOWS\System32\SHELL32.dll
0x00007ffd81350000 - 0x00007ffd81c48000 	C:\WINDOWS\SYSTEM32\windows.storage.dll
0x00007ffd81210000 - 0x00007ffd8134e000 	C:\WINDOWS\SYSTEM32\wintypes.dll
0x00007ffd84f90000 - 0x00007ffd85083000 	C:\WINDOWS\System32\SHCORE.dll
0x00007ffd86680000 - 0x00007ffd866de000 	C:\WINDOWS\System32\shlwapi.dll
0x00007ffd84240000 - 0x00007ffd84266000 	C:\WINDOWS\SYSTEM32\profapi.dll
0x00007ffd6baf0000 - 0x00007ffd6bb08000 	C:\Program Files\ojdkbuild\java-17-openjdk-17.0.3.0.6-1\bin\zip.dll
0x00007ffd6e820000 - 0x00007ffd6e839000 	C:\Program Files\ojdkbuild\java-17-openjdk-17.0.3.0.6-1\bin\net.dll
0x00007ffd7dbb0000 - 0x00007ffd7dce7000 	C:\WINDOWS\SYSTEM32\WINHTTP.dll
0x00007ffd82970000 - 0x00007ffd829d9000 	C:\WINDOWS\system32\mswsock.dll
0x00007ffd6cc50000 - 0x00007ffd6cc66000 	C:\Program Files\ojdkbuild\java-17-openjdk-17.0.3.0.6-1\bin\nio.dll
0x00007ffd702f0000 - 0x00007ffd70300000 	C:\Program Files\ojdkbuild\java-17-openjdk-17.0.3.0.6-1\bin\verify.dll
0x00007ffd62690000 - 0x00007ffd626b7000 	C:\Users\pc\.gradle\native\c067742578af261105cb4f569cf0c3c89f3d7b1fecec35dd04571415982c5e48\windows-amd64\native-platform.dll
0x00007ffd47a40000 - 0x00007ffd47b84000 	C:\Users\pc\.gradle\native\38dada09dfb8b06ba9b0570ebf7e218e3eb74d4ef43ca46872605cf95ebc2f47\windows-amd64\native-platform-file-events.dll
0x00007ffd6ebf0000 - 0x00007ffd6ebf9000 	C:\Program Files\ojdkbuild\java-17-openjdk-17.0.3.0.6-1\bin\management.dll
0x00007ffd6eb90000 - 0x00007ffd6eb9b000 	C:\Program Files\ojdkbuild\java-17-openjdk-17.0.3.0.6-1\bin\management_ext.dll
0x00007ffd83ec0000 - 0x00007ffd83edb000 	C:\WINDOWS\SYSTEM32\CRYPTSP.dll
0x00007ffd823a0000 - 0x00007ffd823d5000 	C:\WINDOWS\system32\rsaenh.dll
0x00007ffd83320000 - 0x00007ffd8334c000 	C:\WINDOWS\SYSTEM32\USERENV.dll
0x00007ffd83350000 - 0x00007ffd8335c000 	C:\WINDOWS\SYSTEM32\CRYPTBASE.dll
0x00007ffd81ec0000 - 0x00007ffd81eed000 	C:\WINDOWS\SYSTEM32\IPHLPAPI.DLL
0x00007ffd85630000 - 0x00007ffd85639000 	C:\WINDOWS\System32\NSI.dll
0x00007ffd7cd00000 - 0x00007ffd7cd19000 	C:\WINDOWS\SYSTEM32\dhcpcsvc6.DLL
0x00007ffd7cce0000 - 0x00007ffd7ccff000 	C:\WINDOWS\SYSTEM32\dhcpcsvc.DLL
0x00007ffd81f30000 - 0x00007ffd82029000 	C:\WINDOWS\SYSTEM32\DNSAPI.dll
0x00007ffd705a0000 - 0x00007ffd705ad000 	C:\Program Files\ojdkbuild\java-17-openjdk-17.0.3.0.6-1\bin\sunmscapi.dll
0x00007ffd84310000 - 0x00007ffd84476000 	C:\WINDOWS\System32\CRYPT32.dll
0x00007ffd834e0000 - 0x00007ffd8350e000 	C:\WINDOWS\SYSTEM32\ncrypt.dll
0x00007ffd834a0000 - 0x00007ffd834d7000 	C:\WINDOWS\SYSTEM32\NTASN1.dll
0x00007ffd6e030000 - 0x00007ffd6e038000 	C:\WINDOWS\system32\wshunix.dll

dbghelp: loaded successfully - version: 4.0.5 - missing functions: none
symbol engine: initialized successfully - sym options: 0x614 - pdb path: .;C:\Program Files\ojdkbuild\java-17-openjdk-17.0.3.0.6-1\bin;C:\WINDOWS\SYSTEM32;C:\WINDOWS\WinSxS\amd64_microsoft.windows.common-controls_6595b64144ccf1df_6.0.22621.3235_none_270f74e173860f98;C:\Program Files\ojdkbuild\java-17-openjdk-17.0.3.0.6-1\bin\server;C:\Users\pc\.gradle\native\c067742578af261105cb4f569cf0c3c89f3d7b1fecec35dd04571415982c5e48\windows-amd64;C:\Users\pc\.gradle\native\38dada09dfb8b06ba9b0570ebf7e218e3eb74d4ef43ca46872605cf95ebc2f47\windows-amd64

VM Arguments:
jvm_args: --add-opens=java.base/java.util=ALL-UNNAMED --add-opens=java.base/java.lang=ALL-UNNAMED --add-opens=java.base/java.lang.invoke=ALL-UNNAMED --add-opens=java.prefs/java.util.prefs=ALL-UNNAMED --add-opens=java.base/java.nio.charset=ALL-UNNAMED --add-opens=java.base/java.net=ALL-UNNAMED --add-opens=java.base/java.util.concurrent.atomic=ALL-UNNAMED -XX:MaxMetaspaceSize=384m -XX:+HeapDumpOnOutOfMemoryError -Xms256m -Xmx512m -Dfile.encoding=UTF-8 -Duser.country=KR -Duser.language=ko -Duser.variant -javaagent:C:\Users\pc\.gradle\wrapper\dists\gradle-8.5-bin\5t9huq95ubn472n8rpzujfbqh\gradle-8.5\lib\agents\gradle-instrumentation-agent-8.5.jar 
java_command: org.gradle.launcher.daemon.bootstrap.GradleDaemon 8.5
java_class_path (initial): C:\Users\pc\.gradle\wrapper\dists\gradle-8.5-bin\5t9huq95ubn472n8rpzujfbqh\gradle-8.5\lib\gradle-launcher-8.5.jar
Launcher Type: SUN_STANDARD

[Global flags]
     intx CICompilerCount                          = 4                                         {product} {ergonomic}
   size_t CompressedClassSpaceSize                 = 322961408                                 {product} {ergonomic}
     uint ConcGCThreads                            = 2                                         {product} {ergonomic}
     uint G1ConcRefinementThreads                  = 8                                         {product} {ergonomic}
   size_t G1HeapRegionSize                         = 1048576                                   {product} {ergonomic}
    uintx GCDrainStackTargetSize                   = 64                                        {product} {ergonomic}
     bool HeapDumpOnOutOfMemoryError               = true                                   {manageable} {command line}
   size_t InitialHeapSize                          = 268435456                                 {product} {command line}
   size_t MarkStackSize                            = 4194304                                   {product} {ergonomic}
   size_t MaxHeapSize                              = 536870912                                 {product} {command line}
   size_t MaxMetaspaceSize                         = 402653184                                 {product} {command line}
   size_t MaxNewSize                               = 321912832                                 {product} {ergonomic}
   size_t MinHeapDeltaBytes                        = 1048576                                   {product} {ergonomic}
   size_t MinHeapSize                              = 268435456                                 {product} {command line}
    uintx NonNMethodCodeHeapSize                   = 5839372                                {pd product} {ergonomic}
    uintx NonProfiledCodeHeapSize                  = 122909434                              {pd product} {ergonomic}
    uintx ProfiledCodeHeapSize                     = 122909434                              {pd product} {ergonomic}
    uintx ReservedCodeCacheSize                    = 251658240                              {pd product} {ergonomic}
     bool SegmentedCodeCache                       = true                                      {product} {ergonomic}
   size_t SoftMaxHeapSize                          = 536870912                              {manageable} {ergonomic}
     bool UseCompressedClassPointers               = true                           {product lp64_product} {ergonomic}
     bool UseCompressedOops                        = true                           {product lp64_product} {ergonomic}
     bool UseG1GC                                  = true                                      {product} {ergonomic}
     bool UseLargePagesIndividualAllocation        = false                                  {pd product} {ergonomic}

Logging:
Log output configuration:
 #0: stdout all=warning uptime,level,tags
 #1: stderr all=off uptime,level,tags

Environment Variables:
JAVA_HOME=C:\Program Files\ojdkbuild\java-17-openjdk-17.0.3.0.6-1
PATH=C:\Program Files\ARX-3.8.0\bin;C:\WINDOWS\system32;C:\WINDOWS;C:\WINDOWS\System32\Wbem;C:\WINDOWS\System32\WindowsPowerShell\v1.0\;C:\WINDOWS\System32\OpenSSH\;C:\Program Files\ojdkbuild\java-17-openjdk-17.0.3.0.6-1\bin;C:\Program Files (x86)\PowerShell\7\;C:\Users\pc\Desktop\Grad\sqlite-tools-win32-x86-3430100;C:\Program Files\Git\cmd;C:\Users\pc\AppData\Local\Programs\Python\Python310\Scripts;C:\Program Files\PowerShell\7\;C:\Program Files\PowerShell\7-preview\preview;C:\Program Files\nodejs\;C:\Users\pc\AppData\Local\Programs\Python\Python310\Scripts\;C:\Users\pc\AppData\Local\Programs\Python\Python310\;C:\Users\pc\AppData\Local\Programs\Python\Python38-32\Scripts\;C:\Users\pc\AppData\Local\Programs\Python\Python38-32\;C:\Users\pc\AppData\Local\Microsoft\WindowsApps;C:\Program Files\Bandizip\;C:\Program Files\ojdkbuild\java-17-openjdk-17.0.3.0.6-1\bin;C:\Program Files\JetBrains\PyCharm Community Edition 2021.2.1\bin;;C:\Users\pc\Desktop\modelsim_ase\win32aloem;C:\Users\pc\AppData\Local\Programs\Microsoft VS Code\bin;C:\Program Files\JetBrains\IntelliJ IDEA 2023.1.2\bin;;C:\Users\pc\AppData\Local\GitHubDesktop\bin;C:\Users\pc\AppData\Roaming\npm
USERNAME=pc
OS=Windows_NT
PROCESSOR_IDENTIFIER=Intel64 Family 6 Model 126 Stepping 5, GenuineIntel



---------------  S Y S T E M  ---------------

OS:
 Windows 11 , 64 bit Build 22621 (10.0.22621.3235)
OS uptime: 10 days 6:31 hours

CPU: total 8 (initial active 8) (4 cores per cpu, 2 threads per core) family 6 model 126 stepping 5 microcode 0x86, cx8, cmov, fxsr, ht, mmx, 3dnowpref, sse, sse2, sse3, ssse3, sse4.1, sse4.2, popcnt, lzcnt, tsc, tscinvbit, avx, avx2, aes, erms, clmul, bmi1, bmi2, adx, avx512f, avx512dq, avx512cd, avx512bw, avx512vl, sha, fma, vzeroupper, avx512_vpopcntdq, avx512_vpclmulqdq, avx512_vaes, avx512_vnni, clflush, clflushopt, avx512_vbmi2, avx512_vbmi

Memory: 4k page, system-wide physical 7926M (349M free)
TotalPageFile size 32502M (AvailPageFile size 0M)
current process WorkingSet (physical memory assigned to process): 56M, peak: 150M
current process commit charge ("private bytes"): 422M, peak: 432M

vm_info: OpenJDK 64-Bit Server VM (17.0.3+6-LTS) for windows-amd64 JRE (17.0.3+6-LTS), built on May  3 2022 21:26:56 by "" with MS VC++ 16.10 / 16.11 (VS2019)

END.
