#
# There is insufficient memory for the Java Runtime Environment to continue.
# Native memory allocation (malloc) failed to allocate 1076784 bytes for Chunk::new
# Possible reasons:
#   The system is out of physical RAM or swap space
#   The process is running with CompressedOops enabled, and the Java Heap may be blocking the growth of the native heap
# Possible solutions:
#   Reduce memory load on the system
#   Increase physical memory or swap space
#   Check if swap backing store is full
#   Decrease Java heap size (-Xmx/-Xms)
#   Decrease number of Java threads
#   Decrease Java thread stack sizes (-Xss)
#   Set larger code cache with -XX:ReservedCodeCacheSize=
#   JVM is running with Unscaled Compressed Oops mode in which the Java heap is
#     placed in the first 4GB address space. The Java Heap base address is the
#     maximum limit for the native heap growth. Please use -XX:HeapBaseMinAddress
#     to set the Java Heap base and to place the Java Heap above 4GB virtual address.
# This output file may be truncated or incomplete.
#
#  Out of Memory Error (arena.cpp:189), pid=37348, tid=28016
#
# JRE version: OpenJDK Runtime Environment 21.9 (17.0.3+6) (build 17.0.3+6-LTS)
# Java VM: OpenJDK 64-Bit Server VM 21.9 (17.0.3+6-LTS, mixed mode, sharing, tiered, compressed oops, compressed class ptrs, g1 gc, windows-amd64)
# No core dump will be written. Minidumps are not enabled by default on client versions of Windows
#

---------------  S U M M A R Y ------------

Command Line: --add-opens=java.base/java.util=ALL-UNNAMED --add-opens=java.base/java.lang=ALL-UNNAMED --add-opens=java.base/java.lang.invoke=ALL-UNNAMED --add-opens=java.prefs/java.util.prefs=ALL-UNNAMED --add-opens=java.base/java.nio.charset=ALL-UNNAMED --add-opens=java.base/java.net=ALL-UNNAMED --add-opens=java.base/java.util.concurrent.atomic=ALL-UNNAMED -XX:MaxMetaspaceSize=384m -XX:+HeapDumpOnOutOfMemoryError -Xms256m -Xmx512m -Dfile.encoding=UTF-8 -Duser.country=KR -Duser.language=ko -Duser.variant -javaagent:C:\Users\pc\.gradle\wrapper\dists\gradle-8.5-bin\5t9huq95ubn472n8rpzujfbqh\gradle-8.5\lib\agents\gradle-instrumentation-agent-8.5.jar org.gradle.launcher.daemon.bootstrap.GradleDaemon 8.5

Host: Intel(R) Core(TM) i7-1065G7 CPU @ 1.30GHz, 8 cores, 7G,  Windows 11 , 64 bit Build 22621 (10.0.22621.3235)
Time: Sun Mar 24 13:51:45 2024  Windows 11 , 64 bit Build 22621 (10.0.22621.3235) elapsed time: 89.336543 seconds (0d 0h 1m 29s)

---------------  T H R E A D  ---------------

Current thread (0x000001b8f670ba80):  JavaThread "C2 CompilerThread0" daemon [_thread_in_native, id=28016, stack(0x00000007c2600000,0x00000007c2700000)]


Current CompileTask:
C2:  89337 3892       4       java.lang.String::split (327 bytes)

Stack: [0x00000007c2600000,0x00000007c2700000]
Native frames: (J=compiled Java code, j=interpreted, Vv=VM code, C=native code)
V  [jvm.dll+0x67720a]
V  [jvm.dll+0x832514]
V  [jvm.dll+0x833cbe]
V  [jvm.dll+0x834323]
V  [jvm.dll+0x245815]
V  [jvm.dll+0xabf1b]
V  [jvm.dll+0xac4ac]
V  [jvm.dll+0x363a07]
V  [jvm.dll+0x1bbf98]
V  [jvm.dll+0x2188c9]
V  [jvm.dll+0x217b91]
V  [jvm.dll+0x1a400d]
V  [jvm.dll+0x227508]
V  [jvm.dll+0x22565c]
V  [jvm.dll+0x7e7d5c]
V  [jvm.dll+0x7e230a]
V  [jvm.dll+0x676095]
C  [ucrtbase.dll+0x29363]
C  [KERNEL32.DLL+0x1257d]
C  [ntdll.dll+0x5aa58]


---------------  P R O C E S S  ---------------

Threads class SMR info:
_java_thread_list=0x000001b8f8a1cc70, length=36, elements={
0x000001b8dbbd5bf0, 0x000001b8f66ed380, 0x000001b8f66edf30, 0x000001b8f6705650,
0x000001b8f6706010, 0x000001b8f6706bc0, 0x000001b8f6709980, 0x000001b8f670ba80,
0x000001b8f670ec20, 0x000001b8f6712210, 0x000001b8f70aef00, 0x000001b8f7143b30,
0x000001b8f886a170, 0x000001b8f8038950, 0x000001b8f85112e0, 0x000001b8f86a3ad0,
0x000001b8f7140030, 0x000001b8f81b70a0, 0x000001b8f7e2edc0, 0x000001b8f86ef110,
0x000001b8f7b15450, 0x000001b8f7b15920, 0x000001b8f7171750, 0x000001b8f7170db0,
0x000001b8f71708e0, 0x000001b8f7171280, 0x000001b8f7170410, 0x000001b8f7171c20,
0x000001b8f73c9380, 0x000001b8f73c71d0, 0x000001b8f73c3ce0, 0x000001b8f73c9850,
0x000001b8f73c8040, 0x000001b8f73c89e0, 0x000001b8f73c54f0, 0x000001b8f73c6360
}

Java Threads: ( => current thread )
  0x000001b8dbbd5bf0 JavaThread "main" [_thread_blocked, id=39040, stack(0x00000007c1900000,0x00000007c1a00000)]
  0x000001b8f66ed380 JavaThread "Reference Handler" daemon [_thread_blocked, id=19656, stack(0x00000007c2000000,0x00000007c2100000)]
  0x000001b8f66edf30 JavaThread "Finalizer" daemon [_thread_blocked, id=13060, stack(0x00000007c2100000,0x00000007c2200000)]
  0x000001b8f6705650 JavaThread "Signal Dispatcher" daemon [_thread_blocked, id=14744, stack(0x00000007c2200000,0x00000007c2300000)]
  0x000001b8f6706010 JavaThread "Attach Listener" daemon [_thread_blocked, id=36088, stack(0x00000007c2300000,0x00000007c2400000)]
  0x000001b8f6706bc0 JavaThread "Service Thread" daemon [_thread_blocked, id=28292, stack(0x00000007c2400000,0x00000007c2500000)]
  0x000001b8f6709980 JavaThread "Monitor Deflation Thread" daemon [_thread_blocked, id=18668, stack(0x00000007c2500000,0x00000007c2600000)]
=>0x000001b8f670ba80 JavaThread "C2 CompilerThread0" daemon [_thread_in_native, id=28016, stack(0x00000007c2600000,0x00000007c2700000)]
  0x000001b8f670ec20 JavaThread "C1 CompilerThread0" daemon [_thread_blocked, id=37820, stack(0x00000007c2700000,0x00000007c2800000)]
  0x000001b8f6712210 JavaThread "Sweeper thread" daemon [_thread_blocked, id=26548, stack(0x00000007c2800000,0x00000007c2900000)]
  0x000001b8f70aef00 JavaThread "Common-Cleaner" daemon [_thread_blocked, id=39420, stack(0x00000007c2900000,0x00000007c2a00000)]
  0x000001b8f7143b30 JavaThread "Notification Thread" daemon [_thread_blocked, id=33240, stack(0x00000007c2a00000,0x00000007c2b00000)]
  0x000001b8f886a170 JavaThread "Daemon health stats" [_thread_blocked, id=24340, stack(0x00000007c3200000,0x00000007c3300000)]
  0x000001b8f8038950 JavaThread "Incoming local TCP Connector on port 30294" [_thread_in_native, id=30760, stack(0x00000007c2c00000,0x00000007c2d00000)]
  0x000001b8f85112e0 JavaThread "Daemon periodic checks" [_thread_blocked, id=36124, stack(0x00000007c3300000,0x00000007c3400000)]
  0x000001b8f86a3ad0 JavaThread "Daemon" [_thread_blocked, id=26748, stack(0x00000007c3400000,0x00000007c3500000)]
  0x000001b8f7140030 JavaThread "Handler for socket connection from /127.0.0.1:30294 to /127.0.0.1:30297" [_thread_in_native, id=25112, stack(0x00000007c3500000,0x00000007c3600000)]
  0x000001b8f81b70a0 JavaThread "Cancel handler" [_thread_blocked, id=8912, stack(0x00000007c3600000,0x00000007c3700000)]
  0x000001b8f7e2edc0 JavaThread "Daemon worker" [_thread_in_Java, id=37840, stack(0x00000007c3700000,0x00000007c3800000)]
  0x000001b8f86ef110 JavaThread "Asynchronous log dispatcher for DefaultDaemonConnection: socket connection from /127.0.0.1:30294 to /127.0.0.1:30297" [_thread_blocked, id=7468, stack(0x00000007c3800000,0x00000007c3900000)]
  0x000001b8f7b15450 JavaThread "Stdin handler" [_thread_blocked, id=16300, stack(0x00000007c3900000,0x00000007c3a00000)]
  0x000001b8f7b15920 JavaThread "Daemon client event forwarder" [_thread_blocked, id=31632, stack(0x00000007c3a00000,0x00000007c3b00000)]
  0x000001b8f7171750 JavaThread "Cache worker for journal cache (C:\Users\pc\.gradle\caches\journal-1)" [_thread_blocked, id=9764, stack(0x00000007c3b00000,0x00000007c3c00000)]
  0x000001b8f7170db0 JavaThread "File lock request listener" [_thread_in_native, id=14912, stack(0x00000007c3c00000,0x00000007c3d00000)]
  0x000001b8f71708e0 JavaThread "File lock release action executor" [_thread_blocked, id=6520, stack(0x00000007c3d00000,0x00000007c3e00000)]
  0x000001b8f7171280 JavaThread "Cache worker for file hash cache (C:\Users\pc\.gradle\caches\8.5\fileHashes)" [_thread_blocked, id=36500, stack(0x00000007c3e00000,0x00000007c3f00000)]
  0x000001b8f7170410 JavaThread "File watcher server" daemon [_thread_in_native, id=19260, stack(0x00000007c3f00000,0x00000007c4000000)]
  0x000001b8f7171c20 JavaThread "File watcher consumer" daemon [_thread_blocked, id=39412, stack(0x00000007c4000000,0x00000007c4100000)]
  0x000001b8f73c9380 JavaThread "Cache worker for checksums cache (C:\Users\pc\Desktop\HW BEYOND SW\Plrecipe\plrecipe_member\.gradle\8.5\checksums)" [_thread_blocked, id=37788, stack(0x00000007c4400000,0x00000007c4500000)]
  0x000001b8f73c71d0 JavaThread "Cache worker for file hash cache (C:\Users\pc\Desktop\HW BEYOND SW\Plrecipe\plrecipe_member\.gradle\8.5\fileHashes)" [_thread_blocked, id=39164, stack(0x00000007c4500000,0x00000007c4600000)]
  0x000001b8f73c3ce0 JavaThread "Cache worker for cache directory md-supplier (C:\Users\pc\.gradle\caches\8.5\md-supplier)" [_thread_blocked, id=36484, stack(0x00000007c4600000,0x00000007c4700000)]
  0x000001b8f73c9850 JavaThread "Cache worker for cache directory md-rule (C:\Users\pc\.gradle\caches\8.5\md-rule)" [_thread_blocked, id=33320, stack(0x00000007c4700000,0x00000007c4800000)]
  0x000001b8f73c8040 JavaThread "Cache worker for file content cache (C:\Users\pc\.gradle\caches\8.5\fileContent)" [_thread_blocked, id=32644, stack(0x00000007c4800000,0x00000007c4900000)]
  0x000001b8f73c89e0 JavaThread "Cache worker for execution history cache (C:\Users\pc\.gradle\caches\8.5\executionHistory)" [_thread_blocked, id=40000, stack(0x00000007c4900000,0x00000007c4a00000)]
  0x000001b8f73c54f0 JavaThread "jar transforms" [_thread_blocked, id=26200, stack(0x00000007c4c00000,0x00000007c4d00000)]
  0x000001b8f73c6360 JavaThread "jar transforms Thread 2" [_thread_blocked, id=31724, stack(0x00000007c1600000,0x00000007c1700000)]

Other Threads:
  0x000001b8f66e39e0 VMThread "VM Thread" [stack: 0x00000007c1f00000,0x00000007c2000000] [id=37116]
  0x000001b8f7144000 WatcherThread [stack: 0x00000007c2b00000,0x00000007c2c00000] [id=37600]
  0x000001b8dbc05780 GCTaskThread "GC Thread#0" [stack: 0x00000007c1a00000,0x00000007c1b00000] [id=27676]
  0x000001b8f7ec05e0 GCTaskThread "GC Thread#1" [stack: 0x00000007c2d00000,0x00000007c2e00000] [id=3100]
  0x000001b8f811b850 GCTaskThread "GC Thread#2" [stack: 0x00000007c2e00000,0x00000007c2f00000] [id=3580]
  0x000001b8f811bb00 GCTaskThread "GC Thread#3" [stack: 0x00000007c2f00000,0x00000007c3000000] [id=41432]
  0x000001b8f7de0290 GCTaskThread "GC Thread#4" [stack: 0x00000007c3000000,0x00000007c3100000] [id=36180]
  0x000001b8f7de0d50 GCTaskThread "GC Thread#5" [stack: 0x00000007c3100000,0x00000007c3200000] [id=16540]
  0x000001b8f868b280 GCTaskThread "GC Thread#6" [stack: 0x00000007c4100000,0x00000007c4200000] [id=27052]
  0x000001b8f868b530 GCTaskThread "GC Thread#7" [stack: 0x00000007c4200000,0x00000007c4300000] [id=15852]
  0x000001b8dbc0a6c0 ConcurrentGCThread "G1 Main Marker" [stack: 0x00000007c1b00000,0x00000007c1c00000] [id=30860]
  0x000001b8dbc0b0d0 ConcurrentGCThread "G1 Conc#0" [stack: 0x00000007c1c00000,0x00000007c1d00000] [id=39360]
  0x000001b8f868c2a0 ConcurrentGCThread "G1 Conc#1" [stack: 0x00000007c4300000,0x00000007c4400000] [id=31200]
  0x000001b8dbc9e670 ConcurrentGCThread "G1 Refine#0" [stack: 0x00000007c1d00000,0x00000007c1e00000] [id=928]
  0x000001b8f65a8250 ConcurrentGCThread "G1 Service" [stack: 0x00000007c1e00000,0x00000007c1f00000] [id=29128]

Threads with active compile tasks:
C2 CompilerThread0    89442 3892       4       java.lang.String::split (327 bytes)

VM state: not at safepoint (normal execution)

VM Mutex/Monitor currently owned by a thread: None

Heap address: 0x00000000e0000000, size: 512 MB, Compressed Oops mode: 32-bit

CDS archive(s) mapped at: [0x0000000800000000-0x0000000800bc0000-0x0000000800bc0000), size 12320768, SharedBaseAddress: 0x0000000800000000, ArchiveRelocationMode: 0.
Compressed class space mapped at: 0x0000000800c00000-0x0000000814000000, reserved size: 322961408
Narrow klass base: 0x0000000800000000, Narrow klass shift: 0, Narrow klass range: 0x100000000

GC Precious Log:
 CPUs: 8 total, 8 available
 Memory: 7926M
 Large Page Support: Disabled
 NUMA Support: Disabled
 Compressed Oops: Enabled (32-bit)
 Heap Region Size: 1M
 Heap Min Capacity: 256M
 Heap Initial Capacity: 256M
 Heap Max Capacity: 512M
 Pre-touch: Disabled
 Parallel Workers: 8
 Concurrent Workers: 2
 Concurrent Refinement Workers: 8
 Periodic GC: Disabled

Heap:
 garbage-first heap   total 262144K, used 102254K [0x00000000e0000000, 0x0000000100000000)
  region size 1024K, 91 young (93184K), 12 survivors (12288K)
 Metaspace       used 31785K, committed 32192K, reserved 348160K
  class space    used 4491K, committed 4672K, reserved 315392K

Heap Regions: E=young(eden), S=young(survivor), O=old, HS=humongous(starts), HC=humongous(continues), CS=collection set, F=free, OA=open archive, CA=closed archive, TAMS=top-at-mark-start (previous, next)
|   0|0x00000000e0000000, 0x00000000e0100000, 0x00000000e0100000|100%|HS|  |TAMS 0x00000000e0100000, 0x00000000e0000000| Complete 
|   1|0x00000000e0100000, 0x00000000e0200000, 0x00000000e0200000|100%|HC|  |TAMS 0x00000000e0200000, 0x00000000e0100000| Complete 
|   2|0x00000000e0200000, 0x00000000e0300000, 0x00000000e0300000|100%|HC|  |TAMS 0x00000000e0300000, 0x00000000e0200000| Complete 
|   3|0x00000000e0300000, 0x00000000e0400000, 0x00000000e0400000|100%|HC|  |TAMS 0x00000000e0400000, 0x00000000e0300000| Complete 
|   4|0x00000000e0400000, 0x00000000e0500000, 0x00000000e0500000|100%| O|  |TAMS 0x00000000e0500000, 0x00000000e0400000| Untracked 
|   5|0x00000000e0500000, 0x00000000e0600000, 0x00000000e0600000|100%| O|  |TAMS 0x00000000e0600000, 0x00000000e0500000| Untracked 
|   6|0x00000000e0600000, 0x00000000e0700000, 0x00000000e0700000|100%| O|  |TAMS 0x00000000e0700000, 0x00000000e0600000| Untracked 
|   7|0x00000000e0700000, 0x00000000e0800000, 0x00000000e0800000|100%| O|  |TAMS 0x00000000e0800000, 0x00000000e0700000| Untracked 
|   8|0x00000000e0800000, 0x00000000e0900000, 0x00000000e0900000|100%| O|  |TAMS 0x00000000e0900000, 0x00000000e0800000| Untracked 
|   9|0x00000000e0900000, 0x00000000e0a00000, 0x00000000e0a00000|100%| O|  |TAMS 0x00000000e0a00000, 0x00000000e0900000| Untracked 
|  10|0x00000000e0a00000, 0x00000000e0b00000, 0x00000000e0b00000|100%| O|  |TAMS 0x00000000e0b00000, 0x00000000e0a00000| Untracked 
|  11|0x00000000e0b00000, 0x00000000e0b19e00, 0x00000000e0c00000| 10%| O|  |TAMS 0x00000000e0b19e00, 0x00000000e0b00000| Untracked 
|  12|0x00000000e0c00000, 0x00000000e0c00000, 0x00000000e0d00000|  0%| F|  |TAMS 0x00000000e0c00000, 0x00000000e0c00000| Untracked 
|  13|0x00000000e0d00000, 0x00000000e0d00000, 0x00000000e0e00000|  0%| F|  |TAMS 0x00000000e0d00000, 0x00000000e0d00000| Untracked 
|  14|0x00000000e0e00000, 0x00000000e0e00000, 0x00000000e0f00000|  0%| F|  |TAMS 0x00000000e0e00000, 0x00000000e0e00000| Untracked 
|  15|0x00000000e0f00000, 0x00000000e0f00000, 0x00000000e1000000|  0%| F|  |TAMS 0x00000000e0f00000, 0x00000000e0f00000| Untracked 
|  16|0x00000000e1000000, 0x00000000e1000000, 0x00000000e1100000|  0%| F|  |TAMS 0x00000000e1000000, 0x00000000e1000000| Untracked 
|  17|0x00000000e1100000, 0x00000000e1100000, 0x00000000e1200000|  0%| F|  |TAMS 0x00000000e1100000, 0x00000000e1100000| Untracked 
|  18|0x00000000e1200000, 0x00000000e1200000, 0x00000000e1300000|  0%| F|  |TAMS 0x00000000e1200000, 0x00000000e1200000| Untracked 
|  19|0x00000000e1300000, 0x00000000e1300000, 0x00000000e1400000|  0%| F|  |TAMS 0x00000000e1300000, 0x00000000e1300000| Untracked 
|  20|0x00000000e1400000, 0x00000000e1400000, 0x00000000e1500000|  0%| F|  |TAMS 0x00000000e1400000, 0x00000000e1400000| Untracked 
|  21|0x00000000e1500000, 0x00000000e1500000, 0x00000000e1600000|  0%| F|  |TAMS 0x00000000e1500000, 0x00000000e1500000| Untracked 
|  22|0x00000000e1600000, 0x00000000e1600000, 0x00000000e1700000|  0%| F|  |TAMS 0x00000000e1600000, 0x00000000e1600000| Untracked 
|  23|0x00000000e1700000, 0x00000000e1700000, 0x00000000e1800000|  0%| F|  |TAMS 0x00000000e1700000, 0x00000000e1700000| Untracked 
|  24|0x00000000e1800000, 0x00000000e1800000, 0x00000000e1900000|  0%| F|  |TAMS 0x00000000e1800000, 0x00000000e1800000| Untracked 
|  25|0x00000000e1900000, 0x00000000e1900000, 0x00000000e1a00000|  0%| F|  |TAMS 0x00000000e1900000, 0x00000000e1900000| Untracked 
|  26|0x00000000e1a00000, 0x00000000e1a00000, 0x00000000e1b00000|  0%| F|  |TAMS 0x00000000e1a00000, 0x00000000e1a00000| Untracked 
|  27|0x00000000e1b00000, 0x00000000e1b00000, 0x00000000e1c00000|  0%| F|  |TAMS 0x00000000e1b00000, 0x00000000e1b00000| Untracked 
|  28|0x00000000e1c00000, 0x00000000e1c00000, 0x00000000e1d00000|  0%| F|  |TAMS 0x00000000e1c00000, 0x00000000e1c00000| Untracked 
|  29|0x00000000e1d00000, 0x00000000e1d00000, 0x00000000e1e00000|  0%| F|  |TAMS 0x00000000e1d00000, 0x00000000e1d00000| Untracked 
|  30|0x00000000e1e00000, 0x00000000e1e00000, 0x00000000e1f00000|  0%| F|  |TAMS 0x00000000e1e00000, 0x00000000e1e00000| Untracked 
|  31|0x00000000e1f00000, 0x00000000e1f00000, 0x00000000e2000000|  0%| F|  |TAMS 0x00000000e1f00000, 0x00000000e1f00000| Untracked 
|  32|0x00000000e2000000, 0x00000000e2000000, 0x00000000e2100000|  0%| F|  |TAMS 0x00000000e2000000, 0x00000000e2000000| Untracked 
|  33|0x00000000e2100000, 0x00000000e2100000, 0x00000000e2200000|  0%| F|  |TAMS 0x00000000e2100000, 0x00000000e2100000| Untracked 
|  34|0x00000000e2200000, 0x00000000e2200000, 0x00000000e2300000|  0%| F|  |TAMS 0x00000000e2200000, 0x00000000e2200000| Untracked 
|  35|0x00000000e2300000, 0x00000000e2300000, 0x00000000e2400000|  0%| F|  |TAMS 0x00000000e2300000, 0x00000000e2300000| Untracked 
|  36|0x00000000e2400000, 0x00000000e2400000, 0x00000000e2500000|  0%| F|  |TAMS 0x00000000e2400000, 0x00000000e2400000| Untracked 
|  37|0x00000000e2500000, 0x00000000e2500000, 0x00000000e2600000|  0%| F|  |TAMS 0x00000000e2500000, 0x00000000e2500000| Untracked 
|  38|0x00000000e2600000, 0x00000000e2600000, 0x00000000e2700000|  0%| F|  |TAMS 0x00000000e2600000, 0x00000000e2600000| Untracked 
|  39|0x00000000e2700000, 0x00000000e2700000, 0x00000000e2800000|  0%| F|  |TAMS 0x00000000e2700000, 0x00000000e2700000| Untracked 
|  40|0x00000000e2800000, 0x00000000e2800000, 0x00000000e2900000|  0%| F|  |TAMS 0x00000000e2800000, 0x00000000e2800000| Untracked 
|  41|0x00000000e2900000, 0x00000000e2900000, 0x00000000e2a00000|  0%| F|  |TAMS 0x00000000e2900000, 0x00000000e2900000| Untracked 
|  42|0x00000000e2a00000, 0x00000000e2a00000, 0x00000000e2b00000|  0%| F|  |TAMS 0x00000000e2a00000, 0x00000000e2a00000| Untracked 
|  43|0x00000000e2b00000, 0x00000000e2b00000, 0x00000000e2c00000|  0%| F|  |TAMS 0x00000000e2b00000, 0x00000000e2b00000| Untracked 
|  44|0x00000000e2c00000, 0x00000000e2c00000, 0x00000000e2d00000|  0%| F|  |TAMS 0x00000000e2c00000, 0x00000000e2c00000| Untracked 
|  45|0x00000000e2d00000, 0x00000000e2d00000, 0x00000000e2e00000|  0%| F|  |TAMS 0x00000000e2d00000, 0x00000000e2d00000| Untracked 
|  46|0x00000000e2e00000, 0x00000000e2e00000, 0x00000000e2f00000|  0%| F|  |TAMS 0x00000000e2e00000, 0x00000000e2e00000| Untracked 
|  47|0x00000000e2f00000, 0x00000000e2f00000, 0x00000000e3000000|  0%| F|  |TAMS 0x00000000e2f00000, 0x00000000e2f00000| Untracked 
|  48|0x00000000e3000000, 0x00000000e3000000, 0x00000000e3100000|  0%| F|  |TAMS 0x00000000e3000000, 0x00000000e3000000| Untracked 
|  49|0x00000000e3100000, 0x00000000e3100000, 0x00000000e3200000|  0%| F|  |TAMS 0x00000000e3100000, 0x00000000e3100000| Untracked 
|  50|0x00000000e3200000, 0x00000000e3200000, 0x00000000e3300000|  0%| F|  |TAMS 0x00000000e3200000, 0x00000000e3200000| Untracked 
|  51|0x00000000e3300000, 0x00000000e3300000, 0x00000000e3400000|  0%| F|  |TAMS 0x00000000e3300000, 0x00000000e3300000| Untracked 
|  52|0x00000000e3400000, 0x00000000e3400000, 0x00000000e3500000|  0%| F|  |TAMS 0x00000000e3400000, 0x00000000e3400000| Untracked 
|  53|0x00000000e3500000, 0x00000000e3500000, 0x00000000e3600000|  0%| F|  |TAMS 0x00000000e3500000, 0x00000000e3500000| Untracked 
|  54|0x00000000e3600000, 0x00000000e3600000, 0x00000000e3700000|  0%| F|  |TAMS 0x00000000e3600000, 0x00000000e3600000| Untracked 
|  55|0x00000000e3700000, 0x00000000e3700000, 0x00000000e3800000|  0%| F|  |TAMS 0x00000000e3700000, 0x00000000e3700000| Untracked 
|  56|0x00000000e3800000, 0x00000000e3800000, 0x00000000e3900000|  0%| F|  |TAMS 0x00000000e3800000, 0x00000000e3800000| Untracked 
|  57|0x00000000e3900000, 0x00000000e3900000, 0x00000000e3a00000|  0%| F|  |TAMS 0x00000000e3900000, 0x00000000e3900000| Untracked 
|  58|0x00000000e3a00000, 0x00000000e3a00000, 0x00000000e3b00000|  0%| F|  |TAMS 0x00000000e3a00000, 0x00000000e3a00000| Untracked 
|  59|0x00000000e3b00000, 0x00000000e3b00000, 0x00000000e3c00000|  0%| F|  |TAMS 0x00000000e3b00000, 0x00000000e3b00000| Untracked 
|  60|0x00000000e3c00000, 0x00000000e3c00000, 0x00000000e3d00000|  0%| F|  |TAMS 0x00000000e3c00000, 0x00000000e3c00000| Untracked 
|  61|0x00000000e3d00000, 0x00000000e3d00000, 0x00000000e3e00000|  0%| F|  |TAMS 0x00000000e3d00000, 0x00000000e3d00000| Untracked 
|  62|0x00000000e3e00000, 0x00000000e3e00000, 0x00000000e3f00000|  0%| F|  |TAMS 0x00000000e3e00000, 0x00000000e3e00000| Untracked 
|  63|0x00000000e3f00000, 0x00000000e3f00000, 0x00000000e4000000|  0%| F|  |TAMS 0x00000000e3f00000, 0x00000000e3f00000| Untracked 
|  64|0x00000000e4000000, 0x00000000e4000000, 0x00000000e4100000|  0%| F|  |TAMS 0x00000000e4000000, 0x00000000e4000000| Untracked 
|  65|0x00000000e4100000, 0x00000000e4100000, 0x00000000e4200000|  0%| F|  |TAMS 0x00000000e4100000, 0x00000000e4100000| Untracked 
|  66|0x00000000e4200000, 0x00000000e4200000, 0x00000000e4300000|  0%| F|  |TAMS 0x00000000e4200000, 0x00000000e4200000| Untracked 
|  67|0x00000000e4300000, 0x00000000e4300000, 0x00000000e4400000|  0%| F|  |TAMS 0x00000000e4300000, 0x00000000e4300000| Untracked 
|  68|0x00000000e4400000, 0x00000000e4400000, 0x00000000e4500000|  0%| F|  |TAMS 0x00000000e4400000, 0x00000000e4400000| Untracked 
|  69|0x00000000e4500000, 0x00000000e4500000, 0x00000000e4600000|  0%| F|  |TAMS 0x00000000e4500000, 0x00000000e4500000| Untracked 
|  70|0x00000000e4600000, 0x00000000e4600000, 0x00000000e4700000|  0%| F|  |TAMS 0x00000000e4600000, 0x00000000e4600000| Untracked 
|  71|0x00000000e4700000, 0x00000000e4700000, 0x00000000e4800000|  0%| F|  |TAMS 0x00000000e4700000, 0x00000000e4700000| Untracked 
|  72|0x00000000e4800000, 0x00000000e4800000, 0x00000000e4900000|  0%| F|  |TAMS 0x00000000e4800000, 0x00000000e4800000| Untracked 
|  73|0x00000000e4900000, 0x00000000e4900000, 0x00000000e4a00000|  0%| F|  |TAMS 0x00000000e4900000, 0x00000000e4900000| Untracked 
|  74|0x00000000e4a00000, 0x00000000e4a00000, 0x00000000e4b00000|  0%| F|  |TAMS 0x00000000e4a00000, 0x00000000e4a00000| Untracked 
|  75|0x00000000e4b00000, 0x00000000e4b00000, 0x00000000e4c00000|  0%| F|  |TAMS 0x00000000e4b00000, 0x00000000e4b00000| Untracked 
|  76|0x00000000e4c00000, 0x00000000e4c00000, 0x00000000e4d00000|  0%| F|  |TAMS 0x00000000e4c00000, 0x00000000e4c00000| Untracked 
|  77|0x00000000e4d00000, 0x00000000e4d00000, 0x00000000e4e00000|  0%| F|  |TAMS 0x00000000e4d00000, 0x00000000e4d00000| Untracked 
|  78|0x00000000e4e00000, 0x00000000e4e00000, 0x00000000e4f00000|  0%| F|  |TAMS 0x00000000e4e00000, 0x00000000e4e00000| Untracked 
|  79|0x00000000e4f00000, 0x00000000e4f00000, 0x00000000e5000000|  0%| F|  |TAMS 0x00000000e4f00000, 0x00000000e4f00000| Untracked 
|  80|0x00000000e5000000, 0x00000000e5000000, 0x00000000e5100000|  0%| F|  |TAMS 0x00000000e5000000, 0x00000000e5000000| Untracked 
|  81|0x00000000e5100000, 0x00000000e5100000, 0x00000000e5200000|  0%| F|  |TAMS 0x00000000e5100000, 0x00000000e5100000| Untracked 
|  82|0x00000000e5200000, 0x00000000e5200000, 0x00000000e5300000|  0%| F|  |TAMS 0x00000000e5200000, 0x00000000e5200000| Untracked 
|  83|0x00000000e5300000, 0x00000000e5300000, 0x00000000e5400000|  0%| F|  |TAMS 0x00000000e5300000, 0x00000000e5300000| Untracked 
|  84|0x00000000e5400000, 0x00000000e5400000, 0x00000000e5500000|  0%| F|  |TAMS 0x00000000e5400000, 0x00000000e5400000| Untracked 
|  85|0x00000000e5500000, 0x00000000e5500000, 0x00000000e5600000|  0%| F|  |TAMS 0x00000000e5500000, 0x00000000e5500000| Untracked 
|  86|0x00000000e5600000, 0x00000000e5600000, 0x00000000e5700000|  0%| F|  |TAMS 0x00000000e5600000, 0x00000000e5600000| Untracked 
|  87|0x00000000e5700000, 0x00000000e5700000, 0x00000000e5800000|  0%| F|  |TAMS 0x00000000e5700000, 0x00000000e5700000| Untracked 
|  88|0x00000000e5800000, 0x00000000e5800000, 0x00000000e5900000|  0%| F|  |TAMS 0x00000000e5800000, 0x00000000e5800000| Untracked 
|  89|0x00000000e5900000, 0x00000000e5900000, 0x00000000e5a00000|  0%| F|  |TAMS 0x00000000e5900000, 0x00000000e5900000| Untracked 
|  90|0x00000000e5a00000, 0x00000000e5a00000, 0x00000000e5b00000|  0%| F|  |TAMS 0x00000000e5a00000, 0x00000000e5a00000| Untracked 
|  91|0x00000000e5b00000, 0x00000000e5b00000, 0x00000000e5c00000|  0%| F|  |TAMS 0x00000000e5b00000, 0x00000000e5b00000| Untracked 
|  92|0x00000000e5c00000, 0x00000000e5c00000, 0x00000000e5d00000|  0%| F|  |TAMS 0x00000000e5c00000, 0x00000000e5c00000| Untracked 
|  93|0x00000000e5d00000, 0x00000000e5d00000, 0x00000000e5e00000|  0%| F|  |TAMS 0x00000000e5d00000, 0x00000000e5d00000| Untracked 
|  94|0x00000000e5e00000, 0x00000000e5e00000, 0x00000000e5f00000|  0%| F|  |TAMS 0x00000000e5e00000, 0x00000000e5e00000| Untracked 
|  95|0x00000000e5f00000, 0x00000000e5f00000, 0x00000000e6000000|  0%| F|  |TAMS 0x00000000e5f00000, 0x00000000e5f00000| Untracked 
|  96|0x00000000e6000000, 0x00000000e6000000, 0x00000000e6100000|  0%| F|  |TAMS 0x00000000e6000000, 0x00000000e6000000| Untracked 
|  97|0x00000000e6100000, 0x00000000e6100000, 0x00000000e6200000|  0%| F|  |TAMS 0x00000000e6100000, 0x00000000e6100000| Untracked 
|  98|0x00000000e6200000, 0x00000000e6200000, 0x00000000e6300000|  0%| F|  |TAMS 0x00000000e6200000, 0x00000000e6200000| Untracked 
|  99|0x00000000e6300000, 0x00000000e6300000, 0x00000000e6400000|  0%| F|  |TAMS 0x00000000e6300000, 0x00000000e6300000| Untracked 
| 100|0x00000000e6400000, 0x00000000e6400000, 0x00000000e6500000|  0%| F|  |TAMS 0x00000000e6400000, 0x00000000e6400000| Untracked 
| 101|0x00000000e6500000, 0x00000000e6500000, 0x00000000e6600000|  0%| F|  |TAMS 0x00000000e6500000, 0x00000000e6500000| Untracked 
| 102|0x00000000e6600000, 0x00000000e6600000, 0x00000000e6700000|  0%| F|  |TAMS 0x00000000e6600000, 0x00000000e6600000| Untracked 
| 103|0x00000000e6700000, 0x00000000e6700000, 0x00000000e6800000|  0%| F|  |TAMS 0x00000000e6700000, 0x00000000e6700000| Untracked 
| 104|0x00000000e6800000, 0x00000000e6800000, 0x00000000e6900000|  0%| F|  |TAMS 0x00000000e6800000, 0x00000000e6800000| Untracked 
| 105|0x00000000e6900000, 0x00000000e6900000, 0x00000000e6a00000|  0%| F|  |TAMS 0x00000000e6900000, 0x00000000e6900000| Untracked 
| 106|0x00000000e6a00000, 0x00000000e6a00000, 0x00000000e6b00000|  0%| F|  |TAMS 0x00000000e6a00000, 0x00000000e6a00000| Untracked 
| 107|0x00000000e6b00000, 0x00000000e6b00000, 0x00000000e6c00000|  0%| F|  |TAMS 0x00000000e6b00000, 0x00000000e6b00000| Untracked 
| 108|0x00000000e6c00000, 0x00000000e6c00000, 0x00000000e6d00000|  0%| F|  |TAMS 0x00000000e6c00000, 0x00000000e6c00000| Untracked 
| 109|0x00000000e6d00000, 0x00000000e6d00000, 0x00000000e6e00000|  0%| F|  |TAMS 0x00000000e6d00000, 0x00000000e6d00000| Untracked 
| 110|0x00000000e6e00000, 0x00000000e6e00000, 0x00000000e6f00000|  0%| F|  |TAMS 0x00000000e6e00000, 0x00000000e6e00000| Untracked 
| 111|0x00000000e6f00000, 0x00000000e6f00000, 0x00000000e7000000|  0%| F|  |TAMS 0x00000000e6f00000, 0x00000000e6f00000| Untracked 
| 112|0x00000000e7000000, 0x00000000e7000000, 0x00000000e7100000|  0%| F|  |TAMS 0x00000000e7000000, 0x00000000e7000000| Untracked 
| 113|0x00000000e7100000, 0x00000000e7100000, 0x00000000e7200000|  0%| F|  |TAMS 0x00000000e7100000, 0x00000000e7100000| Untracked 
| 114|0x00000000e7200000, 0x00000000e7200000, 0x00000000e7300000|  0%| F|  |TAMS 0x00000000e7200000, 0x00000000e7200000| Untracked 
| 115|0x00000000e7300000, 0x00000000e7300000, 0x00000000e7400000|  0%| F|  |TAMS 0x00000000e7300000, 0x00000000e7300000| Untracked 
| 116|0x00000000e7400000, 0x00000000e7400000, 0x00000000e7500000|  0%| F|  |TAMS 0x00000000e7400000, 0x00000000e7400000| Untracked 
| 117|0x00000000e7500000, 0x00000000e7500000, 0x00000000e7600000|  0%| F|  |TAMS 0x00000000e7500000, 0x00000000e7500000| Untracked 
| 118|0x00000000e7600000, 0x00000000e7600000, 0x00000000e7700000|  0%| F|  |TAMS 0x00000000e7600000, 0x00000000e7600000| Untracked 
| 119|0x00000000e7700000, 0x00000000e7700000, 0x00000000e7800000|  0%| F|  |TAMS 0x00000000e7700000, 0x00000000e7700000| Untracked 
| 120|0x00000000e7800000, 0x00000000e7800000, 0x00000000e7900000|  0%| F|  |TAMS 0x00000000e7800000, 0x00000000e7800000| Untracked 
| 121|0x00000000e7900000, 0x00000000e7900000, 0x00000000e7a00000|  0%| F|  |TAMS 0x00000000e7900000, 0x00000000e7900000| Untracked 
| 122|0x00000000e7a00000, 0x00000000e7a00000, 0x00000000e7b00000|  0%| F|  |TAMS 0x00000000e7a00000, 0x00000000e7a00000| Untracked 
| 123|0x00000000e7b00000, 0x00000000e7bc1da0, 0x00000000e7c00000| 75%| S|CS|TAMS 0x00000000e7b00000, 0x00000000e7b00000| Complete 
| 124|0x00000000e7c00000, 0x00000000e7d00000, 0x00000000e7d00000|100%| S|CS|TAMS 0x00000000e7c00000, 0x00000000e7c00000| Complete 
| 125|0x00000000e7d00000, 0x00000000e7e00000, 0x00000000e7e00000|100%| S|CS|TAMS 0x00000000e7d00000, 0x00000000e7d00000| Complete 
| 126|0x00000000e7e00000, 0x00000000e7f00000, 0x00000000e7f00000|100%| S|CS|TAMS 0x00000000e7e00000, 0x00000000e7e00000| Complete 
| 127|0x00000000e7f00000, 0x00000000e8000000, 0x00000000e8000000|100%| S|CS|TAMS 0x00000000e7f00000, 0x00000000e7f00000| Complete 
| 128|0x00000000e8000000, 0x00000000e8100000, 0x00000000e8100000|100%| S|CS|TAMS 0x00000000e8000000, 0x00000000e8000000| Complete 
| 129|0x00000000e8100000, 0x00000000e8200000, 0x00000000e8200000|100%| S|CS|TAMS 0x00000000e8100000, 0x00000000e8100000| Complete 
| 130|0x00000000e8200000, 0x00000000e8300000, 0x00000000e8300000|100%| S|CS|TAMS 0x00000000e8200000, 0x00000000e8200000| Complete 
| 131|0x00000000e8300000, 0x00000000e8400000, 0x00000000e8400000|100%| S|CS|TAMS 0x00000000e8300000, 0x00000000e8300000| Complete 
| 132|0x00000000e8400000, 0x00000000e8500000, 0x00000000e8500000|100%| S|CS|TAMS 0x00000000e8400000, 0x00000000e8400000| Complete 
| 133|0x00000000e8500000, 0x00000000e8600000, 0x00000000e8600000|100%| S|CS|TAMS 0x00000000e8500000, 0x00000000e8500000| Complete 
| 134|0x00000000e8600000, 0x00000000e8700000, 0x00000000e8700000|100%| S|CS|TAMS 0x00000000e8600000, 0x00000000e8600000| Complete 
| 135|0x00000000e8700000, 0x00000000e8700000, 0x00000000e8800000|  0%| F|  |TAMS 0x00000000e8700000, 0x00000000e8700000| Untracked 
| 136|0x00000000e8800000, 0x00000000e8800000, 0x00000000e8900000|  0%| F|  |TAMS 0x00000000e8800000, 0x00000000e8800000| Untracked 
| 137|0x00000000e8900000, 0x00000000e8900000, 0x00000000e8a00000|  0%| F|  |TAMS 0x00000000e8900000, 0x00000000e8900000| Untracked 
| 138|0x00000000e8a00000, 0x00000000e8a00000, 0x00000000e8b00000|  0%| F|  |TAMS 0x00000000e8a00000, 0x00000000e8a00000| Untracked 
| 139|0x00000000e8b00000, 0x00000000e8b00000, 0x00000000e8c00000|  0%| F|  |TAMS 0x00000000e8b00000, 0x00000000e8b00000| Untracked 
| 140|0x00000000e8c00000, 0x00000000e8c00000, 0x00000000e8d00000|  0%| F|  |TAMS 0x00000000e8c00000, 0x00000000e8c00000| Untracked 
| 141|0x00000000e8d00000, 0x00000000e8d00000, 0x00000000e8e00000|  0%| F|  |TAMS 0x00000000e8d00000, 0x00000000e8d00000| Untracked 
| 142|0x00000000e8e00000, 0x00000000e8e00000, 0x00000000e8f00000|  0%| F|  |TAMS 0x00000000e8e00000, 0x00000000e8e00000| Untracked 
| 143|0x00000000e8f00000, 0x00000000e8f00000, 0x00000000e9000000|  0%| F|  |TAMS 0x00000000e8f00000, 0x00000000e8f00000| Untracked 
| 144|0x00000000e9000000, 0x00000000e9000000, 0x00000000e9100000|  0%| F|  |TAMS 0x00000000e9000000, 0x00000000e9000000| Untracked 
| 145|0x00000000e9100000, 0x00000000e9100000, 0x00000000e9200000|  0%| F|  |TAMS 0x00000000e9100000, 0x00000000e9100000| Untracked 
| 146|0x00000000e9200000, 0x00000000e9200000, 0x00000000e9300000|  0%| F|  |TAMS 0x00000000e9200000, 0x00000000e9200000| Untracked 
| 147|0x00000000e9300000, 0x00000000e9300000, 0x00000000e9400000|  0%| F|  |TAMS 0x00000000e9300000, 0x00000000e9300000| Untracked 
| 148|0x00000000e9400000, 0x00000000e9400000, 0x00000000e9500000|  0%| F|  |TAMS 0x00000000e9400000, 0x00000000e9400000| Untracked 
| 149|0x00000000e9500000, 0x00000000e9500000, 0x00000000e9600000|  0%| F|  |TAMS 0x00000000e9500000, 0x00000000e9500000| Untracked 
| 150|0x00000000e9600000, 0x00000000e9600000, 0x00000000e9700000|  0%| F|  |TAMS 0x00000000e9600000, 0x00000000e9600000| Untracked 
| 151|0x00000000e9700000, 0x00000000e9700000, 0x00000000e9800000|  0%| F|  |TAMS 0x00000000e9700000, 0x00000000e9700000| Untracked 
| 152|0x00000000e9800000, 0x00000000e9800000, 0x00000000e9900000|  0%| F|  |TAMS 0x00000000e9800000, 0x00000000e9800000| Untracked 
| 153|0x00000000e9900000, 0x00000000e9900000, 0x00000000e9a00000|  0%| F|  |TAMS 0x00000000e9900000, 0x00000000e9900000| Untracked 
| 154|0x00000000e9a00000, 0x00000000e9a00000, 0x00000000e9b00000|  0%| F|  |TAMS 0x00000000e9a00000, 0x00000000e9a00000| Untracked 
| 155|0x00000000e9b00000, 0x00000000e9b00000, 0x00000000e9c00000|  0%| F|  |TAMS 0x00000000e9b00000, 0x00000000e9b00000| Untracked 
| 156|0x00000000e9c00000, 0x00000000e9c00000, 0x00000000e9d00000|  0%| F|  |TAMS 0x00000000e9c00000, 0x00000000e9c00000| Untracked 
| 157|0x00000000e9d00000, 0x00000000e9d00000, 0x00000000e9e00000|  0%| F|  |TAMS 0x00000000e9d00000, 0x00000000e9d00000| Untracked 
| 158|0x00000000e9e00000, 0x00000000e9e00000, 0x00000000e9f00000|  0%| F|  |TAMS 0x00000000e9e00000, 0x00000000e9e00000| Untracked 
| 159|0x00000000e9f00000, 0x00000000e9f00000, 0x00000000ea000000|  0%| F|  |TAMS 0x00000000e9f00000, 0x00000000e9f00000| Untracked 
| 160|0x00000000ea000000, 0x00000000ea000000, 0x00000000ea100000|  0%| F|  |TAMS 0x00000000ea000000, 0x00000000ea000000| Untracked 
| 161|0x00000000ea100000, 0x00000000ea100000, 0x00000000ea200000|  0%| F|  |TAMS 0x00000000ea100000, 0x00000000ea100000| Untracked 
| 162|0x00000000ea200000, 0x00000000ea200000, 0x00000000ea300000|  0%| F|  |TAMS 0x00000000ea200000, 0x00000000ea200000| Untracked 
| 163|0x00000000ea300000, 0x00000000ea300000, 0x00000000ea400000|  0%| F|  |TAMS 0x00000000ea300000, 0x00000000ea300000| Untracked 
| 164|0x00000000ea400000, 0x00000000ea400000, 0x00000000ea500000|  0%| F|  |TAMS 0x00000000ea400000, 0x00000000ea400000| Untracked 
| 165|0x00000000ea500000, 0x00000000ea500000, 0x00000000ea600000|  0%| F|  |TAMS 0x00000000ea500000, 0x00000000ea500000| Untracked 
| 166|0x00000000ea600000, 0x00000000ea600000, 0x00000000ea700000|  0%| F|  |TAMS 0x00000000ea600000, 0x00000000ea600000| Untracked 
| 167|0x00000000ea700000, 0x00000000ea700000, 0x00000000ea800000|  0%| F|  |TAMS 0x00000000ea700000, 0x00000000ea700000| Untracked 
| 168|0x00000000ea800000, 0x00000000ea800000, 0x00000000ea900000|  0%| F|  |TAMS 0x00000000ea800000, 0x00000000ea800000| Untracked 
| 169|0x00000000ea900000, 0x00000000ea900000, 0x00000000eaa00000|  0%| F|  |TAMS 0x00000000ea900000, 0x00000000ea900000| Untracked 
| 170|0x00000000eaa00000, 0x00000000eaa00000, 0x00000000eab00000|  0%| F|  |TAMS 0x00000000eaa00000, 0x00000000eaa00000| Untracked 
| 171|0x00000000eab00000, 0x00000000eab00000, 0x00000000eac00000|  0%| F|  |TAMS 0x00000000eab00000, 0x00000000eab00000| Untracked 
| 172|0x00000000eac00000, 0x00000000eac00000, 0x00000000ead00000|  0%| F|  |TAMS 0x00000000eac00000, 0x00000000eac00000| Untracked 
| 173|0x00000000ead00000, 0x00000000ead00000, 0x00000000eae00000|  0%| F|  |TAMS 0x00000000ead00000, 0x00000000ead00000| Untracked 
| 174|0x00000000eae00000, 0x00000000eae00000, 0x00000000eaf00000|  0%| F|  |TAMS 0x00000000eae00000, 0x00000000eae00000| Untracked 
| 175|0x00000000eaf00000, 0x00000000eaf00000, 0x00000000eb000000|  0%| F|  |TAMS 0x00000000eaf00000, 0x00000000eaf00000| Untracked 
| 176|0x00000000eb000000, 0x00000000eb000000, 0x00000000eb100000|  0%| F|  |TAMS 0x00000000eb000000, 0x00000000eb000000| Untracked 
| 177|0x00000000eb100000, 0x00000000eb200000, 0x00000000eb200000|100%| E|  |TAMS 0x00000000eb100000, 0x00000000eb100000| Complete 
| 178|0x00000000eb200000, 0x00000000eb300000, 0x00000000eb300000|100%| E|CS|TAMS 0x00000000eb200000, 0x00000000eb200000| Complete 
| 179|0x00000000eb300000, 0x00000000eb400000, 0x00000000eb400000|100%| E|CS|TAMS 0x00000000eb300000, 0x00000000eb300000| Complete 
| 180|0x00000000eb400000, 0x00000000eb500000, 0x00000000eb500000|100%| E|CS|TAMS 0x00000000eb400000, 0x00000000eb400000| Complete 
| 181|0x00000000eb500000, 0x00000000eb600000, 0x00000000eb600000|100%| E|CS|TAMS 0x00000000eb500000, 0x00000000eb500000| Complete 
| 182|0x00000000eb600000, 0x00000000eb700000, 0x00000000eb700000|100%| E|CS|TAMS 0x00000000eb600000, 0x00000000eb600000| Complete 
| 183|0x00000000eb700000, 0x00000000eb800000, 0x00000000eb800000|100%| E|CS|TAMS 0x00000000eb700000, 0x00000000eb700000| Complete 
| 184|0x00000000eb800000, 0x00000000eb900000, 0x00000000eb900000|100%| E|CS|TAMS 0x00000000eb800000, 0x00000000eb800000| Complete 
| 185|0x00000000eb900000, 0x00000000eba00000, 0x00000000eba00000|100%| E|CS|TAMS 0x00000000eb900000, 0x00000000eb900000| Complete 
| 186|0x00000000eba00000, 0x00000000ebb00000, 0x00000000ebb00000|100%| E|CS|TAMS 0x00000000eba00000, 0x00000000eba00000| Complete 
| 187|0x00000000ebb00000, 0x00000000ebc00000, 0x00000000ebc00000|100%| E|CS|TAMS 0x00000000ebb00000, 0x00000000ebb00000| Complete 
| 188|0x00000000ebc00000, 0x00000000ebd00000, 0x00000000ebd00000|100%| E|CS|TAMS 0x00000000ebc00000, 0x00000000ebc00000| Complete 
| 189|0x00000000ebd00000, 0x00000000ebe00000, 0x00000000ebe00000|100%| E|CS|TAMS 0x00000000ebd00000, 0x00000000ebd00000| Complete 
| 190|0x00000000ebe00000, 0x00000000ebf00000, 0x00000000ebf00000|100%| E|CS|TAMS 0x00000000ebe00000, 0x00000000ebe00000| Complete 
| 191|0x00000000ebf00000, 0x00000000ec000000, 0x00000000ec000000|100%| E|CS|TAMS 0x00000000ebf00000, 0x00000000ebf00000| Complete 
| 192|0x00000000ec000000, 0x00000000ec100000, 0x00000000ec100000|100%| E|CS|TAMS 0x00000000ec000000, 0x00000000ec000000| Complete 
| 193|0x00000000ec100000, 0x00000000ec200000, 0x00000000ec200000|100%| E|CS|TAMS 0x00000000ec100000, 0x00000000ec100000| Complete 
| 194|0x00000000ec200000, 0x00000000ec300000, 0x00000000ec300000|100%| E|CS|TAMS 0x00000000ec200000, 0x00000000ec200000| Complete 
| 195|0x00000000ec300000, 0x00000000ec400000, 0x00000000ec400000|100%| E|  |TAMS 0x00000000ec300000, 0x00000000ec300000| Complete 
| 196|0x00000000ec400000, 0x00000000ec500000, 0x00000000ec500000|100%| E|CS|TAMS 0x00000000ec400000, 0x00000000ec400000| Complete 
| 197|0x00000000ec500000, 0x00000000ec600000, 0x00000000ec600000|100%| E|CS|TAMS 0x00000000ec500000, 0x00000000ec500000| Complete 
| 198|0x00000000ec600000, 0x00000000ec700000, 0x00000000ec700000|100%| E|CS|TAMS 0x00000000ec600000, 0x00000000ec600000| Complete 
| 199|0x00000000ec700000, 0x00000000ec800000, 0x00000000ec800000|100%| E|CS|TAMS 0x00000000ec700000, 0x00000000ec700000| Complete 
| 200|0x00000000ec800000, 0x00000000ec900000, 0x00000000ec900000|100%| E|CS|TAMS 0x00000000ec800000, 0x00000000ec800000| Complete 
| 201|0x00000000ec900000, 0x00000000eca00000, 0x00000000eca00000|100%| E|CS|TAMS 0x00000000ec900000, 0x00000000ec900000| Complete 
| 202|0x00000000eca00000, 0x00000000ecb00000, 0x00000000ecb00000|100%| E|CS|TAMS 0x00000000eca00000, 0x00000000eca00000| Complete 
| 203|0x00000000ecb00000, 0x00000000ecc00000, 0x00000000ecc00000|100%| E|CS|TAMS 0x00000000ecb00000, 0x00000000ecb00000| Complete 
| 204|0x00000000ecc00000, 0x00000000ecd00000, 0x00000000ecd00000|100%| E|CS|TAMS 0x00000000ecc00000, 0x00000000ecc00000| Complete 
| 205|0x00000000ecd00000, 0x00000000ece00000, 0x00000000ece00000|100%| E|CS|TAMS 0x00000000ecd00000, 0x00000000ecd00000| Complete 
| 206|0x00000000ece00000, 0x00000000ecf00000, 0x00000000ecf00000|100%| E|CS|TAMS 0x00000000ece00000, 0x00000000ece00000| Complete 
| 207|0x00000000ecf00000, 0x00000000ed000000, 0x00000000ed000000|100%| E|CS|TAMS 0x00000000ecf00000, 0x00000000ecf00000| Complete 
| 208|0x00000000ed000000, 0x00000000ed100000, 0x00000000ed100000|100%| E|CS|TAMS 0x00000000ed000000, 0x00000000ed000000| Complete 
| 209|0x00000000ed100000, 0x00000000ed200000, 0x00000000ed200000|100%| E|CS|TAMS 0x00000000ed100000, 0x00000000ed100000| Complete 
| 210|0x00000000ed200000, 0x00000000ed300000, 0x00000000ed300000|100%| E|CS|TAMS 0x00000000ed200000, 0x00000000ed200000| Complete 
| 211|0x00000000ed300000, 0x00000000ed400000, 0x00000000ed400000|100%| E|CS|TAMS 0x00000000ed300000, 0x00000000ed300000| Complete 
| 212|0x00000000ed400000, 0x00000000ed500000, 0x00000000ed500000|100%| E|CS|TAMS 0x00000000ed400000, 0x00000000ed400000| Complete 
| 213|0x00000000ed500000, 0x00000000ed600000, 0x00000000ed600000|100%| E|CS|TAMS 0x00000000ed500000, 0x00000000ed500000| Complete 
| 214|0x00000000ed600000, 0x00000000ed700000, 0x00000000ed700000|100%| E|CS|TAMS 0x00000000ed600000, 0x00000000ed600000| Complete 
| 215|0x00000000ed700000, 0x00000000ed800000, 0x00000000ed800000|100%| E|CS|TAMS 0x00000000ed700000, 0x00000000ed700000| Complete 
| 216|0x00000000ed800000, 0x00000000ed900000, 0x00000000ed900000|100%| E|CS|TAMS 0x00000000ed800000, 0x00000000ed800000| Complete 
| 217|0x00000000ed900000, 0x00000000eda00000, 0x00000000eda00000|100%| E|CS|TAMS 0x00000000ed900000, 0x00000000ed900000| Complete 
| 218|0x00000000eda00000, 0x00000000edb00000, 0x00000000edb00000|100%| E|CS|TAMS 0x00000000eda00000, 0x00000000eda00000| Complete 
| 219|0x00000000edb00000, 0x00000000edc00000, 0x00000000edc00000|100%| E|CS|TAMS 0x00000000edb00000, 0x00000000edb00000| Complete 
| 220|0x00000000edc00000, 0x00000000edd00000, 0x00000000edd00000|100%| E|CS|TAMS 0x00000000edc00000, 0x00000000edc00000| Complete 
| 221|0x00000000edd00000, 0x00000000ede00000, 0x00000000ede00000|100%| E|CS|TAMS 0x00000000edd00000, 0x00000000edd00000| Complete 
| 222|0x00000000ede00000, 0x00000000edf00000, 0x00000000edf00000|100%| E|CS|TAMS 0x00000000ede00000, 0x00000000ede00000| Complete 
| 223|0x00000000edf00000, 0x00000000ee000000, 0x00000000ee000000|100%| E|CS|TAMS 0x00000000edf00000, 0x00000000edf00000| Complete 
| 224|0x00000000ee000000, 0x00000000ee100000, 0x00000000ee100000|100%| E|CS|TAMS 0x00000000ee000000, 0x00000000ee000000| Complete 
| 225|0x00000000ee100000, 0x00000000ee200000, 0x00000000ee200000|100%| E|CS|TAMS 0x00000000ee100000, 0x00000000ee100000| Complete 
| 226|0x00000000ee200000, 0x00000000ee300000, 0x00000000ee300000|100%| E|CS|TAMS 0x00000000ee200000, 0x00000000ee200000| Complete 
| 227|0x00000000ee300000, 0x00000000ee400000, 0x00000000ee400000|100%| E|CS|TAMS 0x00000000ee300000, 0x00000000ee300000| Complete 
| 228|0x00000000ee400000, 0x00000000ee500000, 0x00000000ee500000|100%| E|CS|TAMS 0x00000000ee400000, 0x00000000ee400000| Complete 
| 229|0x00000000ee500000, 0x00000000ee600000, 0x00000000ee600000|100%| E|CS|TAMS 0x00000000ee500000, 0x00000000ee500000| Complete 
| 230|0x00000000ee600000, 0x00000000ee700000, 0x00000000ee700000|100%| E|CS|TAMS 0x00000000ee600000, 0x00000000ee600000| Complete 
| 231|0x00000000ee700000, 0x00000000ee800000, 0x00000000ee800000|100%| E|CS|TAMS 0x00000000ee700000, 0x00000000ee700000| Complete 
| 232|0x00000000ee800000, 0x00000000ee900000, 0x00000000ee900000|100%| E|CS|TAMS 0x00000000ee800000, 0x00000000ee800000| Complete 
| 233|0x00000000ee900000, 0x00000000eea00000, 0x00000000eea00000|100%| E|CS|TAMS 0x00000000ee900000, 0x00000000ee900000| Complete 
| 234|0x00000000eea00000, 0x00000000eeb00000, 0x00000000eeb00000|100%| E|CS|TAMS 0x00000000eea00000, 0x00000000eea00000| Complete 
| 235|0x00000000eeb00000, 0x00000000eec00000, 0x00000000eec00000|100%| E|CS|TAMS 0x00000000eeb00000, 0x00000000eeb00000| Complete 
| 236|0x00000000eec00000, 0x00000000eed00000, 0x00000000eed00000|100%| E|CS|TAMS 0x00000000eec00000, 0x00000000eec00000| Complete 
| 237|0x00000000eed00000, 0x00000000eee00000, 0x00000000eee00000|100%| E|CS|TAMS 0x00000000eed00000, 0x00000000eed00000| Complete 
| 238|0x00000000eee00000, 0x00000000eef00000, 0x00000000eef00000|100%| E|CS|TAMS 0x00000000eee00000, 0x00000000eee00000| Complete 
| 239|0x00000000eef00000, 0x00000000ef000000, 0x00000000ef000000|100%| E|CS|TAMS 0x00000000eef00000, 0x00000000eef00000| Complete 
| 240|0x00000000ef000000, 0x00000000ef100000, 0x00000000ef100000|100%| E|CS|TAMS 0x00000000ef000000, 0x00000000ef000000| Complete 
| 241|0x00000000ef100000, 0x00000000ef200000, 0x00000000ef200000|100%| E|CS|TAMS 0x00000000ef100000, 0x00000000ef100000| Complete 
| 242|0x00000000ef200000, 0x00000000ef300000, 0x00000000ef300000|100%| E|CS|TAMS 0x00000000ef200000, 0x00000000ef200000| Complete 
| 243|0x00000000ef300000, 0x00000000ef400000, 0x00000000ef400000|100%| E|CS|TAMS 0x00000000ef300000, 0x00000000ef300000| Complete 
| 244|0x00000000ef400000, 0x00000000ef500000, 0x00000000ef500000|100%| E|CS|TAMS 0x00000000ef400000, 0x00000000ef400000| Complete 
| 245|0x00000000ef500000, 0x00000000ef600000, 0x00000000ef600000|100%| E|CS|TAMS 0x00000000ef500000, 0x00000000ef500000| Complete 
| 246|0x00000000ef600000, 0x00000000ef700000, 0x00000000ef700000|100%| E|CS|TAMS 0x00000000ef600000, 0x00000000ef600000| Complete 
| 247|0x00000000ef700000, 0x00000000ef800000, 0x00000000ef800000|100%| E|CS|TAMS 0x00000000ef700000, 0x00000000ef700000| Complete 
| 248|0x00000000ef800000, 0x00000000ef900000, 0x00000000ef900000|100%| E|CS|TAMS 0x00000000ef800000, 0x00000000ef800000| Complete 
| 249|0x00000000ef900000, 0x00000000efa00000, 0x00000000efa00000|100%| E|CS|TAMS 0x00000000ef900000, 0x00000000ef900000| Complete 
| 250|0x00000000efa00000, 0x00000000efb00000, 0x00000000efb00000|100%| E|CS|TAMS 0x00000000efa00000, 0x00000000efa00000| Complete 
| 251|0x00000000efb00000, 0x00000000efc00000, 0x00000000efc00000|100%| E|CS|TAMS 0x00000000efb00000, 0x00000000efb00000| Complete 
| 252|0x00000000efc00000, 0x00000000efd00000, 0x00000000efd00000|100%| E|CS|TAMS 0x00000000efc00000, 0x00000000efc00000| Complete 
| 253|0x00000000efd00000, 0x00000000efe00000, 0x00000000efe00000|100%| E|CS|TAMS 0x00000000efd00000, 0x00000000efd00000| Complete 
| 254|0x00000000efe00000, 0x00000000eff00000, 0x00000000eff00000|100%| E|CS|TAMS 0x00000000efe00000, 0x00000000efe00000| Complete 
| 255|0x00000000eff00000, 0x00000000f0000000, 0x00000000f0000000|100%| E|CS|TAMS 0x00000000eff00000, 0x00000000eff00000| Complete 

Card table byte_map: [0x000001b8f2ae0000,0x000001b8f2be0000] _byte_map_base: 0x000001b8f23e0000

Marking Bits (Prev, Next): (CMBitMap*) 0x000001b8dbc05dd0, (CMBitMap*) 0x000001b8dbc05d90
 Prev Bits: [0x000001b8f34e0000, 0x000001b8f3ce0000)
 Next Bits: [0x000001b8f2ce0000, 0x000001b8f34e0000)

Polling page: 0x000001b8d9b40000

Metaspace:

Usage:
  Non-class:     26.66 MB used.
      Class:      4.39 MB used.
       Both:     31.04 MB used.

Virtual space:
  Non-class space:       32.00 MB reserved,      26.88 MB ( 84%) committed,  4 nodes.
      Class space:      308.00 MB reserved,       4.56 MB (  1%) committed,  1 nodes.
             Both:      340.00 MB reserved,      31.44 MB (  9%) committed. 

Chunk freelists:
   Non-Class:  496.00 KB
       Class:  3.48 MB
        Both:  3.97 MB

MaxMetaspaceSize: 384.00 MB
CompressedClassSpaceSize: 308.00 MB
Initial GC threshold: 21.00 MB
Current GC threshold: 35.25 MB
CDS: on
MetaspaceReclaimPolicy: balanced
 - commit_granule_bytes: 65536.
 - commit_granule_words: 8192.
 - virtual_space_node_default_size: 1048576.
 - enlarge_chunks_in_place: 1.
 - new_chunks_are_fully_committed: 0.
 - uncommit_free_chunks: 1.
 - use_allocation_guard: 0.
 - handle_deallocations: 1.


Internal statistics:

num_allocs_failed_limit: 3.
num_arena_births: 298.
num_arena_deaths: 0.
num_vsnodes_births: 5.
num_vsnodes_deaths: 0.
num_space_committed: 503.
num_space_uncommitted: 0.
num_chunks_returned_to_freelist: 3.
num_chunks_taken_from_freelist: 1398.
num_chunk_merges: 3.
num_chunk_splits: 946.
num_chunks_enlarged: 688.
num_purges: 0.
num_inconsistent_stats: 0.

CodeHeap 'non-profiled nmethods': size=120000Kb used=2046Kb max_used=2046Kb free=117953Kb
 bounds [0x000001b8eb180000, 0x000001b8eb3f0000, 0x000001b8f26b0000]
CodeHeap 'profiled nmethods': size=120000Kb used=7913Kb max_used=7913Kb free=112086Kb
 bounds [0x000001b8e3c50000, 0x000001b8e4410000, 0x000001b8eb180000]
CodeHeap 'non-nmethods': size=5760Kb used=1606Kb max_used=1635Kb free=4153Kb
 bounds [0x000001b8e36b0000, 0x000001b8e3920000, 0x000001b8e3c50000]
 total_blobs=4545 nmethods=3888 adapters=568
 compilation: enabled
              stopped_count=0, restarted_count=0
 full_count=0

Compilation events (20 events):
Event: 88.077 Thread 0x000001b8f670ba80 nmethod 3880 0x000001b8eb377690 code [0x000001b8eb377860, 0x000001b8eb377ec8]
Event: 88.087 Thread 0x000001b8f670ba80 3883       4       java.util.regex.Pattern::append (43 bytes)
Event: 88.096 Thread 0x000001b8f670ba80 nmethod 3883 0x000001b8eb378410 code [0x000001b8eb3785a0, 0x000001b8eb378a58]
Event: 88.097 Thread 0x000001b8f670ec20 3884   !   3       jdk.internal.jrtfs.JrtDirectoryStream$1::next (48 bytes)
Event: 88.097 Thread 0x000001b8f670ba80 3885 %     4       jdk.internal.jrtfs.JrtPath::normalize @ 15 (97 bytes)
Event: 88.097 Thread 0x000001b8f670ec20 nmethod 3884 0x000001b8e4409790 code [0x000001b8e4409960, 0x000001b8e4409e58]
Event: 88.104 Thread 0x000001b8f670ba80 nmethod 3885% 0x000001b8eb378c10 code [0x000001b8eb378da0, 0x000001b8eb378fe8]
Event: 88.283 Thread 0x000001b8f670ba80 3886       4       java.util.regex.Pattern$LastNode::match (45 bytes)
Event: 88.285 Thread 0x000001b8f670ba80 nmethod 3886 0x000001b8eb379210 code [0x000001b8eb379380, 0x000001b8eb379458]
Event: 88.291 Thread 0x000001b8f670ba80 3887       4       jdk.internal.jrtfs.JrtPath::normalize (97 bytes)
Event: 88.296 Thread 0x000001b8f670ba80 nmethod 3887 0x000001b8eb379590 code [0x000001b8eb379720, 0x000001b8eb379928]
Event: 88.345 Thread 0x000001b8f670ba80 3888       4       java.util.stream.ReferencePipeline$2$1::accept (27 bytes)
Event: 88.346 Thread 0x000001b8f670ba80 nmethod 3888 0x000001b8eb379b90 code [0x000001b8eb379d20, 0x000001b8eb379df8]
Event: 88.399 Thread 0x000001b8f670ba80 3889       4       java.util.regex.Pattern::compile (500 bytes)
Event: 88.733 Thread 0x000001b8f670ba80 nmethod 3889 0x000001b8eb379f10 code [0x000001b8eb37a2c0, 0x000001b8eb37dbd0]
Event: 88.735 Thread 0x000001b8f670ba80 3890       4       java.util.Spliterators$1Adapter::accept (11 bytes)
Event: 88.737 Thread 0x000001b8f670ba80 nmethod 3890 0x000001b8eb37ef90 code [0x000001b8eb37f100, 0x000001b8eb37f238]
Event: 88.786 Thread 0x000001b8f670ba80 3891       4       java.util.HashMap::<init> (98 bytes)
Event: 88.788 Thread 0x000001b8f670ba80 nmethod 3891 0x000001b8eb37f290 code [0x000001b8eb37f400, 0x000001b8eb37f578]
Event: 88.839 Thread 0x000001b8f670ba80 3892       4       java.lang.String::split (327 bytes)

GC Heap History (6 events):
Event: 3.380 GC heap before
{Heap before GC invocations=0 (full 0):
 garbage-first heap   total 262144K, used 26624K [0x00000000e0000000, 0x0000000100000000)
  region size 1024K, 23 young (23552K), 0 survivors (0K)
 Metaspace       used 3045K, committed 3200K, reserved 323584K
  class space    used 388K, committed 448K, reserved 315392K
}
Event: 3.486 GC heap after
{Heap after GC invocations=1 (full 0):
 garbage-first heap   total 262144K, used 10955K [0x00000000e0000000, 0x0000000100000000)
  region size 1024K, 3 young (3072K), 3 survivors (3072K)
 Metaspace       used 3045K, committed 3200K, reserved 323584K
  class space    used 388K, committed 448K, reserved 315392K
}
Event: 6.379 GC heap before
{Heap before GC invocations=1 (full 0):
 garbage-first heap   total 262144K, used 36555K [0x00000000e0000000, 0x0000000100000000)
  region size 1024K, 28 young (28672K), 3 survivors (3072K)
 Metaspace       used 4043K, committed 4224K, reserved 323584K
  class space    used 497K, committed 576K, reserved 315392K
}
Event: 6.384 GC heap after
{Heap after GC invocations=2 (full 0):
 garbage-first heap   total 262144K, used 12099K [0x00000000e0000000, 0x0000000100000000)
  region size 1024K, 1 young (1024K), 1 survivors (1024K)
 Metaspace       used 4043K, committed 4224K, reserved 323584K
  class space    used 497K, committed 576K, reserved 315392K
}
Event: 23.663 GC heap before
{Heap before GC invocations=2 (full 0):
 garbage-first heap   total 262144K, used 134979K [0x00000000e0000000, 0x0000000100000000)
  region size 1024K, 121 young (123904K), 1 survivors (1024K)
 Metaspace       used 21225K, committed 21504K, reserved 339968K
  class space    used 3123K, committed 3264K, reserved 315392K
}
Event: 23.725 GC heap after
{Heap after GC invocations=3 (full 0):
 garbage-first heap   total 262144K, used 23406K [0x00000000e0000000, 0x0000000100000000)
  region size 1024K, 12 young (12288K), 12 survivors (12288K)
 Metaspace       used 21225K, committed 21504K, reserved 339968K
  class space    used 3123K, committed 3264K, reserved 315392K
}

Deoptimization events (20 events):
Event: 75.396 Thread 0x000001b8f7e2edc0 Uncommon trap: trap_request=0xffffff45 fr.pc=0x000001b8eb3243a0 relative=0x00000000000005c0
Event: 75.396 Thread 0x000001b8f7e2edc0 Uncommon trap: reason=unstable_if action=reinterpret pc=0x000001b8eb3243a0 method=jdk.internal.org.objectweb.asm.MethodWriter.visitVarInsn(II)V @ 108 c2
Event: 75.396 Thread 0x000001b8f7e2edc0 DEOPT PACKING pc=0x000001b8eb3243a0 sp=0x00000007c37f1230
Event: 75.396 Thread 0x000001b8f7e2edc0 DEOPT UNPACKING pc=0x000001b8e3705c23 sp=0x00000007c37f11f8 mode 2
Event: 81.293 Thread 0x000001b8f7e2edc0 Uncommon trap: trap_request=0xffffff45 fr.pc=0x000001b8eb26673c relative=0x000000000000051c
Event: 81.293 Thread 0x000001b8f7e2edc0 Uncommon trap: reason=unstable_if action=reinterpret pc=0x000001b8eb26673c method=java.util.Properties$LineReader.readLine()I @ 95 c2
Event: 81.293 Thread 0x000001b8f7e2edc0 DEOPT PACKING pc=0x000001b8eb26673c sp=0x00000007c37f81b0
Event: 81.295 Thread 0x000001b8f7e2edc0 DEOPT UNPACKING pc=0x000001b8e3705c23 sp=0x00000007c37f8150 mode 2
Event: 84.653 Thread 0x000001b8f7e2edc0 DEOPT PACKING pc=0x000001b8e407f15c sp=0x00000007c37f7430
Event: 84.653 Thread 0x000001b8f7e2edc0 DEOPT UNPACKING pc=0x000001b8e3706763 sp=0x00000007c37f69b0 mode 0
Event: 85.328 Thread 0x000001b8f7e2edc0 Uncommon trap: trap_request=0xffffff54 fr.pc=0x000001b8eb23b154 relative=0x0000000000001394
Event: 85.328 Thread 0x000001b8f7e2edc0 Uncommon trap: reason=speculate_null_assert action=make_not_entrant pc=0x000001b8eb23b154 method=jdk.internal.loader.URLClassPath$JarLoader.getResource(Ljava/lang/String;ZLjava/util/Set;)Ljdk/internal/loader/Resource; @ 17 c2
Event: 85.328 Thread 0x000001b8f7e2edc0 DEOPT PACKING pc=0x000001b8eb23b154 sp=0x00000007c37f6f80
Event: 85.328 Thread 0x000001b8f7e2edc0 DEOPT UNPACKING pc=0x000001b8e3705c23 sp=0x00000007c37f6f18 mode 2
Event: 86.614 Thread 0x000001b8f7e2edc0 Uncommon trap: trap_request=0xffffffc6 fr.pc=0x000001b8eb2e7408 relative=0x00000000000041e8
Event: 86.614 Thread 0x000001b8f7e2edc0 Uncommon trap: reason=bimorphic_or_optimized_type_check action=maybe_recompile pc=0x000001b8eb2e7408 method=java.net.URL.<init>(Ljava/net/URL;Ljava/lang/String;Ljava/net/URLStreamHandler;)V @ 504 c2
Event: 86.614 Thread 0x000001b8f7e2edc0 DEOPT PACKING pc=0x000001b8eb2e7408 sp=0x00000007c37f7900
Event: 86.614 Thread 0x000001b8f7e2edc0 DEOPT UNPACKING pc=0x000001b8e3705c23 sp=0x00000007c37f78a0 mode 2
Event: 88.291 Thread 0x000001b8f7e2edc0 DEOPT PACKING pc=0x000001b8e43e43a0 sp=0x00000007c37f7ce0
Event: 88.291 Thread 0x000001b8f7e2edc0 DEOPT UNPACKING pc=0x000001b8e3706763 sp=0x00000007c37f71f0 mode 0

Classes unloaded (0 events):
No events

Classes redefined (0 events):
No events

Internal exceptions (20 events):
Event: 26.097 Thread 0x000001b8f7e2edc0 Exception <a 'java/lang/IncompatibleClassChangeError'{0x00000000ee873ad0}: Found class java.lang.Object, but interface was expected> (0x00000000ee873ad0) 
thrown [d:\a\1\s\lookaside\java-17-openjdk\src\hotspot\share\interpreter\linkResolver.cpp, line 833]
Event: 48.381 Thread 0x000001b8f7e2edc0 Exception <a 'java/lang/NoSuchMethodError'{0x00000000edec7058}: 'int java.lang.invoke.DirectMethodHandle$Holder.invokeStaticInit(java.lang.Object, java.lang.Object, java.lang.Object)'> (0x00000000edec7058) 
thrown [d:\a\1\s\lookaside\java-17-openjdk\src\hotspot\share\interpreter\linkResolver.cpp, line 766]
Event: 48.390 Thread 0x000001b8f7e2edc0 Exception <a 'java/lang/NoSuchMethodError'{0x00000000ededcd98}: 'java.lang.Object java.lang.invoke.DirectMethodHandle$Holder.newInvokeSpecial(java.lang.Object, java.lang.Object, long)'> (0x00000000ededcd98) 
thrown [d:\a\1\s\lookaside\java-17-openjdk\src\hotspot\share\interpreter\linkResolver.cpp, line 766]
Event: 48.390 Thread 0x000001b8f7e2edc0 Exception <a 'java/lang/NoSuchMethodError'{0x00000000edee13a8}: 'java.lang.Object java.lang.invoke.Invokers$Holder.linkToTargetMethod(java.lang.Object, long, java.lang.Object)'> (0x00000000edee13a8) 
thrown [d:\a\1\s\lookaside\java-17-openjdk\src\hotspot\share\interpreter\linkResolver.cpp, line 766]
Event: 49.268 Thread 0x000001b8f7e2edc0 Exception <a 'java/lang/NoSuchMethodError'{0x00000000edc49550}: 'int java.lang.invoke.DirectMethodHandle$Holder.invokeInterface(java.lang.Object, java.lang.Object)'> (0x00000000edc49550) 
thrown [d:\a\1\s\lookaside\java-17-openjdk\src\hotspot\share\interpreter\linkResolver.cpp, line 766]
Event: 49.285 Thread 0x000001b8f7e2edc0 Exception <a 'java/lang/NoSuchMethodError'{0x00000000edc78a08}: 'java.lang.Object java.lang.invoke.DirectMethodHandle$Holder.invokeStatic(java.lang.Object, java.lang.Object, int, java.lang.Object)'> (0x00000000edc78a08) 
thrown [d:\a\1\s\lookaside\java-17-openjdk\src\hotspot\share\interpreter\linkResolver.cpp, line 766]
Event: 49.286 Thread 0x000001b8f7e2edc0 Exception <a 'java/lang/NoSuchMethodError'{0x00000000edc809e8}: 'java.lang.Object java.lang.invoke.DirectMethodHandle$Holder.newInvokeSpecial(java.lang.Object, java.lang.Object, int, java.lang.Object)'> (0x00000000edc809e8) 
thrown [d:\a\1\s\lookaside\java-17-openjdk\src\hotspot\share\interpreter\linkResolver.cpp, line 766]
Event: 49.287 Thread 0x000001b8f7e2edc0 Exception <a 'java/lang/NoSuchMethodError'{0x00000000edc852d0}: 'java.lang.Object java.lang.invoke.DirectMethodHandle$Holder.invokeSpecial(java.lang.Object, java.lang.Object, java.lang.Object, int, java.lang.Object)'> (0x00000000edc852d0) 
thrown [d:\a\1\s\lookaside\java-17-openjdk\src\hotspot\share\interpreter\linkResolver.cpp, line 766]
Event: 75.396 Thread 0x000001b8f7e2edc0 Implicit null exception at 0x000001b8eb323e99 to 0x000001b8eb324394
Event: 77.176 Thread 0x000001b8f7e2edc0 Exception <a 'java/lang/NoSuchMethodError'{0x00000000ed128a38}: 'void java.lang.invoke.DirectMethodHandle$Holder.invokeStaticInit(java.lang.Object, java.lang.Object, java.lang.Object)'> (0x00000000ed128a38) 
thrown [d:\a\1\s\lookaside\java-17-openjdk\src\hotspot\share\interpreter\linkResolver.cpp, line 766]
Event: 77.179 Thread 0x000001b8f7e2edc0 Exception <a 'java/lang/NoSuchMethodError'{0x00000000ed12fed8}: 'void java.lang.invoke.DirectMethodHandle$Holder.invokeStaticInit(java.lang.Object, java.lang.Object, java.lang.Object, java.lang.Object)'> (0x00000000ed12fed8) 
thrown [d:\a\1\s\lookaside\java-17-openjdk\src\hotspot\share\interpreter\linkResolver.cpp, line 766]
Event: 77.216 Thread 0x000001b8f7e2edc0 Exception <a 'java/lang/NoSuchMethodError'{0x00000000ed152460}: 'void java.lang.invoke.DirectMethodHandle$Holder.invokeStaticInit(java.lang.Object, java.lang.Object, java.lang.Object, java.lang.Object, java.lang.Object)'> (0x00000000ed152460) 
thrown [d:\a\1\s\lookaside\java-17-openjdk\src\hotspot\share\interpreter\linkResolver.cpp, line 766]
Event: 77.379 Thread 0x000001b8f7e2edc0 Exception <a 'java/lang/NoSuchMethodError'{0x00000000ed1adac0}: 'int java.lang.invoke.DirectMethodHandle$Holder.invokeStaticInit(java.lang.Object, java.lang.Object, java.lang.Object, java.lang.Object)'> (0x00000000ed1adac0) 
thrown [d:\a\1\s\lookaside\java-17-openjdk\src\hotspot\share\interpreter\linkResolver.cpp, line 766]
Event: 85.453 Thread 0x000001b8f7e2edc0 Exception <a 'java/lang/ClassNotFoundException'{0x00000000ec678698}: groovy/lang/ExpandoMetaClassBeanInfo> (0x00000000ec678698) 
thrown [d:\a\1\s\lookaside\java-17-openjdk\src\hotspot\share\classfile\systemDictionary.cpp, line 256]
Event: 85.471 Thread 0x000001b8f7e2edc0 Exception <a 'java/lang/ClassNotFoundException'{0x00000000ec68f348}: groovy/lang/MetaClassImplBeanInfo> (0x00000000ec68f348) 
thrown [d:\a\1\s\lookaside\java-17-openjdk\src\hotspot\share\classfile\systemDictionary.cpp, line 256]
Event: 85.472 Thread 0x000001b8f7e2edc0 Exception <a 'java/lang/ClassNotFoundException'{0x00000000ec694be8}: java/lang/ObjectBeanInfo> (0x00000000ec694be8) 
thrown [d:\a\1\s\lookaside\java-17-openjdk\src\hotspot\share\classfile\systemDictionary.cpp, line 256]
Event: 85.478 Thread 0x000001b8f7e2edc0 Exception <a 'java/lang/ClassNotFoundException'{0x00000000ec69b418}: java/lang/ObjectCustomizer> (0x00000000ec69b418) 
thrown [d:\a\1\s\lookaside\java-17-openjdk\src\hotspot\share\classfile\systemDictionary.cpp, line 256]
Event: 85.490 Thread 0x000001b8f7e2edc0 Exception <a 'java/lang/IncompatibleClassChangeError'{0x00000000ec6aaeb0}: Found class java.lang.Object, but interface was expected> (0x00000000ec6aaeb0) 
thrown [d:\a\1\s\lookaside\java-17-openjdk\src\hotspot\share\interpreter\linkResolver.cpp, line 833]
Event: 85.524 Thread 0x000001b8f7e2edc0 Exception <a 'java/lang/ClassNotFoundException'{0x00000000ec6d06c0}: groovy/lang/MetaClassImplCustomizer> (0x00000000ec6d06c0) 
thrown [d:\a\1\s\lookaside\java-17-openjdk\src\hotspot\share\classfile\systemDictionary.cpp, line 256]
Event: 85.775 Thread 0x000001b8f7e2edc0 Exception <a 'java/lang/ClassNotFoundException'{0x00000000ec506c28}: groovy/lang/ExpandoMetaClassCustomizer> (0x00000000ec506c28) 
thrown [d:\a\1\s\lookaside\java-17-openjdk\src\hotspot\share\classfile\systemDictionary.cpp, line 256]

VM Operations (20 events):
Event: 84.949 Executing VM operation: Cleanup
Event: 84.950 Executing VM operation: Cleanup done
Event: 85.906 Executing VM operation: HandshakeAllThreads
Event: 85.906 Executing VM operation: HandshakeAllThreads done
Event: 86.604 Executing VM operation: HandshakeAllThreads
Event: 86.604 Executing VM operation: HandshakeAllThreads done
Event: 86.604 Executing VM operation: Cleanup
Event: 86.604 Executing VM operation: Cleanup done
Event: 86.615 Executing VM operation: HandshakeAllThreads
Event: 86.616 Executing VM operation: HandshakeAllThreads done
Event: 86.616 Executing VM operation: HandshakeAllThreads
Event: 86.616 Executing VM operation: HandshakeAllThreads done
Event: 86.652 Executing VM operation: HandshakeAllThreads
Event: 86.652 Executing VM operation: HandshakeAllThreads done
Event: 86.748 Executing VM operation: HandshakeAllThreads
Event: 86.749 Executing VM operation: HandshakeAllThreads done
Event: 87.427 Executing VM operation: HandshakeAllThreads
Event: 87.427 Executing VM operation: HandshakeAllThreads done
Event: 88.436 Executing VM operation: Cleanup
Event: 88.437 Executing VM operation: Cleanup done

Events (20 events):
Event: 87.419 loading class jdk/internal/jimage/ImageReader$Directory
Event: 87.420 loading class jdk/internal/jimage/ImageReader$Node
Event: 87.420 loading class jdk/internal/jimage/ImageReader$Node done
Event: 87.420 loading class jdk/internal/jimage/ImageReader$Directory done
Event: 87.421 loading class jdk/internal/jrtfs/SystemImage$1
Event: 87.422 loading class jdk/internal/jrtfs/SystemImage$1 done
Event: 87.422 loading class jdk/internal/jimage/ImageReader$SharedImageReader$LocationVisitor
Event: 87.423 loading class jdk/internal/jimage/ImageReader$SharedImageReader$LocationVisitor done
Event: 87.424 loading class java/nio/ByteBufferAsIntBufferL
Event: 87.425 loading class java/nio/ByteBufferAsIntBufferL done
Event: 87.430 loading class jdk/internal/jrtfs/JrtFileAttributes
Event: 87.431 loading class jdk/internal/jrtfs/JrtFileAttributes done
Event: 87.432 loading class jdk/internal/jrtfs/JrtDirectoryStream
Event: 87.432 loading class jdk/internal/jrtfs/JrtDirectoryStream done
Event: 87.435 loading class jdk/internal/jrtfs/JrtDirectoryStream$1
Event: 87.435 loading class jdk/internal/jrtfs/JrtDirectoryStream$1 done
Event: 87.436 loading class java/util/function/BooleanSupplier
Event: 87.436 loading class java/util/function/BooleanSupplier done
Event: 87.443 loading class jdk/internal/jimage/ImageReader$Resource
Event: 87.444 loading class jdk/internal/jimage/ImageReader$Resource done


Dynamic libraries:
0x00007ff68e240000 - 0x00007ff68e261000 	C:\Program Files\ojdkbuild\java-17-openjdk-17.0.3.0.6-1\bin\java.exe
0x00007ffd86fd0000 - 0x00007ffd871e6000 	C:\WINDOWS\SYSTEM32\ntdll.dll
0x00007ffd86560000 - 0x00007ffd86624000 	C:\WINDOWS\System32\KERNEL32.DLL
0x00007ffd84540000 - 0x00007ffd848e6000 	C:\WINDOWS\System32\KERNELBASE.dll
0x00007ffd848f0000 - 0x00007ffd84a01000 	C:\WINDOWS\System32\ucrtbase.dll
0x00007ffd70860000 - 0x00007ffd70878000 	C:\Program Files\ojdkbuild\java-17-openjdk-17.0.3.0.6-1\bin\jli.dll
0x00007ffd853c0000 - 0x00007ffd8556d000 	C:\WINDOWS\System32\USER32.dll
0x00007ffd84cf0000 - 0x00007ffd84d16000 	C:\WINDOWS\System32\win32u.dll
0x00007ffd86f60000 - 0x00007ffd86f89000 	C:\WINDOWS\System32\GDI32.dll
0x00007ffd84b30000 - 0x00007ffd84c48000 	C:\WINDOWS\System32\gdi32full.dll
0x00007ffd84c50000 - 0x00007ffd84cea000 	C:\WINDOWS\System32\msvcp_win.dll
0x00007ffd6ec30000 - 0x00007ffd6ec4b000 	C:\Program Files\ojdkbuild\java-17-openjdk-17.0.3.0.6-1\bin\VCRUNTIME140.dll
0x00007ffd83600000 - 0x00007ffd83893000 	C:\WINDOWS\WinSxS\amd64_microsoft.windows.common-controls_6595b64144ccf1df_6.0.22621.3235_none_270f74e173860f98\COMCTL32.dll
0x00007ffd85580000 - 0x00007ffd85627000 	C:\WINDOWS\System32\msvcrt.dll
0x00007ffd86dc0000 - 0x00007ffd86df1000 	C:\WINDOWS\System32\IMM32.DLL
0x00007ffd79660000 - 0x00007ffd7966c000 	C:\Program Files\ojdkbuild\java-17-openjdk-17.0.3.0.6-1\bin\vcruntime140_1.dll
0x00007ffd50910000 - 0x00007ffd5099d000 	C:\Program Files\ojdkbuild\java-17-openjdk-17.0.3.0.6-1\bin\msvcp140.dll
0x00007ffd400c0000 - 0x00007ffd40d1f000 	C:\Program Files\ojdkbuild\java-17-openjdk-17.0.3.0.6-1\bin\server\jvm.dll
0x00007ffd84ed0000 - 0x00007ffd84f82000 	C:\WINDOWS\System32\ADVAPI32.dll
0x00007ffd84d20000 - 0x00007ffd84dc8000 	C:\WINDOWS\System32\sechost.dll
0x00007ffd84a10000 - 0x00007ffd84a38000 	C:\WINDOWS\System32\bcrypt.dll
0x00007ffd851c0000 - 0x00007ffd852d5000 	C:\WINDOWS\System32\RPCRT4.dll
0x00007ffd86880000 - 0x00007ffd86888000 	C:\WINDOWS\System32\PSAPI.DLL
0x00007ffd6ec50000 - 0x00007ffd6ec59000 	C:\WINDOWS\SYSTEM32\WSOCK32.dll
0x00007ffd85090000 - 0x00007ffd85101000 	C:\WINDOWS\System32\WS2_32.dll
0x00007ffd7b950000 - 0x00007ffd7b984000 	C:\WINDOWS\SYSTEM32\WINMM.dll
0x00007ffd81e70000 - 0x00007ffd81e7a000 	C:\WINDOWS\SYSTEM32\VERSION.dll
0x00007ffd82440000 - 0x00007ffd82458000 	C:\WINDOWS\SYSTEM32\kernel.appcore.dll
0x00007ffd70850000 - 0x00007ffd7085a000 	C:\Program Files\ojdkbuild\java-17-openjdk-17.0.3.0.6-1\bin\jimage.dll
0x00007ffd83b90000 - 0x00007ffd83dc3000 	C:\WINDOWS\SYSTEM32\DBGHELP.DLL
0x00007ffd86890000 - 0x00007ffd86c18000 	C:\WINDOWS\System32\combase.dll
0x00007ffd852e0000 - 0x00007ffd853b7000 	C:\WINDOWS\System32\OLEAUT32.dll
0x00007ffd83a80000 - 0x00007ffd83ab2000 	C:\WINDOWS\SYSTEM32\dbgcore.DLL
0x00007ffd84ab0000 - 0x00007ffd84b2a000 	C:\WINDOWS\System32\bcryptPrimitives.dll
0x00007ffd6ddf0000 - 0x00007ffd6ddfe000 	C:\Program Files\ojdkbuild\java-17-openjdk-17.0.3.0.6-1\bin\instrument.dll
0x00007ffd61ee0000 - 0x00007ffd61f05000 	C:\Program Files\ojdkbuild\java-17-openjdk-17.0.3.0.6-1\bin\java.dll
0x00007ffd4b8b0000 - 0x00007ffd4b987000 	C:\Program Files\ojdkbuild\java-17-openjdk-17.0.3.0.6-1\bin\jsvml.dll
0x00007ffd85ce0000 - 0x00007ffd8653d000 	C:\WINDOWS\System32\SHELL32.dll
0x00007ffd81350000 - 0x00007ffd81c48000 	C:\WINDOWS\SYSTEM32\windows.storage.dll
0x00007ffd81210000 - 0x00007ffd8134e000 	C:\WINDOWS\SYSTEM32\wintypes.dll
0x00007ffd84f90000 - 0x00007ffd85083000 	C:\WINDOWS\System32\SHCORE.dll
0x00007ffd86680000 - 0x00007ffd866de000 	C:\WINDOWS\System32\shlwapi.dll
0x00007ffd84240000 - 0x00007ffd84266000 	C:\WINDOWS\SYSTEM32\profapi.dll
0x00007ffd6baf0000 - 0x00007ffd6bb08000 	C:\Program Files\ojdkbuild\java-17-openjdk-17.0.3.0.6-1\bin\zip.dll
0x00007ffd6e820000 - 0x00007ffd6e839000 	C:\Program Files\ojdkbuild\java-17-openjdk-17.0.3.0.6-1\bin\net.dll
0x00007ffd7dbb0000 - 0x00007ffd7dce7000 	C:\WINDOWS\SYSTEM32\WINHTTP.dll
0x00007ffd82970000 - 0x00007ffd829d9000 	C:\WINDOWS\system32\mswsock.dll
0x00007ffd6cc50000 - 0x00007ffd6cc66000 	C:\Program Files\ojdkbuild\java-17-openjdk-17.0.3.0.6-1\bin\nio.dll
0x00007ffd702f0000 - 0x00007ffd70300000 	C:\Program Files\ojdkbuild\java-17-openjdk-17.0.3.0.6-1\bin\verify.dll
0x00007ffd62690000 - 0x00007ffd626b7000 	C:\Users\pc\.gradle\native\c067742578af261105cb4f569cf0c3c89f3d7b1fecec35dd04571415982c5e48\windows-amd64\native-platform.dll
0x00007ffd47a40000 - 0x00007ffd47b84000 	C:\Users\pc\.gradle\native\38dada09dfb8b06ba9b0570ebf7e218e3eb74d4ef43ca46872605cf95ebc2f47\windows-amd64\native-platform-file-events.dll
0x00007ffd6ebf0000 - 0x00007ffd6ebf9000 	C:\Program Files\ojdkbuild\java-17-openjdk-17.0.3.0.6-1\bin\management.dll
0x00007ffd6eb90000 - 0x00007ffd6eb9b000 	C:\Program Files\ojdkbuild\java-17-openjdk-17.0.3.0.6-1\bin\management_ext.dll
0x00007ffd83ec0000 - 0x00007ffd83edb000 	C:\WINDOWS\SYSTEM32\CRYPTSP.dll
0x00007ffd823a0000 - 0x00007ffd823d5000 	C:\WINDOWS\system32\rsaenh.dll
0x00007ffd83320000 - 0x00007ffd8334c000 	C:\WINDOWS\SYSTEM32\USERENV.dll
0x00007ffd83350000 - 0x00007ffd8335c000 	C:\WINDOWS\SYSTEM32\CRYPTBASE.dll
0x00007ffd81ec0000 - 0x00007ffd81eed000 	C:\WINDOWS\SYSTEM32\IPHLPAPI.DLL
0x00007ffd85630000 - 0x00007ffd85639000 	C:\WINDOWS\System32\NSI.dll
0x00007ffd7cd00000 - 0x00007ffd7cd19000 	C:\WINDOWS\SYSTEM32\dhcpcsvc6.DLL
0x00007ffd7cce0000 - 0x00007ffd7ccff000 	C:\WINDOWS\SYSTEM32\dhcpcsvc.DLL
0x00007ffd81f30000 - 0x00007ffd82029000 	C:\WINDOWS\SYSTEM32\DNSAPI.dll
0x00007ffd705a0000 - 0x00007ffd705ad000 	C:\Program Files\ojdkbuild\java-17-openjdk-17.0.3.0.6-1\bin\sunmscapi.dll
0x00007ffd84310000 - 0x00007ffd84476000 	C:\WINDOWS\System32\CRYPT32.dll
0x00007ffd834e0000 - 0x00007ffd8350e000 	C:\WINDOWS\SYSTEM32\ncrypt.dll
0x00007ffd834a0000 - 0x00007ffd834d7000 	C:\WINDOWS\SYSTEM32\NTASN1.dll
0x00007ffd6e030000 - 0x00007ffd6e038000 	C:\WINDOWS\system32\wshunix.dll

dbghelp: loaded successfully - version: 4.0.5 - missing functions: none
symbol engine: initialized successfully - sym options: 0x614 - pdb path: .;C:\Program Files\ojdkbuild\java-17-openjdk-17.0.3.0.6-1\bin;C:\WINDOWS\SYSTEM32;C:\WINDOWS\WinSxS\amd64_microsoft.windows.common-controls_6595b64144ccf1df_6.0.22621.3235_none_270f74e173860f98;C:\Program Files\ojdkbuild\java-17-openjdk-17.0.3.0.6-1\bin\server;C:\Users\pc\.gradle\native\c067742578af261105cb4f569cf0c3c89f3d7b1fecec35dd04571415982c5e48\windows-amd64;C:\Users\pc\.gradle\native\38dada09dfb8b06ba9b0570ebf7e218e3eb74d4ef43ca46872605cf95ebc2f47\windows-amd64

VM Arguments:
jvm_args: --add-opens=java.base/java.util=ALL-UNNAMED --add-opens=java.base/java.lang=ALL-UNNAMED --add-opens=java.base/java.lang.invoke=ALL-UNNAMED --add-opens=java.prefs/java.util.prefs=ALL-UNNAMED --add-opens=java.base/java.nio.charset=ALL-UNNAMED --add-opens=java.base/java.net=ALL-UNNAMED --add-opens=java.base/java.util.concurrent.atomic=ALL-UNNAMED -XX:MaxMetaspaceSize=384m -XX:+HeapDumpOnOutOfMemoryError -Xms256m -Xmx512m -Dfile.encoding=UTF-8 -Duser.country=KR -Duser.language=ko -Duser.variant -javaagent:C:\Users\pc\.gradle\wrapper\dists\gradle-8.5-bin\5t9huq95ubn472n8rpzujfbqh\gradle-8.5\lib\agents\gradle-instrumentation-agent-8.5.jar 
java_command: org.gradle.launcher.daemon.bootstrap.GradleDaemon 8.5
java_class_path (initial): C:\Users\pc\.gradle\wrapper\dists\gradle-8.5-bin\5t9huq95ubn472n8rpzujfbqh\gradle-8.5\lib\gradle-launcher-8.5.jar
Launcher Type: SUN_STANDARD

[Global flags]
     intx CICompilerCount                          = 4                                         {product} {ergonomic}
   size_t CompressedClassSpaceSize                 = 322961408                                 {product} {ergonomic}
     uint ConcGCThreads                            = 2                                         {product} {ergonomic}
     uint G1ConcRefinementThreads                  = 8                                         {product} {ergonomic}
   size_t G1HeapRegionSize                         = 1048576                                   {product} {ergonomic}
    uintx GCDrainStackTargetSize                   = 64                                        {product} {ergonomic}
     bool HeapDumpOnOutOfMemoryError               = true                                   {manageable} {command line}
   size_t InitialHeapSize                          = 268435456                                 {product} {command line}
   size_t MarkStackSize                            = 4194304                                   {product} {ergonomic}
   size_t MaxHeapSize                              = 536870912                                 {product} {command line}
   size_t MaxMetaspaceSize                         = 402653184                                 {product} {command line}
   size_t MaxNewSize                               = 321912832                                 {product} {ergonomic}
   size_t MinHeapDeltaBytes                        = 1048576                                   {product} {ergonomic}
   size_t MinHeapSize                              = 268435456                                 {product} {command line}
    uintx NonNMethodCodeHeapSize                   = 5839372                                {pd product} {ergonomic}
    uintx NonProfiledCodeHeapSize                  = 122909434                              {pd product} {ergonomic}
    uintx ProfiledCodeHeapSize                     = 122909434                              {pd product} {ergonomic}
    uintx ReservedCodeCacheSize                    = 251658240                              {pd product} {ergonomic}
     bool SegmentedCodeCache                       = true                                      {product} {ergonomic}
   size_t SoftMaxHeapSize                          = 536870912                              {manageable} {ergonomic}
     bool UseCompressedClassPointers               = true                           {product lp64_product} {ergonomic}
     bool UseCompressedOops                        = true                           {product lp64_product} {ergonomic}
     bool UseG1GC                                  = true                                      {product} {ergonomic}
     bool UseLargePagesIndividualAllocation        = false                                  {pd product} {ergonomic}

Logging:
Log output configuration:
 #0: stdout all=warning uptime,level,tags
 #1: stderr all=off uptime,level,tags

Environment Variables:
JAVA_HOME=C:\Program Files\ojdkbuild\java-17-openjdk-17.0.3.0.6-1
PATH=C:\Program Files\ARX-3.8.0\bin;C:\WINDOWS\system32;C:\WINDOWS;C:\WINDOWS\System32\Wbem;C:\WINDOWS\System32\WindowsPowerShell\v1.0\;C:\WINDOWS\System32\OpenSSH\;C:\Program Files\ojdkbuild\java-17-openjdk-17.0.3.0.6-1\bin;C:\Program Files (x86)\PowerShell\7\;C:\Users\pc\Desktop\Grad\sqlite-tools-win32-x86-3430100;C:\Program Files\Git\cmd;C:\Users\pc\AppData\Local\Programs\Python\Python310\Scripts;C:\Program Files\PowerShell\7\;C:\Program Files\PowerShell\7-preview\preview;C:\Program Files\nodejs\;C:\Users\pc\AppData\Local\Programs\Python\Python310\Scripts\;C:\Users\pc\AppData\Local\Programs\Python\Python310\;C:\Users\pc\AppData\Local\Programs\Python\Python38-32\Scripts\;C:\Users\pc\AppData\Local\Programs\Python\Python38-32\;C:\Users\pc\AppData\Local\Microsoft\WindowsApps;C:\Program Files\Bandizip\;C:\Program Files\ojdkbuild\java-17-openjdk-17.0.3.0.6-1\bin;C:\Program Files\JetBrains\PyCharm Community Edition 2021.2.1\bin;;C:\Users\pc\Desktop\modelsim_ase\win32aloem;C:\Users\pc\AppData\Local\Programs\Microsoft VS Code\bin;C:\Program Files\JetBrains\IntelliJ IDEA 2023.1.2\bin;;C:\Users\pc\AppData\Local\GitHubDesktop\bin;C:\Users\pc\AppData\Roaming\npm
USERNAME=pc
OS=Windows_NT
PROCESSOR_IDENTIFIER=Intel64 Family 6 Model 126 Stepping 5, GenuineIntel



---------------  S Y S T E M  ---------------

OS:
 Windows 11 , 64 bit Build 22621 (10.0.22621.3235)
OS uptime: 10 days 6:31 hours

CPU: total 8 (initial active 8) (4 cores per cpu, 2 threads per core) family 6 model 126 stepping 5 microcode 0x86, cx8, cmov, fxsr, ht, mmx, 3dnowpref, sse, sse2, sse3, ssse3, sse4.1, sse4.2, popcnt, lzcnt, tsc, tscinvbit, avx, avx2, aes, erms, clmul, bmi1, bmi2, adx, avx512f, avx512dq, avx512cd, avx512bw, avx512vl, sha, fma, vzeroupper, avx512_vpopcntdq, avx512_vpclmulqdq, avx512_vaes, avx512_vnni, clflush, clflushopt, avx512_vbmi2, avx512_vbmi

Memory: 4k page, system-wide physical 7926M (426M free)
TotalPageFile size 32502M (AvailPageFile size 2M)
current process WorkingSet (physical memory assigned to process): 140M, peak: 256M
current process commit charge ("private bytes"): 428M, peak: 429M

vm_info: OpenJDK 64-Bit Server VM (17.0.3+6-LTS) for windows-amd64 JRE (17.0.3+6-LTS), built on May  3 2022 21:26:56 by "" with MS VC++ 16.10 / 16.11 (VS2019)

END.
